2019-11-22 14:50:22,033|ERROR|main|Caller+0	 at com.util.print.LogFactory.error(LogFactory.java:27)
path set default value.
2019-11-22 14:50:22,605|ERROR|main|Caller+0	 at com.util.print.LogFactory.error(LogFactory.java:27)
add redis client : 0, 192.168.1.96:6380,db0
2019-11-22 14:50:23,711|ERROR|main|Caller+0	 at com.base.component.ComponentManager.start(ComponentManager.java:102)
****** Component:[com.base.database.DBPoolComponent] has started successfully.******************
2019-11-22 14:50:23,711|ERROR|main|Caller+0	 at com.base.component.ComponentManager.start(ComponentManager.java:102)
****** Component:[com.base.redis.RedisClientComponent] has started successfully.******************
2019-11-22 14:50:23,898|ERROR|main|Caller+0	 at com.base.component.ComponentManager.start(ComponentManager.java:102)
****** Component:[com.data.account.cache.AccountCacheComponent] has started successfully.******************
2019-11-22 14:50:23,898|ERROR|main|Caller+0	 at com.base.component.ComponentManager.start(ComponentManager.java:102)
****** Component:[com.base.timer.QuartzComponent] has started successfully.******************
2019-11-22 14:50:23,899|ERROR|main|Caller+0	 at com.base.component.ComponentManager.start(ComponentManager.java:102)
****** Component:[com.base.component.SimpleScheduleComponent] has started successfully.******************
2019-11-22 14:50:23,899|ERROR|main|Caller+0	 at com.base.component.ComponentManager.start(ComponentManager.java:102)
****** Component:[com.account.component.ServerComponent] has started successfully.******************
2019-11-22 14:50:24,218|ERROR|main|Caller+0	 at com.base.component.ComponentManager.start(ComponentManager.java:102)
****** Component:[com.base.web.WebComponent] has started successfully.******************
2019-11-22 14:50:24,219|ERROR|main|Caller+0	 at com.base.component.ComponentManager.start(ComponentManager.java:106)
****** All Component has started successfully.******************
2019-11-22 14:50:24,219|ERROR|main|Caller+0	 at com.util.print.LogFactory.error(LogFactory.java:27)
AccountServer has started successfully, taken 2190 millis.
2019-11-22 14:53:51,087|ERROR|main|Caller+0	 at com.util.print.LogFactory.error(LogFactory.java:27)
path set default value.
2019-11-22 14:53:51,478|ERROR|main|Caller+0	 at com.util.print.LogFactory.error(LogFactory.java:27)
add redis client : 0, 192.168.1.96:6380,db0
2019-11-22 14:53:52,409|ERROR|main|Caller+0	 at com.base.component.ComponentManager.start(ComponentManager.java:102)
****** Component:[com.base.database.DBPoolComponent] has started successfully.******************
2019-11-22 14:53:52,409|ERROR|main|Caller+0	 at com.base.component.ComponentManager.start(ComponentManager.java:102)
****** Component:[com.base.redis.RedisClientComponent] has started successfully.******************
2019-11-22 14:53:52,562|ERROR|main|Caller+0	 at com.base.component.ComponentManager.start(ComponentManager.java:102)
****** Component:[com.data.account.cache.AccountCacheComponent] has started successfully.******************
2019-11-22 14:53:52,562|ERROR|main|Caller+0	 at com.base.component.ComponentManager.start(ComponentManager.java:102)
****** Component:[com.base.timer.QuartzComponent] has started successfully.******************
2019-11-22 14:53:52,562|ERROR|main|Caller+0	 at com.base.component.ComponentManager.start(ComponentManager.java:102)
****** Component:[com.base.component.SimpleScheduleComponent] has started successfully.******************
2019-11-22 14:53:52,562|ERROR|main|Caller+0	 at com.base.component.ComponentManager.start(ComponentManager.java:102)
****** Component:[com.account.component.ServerComponent] has started successfully.******************
2019-11-22 14:53:52,844|ERROR|main|Caller+0	 at com.base.component.ComponentManager.start(ComponentManager.java:102)
****** Component:[com.base.web.WebComponent] has started successfully.******************
2019-11-22 14:53:52,844|ERROR|main|Caller+0	 at com.base.component.ComponentManager.start(ComponentManager.java:106)
****** All Component has started successfully.******************
2019-11-22 14:53:52,845|ERROR|main|Caller+0	 at com.util.print.LogFactory.error(LogFactory.java:27)
AccountServer has started successfully, taken 1760 millis.
2019-11-22 18:07:49,192|ERROR|main|Caller+0	 at com.util.print.LogFactory.error(LogFactory.java:27)
path set default value.
2019-11-22 18:07:49,769|ERROR|main|Caller+0	 at com.util.print.LogFactory.error(LogFactory.java:27)
add redis client : 0, 192.168.1.96:6380,db0
2019-11-22 18:07:50,877|ERROR|main|Caller+0	 at com.base.component.ComponentManager.start(ComponentManager.java:102)
****** Component:[com.base.database.DBPoolComponent] has started successfully.******************
2019-11-22 18:07:50,878|ERROR|main|Caller+0	 at com.base.component.ComponentManager.start(ComponentManager.java:102)
****** Component:[com.base.redis.RedisClientComponent] has started successfully.******************
2019-11-22 18:07:51,141|ERROR|main|Caller+0	 at com.base.component.ComponentManager.start(ComponentManager.java:102)
****** Component:[com.data.account.cache.AccountCacheComponent] has started successfully.******************
2019-11-22 18:07:51,142|ERROR|main|Caller+0	 at com.base.component.ComponentManager.start(ComponentManager.java:102)
****** Component:[com.base.timer.QuartzComponent] has started successfully.******************
2019-11-22 18:07:51,142|ERROR|main|Caller+0	 at com.base.component.ComponentManager.start(ComponentManager.java:102)
****** Component:[com.base.component.SimpleScheduleComponent] has started successfully.******************
2019-11-22 18:07:51,142|ERROR|main|Caller+0	 at com.base.component.ComponentManager.start(ComponentManager.java:102)
****** Component:[com.account.component.ServerComponent] has started successfully.******************
2019-11-22 18:07:51,594|ERROR|main|Caller+0	 at com.base.component.ComponentManager.start(ComponentManager.java:102)
****** Component:[com.base.web.WebComponent] has started successfully.******************
2019-11-22 18:07:51,594|ERROR|main|Caller+0	 at com.base.component.ComponentManager.start(ComponentManager.java:106)
****** All Component has started successfully.******************
2019-11-22 18:07:51,595|ERROR|main|Caller+0	 at com.util.print.LogFactory.error(LogFactory.java:27)
AccountServer has started successfully, taken 2411 millis.
