2019-12-03 13:55:17,399|ERROR|main|Caller+0	 at com.util.print.LogFactory.error(LogFactory.java:27)
path set default value.
2019-12-03 13:55:18,040|ERROR|main|Caller+0	 at com.util.print.LogFactory.error(LogFactory.java:27)
add redis client : 0, 192.168.1.96:6380,db0
2019-12-03 13:55:19,397|ERROR|main|Caller+0	 at com.base.component.ComponentManager.start(ComponentManager.java:102)
****** Component:[com.base.database.DBPoolComponent] has started successfully.******************
2019-12-03 13:55:19,397|ERROR|main|Caller+0	 at com.base.component.ComponentManager.start(ComponentManager.java:102)
****** Component:[com.base.redis.RedisClientComponent] has started successfully.******************
2019-12-03 13:55:19,638|ERROR|main|Caller+0	 at com.base.component.ComponentManager.start(ComponentManager.java:102)
****** Component:[com.data.account.cache.AccountCacheComponent] has started successfully.******************
2019-12-03 13:55:19,639|ERROR|main|Caller+0	 at com.base.component.ComponentManager.start(ComponentManager.java:102)
****** Component:[com.base.timer.QuartzComponent] has started successfully.******************
2019-12-03 13:55:19,639|ERROR|main|Caller+0	 at com.base.component.ComponentManager.start(ComponentManager.java:102)
****** Component:[com.base.component.SimpleScheduleComponent] has started successfully.******************
2019-12-03 13:55:19,639|ERROR|main|Caller+0	 at com.base.component.ComponentManager.start(ComponentManager.java:102)
****** Component:[com.account.component.ServerComponent] has started successfully.******************
2019-12-03 13:55:20,030|ERROR|main|Caller+0	 at com.base.component.ComponentManager.start(ComponentManager.java:102)
****** Component:[com.base.web.WebComponent] has started successfully.******************
2019-12-03 13:55:20,031|ERROR|main|Caller+0	 at com.base.component.ComponentManager.start(ComponentManager.java:106)
****** All Component has started successfully.******************
2019-12-03 13:55:20,031|ERROR|main|Caller+0	 at com.util.print.LogFactory.error(LogFactory.java:27)
AccountServer has started successfully, taken 2635 millis.
