2020-02-24 16:11:07,703|ERROR|main|Caller+0	 at com.util.print.LogFactory.error(LogFactory.java:27)
path set default value.
2020-02-24 16:12:36,391|ERROR|main|Caller+0	 at com.util.print.LogFactory.error(LogFactory.java:27)
path set default value.
2020-02-24 16:12:36,833|ERROR|main|Caller+0	 at com.util.print.LogFactory.error(LogFactory.java:27)
add redis client : 0, 192.168.1.96:6380,db0
2020-02-24 16:12:37,864|ERROR|main|Caller+0	 at com.base.component.ComponentManager.start(ComponentManager.java:102)
****** Component:[com.base.database.DBPoolComponent] has started successfully.******************
2020-02-24 16:12:37,864|ERROR|main|Caller+0	 at com.base.component.ComponentManager.start(ComponentManager.java:102)
****** Component:[com.base.redis.RedisClientComponent] has started successfully.******************
2020-02-24 16:12:37,865|ERROR|main|Caller+0	 at com.util.print.LogFactory.error(LogFactory.java:27)
begin reload tableList.
2020-02-24 16:12:38,075|ERROR|main|Caller+0	 at com.util.print.LogFactory.error(LogFactory.java:27)
begin reload username.
2020-02-24 16:12:38,106|ERROR|main|Caller+0	 at com.util.print.LogFactory.error(LogFactory.java:27)
-------------Save UserName Total =30-----------------
2020-02-24 16:12:38,106|ERROR|main|Caller+0	 at com.base.component.ComponentManager.start(ComponentManager.java:102)
****** Component:[com.data.account.cache.AccountCacheComponent] has started successfully.******************
2020-02-24 16:12:38,106|ERROR|main|Caller+0	 at com.base.component.ComponentManager.start(ComponentManager.java:102)
****** Component:[com.base.timer.QuartzComponent] has started successfully.******************
2020-02-24 16:12:38,106|ERROR|main|Caller+0	 at com.base.component.ComponentManager.start(ComponentManager.java:102)
****** Component:[com.base.component.SimpleScheduleComponent] has started successfully.******************
2020-02-24 16:12:38,106|ERROR|main|Caller+0	 at com.base.component.ComponentManager.start(ComponentManager.java:102)
****** Component:[com.account.component.ServerComponent] has started successfully.******************
2020-02-24 16:12:38,440|ERROR|main|Caller+0	 at com.base.component.ComponentManager.start(ComponentManager.java:102)
****** Component:[com.base.web.WebComponent] has started successfully.******************
2020-02-24 16:12:38,441|ERROR|main|Caller+0	 at com.base.component.ComponentManager.start(ComponentManager.java:106)
****** All Component has started successfully.******************
2020-02-24 16:12:38,441|ERROR|main|Caller+0	 at com.util.print.LogFactory.error(LogFactory.java:27)
AccountServer has started successfully, taken 2054 millis.
2020-02-24 17:02:06,696|ERROR|main|Caller+0	 at com.util.print.LogFactory.error(LogFactory.java:27)
path set default value.
2020-02-24 17:02:07,281|ERROR|main|Caller+0	 at com.util.print.LogFactory.error(LogFactory.java:27)
add redis client : 0, 192.168.1.96:6380,db0
2020-02-24 17:02:08,418|ERROR|main|Caller+0	 at com.base.component.ComponentManager.start(ComponentManager.java:102)
****** Component:[com.base.database.DBPoolComponent] has started successfully.******************
2020-02-24 17:02:08,418|ERROR|main|Caller+0	 at com.base.component.ComponentManager.start(ComponentManager.java:102)
****** Component:[com.base.redis.RedisClientComponent] has started successfully.******************
2020-02-24 17:02:08,419|ERROR|main|Caller+0	 at com.util.print.LogFactory.error(LogFactory.java:27)
begin reload tableList.
2020-02-24 17:02:08,656|ERROR|main|Caller+0	 at com.util.print.LogFactory.error(LogFactory.java:27)
begin reload username.
2020-02-24 17:02:08,686|ERROR|main|Caller+0	 at com.util.print.LogFactory.error(LogFactory.java:27)
-------------Save UserName Total =30-----------------
2020-02-24 17:02:08,687|ERROR|main|Caller+0	 at com.base.component.ComponentManager.start(ComponentManager.java:102)
****** Component:[com.data.account.cache.AccountCacheComponent] has started successfully.******************
2020-02-24 17:02:08,687|ERROR|main|Caller+0	 at com.base.component.ComponentManager.start(ComponentManager.java:102)
****** Component:[com.base.timer.QuartzComponent] has started successfully.******************
2020-02-24 17:02:08,687|ERROR|main|Caller+0	 at com.base.component.ComponentManager.start(ComponentManager.java:102)
****** Component:[com.base.component.SimpleScheduleComponent] has started successfully.******************
2020-02-24 17:02:08,688|ERROR|main|Caller+0	 at com.base.component.ComponentManager.start(ComponentManager.java:102)
****** Component:[com.account.component.ServerComponent] has started successfully.******************
2020-02-24 17:02:09,034|ERROR|main|Caller+0	 at com.base.component.ComponentManager.start(ComponentManager.java:102)
****** Component:[com.base.web.WebComponent] has started successfully.******************
2020-02-24 17:02:09,035|ERROR|main|Caller+0	 at com.base.component.ComponentManager.start(ComponentManager.java:106)
****** All Component has started successfully.******************
2020-02-24 17:02:09,035|ERROR|main|Caller+0	 at com.util.print.LogFactory.error(LogFactory.java:27)
AccountServer has started successfully, taken 2342 millis.
2020-02-24 17:05:45,727|ERROR|main|Caller+0	 at com.util.print.LogFactory.error(LogFactory.java:27)
path set default value.
2020-02-24 17:05:46,210|ERROR|main|Caller+0	 at com.util.print.LogFactory.error(LogFactory.java:27)
add redis client : 0, 192.168.1.96:6380,db0
2020-02-24 17:05:47,629|ERROR|main|Caller+0	 at com.base.component.ComponentManager.start(ComponentManager.java:102)
****** Component:[com.base.database.DBPoolComponent] has started successfully.******************
2020-02-24 17:05:47,629|ERROR|main|Caller+0	 at com.base.component.ComponentManager.start(ComponentManager.java:102)
****** Component:[com.base.redis.RedisClientComponent] has started successfully.******************
2020-02-24 17:05:47,630|ERROR|main|Caller+0	 at com.util.print.LogFactory.error(LogFactory.java:27)
begin reload tableList.
2020-02-24 17:05:47,883|ERROR|main|Caller+0	 at com.util.print.LogFactory.error(LogFactory.java:27)
begin reload username.
2020-02-24 17:05:47,916|ERROR|main|Caller+0	 at com.util.print.LogFactory.error(LogFactory.java:27)
-------------Save UserName Total =30-----------------
2020-02-24 17:05:47,917|ERROR|main|Caller+0	 at com.base.component.ComponentManager.start(ComponentManager.java:102)
****** Component:[com.data.account.cache.AccountCacheComponent] has started successfully.******************
2020-02-24 17:05:47,917|ERROR|main|Caller+0	 at com.base.component.ComponentManager.start(ComponentManager.java:102)
****** Component:[com.base.timer.QuartzComponent] has started successfully.******************
2020-02-24 17:05:47,918|ERROR|main|Caller+0	 at com.base.component.ComponentManager.start(ComponentManager.java:102)
****** Component:[com.base.component.SimpleScheduleComponent] has started successfully.******************
2020-02-24 17:05:47,918|ERROR|main|Caller+0	 at com.base.component.ComponentManager.start(ComponentManager.java:102)
****** Component:[com.account.component.ServerComponent] has started successfully.******************
2020-02-24 17:05:48,324|ERROR|main|Caller+0	 at com.base.component.ComponentManager.start(ComponentManager.java:102)
****** Component:[com.base.web.WebComponent] has started successfully.******************
2020-02-24 17:05:48,324|ERROR|main|Caller+0	 at com.base.component.ComponentManager.start(ComponentManager.java:106)
****** All Component has started successfully.******************
2020-02-24 17:05:48,325|ERROR|main|Caller+0	 at com.util.print.LogFactory.error(LogFactory.java:27)
AccountServer has started successfully, taken 2602 millis.
