2019-10-18 09:46:59,187|ERROR|main|Caller+0	 at com.util.print.LogFactory.error(LogFactory.java:27)
path set default value.
2019-10-18 09:46:59,736|ERROR|main|Caller+0	 at com.util.print.LogFactory.error(LogFactory.java:27)
add redis client : 0, 192.168.1.96:6380,db0
2019-10-18 09:47:00,723|ERROR|main|Caller+0	 at com.base.component.ComponentManager.start(ComponentManager.java:102)
****** Component:[com.base.database.DBPoolComponent] has started successfully.******************
2019-10-18 09:47:00,724|ERROR|main|Caller+0	 at com.base.component.ComponentManager.start(ComponentManager.java:102)
****** Component:[com.base.redis.RedisClientComponent] has started successfully.******************
2019-10-18 09:47:00,925|ERROR|main|Caller+0	 at com.base.component.ComponentManager.start(ComponentManager.java:102)
****** Component:[com.data.account.cache.AccountCacheComponent] has started successfully.******************
2019-10-18 09:47:00,926|ERROR|main|Caller+0	 at com.base.component.ComponentManager.start(ComponentManager.java:102)
****** Component:[com.base.timer.QuartzComponent] has started successfully.******************
2019-10-18 09:47:00,926|ERROR|main|Caller+0	 at com.base.component.ComponentManager.start(ComponentManager.java:102)
****** Component:[com.base.component.SimpleScheduleComponent] has started successfully.******************
2019-10-18 09:47:00,926|ERROR|main|Caller+0	 at com.base.component.ComponentManager.start(ComponentManager.java:102)
****** Component:[com.account.component.ServerComponent] has started successfully.******************
2019-10-18 09:47:01,363|ERROR|main|Caller+0	 at com.base.component.ComponentManager.start(ComponentManager.java:102)
****** Component:[com.base.web.WebComponent] has started successfully.******************
2019-10-18 09:47:01,363|ERROR|main|Caller+0	 at com.base.component.ComponentManager.start(ComponentManager.java:106)
****** All Component has started successfully.******************
2019-10-18 09:47:01,364|ERROR|main|Caller+0	 at com.util.print.LogFactory.error(LogFactory.java:27)
AccountServer has started successfully, taken 2183 millis.
2019-10-18 09:58:52,755|ERROR|main|Caller+0	 at com.util.print.LogFactory.error(LogFactory.java:27)
path set default value.
2019-10-18 09:58:53,143|ERROR|main|Caller+0	 at com.util.print.LogFactory.error(LogFactory.java:27)
add redis client : 0, 192.168.1.96:6380,db0
2019-10-18 09:58:53,981|ERROR|main|Caller+0	 at com.base.component.ComponentManager.start(ComponentManager.java:102)
****** Component:[com.base.database.DBPoolComponent] has started successfully.******************
2019-10-18 09:58:53,981|ERROR|main|Caller+0	 at com.base.component.ComponentManager.start(ComponentManager.java:102)
****** Component:[com.base.redis.RedisClientComponent] has started successfully.******************
2019-10-18 09:58:54,132|ERROR|main|Caller+0	 at com.base.component.ComponentManager.start(ComponentManager.java:102)
****** Component:[com.data.account.cache.AccountCacheComponent] has started successfully.******************
2019-10-18 09:58:54,133|ERROR|main|Caller+0	 at com.base.component.ComponentManager.start(ComponentManager.java:102)
****** Component:[com.base.timer.QuartzComponent] has started successfully.******************
2019-10-18 09:58:54,133|ERROR|main|Caller+0	 at com.base.component.ComponentManager.start(ComponentManager.java:102)
****** Component:[com.base.component.SimpleScheduleComponent] has started successfully.******************
2019-10-18 09:58:54,133|ERROR|main|Caller+0	 at com.base.component.ComponentManager.start(ComponentManager.java:102)
****** Component:[com.account.component.ServerComponent] has started successfully.******************
2019-10-18 09:58:54,378|ERROR|main|Caller+0	 at com.base.component.ComponentManager.start(ComponentManager.java:102)
****** Component:[com.base.web.WebComponent] has started successfully.******************
2019-10-18 09:58:54,379|ERROR|main|Caller+0	 at com.base.component.ComponentManager.start(ComponentManager.java:106)
****** All Component has started successfully.******************
2019-10-18 09:58:54,379|ERROR|main|Caller+0	 at com.util.print.LogFactory.error(LogFactory.java:27)
AccountServer has started successfully, taken 1626 millis.
