2019-12-26 09:58:04,519|ERROR|main|Caller+0	 at com.util.print.LogFactory.error(LogFactory.java:27)
path set default value.
2019-12-26 09:58:05,019|ERROR|main|Caller+0	 at com.util.print.LogFactory.error(LogFactory.java:27)
add redis client : 0, 192.168.1.96:6380,db0
2019-12-26 09:58:06,269|ERROR|main|Caller+0	 at com.base.component.ComponentManager.start(ComponentManager.java:102)
****** Component:[com.base.database.DBPoolComponent] has started successfully.******************
2019-12-26 09:58:06,269|ERROR|main|Caller+0	 at com.base.component.ComponentManager.start(ComponentManager.java:102)
****** Component:[com.base.redis.RedisClientComponent] has started successfully.******************
2019-12-26 09:58:06,271|ERROR|main|Caller+0	 at com.util.print.LogFactory.error(LogFactory.java:27)
begin reload tableList.
2019-12-26 09:58:06,630|ERROR|main|Caller+0	 at com.util.print.LogFactory.error(LogFactory.java:27)
begin reload username.
2019-12-26 09:58:06,656|ERROR|main|Caller+0	 at com.util.print.LogFactory.error(LogFactory.java:27)
-------------Save UserName Total =23-----------------
2019-12-26 09:58:06,657|ERROR|main|Caller+0	 at com.base.component.ComponentManager.start(ComponentManager.java:102)
****** Component:[com.data.account.cache.AccountCacheComponent] has started successfully.******************
2019-12-26 09:58:06,657|ERROR|main|Caller+0	 at com.base.component.ComponentManager.start(ComponentManager.java:102)
****** Component:[com.base.timer.QuartzComponent] has started successfully.******************
2019-12-26 09:58:06,657|ERROR|main|Caller+0	 at com.base.component.ComponentManager.start(ComponentManager.java:102)
****** Component:[com.base.component.SimpleScheduleComponent] has started successfully.******************
2019-12-26 09:58:06,657|ERROR|main|Caller+0	 at com.base.component.ComponentManager.start(ComponentManager.java:102)
****** Component:[com.account.component.ServerComponent] has started successfully.******************
2019-12-26 09:58:06,973|ERROR|main|Caller+0	 at com.base.component.ComponentManager.start(ComponentManager.java:102)
****** Component:[com.base.web.WebComponent] has started successfully.******************
2019-12-26 09:58:06,973|ERROR|main|Caller+0	 at com.base.component.ComponentManager.start(ComponentManager.java:106)
****** All Component has started successfully.******************
2019-12-26 09:58:06,974|ERROR|main|Caller+0	 at com.util.print.LogFactory.error(LogFactory.java:27)
AccountServer has started successfully, taken 2459 millis.
2019-12-26 10:01:42,244|ERROR|main|Caller+0	 at com.util.print.LogFactory.error(LogFactory.java:27)
path set default value.
2019-12-26 10:01:42,713|ERROR|main|Caller+0	 at com.util.print.LogFactory.error(LogFactory.java:27)
add redis client : 0, 192.168.1.96:6380,db0
2019-12-26 10:01:43,707|ERROR|main|Caller+0	 at com.base.component.ComponentManager.start(ComponentManager.java:102)
****** Component:[com.base.database.DBPoolComponent] has started successfully.******************
2019-12-26 10:01:43,708|ERROR|main|Caller+0	 at com.base.component.ComponentManager.start(ComponentManager.java:102)
****** Component:[com.base.redis.RedisClientComponent] has started successfully.******************
2019-12-26 10:01:43,709|ERROR|main|Caller+0	 at com.util.print.LogFactory.error(LogFactory.java:27)
begin reload tableList.
2019-12-26 10:01:43,871|ERROR|main|Caller+0	 at com.util.print.LogFactory.error(LogFactory.java:27)
begin reload username.
2019-12-26 10:01:43,896|ERROR|main|Caller+0	 at com.util.print.LogFactory.error(LogFactory.java:27)
-------------Save UserName Total =23-----------------
2019-12-26 10:01:43,896|ERROR|main|Caller+0	 at com.base.component.ComponentManager.start(ComponentManager.java:102)
****** Component:[com.data.account.cache.AccountCacheComponent] has started successfully.******************
2019-12-26 10:01:43,896|ERROR|main|Caller+0	 at com.base.component.ComponentManager.start(ComponentManager.java:102)
****** Component:[com.base.timer.QuartzComponent] has started successfully.******************
2019-12-26 10:01:43,896|ERROR|main|Caller+0	 at com.base.component.ComponentManager.start(ComponentManager.java:102)
****** Component:[com.base.component.SimpleScheduleComponent] has started successfully.******************
2019-12-26 10:01:43,896|ERROR|main|Caller+0	 at com.base.component.ComponentManager.start(ComponentManager.java:102)
****** Component:[com.account.component.ServerComponent] has started successfully.******************
2019-12-26 10:01:44,206|ERROR|main|Caller+0	 at com.base.component.ComponentManager.start(ComponentManager.java:102)
****** Component:[com.base.web.WebComponent] has started successfully.******************
2019-12-26 10:01:44,206|ERROR|main|Caller+0	 at com.base.component.ComponentManager.start(ComponentManager.java:106)
****** All Component has started successfully.******************
2019-12-26 10:01:44,207|ERROR|main|Caller+0	 at com.util.print.LogFactory.error(LogFactory.java:27)
AccountServer has started successfully, taken 1966 millis.
2019-12-26 11:22:55,469|ERROR|qtp573136580-35|Caller+0	 at com.util.print.LogFactory.error(LogFactory.java:27)
json:{"name":"Cris121301","machinecode":"dc347ee13cdbcceafb30b04bc7d56135d38861c8"}
2019-12-26 11:24:12,900|ERROR|qtp573136580-34|Caller+0	 at com.util.print.LogFactory.error(LogFactory.java:27)
json:{"name":"\u6D4B\u8BD5122601","machinecode":"dc347ee13cdbcceafb30b04bc7d56135d38861c8"}
2019-12-26 11:27:08,130|ERROR|qtp573136580-35|Caller+0	 at com.util.print.LogFactory.error(LogFactory.java:27)
json:{"name":"\u6D4B\u8BD5122601","machinecode":"dc347ee13cdbcceafb30b04bc7d56135d38861c8"}
