2019-12-28 00:45:18,068|ERROR|main|Caller+0	 at com.util.print.LogFactory.error(LogFactory.java:27)
path set default value.
2019-12-28 00:45:18,729|ERROR|main|Caller+0	 at com.util.print.LogFactory.error(LogFactory.java:27)
add redis client : 0, 192.168.1.96:6380,db0
2019-12-28 00:45:20,038|ERROR|main|Caller+0	 at com.base.component.ComponentManager.start(ComponentManager.java:102)
****** Component:[com.base.database.DBPoolComponent] has started successfully.******************
2019-12-28 00:45:20,039|ERROR|main|Caller+0	 at com.base.component.ComponentManager.start(ComponentManager.java:102)
****** Component:[com.base.redis.RedisClientComponent] has started successfully.******************
2019-12-28 00:45:20,040|ERROR|main|Caller+0	 at com.util.print.LogFactory.error(LogFactory.java:27)
begin reload tableList.
2019-12-28 00:45:20,256|ERROR|main|Caller+0	 at com.util.print.LogFactory.error(LogFactory.java:27)
begin reload username.
2019-12-28 00:45:20,289|ERROR|main|Caller+0	 at com.util.print.LogFactory.error(LogFactory.java:27)
-------------Save UserName Total =26-----------------
2019-12-28 00:45:20,289|ERROR|main|Caller+0	 at com.base.component.ComponentManager.start(ComponentManager.java:102)
****** Component:[com.data.account.cache.AccountCacheComponent] has started successfully.******************
2019-12-28 00:45:20,289|ERROR|main|Caller+0	 at com.base.component.ComponentManager.start(ComponentManager.java:102)
****** Component:[com.base.timer.QuartzComponent] has started successfully.******************
2019-12-28 00:45:20,290|ERROR|main|Caller+0	 at com.base.component.ComponentManager.start(ComponentManager.java:102)
****** Component:[com.base.component.SimpleScheduleComponent] has started successfully.******************
2019-12-28 00:45:20,290|ERROR|main|Caller+0	 at com.base.component.ComponentManager.start(ComponentManager.java:102)
****** Component:[com.account.component.ServerComponent] has started successfully.******************
2019-12-28 00:45:20,687|ERROR|main|Caller+0	 at com.base.component.ComponentManager.start(ComponentManager.java:102)
****** Component:[com.base.web.WebComponent] has started successfully.******************
2019-12-28 00:45:20,688|ERROR|main|Caller+0	 at com.base.component.ComponentManager.start(ComponentManager.java:106)
****** All Component has started successfully.******************
2019-12-28 00:45:20,688|ERROR|main|Caller+0	 at com.util.print.LogFactory.error(LogFactory.java:27)
AccountServer has started successfully, taken 2622 millis.
