#
# A fatal error has been detected by the Java Runtime Environment:
#
#  EXCEPTION_ACCESS_VIOLATION (0xc0000005) at pc=0x00000000527a8ad5, pid=14152, tid=8668
#
# JRE version: Java(TM) SE Runtime Environment (8.0_71-b15) (build 1.8.0_71-b15)
# Java VM: Java HotSpot(TM) 64-Bit Server VM (25.71-b15 mixed mode windows-amd64 compressed oops)
# Problematic frame:
# V  [jvm.dll+0x128ad5]
#
# Failed to write core dump. Minidumps are not enabled by default on client versions of Windows
#
# If you would like to submit a bug report, please visit:
#   http://bugreport.java.com/bugreport/crash.jsp
#

---------------  T H R E A D  ---------------

Current thread (0x00000000186d6000):  JavaThread "JDWP Transport Listener: dt_socket" daemon [_thread_in_vm, id=8668, stack(0x0000000019170000,0x0000000019270000)]

siginfo: ExceptionCode=0xc0000005, reading address 0x00003b656c003b74

Registers:
RAX=0x000000001926f801, RBX=0x00000000186d6000, RCX=0x00003b656c003b74, RDX=0x0000000000000000
RSP=0x000000001926f8a0, RBP=0x00003b656c003b74, RSI=0x000000001926f9b8, RDI=0x00000000023f9270
R8 =0x00000000186d6000, R9 =0x000000000000ff00, R10=0x0000000000000000, R11=0x00080062083a00f8
R12=0x0000000000000000, R13=0x00000000186d6f28, R14=0x0000000000000000, R15=0x0000000000000000
RIP=0x00000000527a8ad5, EFLAGS=0x0000000000010206

Top of Stack: (sp=0x000000001926f8a0)
0x000000001926f8a0:   00000000186d6000 00000000186d6000
0x000000001926f8b0:   000000001926f968 00000000529ae34b
0x000000001926f8c0:   00000000186d6000 00000000529cabad
0x000000001926f8d0:   0000000000000000 000000005de59155
0x000000001926f8e0:   0000000019ffca70 000000005de6291e
0x000000001926f8f0:   00000000186d6000 0000000000000000
0x000000001926f900:   0000000000000000 0000000000000000
0x000000001926f910:   00003b656c003b74 000000005de61a15
0x000000001926f920:   000000001926f9b8 000000001926f990
0x000000001926f930:   0000000000000001 0000000019ffca70
0x000000001926f940:   00003b656c003b74 000000005de453b3
0x000000001926f950:   000000001926fa80 0000000000000001
0x000000001926f960:   0000000000000001 0000000019ffca70
0x000000001926f970:   0000000000000001 0000000000000000
0x000000001926f980:   0000000000000000 0000000000000000
0x000000001926f990:   0000000000000001 000000005de45571 

Instructions: (pc=0x00000000527a8ad5)
0x00000000527a8ab5:   cc cc cc cc cc cc cc cc cc cc cc 48 83 ec 28 48
0x00000000527a8ac5:   85 c9 75 07 33 c0 48 83 c4 28 c3 48 89 5c 24 20
0x00000000527a8ad5:   48 8b 19 48 85 db 74 20 48 83 fb 37 74 1a 48 8b
0x00000000527a8ae5:   13 48 8b cb ff 52 10 84 c0 74 0d 48 8b c3 48 8b 


Register to memory mapping:

RAX=0x000000001926f801 is pointing into the stack for thread: 0x00000000186d6000
RBX=0x00000000186d6000 is a thread
RCX=0x00003b656c003b74 is an unknown value
RDX=0x0000000000000000 is an unknown value
RSP=0x000000001926f8a0 is pointing into the stack for thread: 0x00000000186d6000
RBP=0x00003b656c003b74 is an unknown value
RSI=0x000000001926f9b8 is pointing into the stack for thread: 0x00000000186d6000
RDI=0x00000000023f9270 is an unknown value
R8 =0x00000000186d6000 is a thread
R9 =0x000000000000ff00 is an unknown value
R10=0x0000000000000000 is an unknown value
R11=0x00080062083a00f8 is an unknown value
R12=0x0000000000000000 is an unknown value
R13=0x00000000186d6f28 is an unknown value
R14=0x0000000000000000 is an unknown value
R15=0x0000000000000000 is an unknown value


Stack: [0x0000000019170000,0x0000000019270000],  sp=0x000000001926f8a0,  free space=1022k
Native frames: (J=compiled Java code, j=interpreted, Vv=VM code, C=native code)
V  [jvm.dll+0x128ad5]
V  [jvm.dll+0x34abad]
C  [jdwp.dll+0x21a15]
C  [jdwp.dll+0x53b3]
C  [jdwp.dll+0x5571]
C  [jdwp.dll+0xf0a8]
C  [jdwp.dll+0x1f2d5]
C  [jdwp.dll+0x1f4aa]
V  [jvm.dll+0x1bbb58]
V  [jvm.dll+0x243234]
V  [jvm.dll+0x29a10a]
C  [msvcr100.dll+0x21d9f]
C  [msvcr100.dll+0x21e3b]
C  [kernel32.dll+0x1556d]
C  [ntdll.dll+0x5385d]


---------------  P R O C E S S  ---------------

Java Threads: ( => current thread )
  0x000000001aa1b000 JavaThread "DestroyJavaVM" [_thread_blocked, id=12704, stack(0x00000000026e0000,0x00000000027e0000)]
  0x000000001aa1a800 JavaThread "Scheduler-1137078855" [_thread_blocked, id=13156, stack(0x000000001e660000,0x000000001e760000)]
  0x000000001aa19800 JavaThread "qtp573136580-40" [_thread_blocked, id=8604, stack(0x000000001e490000,0x000000001e590000)]
  0x000000001aa19000 JavaThread "qtp573136580-39" [_thread_blocked, id=13924, stack(0x000000001e1e0000,0x000000001e2e0000)]
  0x000000001aa18000 JavaThread "qtp573136580-38" [_thread_in_native, id=3140, stack(0x000000001dfe0000,0x000000001e0e0000)]
  0x000000001aa17800 JavaThread "qtp573136580-37" [_thread_blocked, id=7068, stack(0x000000001d790000,0x000000001d890000)]
  0x000000001aa16800 JavaThread "qtp573136580-36-acceptor-0@5082ec5-ServerConnector@bcfd014{HTTP/1.1,[http/1.1]}{0.0.0.0:9002}" [_thread_in_native, id=12748, stack(0x000000001ddf0000,0x000000001def0000)]
  0x000000001aa16000 JavaThread "qtp573136580-35-lowPrioritySelector" [_thread_blocked, id=9296, stack(0x000000001dc40000,0x000000001dd40000)]
  0x000000001a6ff000 JavaThread "qtp573136580-34" [_thread_in_native, id=12896, stack(0x000000001da50000,0x000000001db50000)]
  0x000000001a6fe000 JavaThread "qtp573136580-33-lowPrioritySelector" [_thread_blocked, id=852, stack(0x000000001d920000,0x000000001da20000)]
  0x000000001a6fd800 JavaThread "redis-cache-1" [_thread_blocked, id=9260, stack(0x000000001d430000,0x000000001d530000)]
  0x000000001a6fc800 JavaThread "Druid-ConnectionPool-Destroy-949581868" daemon [_thread_blocked, id=13856, stack(0x000000001d080000,0x000000001d180000)]
  0x000000001a6fc000 JavaThread "Druid-ConnectionPool-Create-949581868" daemon [_thread_blocked, id=9360, stack(0x000000001ca40000,0x000000001cb40000)]
  0x000000001a6f9800 JavaThread "account-server-1" [_thread_blocked, id=12256, stack(0x000000001cb70000,0x000000001cc70000)]
  0x000000001a6f9000 JavaThread "SimpleScheduleComponent-1" [_thread_blocked, id=2228, stack(0x000000001c900000,0x000000001ca00000)]
  0x000000001a6f8000 JavaThread "DefaultQuartzScheduler_QuartzSchedulerThread" [_thread_blocked, id=12852, stack(0x000000001c4c0000,0x000000001c5c0000)]
  0x000000001aa8e800 JavaThread "DefaultQuartzScheduler_Worker-10" [_thread_blocked, id=11140, stack(0x000000001c800000,0x000000001c900000)]
  0x000000001aa8b800 JavaThread "DefaultQuartzScheduler_Worker-9" [_thread_blocked, id=7832, stack(0x000000001c610000,0x000000001c710000)]
  0x000000001aa8b000 JavaThread "DefaultQuartzScheduler_Worker-8" [_thread_blocked, id=9576, stack(0x000000001c360000,0x000000001c460000)]
  0x000000001aa89000 JavaThread "DefaultQuartzScheduler_Worker-7" [_thread_blocked, id=8784, stack(0x000000001c230000,0x000000001c330000)]
  0x000000001aa83000 JavaThread "DefaultQuartzScheduler_Worker-6" [_thread_blocked, id=2212, stack(0x000000001c120000,0x000000001c220000)]
  0x000000001a446800 JavaThread "DefaultQuartzScheduler_Worker-5" [_thread_blocked, id=11536, stack(0x000000001bf50000,0x000000001c050000)]
  0x000000001a471000 JavaThread "DefaultQuartzScheduler_Worker-4" [_thread_blocked, id=12396, stack(0x000000001bd70000,0x000000001be70000)]
  0x000000001a449800 JavaThread "DefaultQuartzScheduler_Worker-3" [_thread_blocked, id=6308, stack(0x0000000019c70000,0x0000000019d70000)]
  0x000000001a43f800 JavaThread "DefaultQuartzScheduler_Worker-2" [_thread_blocked, id=12308, stack(0x0000000019510000,0x0000000019610000)]
  0x000000001a44c800 JavaThread "DefaultQuartzScheduler_Worker-1" [_thread_blocked, id=9868, stack(0x0000000019750000,0x0000000019850000)]
  0x000000001a80b800 JavaThread "commons-pool-EvictionTimer" daemon [_thread_blocked, id=12528, stack(0x000000001b9f0000,0x000000001baf0000)]
  0x0000000018753000 JavaThread "Service Thread" daemon [_thread_blocked, id=14120, stack(0x0000000019b70000,0x0000000019c70000)]
  0x0000000018750000 JavaThread "C1 CompilerThread2" daemon [_thread_blocked, id=7900, stack(0x0000000019990000,0x0000000019a90000)]
  0x00000000186f4000 JavaThread "C2 CompilerThread1" daemon [_thread_blocked, id=8700, stack(0x0000000019870000,0x0000000019970000)]
  0x00000000186ee800 JavaThread "C2 CompilerThread0" daemon [_thread_blocked, id=13368, stack(0x0000000019270000,0x0000000019370000)]
  0x00000000186e0000 JavaThread "JDWP Command Reader" daemon [_thread_in_native, id=12912, stack(0x0000000019620000,0x0000000019720000)]
  0x00000000186dc800 JavaThread "JDWP Event Helper Thread" daemon [_thread_blocked, id=12084, stack(0x00000000193f0000,0x00000000194f0000)]
=>0x00000000186d6000 JavaThread "JDWP Transport Listener: dt_socket" daemon [_thread_in_vm, id=8668, stack(0x0000000019170000,0x0000000019270000)]
  0x00000000173d6000 JavaThread "Attach Listener" daemon [_thread_blocked, id=6348, stack(0x00000000181c0000,0x00000000182c0000)]
  0x00000000173d5000 JavaThread "Signal Dispatcher" daemon [_thread_blocked, id=6104, stack(0x0000000018b80000,0x0000000018c80000)]
  0x000000001737b000 JavaThread "Finalizer" daemon [_thread_blocked, id=14048, stack(0x00000000185b0000,0x00000000186b0000)]
  0x0000000017374000 JavaThread "Reference Handler" daemon [_thread_blocked, id=4856, stack(0x0000000018480000,0x0000000018580000)]

Other Threads:
  0x000000001736e800 VMThread [stack: 0x0000000018360000,0x0000000018460000] [id=14168]
  0x0000000018790800 WatcherThread [stack: 0x0000000019d90000,0x0000000019e90000] [id=13748]

VM state:not at safepoint (normal execution)

VM Mutex/Monitor currently owned by a thread: None

Heap:
 PSYoungGen      total 38400K, used 13245K [0x00000000d5e00000, 0x00000000d8880000, 0x0000000100000000)
  eden space 33280K, 39% used [0x00000000d5e00000,0x00000000d6aef428,0x00000000d7e80000)
  from space 5120K, 0% used [0x00000000d8380000,0x00000000d8380000,0x00000000d8880000)
  to   space 5120K, 0% used [0x00000000d7e80000,0x00000000d7e80000,0x00000000d8380000)
 ParOldGen       total 68608K, used 8740K [0x0000000081a00000, 0x0000000085d00000, 0x00000000d5e00000)
  object space 68608K, 12% used [0x0000000081a00000,0x00000000822890e8,0x0000000085d00000)
 Metaspace       used 23033K, capacity 23284K, committed 23808K, reserved 1071104K
  class space    used 2659K, capacity 2722K, committed 2816K, reserved 1048576K

Card table byte_map: [0x0000000011ba0000,0x0000000011fa0000] byte_map_base: 0x0000000011793000

Marking Bits: (ParMarkBitMap*) 0x0000000052e8f600
 Begin Bits: [0x00000000126b0000, 0x0000000014648000)
 End Bits:   [0x0000000014648000, 0x00000000165e0000)

Polling page: 0x0000000000330000

CodeCache: size=245760Kb used=5351Kb max_used=5361Kb free=240408Kb
 bounds [0x00000000027e0000, 0x0000000002d20000, 0x00000000117e0000]
 total_blobs=2031 nmethods=1526 adapters=426
 compilation: enabled

Compilation events (10 events):
Event: 31.452 Thread 0x00000000186f4000 1522       4       java.lang.ThreadLocal$ThreadLocalMap::access$000 (6 bytes)
Event: 31.453 Thread 0x0000000018750000 1526       3       java.util.ArrayList$Itr::next (66 bytes)
Event: 31.454 Thread 0x0000000018750000 nmethod 1526 0x0000000002d19cd0 code [0x0000000002d19ea0, 0x0000000002d1a448]
Event: 31.454 Thread 0x0000000018750000 1524       3       com.alibaba.druid.filter.FilterChainImpl::nextFilter (26 bytes)
Event: 31.454 Thread 0x0000000018750000 nmethod 1524 0x0000000002d1bc90 code [0x0000000002d1be20, 0x0000000002d1c288]
Event: 31.455 Thread 0x00000000186f4000 nmethod 1522 0x0000000002d1dc90 code [0x0000000002d1dde0, 0x0000000002d1df68]
Event: 31.455 Thread 0x0000000018750000 1525       1       sun.reflect.ClassFileAssembler::getStack (5 bytes)
Event: 31.455 Thread 0x0000000018750000 nmethod 1525 0x0000000002d16dd0 code [0x0000000002d16f20, 0x0000000002d17030]
Event: 31.455 Thread 0x0000000018750000 1523       1       com.alibaba.druid.proxy.jdbc.ConnectionProxyImpl::getRawObject (5 bytes)
Event: 31.455 Thread 0x0000000018750000 nmethod 1523 0x0000000002d1b9d0 code [0x0000000002d1bb20, 0x0000000002d1bc30]

GC Heap History (6 events):
Event: 1.471 GC heap before
{Heap before GC invocations=1 (full 0):
 PSYoungGen      total 38400K, used 33280K [0x00000000d5e00000, 0x00000000d8880000, 0x0000000100000000)
  eden space 33280K, 100% used [0x00000000d5e00000,0x00000000d7e80000,0x00000000d7e80000)
  from space 5120K, 0% used [0x00000000d8380000,0x00000000d8380000,0x00000000d8880000)
  to   space 5120K, 0% used [0x00000000d7e80000,0x00000000d7e80000,0x00000000d8380000)
 ParOldGen       total 87552K, used 0K [0x0000000081a00000, 0x0000000086f80000, 0x00000000d5e00000)
  object space 87552K, 0% used [0x0000000081a00000,0x0000000081a00000,0x0000000086f80000)
 Metaspace       used 14089K, capacity 14340K, committed 14720K, reserved 1062912K
  class space    used 1732K, capacity 1794K, committed 1920K, reserved 1048576K
Event: 1.478 GC heap after
Heap after GC invocations=1 (full 0):
 PSYoungGen      total 38400K, used 5112K [0x00000000d5e00000, 0x00000000d8880000, 0x0000000100000000)
  eden space 33280K, 0% used [0x00000000d5e00000,0x00000000d5e00000,0x00000000d7e80000)
  from space 5120K, 99% used [0x00000000d7e80000,0x00000000d837e020,0x00000000d8380000)
  to   space 5120K, 0% used [0x00000000d8380000,0x00000000d8380000,0x00000000d8880000)
 ParOldGen       total 87552K, used 970K [0x0000000081a00000, 0x0000000086f80000, 0x00000000d5e00000)
  object space 87552K, 1% used [0x0000000081a00000,0x0000000081af2870,0x0000000086f80000)
 Metaspace       used 14089K, capacity 14340K, committed 14720K, reserved 1062912K
  class space    used 1732K, capacity 1794K, committed 1920K, reserved 1048576K
}
Event: 2.341 GC heap before
{Heap before GC invocations=2 (full 0):
 PSYoungGen      total 38400K, used 34362K [0x00000000d5e00000, 0x00000000d8880000, 0x0000000100000000)
  eden space 33280K, 87% used [0x00000000d5e00000,0x00000000d7a90b30,0x00000000d7e80000)
  from space 5120K, 99% used [0x00000000d7e80000,0x00000000d837e020,0x00000000d8380000)
  to   space 5120K, 0% used [0x00000000d8380000,0x00000000d8380000,0x00000000d8880000)
 ParOldGen       total 87552K, used 970K [0x0000000081a00000, 0x0000000086f80000, 0x00000000d5e00000)
  object space 87552K, 1% used [0x0000000081a00000,0x0000000081af2870,0x0000000086f80000)
 Metaspace       used 20757K, capacity 21000K, committed 21248K, reserved 1069056K
  class space    used 2382K, capacity 2476K, committed 2560K, reserved 1048576K
Event: 2.351 GC heap after
Heap after GC invocations=2 (full 0):
 PSYoungGen      total 38400K, used 5103K [0x00000000d5e00000, 0x00000000d8880000, 0x0000000100000000)
  eden space 33280K, 0% used [0x00000000d5e00000,0x00000000d5e00000,0x00000000d7e80000)
  from space 5120K, 99% used [0x00000000d8380000,0x00000000d887bf30,0x00000000d8880000)
  to   space 5120K, 0% used [0x00000000d7e80000,0x00000000d7e80000,0x00000000d8380000)
 ParOldGen       total 87552K, used 4724K [0x0000000081a00000, 0x0000000086f80000, 0x00000000d5e00000)
  object space 87552K, 5% used [0x0000000081a00000,0x0000000081e9d058,0x0000000086f80000)
 Metaspace       used 20757K, capacity 21000K, committed 21248K, reserved 1069056K
  class space    used 2382K, capacity 2476K, committed 2560K, reserved 1048576K
}
Event: 2.351 GC heap before
{Heap before GC invocations=3 (full 1):
 PSYoungGen      total 38400K, used 5103K [0x00000000d5e00000, 0x00000000d8880000, 0x0000000100000000)
  eden space 33280K, 0% used [0x00000000d5e00000,0x00000000d5e00000,0x00000000d7e80000)
  from space 5120K, 99% used [0x00000000d8380000,0x00000000d887bf30,0x00000000d8880000)
  to   space 5120K, 0% used [0x00000000d7e80000,0x00000000d7e80000,0x00000000d8380000)
 ParOldGen       total 87552K, used 4724K [0x0000000081a00000, 0x0000000086f80000, 0x00000000d5e00000)
  object space 87552K, 5% used [0x0000000081a00000,0x0000000081e9d058,0x0000000086f80000)
 Metaspace       used 20757K, capacity 21000K, committed 21248K, reserved 1069056K
  class space    used 2382K, capacity 2476K, committed 2560K, reserved 1048576K
Event: 2.385 GC heap after
Heap after GC invocations=3 (full 1):
 PSYoungGen      total 38400K, used 0K [0x00000000d5e00000, 0x00000000d8880000, 0x0000000100000000)
  eden space 33280K, 0% used [0x00000000d5e00000,0x00000000d5e00000,0x00000000d7e80000)
  from space 5120K, 0% used [0x00000000d8380000,0x00000000d8380000,0x00000000d8880000)
  to   space 5120K, 0% used [0x00000000d7e80000,0x00000000d7e80000,0x00000000d8380000)
 ParOldGen       total 68608K, used 8740K [0x0000000081a00000, 0x0000000085d00000, 0x00000000d5e00000)
  object space 68608K, 12% used [0x0000000081a00000,0x00000000822890e8,0x0000000085d00000)
 Metaspace       used 20757K, capacity 21000K, committed 21248K, reserved 1069056K
  class space    used 2382K, capacity 2476K, committed 2560K, reserved 1048576K
}

Deoptimization events (10 events):
Event: 2.532 Thread 0x000000000226b800 Uncommon trap: reason=unstable_if action=reinterpret pc=0x0000000002c8c8bc method=java.net.URLStreamHandler.parseURL(Ljava/net/URL;Ljava/lang/String;II)V @ 155
Event: 2.654 Thread 0x000000000226b800 Uncommon trap: reason=unstable_if action=reinterpret pc=0x0000000002c7fb50 method=java.lang.String.lastIndexOf([CII[CIII)I @ 118
Event: 2.656 Thread 0x000000000226b800 Uncommon trap: reason=class_check action=maybe_recompile pc=0x0000000002aac780 method=java.io.FilterInputStream.read()I @ 4
Event: 2.656 Thread 0x000000000226b800 Uncommon trap: reason=class_check action=maybe_recompile pc=0x0000000002aac780 method=java.io.FilterInputStream.read()I @ 4
Event: 2.656 Thread 0x000000000226b800 Uncommon trap: reason=class_check action=maybe_recompile pc=0x0000000002aac780 method=java.io.FilterInputStream.read()I @ 4
Event: 2.656 Thread 0x000000000226b800 Uncommon trap: reason=class_check action=maybe_recompile pc=0x0000000002aac780 method=java.io.FilterInputStream.read()I @ 4
Event: 12.289 Thread 0x000000001a6fd800 Uncommon trap: reason=unstable_if action=reinterpret pc=0x0000000002d0c8fc method=java.lang.ThreadLocal.get()Ljava/lang/Object; @ 11
Event: 12.310 Thread 0x000000001a6fd800 Uncommon trap: reason=range_check action=none pc=0x0000000002b595dc method=sun.reflect.generics.parser.SignatureParser.current()C @ 34
Event: 12.312 Thread 0x000000001a6fd800 Uncommon trap: reason=range_check action=none pc=0x0000000002b595dc method=sun.reflect.generics.parser.SignatureParser.current()C @ 34
Event: 31.452 Thread 0x000000001a6f9800 Uncommon trap: reason=class_check action=maybe_recompile pc=0x0000000002cc661c method=java.util.concurrent.ConcurrentHashMap.putVal(Ljava/lang/Object;Ljava/lang/Object;Z)Ljava/lang/Object; @ 192

Internal exceptions (10 events):
Event: 2.670 Thread 0x000000000226b800 Exception <a 'sun/nio/fs/WindowsException'> (0x00000000d654da48) thrown at [C:\re\workspace\8-2-build-windows-amd64-cygwin\jdk8u71\5731\hotspot\src\share\vm\prims\jni.cpp, line 709]
Event: 2.670 Thread 0x000000000226b800 Exception <a 'sun/nio/fs/WindowsException'> (0x00000000d654ea80) thrown at [C:\re\workspace\8-2-build-windows-amd64-cygwin\jdk8u71\5731\hotspot\src\share\vm\prims\jni.cpp, line 709]
Event: 2.670 Thread 0x000000000226b800 Exception <a 'sun/nio/fs/WindowsException'> (0x00000000d654f688) thrown at [C:\re\workspace\8-2-build-windows-amd64-cygwin\jdk8u71\5731\hotspot\src\share\vm\prims\jni.cpp, line 709]
Event: 2.671 Thread 0x000000000226b800 Exception <a 'sun/nio/fs/WindowsException'> (0x00000000d65502f8) thrown at [C:\re\workspace\8-2-build-windows-amd64-cygwin\jdk8u71\5731\hotspot\src\share\vm\prims\jni.cpp, line 709]
Event: 2.676 Thread 0x000000000226b800 Exception <a 'sun/nio/fs/WindowsException'> (0x00000000d6593d88) thrown at [C:\re\workspace\8-2-build-windows-amd64-cygwin\jdk8u71\5731\hotspot\src\share\vm\prims\jni.cpp, line 709]
Event: 2.676 Thread 0x000000000226b800 Exception <a 'sun/nio/fs/WindowsException'> (0x00000000d6594990) thrown at [C:\re\workspace\8-2-build-windows-amd64-cygwin\jdk8u71\5731\hotspot\src\share\vm\prims\jni.cpp, line 709]
Event: 2.676 Thread 0x000000000226b800 Exception <a 'sun/nio/fs/WindowsException'> (0x00000000d6595600) thrown at [C:\re\workspace\8-2-build-windows-amd64-cygwin\jdk8u71\5731\hotspot\src\share\vm\prims\jni.cpp, line 709]
Event: 12.289 Thread 0x000000001a6fd800 Implicit null exception at 0x0000000002d0c7d5 to 0x0000000002d0c8e1
Event: 12.310 Thread 0x000000001a6fd800 Exception <a 'java/lang/ArrayIndexOutOfBoundsException': 55> (0x00000000d6935168) thrown at [C:\re\workspace\8-2-build-windows-amd64-cygwin\jdk8u71\5731\hotspot\src\share\vm\interpreter\interpreterRuntime.cpp, line 366]
Event: 12.313 Thread 0x000000001a6fd800 Exception <a 'java/lang/ArrayIndexOutOfBoundsException': 55> (0x00000000d694b950) thrown at [C:\re\workspace\8-2-build-windows-amd64-cygwin\jdk8u71\5731\hotspot\src\share\vm\interpreter\interpreterRuntime.cpp, line 366]

Events (10 events):
Event: 31.190 Thread 0x000000001a80b800 DEOPT UNPACKING pc=0x000000000282787f sp=0x000000001baeb8e0 mode 1
Event: 31.190 Thread 0x000000001a80b800 DEOPT PACKING pc=0x0000000002995414 sp=0x000000001baebc50
Event: 31.190 Thread 0x000000001a80b800 DEOPT UNPACKING pc=0x000000000282787f sp=0x000000001baeba70 mode 1
Event: 31.452 Thread 0x000000001a6f9800 Uncommon trap: trap_request=0xffffffde fr.pc=0x0000000002cc661c
Event: 31.452 Thread 0x000000001a6f9800 DEOPT PACKING pc=0x0000000002cc661c sp=0x000000001cc6e8f0
Event: 31.452 Thread 0x000000001a6f9800 DEOPT UNPACKING pc=0x000000000282582a sp=0x000000001cc6e888 mode 2
Event: 35.318 Executing VM operation: RedefineClasses
Event: 35.334 Executing VM operation: RedefineClasses done
Event: 37.909 Executing VM operation: RedefineClasses
Event: 37.925 Executing VM operation: RedefineClasses done


Dynamic libraries:
0x000000013f710000 - 0x000000013f747000 	C:\Program Files\Java\jre1.8.0_71\bin\javaw.exe
0x00000000775d0000 - 0x000000007776f000 	C:\windows\SYSTEM32\ntdll.dll
0x00000000774b0000 - 0x00000000775cf000 	C:\windows\system32\kernel32.dll
0x000007fefd220000 - 0x000007fefd287000 	C:\windows\system32\KERNELBASE.dll
0x000007fefd830000 - 0x000007fefd90b000 	C:\windows\system32\ADVAPI32.dll
0x000007fefd760000 - 0x000007fefd7ff000 	C:\windows\system32\msvcrt.dll
0x000007fefd4d0000 - 0x000007fefd4ef000 	C:\windows\SYSTEM32\sechost.dll
0x000007fefddb0000 - 0x000007fefdedc000 	C:\windows\system32\RPCRT4.dll
0x00000000773b0000 - 0x00000000774aa000 	C:\windows\system32\USER32.dll
0x000007fefd910000 - 0x000007fefd977000 	C:\windows\system32\GDI32.dll
0x000007fefe010000 - 0x000007fefe01e000 	C:\windows\system32\LPK.dll
0x000007fefdf40000 - 0x000007fefe00b000 	C:\windows\system32\USP10.dll
0x000007fefba70000 - 0x000007fefbc65000 	C:\windows\WinSxS\amd64_microsoft.windows.common-controls_6595b64144ccf1df_6.0.7601.24460_none_e3711c5330fd38b4\COMCTL32.dll
0x000007feff6b0000 - 0x000007feff721000 	C:\windows\system32\SHLWAPI.dll
0x000007fefe5a0000 - 0x000007fefe5ce000 	C:\windows\system32\IMM32.DLL
0x000007fefdca0000 - 0x000007fefdda9000 	C:\windows\system32\MSCTF.dll
0x00000000558e0000 - 0x00000000559b2000 	C:\Program Files\Java\jre1.8.0_71\bin\msvcr100.dll
0x0000000052680000 - 0x0000000052f0f000 	C:\Program Files\Java\jre1.8.0_71\bin\server\jvm.dll
0x000007fef8db0000 - 0x000007fef8db9000 	C:\windows\system32\WSOCK32.dll
0x000007fefe350000 - 0x000007fefe39d000 	C:\windows\system32\WS2_32.dll
0x000007fefd800000 - 0x000007fefd808000 	C:\windows\system32\NSI.dll
0x000007fefd130000 - 0x000007fefd16b000 	C:\windows\system32\WINMM.dll
0x000007fefc130000 - 0x000007fefc13c000 	C:\windows\system32\VERSION.dll
0x0000000077770000 - 0x0000000077777000 	C:\windows\system32\PSAPI.DLL
0x000000006e830000 - 0x000000006e83f000 	C:\Program Files\Java\jre1.8.0_71\bin\verify.dll
0x000000006e6f0000 - 0x000000006e719000 	C:\Program Files\Java\jre1.8.0_71\bin\java.dll
0x000000005de40000 - 0x000000005de75000 	C:\Program Files\Java\jre1.8.0_71\bin\jdwp.dll
0x000000006e820000 - 0x000000006e828000 	C:\Program Files\Java\jre1.8.0_71\bin\npt.dll
0x00000000664d0000 - 0x00000000664e6000 	C:\Program Files\Java\jre1.8.0_71\bin\zip.dll
0x000007fefe650000 - 0x000007feff3db000 	C:\windows\system32\SHELL32.dll
0x000007fefe3a0000 - 0x000007fefe59c000 	C:\windows\system32\ole32.dll
0x000007fefd080000 - 0x000007fefd08f000 	C:\windows\system32\profapi.dll
0x000000006e6d0000 - 0x000000006e6d9000 	C:\Program Files\Java\jre1.8.0_71\bin\dt_socket.dll
0x000007fefaf80000 - 0x000007fefaf95000 	C:\windows\system32\NLAapi.dll
0x000007fef6df0000 - 0x000007fef6e05000 	C:\windows\system32\napinsp.dll
0x000007fef6dd0000 - 0x000007fef6de9000 	C:\windows\system32\pnrpnsp.dll
0x000007fefc790000 - 0x000007fefc7e5000 	C:\windows\System32\mswsock.dll
0x000007fefc610000 - 0x000007fefc66b000 	C:\windows\system32\DNSAPI.dll
0x000007fef6dc0000 - 0x000007fef6dcb000 	C:\windows\System32\winrnr.dll
0x000007fefa8b0000 - 0x000007fefa8d7000 	C:\windows\system32\IPHLPAPI.DLL
0x000007fefa8a0000 - 0x000007fefa8ab000 	C:\windows\system32\WINNSI.DLL
0x000007fef9e80000 - 0x000007fef9ed3000 	C:\windows\System32\fwpuclnt.dll
0x000007fef7700000 - 0x000007fef7708000 	C:\windows\system32\rasadhlp.dll
0x000007fefc200000 - 0x000007fefc207000 	C:\windows\System32\wshtcpip.dll
0x00000000664c0000 - 0x00000000664cd000 	C:\Program Files\Java\jre1.8.0_71\bin\management.dll
0x0000000065c20000 - 0x0000000065c3a000 	C:\Program Files\Java\jre1.8.0_71\bin\net.dll
0x000007fefc780000 - 0x000007fefc787000 	C:\windows\System32\wship6.dll
0x00000000658d0000 - 0x00000000658e1000 	C:\Program Files\Java\jre1.8.0_71\bin\nio.dll
0x000000006c630000 - 0x000000006c7c8000 	C:\Program Files\Java\jre1.8.0_71\bin\awt.dll
0x000007fefd980000 - 0x000007fefda5a000 	C:\windows\system32\OLEAUT32.dll
0x000007fefc7f0000 - 0x000007fefc808000 	C:\windows\system32\CRYPTSP.dll
0x000007fefc4f0000 - 0x000007fefc537000 	C:\windows\system32\rsaenh.dll
0x000007fefd0a0000 - 0x000007fefd0bf000 	C:\windows\system32\USERENV.dll
0x000007fefced0000 - 0x000007fefcedf000 	C:\windows\system32\CRYPTBASE.dll
0x000007fef9e00000 - 0x000007fef9e11000 	C:\windows\system32\dhcpcsvc6.DLL
0x000007fef9ce0000 - 0x000007fef9cf8000 	C:\windows\system32\dhcpcsvc.DLL
0x000007feef520000 - 0x000007feef645000 	C:\windows\system32\dbghelp.dll

VM Arguments:
jvm_args: -agentlib:jdwp=transport=dt_socket,suspend=y,address=localhost:65142 -Dfile.encoding=UTF-8 
java_command: com.AccountServer
java_class_path (initial): H:\web\Server\branches\basetemplate\AccountServer\bin;H:\web\Server\branches\basetemplate\BaseServer\bin;H:\web\Server\branches\basetemplate\CommonUtil\bin;H:\web\Server\branches\basetemplate\CommonLib\lib\slf4j-api-1.7.2.jar;H:\web\Server\branches\basetemplate\CommonLib\lib\commons-codec-1.4.jar;H:\web\Server\branches\basetemplate\CommonLib\lib\bcprov-jdk16-145.jar;H:\web\Server\branches\basetemplate\CommonLib\lib\dom4j-1.6.1.jar;H:\web\Server\branches\basetemplate\CommonLib\lib\fastjson-1.2.4.jar;H:\web\Server\branches\basetemplate\CommonLib\lib\servlet-api-3.1.jar;H:\web\Server\branches\basetemplate\CommonLib\lib\gson-2.2.4.jar;H:\web\Server\branches\basetemplate\CommonLib\lib\protobuf-java-2.5.0.jar;H:\web\Server\branches\basetemplate\CommonLib\lib\logback-classic-1.2.3.jar;H:\web\Server\branches\basetemplate\CommonLib\lib\logback-core-1.2.3.jar;H:\web\Server\branches\basetemplate\CommonLib\lib\google-collections-1.0.jar;H:\web\Server\branches\basetemplate\CommonLib\lib\mysql-connector-java-5.1.12-bin.jar;H:\web\Server\branches\basetemplate\CommonLib\lib\jaxen-1.1.1.jar;H:\web\Server\branches\basetemplate\CommonLib\lib\commons-logging-1.1.1.jar;H:\web\Server\branches\basetemplate\CommonLib\lib\ammentos_revise_1.3.7.jar;H:\web\Server\branches\basetemplate\CommonLib\lib\ehcache-core-2.6.6.jar;H:\web\Server\branches\basetemplate\CommonLib\lib\ehcache-terracotta-2.6.6.jar;H:\web\Server\branches\basetemplate\CommonLib\lib\commons-pool2-2.4.2.jar;H:\web\Server\branches\basetemplate\CommonLib\lib\jetty-continuation-9.4.0.v20161208.jar;H:\web\Server\branches\basetemplate\CommonLib\lib\jetty-http-9.4.0.v20161208.jar;H:\web\Server\branches\basetemplate\CommonLib\lib\jetty-io-9.4.0.v20161208.jar;H:\web\Server\branches\basetemplate\CommonLib\lib\jetty-security-9.4.0.v20161208.jar;H:\web\Server\branches\basetemplate\CommonLib\lib\jetty-server-9.4.0.v20161208.jar;H:\web\Server\branches\basetemplate\CommonLib\lib\jetty-servlet-9.4.0.v20161208.jar;H
Launcher Type: SUN_STANDARD

Environment Variables:
JAVA_HOME=C:\Program Files\Java\jdk1.8.0_60
CLASSPATH=.;C:\Program Files\Java\jdk1.8.0_60\bin;C:\Program Files\Java\jdk1.8.0_60\lib\dt.jar;C:\Program Files\Java\jdk1.8.0_60\lib\tools.jar
PATH=C:/Program Files/Java/jdk1.8.0_60/bin/../jre/bin/server;C:/Program Files/Java/jdk1.8.0_60/bin/../jre/bin;C:/Program Files/Java/jdk1.8.0_60/bin/../jre/lib/amd64;C:\Program Files\VanDyke Software\Clients\;C:\windows\system32;C:\windows;C:\windows\System32\Wbem;C:\windows\System32\WindowsPowerShell\v1.0\;C:\Program Files\Microsoft\Web Platform Installer\;C:\Program Files (x86)\Microsoft ASP.NET\ASP.NET Web Pages\v1.0\;C:\Program Files\Microsoft SQL Server\110\Tools\Binn\;C:\Program Files (x86)\VisualSVN\bin;C:\Program Files\TortoiseSVN\bin;\;C:\Program Files\Java\jdk1.8.0_60\bin;C:\Python27;C:\Program Files (x86)\GtkSharp\2.12\bin;E:\software\php-5.6.18-nts-Win32-VC11-x64\php.exe;C:\Program Files\Microsoft SQL Server\120\Tools\Binn\;E:\software\gradle-3.1\bin;C:\Program Files (x86)\Windows Kits\8.1\Windows Performance Toolkit\;C:\Program Files\Microsoft Network Monitor 3\;H:\GO\GOROOT\\BIN;H:\GO\GO_PROJECT;C:\MinGW\bin;C:\Program Files\Git\cmd;H:\maven\apache-maven-3.6.0\bin;C:\msys64\mingw32\bin;C:\msys64\mingw64\bin;C:\Users\dream\AppData\Local\Google\Chrome\Application;%GO_ROOT%\bin;C:\Users\dream\AppData\Local\Google\Chrome\Application;C:\Python3\Scripts\;C:\Python3\;E:\cocos2d-x-3.13.1\templates;E:\cocos2d-x-3.13.1\tools\cocos2d-console\bin;C:\Users\dream\AppData\Local\Programs\Microsoft VS Code\bin;H:\python\bin;;C:\Users\dream\go\bin;C:\soft\eclipse;
USERNAME=dream
OS=Windows_NT
PROCESSOR_IDENTIFIER=Intel64 Family 6 Model 58 Stepping 9, GenuineIntel



---------------  S Y S T E M  ---------------

OS: Windows 7 , 64 bit Build 7601 (6.1.7601.24475)

CPU:total 4 (2 cores per cpu, 2 threads per core) family 6 model 58 stepping 9, cmov, cx8, fxsr, mmx, sse, sse2, sse3, ssse3, sse4.1, sse4.2, popcnt, avx, clmul, erms, ht, tsc, tscinvbit, tscinv

Memory: 4k page, physical 8279452k(1696664k free), swap 16557004k(8034048k free)

vm_info: Java HotSpot(TM) 64-Bit Server VM (25.71-b15) for windows-amd64 JRE (1.8.0_71-b15), built on Dec 22 2015 18:15:55 by "java_re" with MS VC++ 10.0 (VS2010)

time: Tue Nov 26 14:23:08 2019
elapsed time: 37 seconds (0d 0h 0m 37s)

