2019-07-13 15:24:13,085|ERROR|main|Please input the config path.
2019-07-13 15:24:14,795|ERROR|main|****************** Component:[com.upload.database.DBPoolComponent] has started successfully.******************
2019-07-13 15:24:14,798|ERROR|main|****************** Component:[com.upload.component.ServerListComponent] has started successfully.******************
2019-07-13 15:24:14,991|ERROR|main|****************** Component:[com.upload.component.WebComponent] has started successfully.******************
2019-07-13 15:24:14,991|ERROR|main|****************** Component:[com.upload.component.CdnComponent] has started successfully.******************
2019-07-13 15:24:14,991|ERROR|main|****************** All Component has started successfully.******************
2019-07-13 15:24:14,992|ERROR|main|UploadServer has started successfully, taken 1915 millis.
2019-07-13 15:25:14,043|ERROR|pool-1-thread-1|定时任务:刷新服务器信息开始
2019-07-13 15:25:15,006|ERROR|pool-1-thread-1|定时任务:刷新服务器信息结束
2019-07-13 15:26:35,728|ERROR|qtp1810923540-20|当前正在执行SQL的服务器:80-五行八卦,ID:30080
2019-07-13 15:27:02,164|ERROR|qtp1810923540-20|执行完毕...
2019-07-13 15:28:16,507|ERROR|qtp1810923540-19|当前正在执行SQL的服务器:80-五行八卦,ID:30080
2019-07-13 15:28:16,812|ERROR|qtp1810923540-19|执行完毕...
2019-07-13 15:29:20,744|ERROR|qtp1810923540-19|当前正在执行SQL的服务器:80-五行八卦,ID:30080
2019-07-13 15:29:22,128|ERROR|qtp1810923540-19|执行完毕...
2019-07-13 15:30:15,011|ERROR|pool-1-thread-1|定时任务:刷新服务器信息开始
2019-07-13 15:30:15,978|ERROR|pool-1-thread-1|定时任务:刷新服务器信息结束
2019-07-13 15:33:16,794|ERROR|qtp1810923540-25|当前正在执行SQL的服务器:80-五行八卦,ID:30080
2019-07-13 15:33:17,065|ERROR|qtp1810923540-25|执行完毕...
2019-07-13 15:33:17,066|ERROR|qtp1810923540-25|当前正在执行SQL的服务器:地灵曲1服,ID:10001
2019-07-13 15:33:17,355|ERROR|qtp1810923540-25|执行完毕...
2019-07-13 15:33:17,356|ERROR|qtp1810923540-25|当前正在执行SQL的服务器:1-初入古墓,ID:20001
2019-07-13 15:33:17,656|ERROR|qtp1810923540-25|执行完毕...
2019-07-13 15:33:17,657|ERROR|qtp1810923540-25|当前正在执行SQL的服务器:2-战国诡棺,ID:20002
2019-07-13 15:33:17,963|ERROR|qtp1810923540-25|执行完毕...
2019-07-13 15:33:17,963|ERROR|qtp1810923540-25|当前正在执行SQL的服务器:3-天字大墓,ID:20003
2019-07-13 15:33:18,254|ERROR|qtp1810923540-25|执行完毕...
2019-07-13 15:33:18,255|ERROR|qtp1810923540-25|当前正在执行SQL的服务器:4-天矶冰盒,ID:20004
2019-07-13 15:33:18,526|ERROR|qtp1810923540-25|执行完毕...
2019-07-13 15:33:18,526|ERROR|qtp1810923540-25|当前正在执行SQL的服务器:5-万佛古墓,ID:20005
2019-07-13 15:33:18,817|ERROR|qtp1810923540-25|执行完毕...
2019-07-13 15:33:18,818|ERROR|qtp1810923540-25|当前正在执行SQL的服务器:6-楼兰古城,ID:20006
2019-07-13 15:33:19,135|ERROR|qtp1810923540-25|执行完毕...
2019-07-13 15:33:19,135|ERROR|qtp1810923540-25|当前正在执行SQL的服务器:7-大荒龙冢,ID:20007
2019-07-13 15:33:19,425|ERROR|qtp1810923540-25|执行完毕...
2019-07-13 15:33:19,426|ERROR|qtp1810923540-25|当前正在执行SQL的服务器:8-终极归墟,ID:20008
2019-07-13 15:33:19,763|ERROR|qtp1810923540-25|执行完毕...
2019-07-13 15:33:19,763|ERROR|qtp1810923540-25|当前正在执行SQL的服务器:9-精绝女王,ID:20009
2019-07-13 15:33:20,047|ERROR|qtp1810923540-25|执行完毕...
2019-07-13 15:33:20,047|ERROR|qtp1810923540-25|当前正在执行SQL的服务器:10-四海九州,ID:20010
2019-07-13 15:33:20,331|ERROR|qtp1810923540-25|执行完毕...
2019-07-13 15:33:20,332|ERROR|qtp1810923540-25|当前正在执行SQL的服务器:11-秦皇疑冢,ID:20011
2019-07-13 15:33:20,625|ERROR|qtp1810923540-25|执行完毕...
2019-07-13 15:33:20,626|ERROR|qtp1810923540-25|当前正在执行SQL的服务器:12-寻龙点穴,ID:20012
2019-07-13 15:33:20,900|ERROR|qtp1810923540-25|执行完毕...
2019-07-13 15:33:20,901|ERROR|qtp1810923540-25|当前正在执行SQL的服务器:1-初入古墓,ID:30001
2019-07-13 15:33:21,786|ERROR|qtp1810923540-25|执行完毕...
2019-07-13 15:33:21,786|ERROR|qtp1810923540-25|当前正在执行SQL的服务器:5-楼兰古城,ID:30005
2019-07-13 15:33:22,554|ERROR|qtp1810923540-25|执行完毕...
2019-07-13 15:33:22,554|ERROR|qtp1810923540-25|当前正在执行SQL的服务器:10-秦皇疑冢,ID:30010
2019-07-13 15:33:22,844|ERROR|qtp1810923540-25|执行完毕...
2019-07-13 15:33:22,844|ERROR|qtp1810923540-25|当前正在执行SQL的服务器:16-云雾天宫,ID:30016
2019-07-13 15:33:23,134|ERROR|qtp1810923540-25|执行完毕...
2019-07-13 15:33:23,134|ERROR|qtp1810923540-25|当前正在执行SQL的服务器:手Q测试服,ID:40001
2019-07-13 15:33:23,230|ERROR|qtp1810923540-25|执行完毕...
2019-07-13 15:33:23,230|ERROR|qtp1810923540-25|当前正在执行SQL的服务器:2-天字大墓,ID:40002
2019-07-13 15:33:23,524|ERROR|qtp1810923540-25|执行完毕...
2019-07-13 15:33:23,525|ERROR|qtp1810923540-25|当前正在执行SQL的服务器:3-天矶冰盒,ID:40003
2019-07-13 15:33:23,823|ERROR|qtp1810923540-25|执行完毕...
2019-07-13 15:33:23,823|ERROR|qtp1810923540-25|当前正在执行SQL的服务器:20-龙岭迷窟,ID:30020
2019-07-13 15:33:24,117|ERROR|qtp1810923540-25|执行完毕...
2019-07-13 15:33:24,117|ERROR|qtp1810923540-25|当前正在执行SQL的服务器:4-万佛古墓,ID:40004
2019-07-13 15:33:24,437|ERROR|qtp1810923540-25|执行完毕...
2019-07-13 15:33:24,437|ERROR|qtp1810923540-25|当前正在执行SQL的服务器:5-楼兰古城,ID:40005
2019-07-13 15:33:24,730|ERROR|qtp1810923540-25|执行完毕...
2019-07-13 15:33:24,730|ERROR|qtp1810923540-25|当前正在执行SQL的服务器:6-大荒龙冢,ID:40006
2019-07-13 15:33:25,026|ERROR|qtp1810923540-25|执行完毕...
2019-07-13 15:33:25,026|ERROR|qtp1810923540-25|当前正在执行SQL的服务器:23-幽灵诡墓,ID:30023
2019-07-13 15:33:25,312|ERROR|qtp1810923540-25|执行完毕...
2019-07-13 15:33:25,312|ERROR|qtp1810923540-25|当前正在执行SQL的服务器:7-终极归墟,ID:40007
2019-07-13 15:33:25,625|ERROR|qtp1810923540-25|执行完毕...
2019-07-13 15:33:25,625|ERROR|qtp1810923540-25|当前正在执行SQL的服务器:8-精绝女王,ID:40008
2019-07-13 15:33:25,902|ERROR|qtp1810923540-25|执行完毕...
2019-07-13 15:33:25,902|ERROR|qtp1810923540-25|当前正在执行SQL的服务器:25-邛笼石影,ID:30025
2019-07-13 15:33:26,245|ERROR|qtp1810923540-25|执行完毕...
2019-07-13 15:33:26,245|ERROR|qtp1810923540-25|当前正在执行SQL的服务器:9-四海九州,ID:40009
2019-07-13 15:33:26,567|ERROR|qtp1810923540-25|执行完毕...
2019-07-13 15:33:26,567|ERROR|qtp1810923540-25|当前正在执行SQL的服务器:10-秦皇疑冢,ID:40010
2019-07-13 15:33:26,867|ERROR|qtp1810923540-25|执行完毕...
2019-07-13 15:33:26,867|ERROR|qtp1810923540-25|当前正在执行SQL的服务器:27-琼阙霜天,ID:30027
2019-07-13 15:33:27,154|ERROR|qtp1810923540-25|执行完毕...
2019-07-13 15:33:27,154|ERROR|qtp1810923540-25|当前正在执行SQL的服务器:11-寻龙点穴,ID:40011
2019-07-13 15:33:27,439|ERROR|qtp1810923540-25|执行完毕...
2019-07-13 15:33:27,439|ERROR|qtp1810923540-25|当前正在执行SQL的服务器:12-八方地灵,ID:40012
2019-07-13 15:33:27,734|ERROR|qtp1810923540-25|执行完毕...
2019-07-13 15:33:27,735|ERROR|qtp1810923540-25|当前正在执行SQL的服务器:31-千里孤坟,ID:30031
2019-07-13 15:33:28,000|ERROR|qtp1810923540-25|执行完毕...
2019-07-13 15:33:28,000|ERROR|qtp1810923540-25|当前正在执行SQL的服务器:34-经天纬地,ID:30034
2019-07-13 15:33:28,289|ERROR|qtp1810923540-25|执行完毕...
2019-07-13 15:33:28,289|ERROR|qtp1810923540-25|当前正在执行SQL的服务器:36-降魔卫道,ID:30036
2019-07-13 15:33:28,572|ERROR|qtp1810923540-25|执行完毕...
2019-07-13 15:33:28,572|ERROR|qtp1810923540-25|当前正在执行SQL的服务器:39-麒麟一笑,ID:30039
2019-07-13 15:33:28,870|ERROR|qtp1810923540-25|执行完毕...
2019-07-13 15:33:28,870|ERROR|qtp1810923540-25|当前正在执行SQL的服务器:42-梦之深处,ID:30042
2019-07-13 15:33:29,165|ERROR|qtp1810923540-25|执行完毕...
2019-07-13 15:33:29,165|ERROR|qtp1810923540-25|当前正在执行SQL的服务器:43-盗王之王,ID:30043
2019-07-13 15:33:29,437|ERROR|qtp1810923540-25|执行完毕...
2019-07-13 15:33:29,437|ERROR|qtp1810923540-25|当前正在执行SQL的服务器:44-倒斗三戒,ID:30044
2019-07-13 15:33:29,729|ERROR|qtp1810923540-25|执行完毕...
2019-07-13 15:33:29,730|ERROR|qtp1810923540-25|当前正在执行SQL的服务器:45-风水九鱼,ID:30045
2019-07-13 15:33:30,029|ERROR|qtp1810923540-25|执行完毕...
2019-07-13 15:33:30,029|ERROR|qtp1810923540-25|当前正在执行SQL的服务器:46-阴阳秘术,ID:30046
2019-07-13 15:33:30,343|ERROR|qtp1810923540-25|执行完毕...
2019-07-13 15:33:30,343|ERROR|qtp1810923540-25|当前正在执行SQL的服务器:47-禁婆迷情,ID:30047
2019-07-13 15:33:30,618|ERROR|qtp1810923540-25|执行完毕...
2019-07-13 15:33:30,618|ERROR|qtp1810923540-25|当前正在执行SQL的服务器:48-日月同辉,ID:30048
2019-07-13 15:33:30,944|ERROR|qtp1810923540-25|执行完毕...
2019-07-13 15:33:30,944|ERROR|qtp1810923540-25|当前正在执行SQL的服务器:49-风华绝代,ID:30049
2019-07-13 15:33:31,274|ERROR|qtp1810923540-25|执行完毕...
2019-07-13 15:33:31,274|ERROR|qtp1810923540-25|当前正在执行SQL的服务器:50-幻月御风,ID:30050
2019-07-13 15:33:31,562|ERROR|qtp1810923540-25|执行完毕...
2019-07-13 15:33:31,562|ERROR|qtp1810923540-25|当前正在执行SQL的服务器:51-夜悬星河,ID:30051
2019-07-13 15:33:31,834|ERROR|qtp1810923540-25|执行完毕...
2019-07-13 15:33:31,836|ERROR|qtp1810923540-25|当前正在执行SQL的服务器:52-玄天混元,ID:30052
2019-07-13 15:33:32,144|ERROR|qtp1810923540-25|执行完毕...
2019-07-13 15:33:32,144|ERROR|qtp1810923540-25|当前正在执行SQL的服务器:53-月敲山门,ID:30053
2019-07-13 15:33:32,437|ERROR|qtp1810923540-25|执行完毕...
2019-07-13 15:33:32,437|ERROR|qtp1810923540-25|当前正在执行SQL的服务器:54-九凤幻雪,ID:30054
2019-07-13 15:33:32,762|ERROR|qtp1810923540-25|执行完毕...
2019-07-13 15:33:32,762|ERROR|qtp1810923540-25|当前正在执行SQL的服务器:55-飞鸢轻梦,ID:30055
2019-07-13 15:33:33,041|ERROR|qtp1810923540-25|执行完毕...
2019-07-13 15:33:33,041|ERROR|qtp1810923540-25|当前正在执行SQL的服务器:56-碧瑶秋水,ID:30056
2019-07-13 15:33:33,364|ERROR|qtp1810923540-25|执行完毕...
2019-07-13 15:33:33,364|ERROR|qtp1810923540-25|当前正在执行SQL的服务器:57-凤舞六幻,ID:30057
2019-07-13 15:33:33,669|ERROR|qtp1810923540-25|执行完毕...
2019-07-13 15:33:33,669|ERROR|qtp1810923540-25|当前正在执行SQL的服务器:58-长空孤月,ID:30058
2019-07-13 15:33:33,985|ERROR|qtp1810923540-25|执行完毕...
2019-07-13 15:33:33,985|ERROR|qtp1810923540-25|当前正在执行SQL的服务器:59-怒晴湘西,ID:30059
2019-07-13 15:33:34,309|ERROR|qtp1810923540-25|执行完毕...
2019-07-13 15:33:34,309|ERROR|qtp1810923540-25|当前正在执行SQL的服务器:60-云南虫谷,ID:30060
2019-07-13 15:33:34,637|ERROR|qtp1810923540-25|执行完毕...
2019-07-13 15:33:34,637|ERROR|qtp1810923540-25|当前正在执行SQL的服务器:61-既寿永昌,ID:30061
2019-07-13 15:33:34,947|ERROR|qtp1810923540-25|执行完毕...
2019-07-13 15:33:34,947|ERROR|qtp1810923540-25|当前正在执行SQL的服务器:62-祥云瑞气,ID:30062
2019-07-13 15:33:35,222|ERROR|qtp1810923540-25|执行完毕...
2019-07-13 15:33:35,222|ERROR|qtp1810923540-25|当前正在执行SQL的服务器:63-大率行龙,ID:30063
2019-07-13 15:33:35,520|ERROR|qtp1810923540-25|执行完毕...
2019-07-13 15:33:35,521|ERROR|qtp1810923540-25|当前正在执行SQL的服务器:64-鬼玺问天,ID:30064
2019-07-13 15:33:35,824|ERROR|qtp1810923540-25|执行完毕...
2019-07-13 15:33:35,825|ERROR|qtp1810923540-25|当前正在执行SQL的服务器:65-雨夜降龙,ID:30065
2019-07-13 15:33:36,146|ERROR|qtp1810923540-25|执行完毕...
2019-07-13 15:33:36,146|ERROR|qtp1810923540-25|当前正在执行SQL的服务器:66-盗亦有道,ID:30066
2019-07-13 15:33:36,454|ERROR|qtp1810923540-25|执行完毕...
2019-07-13 15:33:36,454|ERROR|qtp1810923540-25|当前正在执行SQL的服务器:67-九龙抬尸,ID:30067
2019-07-13 15:33:36,761|ERROR|qtp1810923540-25|执行完毕...
2019-07-13 15:33:36,761|ERROR|qtp1810923540-25|当前正在执行SQL的服务器:68-蟾宫折桂,ID:30068
2019-07-13 15:33:37,041|ERROR|qtp1810923540-25|执行完毕...
2019-07-13 15:33:37,041|ERROR|qtp1810923540-25|当前正在执行SQL的服务器:69-分金定穴,ID:30069
2019-07-13 15:33:37,358|ERROR|qtp1810923540-25|执行完毕...
2019-07-13 15:33:37,358|ERROR|qtp1810923540-25|当前正在执行SQL的服务器:70-一夕成魔,ID:30070
2019-07-13 15:33:37,652|ERROR|qtp1810923540-25|执行完毕...
2019-07-13 15:33:37,652|ERROR|qtp1810923540-25|当前正在执行SQL的服务器:71-凤舞九天,ID:30071
2019-07-13 15:33:37,960|ERROR|qtp1810923540-25|执行完毕...
2019-07-13 15:33:37,960|ERROR|qtp1810923540-25|当前正在执行SQL的服务器:72-吟啸徐行,ID:30072
2019-07-13 15:33:38,278|ERROR|qtp1810923540-25|执行完毕...
2019-07-13 15:33:38,278|ERROR|qtp1810923540-25|当前正在执行SQL的服务器:73-龙战于野,ID:30073
2019-07-13 15:33:38,568|ERROR|qtp1810923540-25|执行完毕...
2019-07-13 15:33:38,568|ERROR|qtp1810923540-25|当前正在执行SQL的服务器:74-醉卧云端,ID:30074
2019-07-13 15:33:38,846|ERROR|qtp1810923540-25|执行完毕...
2019-07-13 15:33:38,846|ERROR|qtp1810923540-25|当前正在执行SQL的服务器:75-独上西楼,ID:30075
2019-07-13 15:33:39,154|ERROR|qtp1810923540-25|执行完毕...
2019-07-13 15:33:39,155|ERROR|qtp1810923540-25|当前正在执行SQL的服务器:76-虎啸龙吟,ID:30076
2019-07-13 15:33:39,422|ERROR|qtp1810923540-25|执行完毕...
2019-07-13 15:33:39,423|ERROR|qtp1810923540-25|当前正在执行SQL的服务器:77-龙生九子,ID:30077
2019-07-13 15:33:39,752|ERROR|qtp1810923540-25|执行完毕...
2019-07-13 15:33:39,752|ERROR|qtp1810923540-25|当前正在执行SQL的服务器:78-蟒虎之森,ID:30078
2019-07-13 15:33:40,032|ERROR|qtp1810923540-25|执行完毕...
2019-07-13 15:33:40,032|ERROR|qtp1810923540-25|当前正在执行SQL的服务器:79-神游太虚,ID:30079
2019-07-13 15:33:40,360|ERROR|qtp1810923540-25|执行完毕...
2019-07-13 15:34:09,932|ERROR|qtp1810923540-20|当前正在执行SQL的服务器:80-五行八卦,ID:30080
2019-07-13 15:34:10,262|ERROR|qtp1810923540-20|执行完毕...
2019-07-13 15:34:10,263|ERROR|qtp1810923540-20|当前正在执行SQL的服务器:地灵曲1服,ID:10001
2019-07-13 15:34:10,581|ERROR|qtp1810923540-20|执行完毕...
2019-07-13 15:34:10,581|ERROR|qtp1810923540-20|当前正在执行SQL的服务器:1-初入古墓,ID:20001
2019-07-13 15:34:10,862|ERROR|qtp1810923540-20|执行完毕...
2019-07-13 15:34:10,863|ERROR|qtp1810923540-20|当前正在执行SQL的服务器:2-战国诡棺,ID:20002
2019-07-13 15:34:11,161|ERROR|qtp1810923540-20|执行完毕...
2019-07-13 15:34:11,161|ERROR|qtp1810923540-20|当前正在执行SQL的服务器:3-天字大墓,ID:20003
2019-07-13 15:34:11,481|ERROR|qtp1810923540-20|执行完毕...
2019-07-13 15:34:11,482|ERROR|qtp1810923540-20|当前正在执行SQL的服务器:4-天矶冰盒,ID:20004
2019-07-13 15:34:11,781|ERROR|qtp1810923540-20|执行完毕...
2019-07-13 15:34:11,781|ERROR|qtp1810923540-20|当前正在执行SQL的服务器:5-万佛古墓,ID:20005
2019-07-13 15:34:12,095|ERROR|qtp1810923540-20|执行完毕...
2019-07-13 15:34:12,095|ERROR|qtp1810923540-20|当前正在执行SQL的服务器:6-楼兰古城,ID:20006
2019-07-13 15:34:12,394|ERROR|qtp1810923540-20|执行完毕...
2019-07-13 15:34:12,395|ERROR|qtp1810923540-20|当前正在执行SQL的服务器:7-大荒龙冢,ID:20007
2019-07-13 15:34:12,701|ERROR|qtp1810923540-20|执行完毕...
2019-07-13 15:34:12,701|ERROR|qtp1810923540-20|当前正在执行SQL的服务器:8-终极归墟,ID:20008
2019-07-13 15:34:13,028|ERROR|qtp1810923540-20|执行完毕...
2019-07-13 15:34:13,028|ERROR|qtp1810923540-20|当前正在执行SQL的服务器:9-精绝女王,ID:20009
2019-07-13 15:34:13,334|ERROR|qtp1810923540-20|执行完毕...
2019-07-13 15:34:13,334|ERROR|qtp1810923540-20|当前正在执行SQL的服务器:10-四海九州,ID:20010
2019-07-13 15:34:13,611|ERROR|qtp1810923540-20|执行完毕...
2019-07-13 15:34:13,611|ERROR|qtp1810923540-20|当前正在执行SQL的服务器:11-秦皇疑冢,ID:20011
2019-07-13 15:34:13,899|ERROR|qtp1810923540-20|执行完毕...
2019-07-13 15:34:13,899|ERROR|qtp1810923540-20|当前正在执行SQL的服务器:12-寻龙点穴,ID:20012
2019-07-13 15:34:14,190|ERROR|qtp1810923540-20|执行完毕...
2019-07-13 15:34:14,190|ERROR|qtp1810923540-20|当前正在执行SQL的服务器:1-初入古墓,ID:30001
2019-07-13 15:34:14,507|ERROR|qtp1810923540-20|执行完毕...
2019-07-13 15:34:14,507|ERROR|qtp1810923540-20|当前正在执行SQL的服务器:5-楼兰古城,ID:30005
2019-07-13 15:34:14,840|ERROR|qtp1810923540-20|执行完毕...
2019-07-13 15:34:14,841|ERROR|qtp1810923540-20|当前正在执行SQL的服务器:10-秦皇疑冢,ID:30010
2019-07-13 15:34:15,137|ERROR|qtp1810923540-20|执行完毕...
2019-07-13 15:34:15,138|ERROR|qtp1810923540-20|当前正在执行SQL的服务器:16-云雾天宫,ID:30016
2019-07-13 15:34:15,410|ERROR|qtp1810923540-20|执行完毕...
2019-07-13 15:34:15,411|ERROR|qtp1810923540-20|当前正在执行SQL的服务器:手Q测试服,ID:40001
2019-07-13 15:34:15,513|ERROR|qtp1810923540-20|执行完毕...
2019-07-13 15:34:15,513|ERROR|qtp1810923540-20|当前正在执行SQL的服务器:2-天字大墓,ID:40002
2019-07-13 15:34:15,823|ERROR|qtp1810923540-20|执行完毕...
2019-07-13 15:34:15,823|ERROR|qtp1810923540-20|当前正在执行SQL的服务器:3-天矶冰盒,ID:40003
2019-07-13 15:34:16,147|ERROR|qtp1810923540-20|执行完毕...
2019-07-13 15:34:16,147|ERROR|qtp1810923540-20|当前正在执行SQL的服务器:20-龙岭迷窟,ID:30020
2019-07-13 15:34:16,441|ERROR|qtp1810923540-20|执行完毕...
2019-07-13 15:34:16,441|ERROR|qtp1810923540-20|当前正在执行SQL的服务器:4-万佛古墓,ID:40004
2019-07-13 15:34:16,739|ERROR|qtp1810923540-20|执行完毕...
2019-07-13 15:34:16,739|ERROR|qtp1810923540-20|当前正在执行SQL的服务器:5-楼兰古城,ID:40005
2019-07-13 15:34:17,042|ERROR|qtp1810923540-20|执行完毕...
2019-07-13 15:34:17,042|ERROR|qtp1810923540-20|当前正在执行SQL的服务器:6-大荒龙冢,ID:40006
2019-07-13 15:34:17,363|ERROR|qtp1810923540-20|执行完毕...
2019-07-13 15:34:17,363|ERROR|qtp1810923540-20|当前正在执行SQL的服务器:23-幽灵诡墓,ID:30023
2019-07-13 15:34:17,638|ERROR|qtp1810923540-20|执行完毕...
2019-07-13 15:34:17,638|ERROR|qtp1810923540-20|当前正在执行SQL的服务器:7-终极归墟,ID:40007
2019-07-13 15:34:17,909|ERROR|qtp1810923540-20|执行完毕...
2019-07-13 15:34:17,909|ERROR|qtp1810923540-20|当前正在执行SQL的服务器:8-精绝女王,ID:40008
2019-07-13 15:34:18,235|ERROR|qtp1810923540-20|执行完毕...
2019-07-13 15:34:18,235|ERROR|qtp1810923540-20|当前正在执行SQL的服务器:25-邛笼石影,ID:30025
2019-07-13 15:34:18,507|ERROR|qtp1810923540-20|执行完毕...
2019-07-13 15:34:18,507|ERROR|qtp1810923540-20|当前正在执行SQL的服务器:9-四海九州,ID:40009
2019-07-13 15:34:18,798|ERROR|qtp1810923540-20|执行完毕...
2019-07-13 15:34:18,798|ERROR|qtp1810923540-20|当前正在执行SQL的服务器:10-秦皇疑冢,ID:40010
2019-07-13 15:34:19,080|ERROR|qtp1810923540-20|执行完毕...
2019-07-13 15:34:19,080|ERROR|qtp1810923540-20|当前正在执行SQL的服务器:27-琼阙霜天,ID:30027
2019-07-13 15:34:19,343|ERROR|qtp1810923540-20|执行完毕...
2019-07-13 15:34:19,344|ERROR|qtp1810923540-20|当前正在执行SQL的服务器:11-寻龙点穴,ID:40011
2019-07-13 15:34:19,620|ERROR|qtp1810923540-20|执行完毕...
2019-07-13 15:34:19,620|ERROR|qtp1810923540-20|当前正在执行SQL的服务器:12-八方地灵,ID:40012
2019-07-13 15:34:19,932|ERROR|qtp1810923540-20|执行完毕...
2019-07-13 15:34:19,932|ERROR|qtp1810923540-20|当前正在执行SQL的服务器:31-千里孤坟,ID:30031
2019-07-13 15:34:20,242|ERROR|qtp1810923540-20|执行完毕...
2019-07-13 15:34:20,242|ERROR|qtp1810923540-20|当前正在执行SQL的服务器:34-经天纬地,ID:30034
2019-07-13 15:34:20,507|ERROR|qtp1810923540-20|执行完毕...
2019-07-13 15:34:20,507|ERROR|qtp1810923540-20|当前正在执行SQL的服务器:36-降魔卫道,ID:30036
2019-07-13 15:34:20,811|ERROR|qtp1810923540-20|执行完毕...
2019-07-13 15:34:20,812|ERROR|qtp1810923540-20|当前正在执行SQL的服务器:39-麒麟一笑,ID:30039
2019-07-13 15:34:21,131|ERROR|qtp1810923540-20|执行完毕...
2019-07-13 15:34:21,131|ERROR|qtp1810923540-20|当前正在执行SQL的服务器:42-梦之深处,ID:30042
2019-07-13 15:34:21,403|ERROR|qtp1810923540-20|执行完毕...
2019-07-13 15:34:21,403|ERROR|qtp1810923540-20|当前正在执行SQL的服务器:43-盗王之王,ID:30043
2019-07-13 15:34:21,719|ERROR|qtp1810923540-20|执行完毕...
2019-07-13 15:34:21,719|ERROR|qtp1810923540-20|当前正在执行SQL的服务器:44-倒斗三戒,ID:30044
2019-07-13 15:34:22,044|ERROR|qtp1810923540-20|执行完毕...
2019-07-13 15:34:22,044|ERROR|qtp1810923540-20|当前正在执行SQL的服务器:45-风水九鱼,ID:30045
2019-07-13 15:34:22,347|ERROR|qtp1810923540-20|执行完毕...
2019-07-13 15:34:22,347|ERROR|qtp1810923540-20|当前正在执行SQL的服务器:46-阴阳秘术,ID:30046
2019-07-13 15:34:22,637|ERROR|qtp1810923540-20|执行完毕...
2019-07-13 15:34:22,637|ERROR|qtp1810923540-20|当前正在执行SQL的服务器:47-禁婆迷情,ID:30047
2019-07-13 15:34:22,971|ERROR|qtp1810923540-20|执行完毕...
2019-07-13 15:34:22,972|ERROR|qtp1810923540-20|当前正在执行SQL的服务器:48-日月同辉,ID:30048
2019-07-13 15:34:23,283|ERROR|qtp1810923540-20|执行完毕...
2019-07-13 15:34:23,283|ERROR|qtp1810923540-20|当前正在执行SQL的服务器:49-风华绝代,ID:30049
2019-07-13 15:34:23,563|ERROR|qtp1810923540-20|执行完毕...
2019-07-13 15:34:23,564|ERROR|qtp1810923540-20|当前正在执行SQL的服务器:50-幻月御风,ID:30050
2019-07-13 15:34:23,862|ERROR|qtp1810923540-20|执行完毕...
2019-07-13 15:34:23,863|ERROR|qtp1810923540-20|当前正在执行SQL的服务器:51-夜悬星河,ID:30051
2019-07-13 15:34:24,161|ERROR|qtp1810923540-20|执行完毕...
2019-07-13 15:34:24,161|ERROR|qtp1810923540-20|当前正在执行SQL的服务器:52-玄天混元,ID:30052
2019-07-13 15:34:24,483|ERROR|qtp1810923540-20|执行完毕...
2019-07-13 15:34:24,483|ERROR|qtp1810923540-20|当前正在执行SQL的服务器:53-月敲山门,ID:30053
2019-07-13 15:34:24,792|ERROR|qtp1810923540-20|执行完毕...
2019-07-13 15:34:24,792|ERROR|qtp1810923540-20|当前正在执行SQL的服务器:54-九凤幻雪,ID:30054
2019-07-13 15:34:25,090|ERROR|qtp1810923540-20|执行完毕...
2019-07-13 15:34:25,090|ERROR|qtp1810923540-20|当前正在执行SQL的服务器:55-飞鸢轻梦,ID:30055
2019-07-13 15:34:25,423|ERROR|qtp1810923540-20|执行完毕...
2019-07-13 15:34:25,423|ERROR|qtp1810923540-20|当前正在执行SQL的服务器:56-碧瑶秋水,ID:30056
2019-07-13 15:34:25,687|ERROR|qtp1810923540-20|执行完毕...
2019-07-13 15:34:25,687|ERROR|qtp1810923540-20|当前正在执行SQL的服务器:57-凤舞六幻,ID:30057
2019-07-13 15:34:25,961|ERROR|qtp1810923540-20|执行完毕...
2019-07-13 15:34:25,961|ERROR|qtp1810923540-20|当前正在执行SQL的服务器:58-长空孤月,ID:30058
2019-07-13 15:34:26,246|ERROR|qtp1810923540-20|执行完毕...
2019-07-13 15:34:26,246|ERROR|qtp1810923540-20|当前正在执行SQL的服务器:59-怒晴湘西,ID:30059
2019-07-13 15:34:26,529|ERROR|qtp1810923540-20|执行完毕...
2019-07-13 15:34:26,529|ERROR|qtp1810923540-20|当前正在执行SQL的服务器:60-云南虫谷,ID:30060
2019-07-13 15:34:26,842|ERROR|qtp1810923540-20|执行完毕...
2019-07-13 15:34:26,844|ERROR|qtp1810923540-20|当前正在执行SQL的服务器:61-既寿永昌,ID:30061
2019-07-13 15:34:27,168|ERROR|qtp1810923540-20|执行完毕...
2019-07-13 15:34:27,168|ERROR|qtp1810923540-20|当前正在执行SQL的服务器:62-祥云瑞气,ID:30062
2019-07-13 15:34:27,462|ERROR|qtp1810923540-20|执行完毕...
2019-07-13 15:34:27,462|ERROR|qtp1810923540-20|当前正在执行SQL的服务器:63-大率行龙,ID:30063
2019-07-13 15:34:27,787|ERROR|qtp1810923540-20|执行完毕...
2019-07-13 15:34:27,787|ERROR|qtp1810923540-20|当前正在执行SQL的服务器:64-鬼玺问天,ID:30064
2019-07-13 15:34:28,106|ERROR|qtp1810923540-20|执行完毕...
2019-07-13 15:34:28,106|ERROR|qtp1810923540-20|当前正在执行SQL的服务器:65-雨夜降龙,ID:30065
2019-07-13 15:34:28,380|ERROR|qtp1810923540-20|执行完毕...
2019-07-13 15:34:28,380|ERROR|qtp1810923540-20|当前正在执行SQL的服务器:66-盗亦有道,ID:30066
2019-07-13 15:34:28,703|ERROR|qtp1810923540-20|执行完毕...
2019-07-13 15:34:28,703|ERROR|qtp1810923540-20|当前正在执行SQL的服务器:67-九龙抬尸,ID:30067
2019-07-13 15:34:29,012|ERROR|qtp1810923540-20|执行完毕...
2019-07-13 15:34:29,012|ERROR|qtp1810923540-20|当前正在执行SQL的服务器:68-蟾宫折桂,ID:30068
2019-07-13 15:34:29,335|ERROR|qtp1810923540-20|执行完毕...
2019-07-13 15:34:29,335|ERROR|qtp1810923540-20|当前正在执行SQL的服务器:69-分金定穴,ID:30069
2019-07-13 15:34:29,619|ERROR|qtp1810923540-20|执行完毕...
2019-07-13 15:34:29,619|ERROR|qtp1810923540-20|当前正在执行SQL的服务器:70-一夕成魔,ID:30070
2019-07-13 15:34:29,886|ERROR|qtp1810923540-20|执行完毕...
2019-07-13 15:34:29,886|ERROR|qtp1810923540-20|当前正在执行SQL的服务器:71-凤舞九天,ID:30071
2019-07-13 15:34:30,203|ERROR|qtp1810923540-20|执行完毕...
2019-07-13 15:34:30,203|ERROR|qtp1810923540-20|当前正在执行SQL的服务器:72-吟啸徐行,ID:30072
2019-07-13 15:34:30,517|ERROR|qtp1810923540-20|执行完毕...
2019-07-13 15:34:30,517|ERROR|qtp1810923540-20|当前正在执行SQL的服务器:73-龙战于野,ID:30073
2019-07-13 15:34:30,790|ERROR|qtp1810923540-20|执行完毕...
2019-07-13 15:34:30,790|ERROR|qtp1810923540-20|当前正在执行SQL的服务器:74-醉卧云端,ID:30074
2019-07-13 15:34:31,089|ERROR|qtp1810923540-20|执行完毕...
2019-07-13 15:34:31,089|ERROR|qtp1810923540-20|当前正在执行SQL的服务器:75-独上西楼,ID:30075
2019-07-13 15:34:31,401|ERROR|qtp1810923540-20|执行完毕...
2019-07-13 15:34:31,401|ERROR|qtp1810923540-20|当前正在执行SQL的服务器:76-虎啸龙吟,ID:30076
2019-07-13 15:34:31,697|ERROR|qtp1810923540-20|执行完毕...
2019-07-13 15:34:31,697|ERROR|qtp1810923540-20|当前正在执行SQL的服务器:77-龙生九子,ID:30077
2019-07-13 15:34:31,994|ERROR|qtp1810923540-20|执行完毕...
2019-07-13 15:34:31,995|ERROR|qtp1810923540-20|当前正在执行SQL的服务器:78-蟒虎之森,ID:30078
2019-07-13 15:34:32,308|ERROR|qtp1810923540-20|执行完毕...
2019-07-13 15:34:32,308|ERROR|qtp1810923540-20|当前正在执行SQL的服务器:79-神游太虚,ID:30079
2019-07-13 15:34:32,628|ERROR|qtp1810923540-20|执行完毕...
2019-07-13 15:35:15,982|ERROR|pool-1-thread-1|定时任务:刷新服务器信息开始
2019-07-13 15:35:16,916|ERROR|pool-1-thread-1|定时任务:刷新服务器信息结束
2019-07-13 16:12:18,489|ERROR|main|Please input the config path.
2019-07-13 16:12:20,391|ERROR|main|****************** Component:[com.upload.database.DBPoolComponent] has started successfully.******************
2019-07-13 16:12:20,394|ERROR|main|****************** Component:[com.upload.component.ServerListComponent] has started successfully.******************
2019-07-13 16:12:20,561|ERROR|main|****************** Component:[com.upload.component.WebComponent] has started successfully.******************
2019-07-13 16:12:20,561|ERROR|main|****************** Component:[com.upload.component.CdnComponent] has started successfully.******************
2019-07-13 16:12:20,561|ERROR|main|****************** All Component has started successfully.******************
2019-07-13 16:12:20,561|ERROR|main|UploadServer has started successfully, taken 2080 millis.
2019-07-13 16:13:19,772|ERROR|pool-1-thread-1|定时任务:刷新服务器信息开始
2019-07-13 16:13:20,691|ERROR|pool-1-thread-1|定时任务:刷新服务器信息结束
2019-07-13 16:18:20,695|ERROR|pool-1-thread-1|定时任务:刷新服务器信息开始
2019-07-13 16:18:21,545|ERROR|pool-1-thread-1|定时任务:刷新服务器信息结束
2019-07-13 16:20:46,527|ERROR|qtp1810923540-19|当前正在执行SQL的服务器:80-五行八卦,ID:30080
2019-07-13 16:20:46,852|ERROR|qtp1810923540-19|执行完毕...
2019-07-13 16:20:46,852|ERROR|qtp1810923540-19|当前正在执行SQL的服务器:地灵曲1服,ID:10001
2019-07-13 16:20:47,120|ERROR|qtp1810923540-19|执行完毕...
2019-07-13 16:20:47,120|ERROR|qtp1810923540-19|当前正在执行SQL的服务器:1-初入古墓,ID:20001
2019-07-13 16:20:47,448|ERROR|qtp1810923540-19|执行完毕...
2019-07-13 16:20:47,448|ERROR|qtp1810923540-19|当前正在执行SQL的服务器:2-战国诡棺,ID:20002
2019-07-13 16:20:47,730|ERROR|qtp1810923540-19|执行完毕...
2019-07-13 16:20:47,731|ERROR|qtp1810923540-19|当前正在执行SQL的服务器:3-天字大墓,ID:20003
2019-07-13 16:20:48,034|ERROR|qtp1810923540-19|执行完毕...
2019-07-13 16:20:48,034|ERROR|qtp1810923540-19|当前正在执行SQL的服务器:4-天矶冰盒,ID:20004
2019-07-13 16:20:48,353|ERROR|qtp1810923540-19|执行完毕...
2019-07-13 16:20:48,354|ERROR|qtp1810923540-19|当前正在执行SQL的服务器:5-万佛古墓,ID:20005
2019-07-13 16:20:48,630|ERROR|qtp1810923540-19|执行完毕...
2019-07-13 16:20:48,630|ERROR|qtp1810923540-19|当前正在执行SQL的服务器:6-楼兰古城,ID:20006
2019-07-13 16:20:48,936|ERROR|qtp1810923540-19|执行完毕...
2019-07-13 16:20:48,936|ERROR|qtp1810923540-19|当前正在执行SQL的服务器:7-大荒龙冢,ID:20007
2019-07-13 16:20:49,229|ERROR|qtp1810923540-19|执行完毕...
2019-07-13 16:20:49,229|ERROR|qtp1810923540-19|当前正在执行SQL的服务器:8-终极归墟,ID:20008
2019-07-13 16:20:49,552|ERROR|qtp1810923540-19|执行完毕...
2019-07-13 16:20:49,553|ERROR|qtp1810923540-19|当前正在执行SQL的服务器:9-精绝女王,ID:20009
2019-07-13 16:20:49,833|ERROR|qtp1810923540-19|执行完毕...
2019-07-13 16:20:49,833|ERROR|qtp1810923540-19|当前正在执行SQL的服务器:10-四海九州,ID:20010
2019-07-13 16:20:50,121|ERROR|qtp1810923540-19|执行完毕...
2019-07-13 16:20:50,121|ERROR|qtp1810923540-19|当前正在执行SQL的服务器:11-秦皇疑冢,ID:20011
2019-07-13 16:20:50,417|ERROR|qtp1810923540-19|执行完毕...
2019-07-13 16:20:50,419|ERROR|qtp1810923540-19|当前正在执行SQL的服务器:12-寻龙点穴,ID:20012
2019-07-13 16:20:50,732|ERROR|qtp1810923540-19|执行完毕...
2019-07-13 16:20:50,732|ERROR|qtp1810923540-19|当前正在执行SQL的服务器:1-初入古墓,ID:30001
2019-07-13 16:20:51,639|ERROR|qtp1810923540-19|执行完毕...
2019-07-13 16:20:51,639|ERROR|qtp1810923540-19|当前正在执行SQL的服务器:5-楼兰古城,ID:30005
2019-07-13 16:20:51,951|ERROR|qtp1810923540-19|执行完毕...
2019-07-13 16:20:51,951|ERROR|qtp1810923540-19|当前正在执行SQL的服务器:10-秦皇疑冢,ID:30010
2019-07-13 16:20:52,233|ERROR|qtp1810923540-19|执行完毕...
2019-07-13 16:20:52,233|ERROR|qtp1810923540-19|当前正在执行SQL的服务器:16-云雾天宫,ID:30016
2019-07-13 16:20:52,530|ERROR|qtp1810923540-19|执行完毕...
2019-07-13 16:20:52,530|ERROR|qtp1810923540-19|当前正在执行SQL的服务器:手Q测试服,ID:40001
2019-07-13 16:20:52,633|ERROR|qtp1810923540-19|执行完毕...
2019-07-13 16:20:52,633|ERROR|qtp1810923540-19|当前正在执行SQL的服务器:2-天字大墓,ID:40002
2019-07-13 16:20:52,950|ERROR|qtp1810923540-19|执行完毕...
2019-07-13 16:20:52,950|ERROR|qtp1810923540-19|当前正在执行SQL的服务器:3-天矶冰盒,ID:40003
2019-07-13 16:20:53,230|ERROR|qtp1810923540-19|执行完毕...
2019-07-13 16:20:53,230|ERROR|qtp1810923540-19|当前正在执行SQL的服务器:20-龙岭迷窟,ID:30020
2019-07-13 16:20:53,569|ERROR|qtp1810923540-19|执行完毕...
2019-07-13 16:20:53,570|ERROR|qtp1810923540-19|当前正在执行SQL的服务器:4-万佛古墓,ID:40004
2019-07-13 16:20:53,848|ERROR|qtp1810923540-19|执行完毕...
2019-07-13 16:20:53,849|ERROR|qtp1810923540-19|当前正在执行SQL的服务器:5-楼兰古城,ID:40005
2019-07-13 16:20:54,153|ERROR|qtp1810923540-19|执行完毕...
2019-07-13 16:20:54,153|ERROR|qtp1810923540-19|当前正在执行SQL的服务器:6-大荒龙冢,ID:40006
2019-07-13 16:20:54,439|ERROR|qtp1810923540-19|执行完毕...
2019-07-13 16:20:54,439|ERROR|qtp1810923540-19|当前正在执行SQL的服务器:23-幽灵诡墓,ID:30023
2019-07-13 16:20:54,748|ERROR|qtp1810923540-19|执行完毕...
2019-07-13 16:20:54,748|ERROR|qtp1810923540-19|当前正在执行SQL的服务器:7-终极归墟,ID:40007
2019-07-13 16:20:55,024|ERROR|qtp1810923540-19|执行完毕...
2019-07-13 16:20:55,024|ERROR|qtp1810923540-19|当前正在执行SQL的服务器:8-精绝女王,ID:40008
2019-07-13 16:20:55,317|ERROR|qtp1810923540-19|执行完毕...
2019-07-13 16:20:55,318|ERROR|qtp1810923540-19|当前正在执行SQL的服务器:25-邛笼石影,ID:30025
2019-07-13 16:20:55,656|ERROR|qtp1810923540-19|执行完毕...
2019-07-13 16:20:55,656|ERROR|qtp1810923540-19|当前正在执行SQL的服务器:9-四海九州,ID:40009
2019-07-13 16:20:55,931|ERROR|qtp1810923540-19|执行完毕...
2019-07-13 16:20:55,931|ERROR|qtp1810923540-19|当前正在执行SQL的服务器:10-秦皇疑冢,ID:40010
2019-07-13 16:20:56,256|ERROR|qtp1810923540-19|执行完毕...
2019-07-13 16:20:56,256|ERROR|qtp1810923540-19|当前正在执行SQL的服务器:27-琼阙霜天,ID:30027
2019-07-13 16:20:56,576|ERROR|qtp1810923540-19|执行完毕...
2019-07-13 16:20:56,577|ERROR|qtp1810923540-19|当前正在执行SQL的服务器:11-寻龙点穴,ID:40011
2019-07-13 16:20:56,888|ERROR|qtp1810923540-19|执行完毕...
2019-07-13 16:20:56,889|ERROR|qtp1810923540-19|当前正在执行SQL的服务器:12-八方地灵,ID:40012
2019-07-13 16:20:57,166|ERROR|qtp1810923540-19|执行完毕...
2019-07-13 16:20:57,166|ERROR|qtp1810923540-19|当前正在执行SQL的服务器:31-千里孤坟,ID:30031
2019-07-13 16:20:57,462|ERROR|qtp1810923540-19|执行完毕...
2019-07-13 16:20:57,462|ERROR|qtp1810923540-19|当前正在执行SQL的服务器:34-经天纬地,ID:30034
2019-07-13 16:20:57,767|ERROR|qtp1810923540-19|执行完毕...
2019-07-13 16:20:57,767|ERROR|qtp1810923540-19|当前正在执行SQL的服务器:36-降魔卫道,ID:30036
2019-07-13 16:20:58,076|ERROR|qtp1810923540-19|执行完毕...
2019-07-13 16:20:58,077|ERROR|qtp1810923540-19|当前正在执行SQL的服务器:39-麒麟一笑,ID:30039
2019-07-13 16:20:58,374|ERROR|qtp1810923540-19|执行完毕...
2019-07-13 16:20:58,375|ERROR|qtp1810923540-19|当前正在执行SQL的服务器:42-梦之深处,ID:30042
2019-07-13 16:20:58,679|ERROR|qtp1810923540-19|执行完毕...
2019-07-13 16:20:58,680|ERROR|qtp1810923540-19|当前正在执行SQL的服务器:43-盗王之王,ID:30043
2019-07-13 16:20:58,972|ERROR|qtp1810923540-19|执行完毕...
2019-07-13 16:20:58,973|ERROR|qtp1810923540-19|当前正在执行SQL的服务器:44-倒斗三戒,ID:30044
2019-07-13 16:20:59,298|ERROR|qtp1810923540-19|执行完毕...
2019-07-13 16:20:59,299|ERROR|qtp1810923540-19|当前正在执行SQL的服务器:45-风水九鱼,ID:30045
2019-07-13 16:20:59,621|ERROR|qtp1810923540-19|执行完毕...
2019-07-13 16:20:59,621|ERROR|qtp1810923540-19|当前正在执行SQL的服务器:46-阴阳秘术,ID:30046
2019-07-13 16:20:59,903|ERROR|qtp1810923540-19|执行完毕...
2019-07-13 16:20:59,903|ERROR|qtp1810923540-19|当前正在执行SQL的服务器:47-禁婆迷情,ID:30047
2019-07-13 16:21:00,194|ERROR|qtp1810923540-19|执行完毕...
2019-07-13 16:21:00,194|ERROR|qtp1810923540-19|当前正在执行SQL的服务器:48-日月同辉,ID:30048
2019-07-13 16:21:00,487|ERROR|qtp1810923540-19|执行完毕...
2019-07-13 16:21:00,487|ERROR|qtp1810923540-19|当前正在执行SQL的服务器:49-风华绝代,ID:30049
2019-07-13 16:21:00,768|ERROR|qtp1810923540-19|执行完毕...
2019-07-13 16:21:00,768|ERROR|qtp1810923540-19|当前正在执行SQL的服务器:50-幻月御风,ID:30050
2019-07-13 16:21:01,063|ERROR|qtp1810923540-19|执行完毕...
2019-07-13 16:21:01,063|ERROR|qtp1810923540-19|当前正在执行SQL的服务器:51-夜悬星河,ID:30051
2019-07-13 16:21:01,357|ERROR|qtp1810923540-19|执行完毕...
2019-07-13 16:21:01,357|ERROR|qtp1810923540-19|当前正在执行SQL的服务器:52-玄天混元,ID:30052
2019-07-13 16:21:01,659|ERROR|qtp1810923540-19|执行完毕...
2019-07-13 16:21:01,659|ERROR|qtp1810923540-19|当前正在执行SQL的服务器:53-月敲山门,ID:30053
2019-07-13 16:21:01,946|ERROR|qtp1810923540-19|执行完毕...
2019-07-13 16:21:01,946|ERROR|qtp1810923540-19|当前正在执行SQL的服务器:54-九凤幻雪,ID:30054
2019-07-13 16:21:02,267|ERROR|qtp1810923540-19|执行完毕...
2019-07-13 16:21:02,267|ERROR|qtp1810923540-19|当前正在执行SQL的服务器:55-飞鸢轻梦,ID:30055
2019-07-13 16:21:02,536|ERROR|qtp1810923540-19|执行完毕...
2019-07-13 16:21:02,537|ERROR|qtp1810923540-19|当前正在执行SQL的服务器:56-碧瑶秋水,ID:30056
2019-07-13 16:21:02,830|ERROR|qtp1810923540-19|执行完毕...
2019-07-13 16:21:02,831|ERROR|qtp1810923540-19|当前正在执行SQL的服务器:57-凤舞六幻,ID:30057
2019-07-13 16:21:03,146|ERROR|qtp1810923540-19|执行完毕...
2019-07-13 16:21:03,146|ERROR|qtp1810923540-19|当前正在执行SQL的服务器:58-长空孤月,ID:30058
2019-07-13 16:21:03,438|ERROR|qtp1810923540-19|执行完毕...
2019-07-13 16:21:03,439|ERROR|qtp1810923540-19|当前正在执行SQL的服务器:59-怒晴湘西,ID:30059
2019-07-13 16:21:03,761|ERROR|qtp1810923540-19|执行完毕...
2019-07-13 16:21:03,761|ERROR|qtp1810923540-19|当前正在执行SQL的服务器:60-云南虫谷,ID:30060
2019-07-13 16:21:04,046|ERROR|qtp1810923540-19|执行完毕...
2019-07-13 16:21:04,047|ERROR|qtp1810923540-19|当前正在执行SQL的服务器:61-既寿永昌,ID:30061
2019-07-13 16:21:04,322|ERROR|qtp1810923540-19|执行完毕...
2019-07-13 16:21:04,322|ERROR|qtp1810923540-19|当前正在执行SQL的服务器:62-祥云瑞气,ID:30062
2019-07-13 16:21:04,615|ERROR|qtp1810923540-19|执行完毕...
2019-07-13 16:21:04,615|ERROR|qtp1810923540-19|当前正在执行SQL的服务器:63-大率行龙,ID:30063
2019-07-13 16:21:04,910|ERROR|qtp1810923540-19|执行完毕...
2019-07-13 16:21:04,910|ERROR|qtp1810923540-19|当前正在执行SQL的服务器:64-鬼玺问天,ID:30064
2019-07-13 16:21:05,215|ERROR|qtp1810923540-19|执行完毕...
2019-07-13 16:21:05,215|ERROR|qtp1810923540-19|当前正在执行SQL的服务器:65-雨夜降龙,ID:30065
2019-07-13 16:21:05,483|ERROR|qtp1810923540-19|执行完毕...
2019-07-13 16:21:05,483|ERROR|qtp1810923540-19|当前正在执行SQL的服务器:66-盗亦有道,ID:30066
2019-07-13 16:21:05,780|ERROR|qtp1810923540-19|执行完毕...
2019-07-13 16:21:05,781|ERROR|qtp1810923540-19|当前正在执行SQL的服务器:67-九龙抬尸,ID:30067
2019-07-13 16:21:06,112|ERROR|qtp1810923540-19|执行完毕...
2019-07-13 16:21:06,112|ERROR|qtp1810923540-19|当前正在执行SQL的服务器:68-蟾宫折桂,ID:30068
2019-07-13 16:21:06,412|ERROR|qtp1810923540-19|执行完毕...
2019-07-13 16:21:06,413|ERROR|qtp1810923540-19|当前正在执行SQL的服务器:69-分金定穴,ID:30069
2019-07-13 16:21:06,715|ERROR|qtp1810923540-19|执行完毕...
2019-07-13 16:21:06,715|ERROR|qtp1810923540-19|当前正在执行SQL的服务器:70-一夕成魔,ID:30070
2019-07-13 16:21:06,989|ERROR|qtp1810923540-19|执行完毕...
2019-07-13 16:21:06,989|ERROR|qtp1810923540-19|当前正在执行SQL的服务器:71-凤舞九天,ID:30071
2019-07-13 16:21:07,274|ERROR|qtp1810923540-19|执行完毕...
2019-07-13 16:21:07,274|ERROR|qtp1810923540-19|当前正在执行SQL的服务器:72-吟啸徐行,ID:30072
2019-07-13 16:21:07,578|ERROR|qtp1810923540-19|执行完毕...
2019-07-13 16:21:07,578|ERROR|qtp1810923540-19|当前正在执行SQL的服务器:73-龙战于野,ID:30073
2019-07-13 16:21:07,884|ERROR|qtp1810923540-19|执行完毕...
2019-07-13 16:21:07,884|ERROR|qtp1810923540-19|当前正在执行SQL的服务器:74-醉卧云端,ID:30074
2019-07-13 16:21:08,200|ERROR|qtp1810923540-19|执行完毕...
2019-07-13 16:21:08,200|ERROR|qtp1810923540-19|当前正在执行SQL的服务器:75-独上西楼,ID:30075
2019-07-13 16:21:08,475|ERROR|qtp1810923540-19|执行完毕...
2019-07-13 16:21:08,475|ERROR|qtp1810923540-19|当前正在执行SQL的服务器:76-虎啸龙吟,ID:30076
2019-07-13 16:21:08,795|ERROR|qtp1810923540-19|执行完毕...
2019-07-13 16:21:08,795|ERROR|qtp1810923540-19|当前正在执行SQL的服务器:77-龙生九子,ID:30077
2019-07-13 16:21:09,103|ERROR|qtp1810923540-19|执行完毕...
2019-07-13 16:21:09,103|ERROR|qtp1810923540-19|当前正在执行SQL的服务器:78-蟒虎之森,ID:30078
2019-07-13 16:21:09,401|ERROR|qtp1810923540-19|执行完毕...
2019-07-13 16:21:09,401|ERROR|qtp1810923540-19|当前正在执行SQL的服务器:79-神游太虚,ID:30079
2019-07-13 16:21:09,720|ERROR|qtp1810923540-19|执行完毕...
2019-07-13 16:23:21,549|ERROR|pool-1-thread-1|定时任务:刷新服务器信息开始
2019-07-13 16:23:23,336|ERROR|pool-1-thread-1|定时任务:刷新服务器信息结束
2019-07-13 16:24:13,901|ERROR|qtp1810923540-19|当前正在执行SQL的服务器:80-五行八卦,ID:30080
2019-07-13 16:24:14,200|ERROR|qtp1810923540-19|执行完毕...
2019-07-13 16:24:14,201|ERROR|qtp1810923540-19|当前正在执行SQL的服务器:地灵曲1服,ID:10001
2019-07-13 16:24:14,503|ERROR|qtp1810923540-19|执行完毕...
2019-07-13 16:24:14,504|ERROR|qtp1810923540-19|当前正在执行SQL的服务器:1-初入古墓,ID:20001
2019-07-13 16:24:14,796|ERROR|qtp1810923540-19|执行完毕...
2019-07-13 16:24:14,796|ERROR|qtp1810923540-19|当前正在执行SQL的服务器:2-战国诡棺,ID:20002
2019-07-13 16:24:15,105|ERROR|qtp1810923540-19|执行完毕...
2019-07-13 16:24:15,106|ERROR|qtp1810923540-19|当前正在执行SQL的服务器:3-天字大墓,ID:20003
2019-07-13 16:24:15,384|ERROR|qtp1810923540-19|执行完毕...
2019-07-13 16:24:15,384|ERROR|qtp1810923540-19|当前正在执行SQL的服务器:4-天矶冰盒,ID:20004
2019-07-13 16:24:15,703|ERROR|qtp1810923540-19|执行完毕...
2019-07-13 16:24:15,703|ERROR|qtp1810923540-19|当前正在执行SQL的服务器:5-万佛古墓,ID:20005
2019-07-13 16:24:15,986|ERROR|qtp1810923540-19|执行完毕...
2019-07-13 16:24:15,986|ERROR|qtp1810923540-19|当前正在执行SQL的服务器:6-楼兰古城,ID:20006
2019-07-13 16:24:16,292|ERROR|qtp1810923540-19|执行完毕...
2019-07-13 16:24:16,293|ERROR|qtp1810923540-19|当前正在执行SQL的服务器:7-大荒龙冢,ID:20007
2019-07-13 16:24:16,624|ERROR|qtp1810923540-19|执行完毕...
2019-07-13 16:24:16,626|ERROR|qtp1810923540-19|当前正在执行SQL的服务器:8-终极归墟,ID:20008
2019-07-13 16:24:16,910|ERROR|qtp1810923540-19|执行完毕...
2019-07-13 16:24:16,910|ERROR|qtp1810923540-19|当前正在执行SQL的服务器:9-精绝女王,ID:20009
2019-07-13 16:24:17,224|ERROR|qtp1810923540-19|执行完毕...
2019-07-13 16:24:17,225|ERROR|qtp1810923540-19|当前正在执行SQL的服务器:10-四海九州,ID:20010
2019-07-13 16:24:17,504|ERROR|qtp1810923540-19|执行完毕...
2019-07-13 16:24:17,504|ERROR|qtp1810923540-19|当前正在执行SQL的服务器:11-秦皇疑冢,ID:20011
2019-07-13 16:24:17,793|ERROR|qtp1810923540-19|执行完毕...
2019-07-13 16:24:17,793|ERROR|qtp1810923540-19|当前正在执行SQL的服务器:12-寻龙点穴,ID:20012
2019-07-13 16:24:18,066|ERROR|qtp1810923540-19|执行完毕...
2019-07-13 16:24:18,066|ERROR|qtp1810923540-19|当前正在执行SQL的服务器:1-初入古墓,ID:30001
2019-07-13 16:24:18,405|ERROR|qtp1810923540-19|执行完毕...
2019-07-13 16:24:18,405|ERROR|qtp1810923540-19|当前正在执行SQL的服务器:5-楼兰古城,ID:30005
2019-07-13 16:24:18,697|ERROR|qtp1810923540-19|执行完毕...
2019-07-13 16:24:18,697|ERROR|qtp1810923540-19|当前正在执行SQL的服务器:10-秦皇疑冢,ID:30010
2019-07-13 16:24:18,993|ERROR|qtp1810923540-19|执行完毕...
2019-07-13 16:24:18,993|ERROR|qtp1810923540-19|当前正在执行SQL的服务器:16-云雾天宫,ID:30016
2019-07-13 16:24:19,300|ERROR|qtp1810923540-19|执行完毕...
2019-07-13 16:24:19,300|ERROR|qtp1810923540-19|当前正在执行SQL的服务器:手Q测试服,ID:40001
2019-07-13 16:24:19,395|ERROR|qtp1810923540-19|执行完毕...
2019-07-13 16:24:19,395|ERROR|qtp1810923540-19|当前正在执行SQL的服务器:2-天字大墓,ID:40002
2019-07-13 16:24:19,660|ERROR|qtp1810923540-19|执行完毕...
2019-07-13 16:24:19,660|ERROR|qtp1810923540-19|当前正在执行SQL的服务器:3-天矶冰盒,ID:40003
2019-07-13 16:24:19,933|ERROR|qtp1810923540-19|执行完毕...
2019-07-13 16:24:19,933|ERROR|qtp1810923540-19|当前正在执行SQL的服务器:20-龙岭迷窟,ID:30020
2019-07-13 16:24:20,228|ERROR|qtp1810923540-19|执行完毕...
2019-07-13 16:24:20,228|ERROR|qtp1810923540-19|当前正在执行SQL的服务器:4-万佛古墓,ID:40004
2019-07-13 16:24:20,522|ERROR|qtp1810923540-19|执行完毕...
2019-07-13 16:24:20,522|ERROR|qtp1810923540-19|当前正在执行SQL的服务器:5-楼兰古城,ID:40005
2019-07-13 16:24:20,823|ERROR|qtp1810923540-19|执行完毕...
2019-07-13 16:24:20,823|ERROR|qtp1810923540-19|当前正在执行SQL的服务器:6-大荒龙冢,ID:40006
2019-07-13 16:24:21,144|ERROR|qtp1810923540-19|执行完毕...
2019-07-13 16:24:21,144|ERROR|qtp1810923540-19|当前正在执行SQL的服务器:23-幽灵诡墓,ID:30023
2019-07-13 16:24:21,443|ERROR|qtp1810923540-19|执行完毕...
2019-07-13 16:24:21,444|ERROR|qtp1810923540-19|当前正在执行SQL的服务器:7-终极归墟,ID:40007
2019-07-13 16:24:21,749|ERROR|qtp1810923540-19|执行完毕...
2019-07-13 16:24:21,750|ERROR|qtp1810923540-19|当前正在执行SQL的服务器:8-精绝女王,ID:40008
2019-07-13 16:24:22,033|ERROR|qtp1810923540-19|执行完毕...
2019-07-13 16:24:22,033|ERROR|qtp1810923540-19|当前正在执行SQL的服务器:25-邛笼石影,ID:30025
2019-07-13 16:24:22,331|ERROR|qtp1810923540-19|执行完毕...
2019-07-13 16:24:22,331|ERROR|qtp1810923540-19|当前正在执行SQL的服务器:9-四海九州,ID:40009
2019-07-13 16:24:22,628|ERROR|qtp1810923540-19|执行完毕...
2019-07-13 16:24:22,628|ERROR|qtp1810923540-19|当前正在执行SQL的服务器:10-秦皇疑冢,ID:40010
2019-07-13 16:24:22,941|ERROR|qtp1810923540-19|执行完毕...
2019-07-13 16:24:22,941|ERROR|qtp1810923540-19|当前正在执行SQL的服务器:27-琼阙霜天,ID:30027
2019-07-13 16:24:23,256|ERROR|qtp1810923540-19|执行完毕...
2019-07-13 16:24:23,256|ERROR|qtp1810923540-19|当前正在执行SQL的服务器:11-寻龙点穴,ID:40011
2019-07-13 16:24:23,552|ERROR|qtp1810923540-19|执行完毕...
2019-07-13 16:24:23,552|ERROR|qtp1810923540-19|当前正在执行SQL的服务器:12-八方地灵,ID:40012
2019-07-13 16:24:23,849|ERROR|qtp1810923540-19|执行完毕...
2019-07-13 16:24:23,850|ERROR|qtp1810923540-19|当前正在执行SQL的服务器:31-千里孤坟,ID:30031
2019-07-13 16:24:24,174|ERROR|qtp1810923540-19|执行完毕...
2019-07-13 16:24:24,174|ERROR|qtp1810923540-19|当前正在执行SQL的服务器:34-经天纬地,ID:30034
2019-07-13 16:24:24,489|ERROR|qtp1810923540-19|执行完毕...
2019-07-13 16:24:24,489|ERROR|qtp1810923540-19|当前正在执行SQL的服务器:36-降魔卫道,ID:30036
2019-07-13 16:24:24,788|ERROR|qtp1810923540-19|执行完毕...
2019-07-13 16:24:24,788|ERROR|qtp1810923540-19|当前正在执行SQL的服务器:39-麒麟一笑,ID:30039
2019-07-13 16:24:25,106|ERROR|qtp1810923540-19|执行完毕...
2019-07-13 16:24:25,107|ERROR|qtp1810923540-19|当前正在执行SQL的服务器:42-梦之深处,ID:30042
2019-07-13 16:24:25,399|ERROR|qtp1810923540-19|执行完毕...
2019-07-13 16:24:25,399|ERROR|qtp1810923540-19|当前正在执行SQL的服务器:43-盗王之王,ID:30043
2019-07-13 16:24:25,699|ERROR|qtp1810923540-19|执行完毕...
2019-07-13 16:24:25,700|ERROR|qtp1810923540-19|当前正在执行SQL的服务器:44-倒斗三戒,ID:30044
2019-07-13 16:24:25,994|ERROR|qtp1810923540-19|执行完毕...
2019-07-13 16:24:25,995|ERROR|qtp1810923540-19|当前正在执行SQL的服务器:45-风水九鱼,ID:30045
2019-07-13 16:24:26,317|ERROR|qtp1810923540-19|执行完毕...
2019-07-13 16:24:26,317|ERROR|qtp1810923540-19|当前正在执行SQL的服务器:46-阴阳秘术,ID:30046
2019-07-13 16:24:26,591|ERROR|qtp1810923540-19|执行完毕...
2019-07-13 16:24:26,592|ERROR|qtp1810923540-19|当前正在执行SQL的服务器:47-禁婆迷情,ID:30047
2019-07-13 16:24:26,863|ERROR|qtp1810923540-19|执行完毕...
2019-07-13 16:24:26,864|ERROR|qtp1810923540-19|当前正在执行SQL的服务器:48-日月同辉,ID:30048
2019-07-13 16:24:27,189|ERROR|qtp1810923540-19|执行完毕...
2019-07-13 16:24:27,190|ERROR|qtp1810923540-19|当前正在执行SQL的服务器:49-风华绝代,ID:30049
2019-07-13 16:24:27,463|ERROR|qtp1810923540-19|执行完毕...
2019-07-13 16:24:27,463|ERROR|qtp1810923540-19|当前正在执行SQL的服务器:50-幻月御风,ID:30050
2019-07-13 16:24:27,735|ERROR|qtp1810923540-19|执行完毕...
2019-07-13 16:24:27,735|ERROR|qtp1810923540-19|当前正在执行SQL的服务器:51-夜悬星河,ID:30051
2019-07-13 16:24:28,058|ERROR|qtp1810923540-19|执行完毕...
2019-07-13 16:24:28,058|ERROR|qtp1810923540-19|当前正在执行SQL的服务器:52-玄天混元,ID:30052
2019-07-13 16:24:28,344|ERROR|qtp1810923540-19|执行完毕...
2019-07-13 16:24:28,344|ERROR|qtp1810923540-19|当前正在执行SQL的服务器:53-月敲山门,ID:30053
2019-07-13 16:24:28,612|ERROR|qtp1810923540-19|执行完毕...
2019-07-13 16:24:28,612|ERROR|qtp1810923540-19|当前正在执行SQL的服务器:54-九凤幻雪,ID:30054
2019-07-13 16:24:28,940|ERROR|qtp1810923540-19|执行完毕...
2019-07-13 16:24:28,940|ERROR|qtp1810923540-19|当前正在执行SQL的服务器:55-飞鸢轻梦,ID:30055
2019-07-13 16:24:29,258|ERROR|qtp1810923540-19|执行完毕...
2019-07-13 16:24:29,258|ERROR|qtp1810923540-19|当前正在执行SQL的服务器:56-碧瑶秋水,ID:30056
2019-07-13 16:24:29,560|ERROR|qtp1810923540-19|执行完毕...
2019-07-13 16:24:29,560|ERROR|qtp1810923540-19|当前正在执行SQL的服务器:57-凤舞六幻,ID:30057
2019-07-13 16:24:29,893|ERROR|qtp1810923540-19|执行完毕...
2019-07-13 16:24:29,893|ERROR|qtp1810923540-19|当前正在执行SQL的服务器:58-长空孤月,ID:30058
2019-07-13 16:24:30,204|ERROR|qtp1810923540-19|执行完毕...
2019-07-13 16:24:30,204|ERROR|qtp1810923540-19|当前正在执行SQL的服务器:59-怒晴湘西,ID:30059
2019-07-13 16:24:30,473|ERROR|qtp1810923540-19|执行完毕...
2019-07-13 16:24:30,473|ERROR|qtp1810923540-19|当前正在执行SQL的服务器:60-云南虫谷,ID:30060
2019-07-13 16:24:30,793|ERROR|qtp1810923540-19|执行完毕...
2019-07-13 16:24:30,793|ERROR|qtp1810923540-19|当前正在执行SQL的服务器:61-既寿永昌,ID:30061
2019-07-13 16:24:31,094|ERROR|qtp1810923540-19|执行完毕...
2019-07-13 16:24:31,094|ERROR|qtp1810923540-19|当前正在执行SQL的服务器:62-祥云瑞气,ID:30062
2019-07-13 16:24:31,371|ERROR|qtp1810923540-19|执行完毕...
2019-07-13 16:24:31,371|ERROR|qtp1810923540-19|当前正在执行SQL的服务器:63-大率行龙,ID:30063
2019-07-13 16:24:31,648|ERROR|qtp1810923540-19|执行完毕...
2019-07-13 16:24:31,649|ERROR|qtp1810923540-19|当前正在执行SQL的服务器:64-鬼玺问天,ID:30064
2019-07-13 16:24:31,967|ERROR|qtp1810923540-19|执行完毕...
2019-07-13 16:24:31,968|ERROR|qtp1810923540-19|当前正在执行SQL的服务器:65-雨夜降龙,ID:30065
2019-07-13 16:24:32,288|ERROR|qtp1810923540-19|执行完毕...
2019-07-13 16:24:32,288|ERROR|qtp1810923540-19|当前正在执行SQL的服务器:66-盗亦有道,ID:30066
2019-07-13 16:24:32,559|ERROR|qtp1810923540-19|执行完毕...
2019-07-13 16:24:32,559|ERROR|qtp1810923540-19|当前正在执行SQL的服务器:67-九龙抬尸,ID:30067
2019-07-13 16:24:32,853|ERROR|qtp1810923540-19|执行完毕...
2019-07-13 16:24:32,853|ERROR|qtp1810923540-19|当前正在执行SQL的服务器:68-蟾宫折桂,ID:30068
2019-07-13 16:24:33,176|ERROR|qtp1810923540-19|执行完毕...
2019-07-13 16:24:33,177|ERROR|qtp1810923540-19|当前正在执行SQL的服务器:69-分金定穴,ID:30069
2019-07-13 16:24:33,494|ERROR|qtp1810923540-19|执行完毕...
2019-07-13 16:24:33,495|ERROR|qtp1810923540-19|当前正在执行SQL的服务器:70-一夕成魔,ID:30070
2019-07-13 16:24:33,771|ERROR|qtp1810923540-19|执行完毕...
2019-07-13 16:24:33,772|ERROR|qtp1810923540-19|当前正在执行SQL的服务器:71-凤舞九天,ID:30071
2019-07-13 16:24:34,042|ERROR|qtp1810923540-19|执行完毕...
2019-07-13 16:24:34,042|ERROR|qtp1810923540-19|当前正在执行SQL的服务器:72-吟啸徐行,ID:30072
2019-07-13 16:24:34,380|ERROR|qtp1810923540-19|执行完毕...
2019-07-13 16:24:34,380|ERROR|qtp1810923540-19|当前正在执行SQL的服务器:73-龙战于野,ID:30073
2019-07-13 16:24:34,681|ERROR|qtp1810923540-19|执行完毕...
2019-07-13 16:24:34,681|ERROR|qtp1810923540-19|当前正在执行SQL的服务器:74-醉卧云端,ID:30074
2019-07-13 16:24:34,978|ERROR|qtp1810923540-19|执行完毕...
2019-07-13 16:24:34,978|ERROR|qtp1810923540-19|当前正在执行SQL的服务器:75-独上西楼,ID:30075
2019-07-13 16:24:35,309|ERROR|qtp1810923540-19|执行完毕...
2019-07-13 16:24:35,309|ERROR|qtp1810923540-19|当前正在执行SQL的服务器:76-虎啸龙吟,ID:30076
2019-07-13 16:24:35,629|ERROR|qtp1810923540-19|执行完毕...
2019-07-13 16:24:35,629|ERROR|qtp1810923540-19|当前正在执行SQL的服务器:77-龙生九子,ID:30077
2019-07-13 16:24:35,927|ERROR|qtp1810923540-19|执行完毕...
2019-07-13 16:24:35,927|ERROR|qtp1810923540-19|当前正在执行SQL的服务器:78-蟒虎之森,ID:30078
2019-07-13 16:24:36,248|ERROR|qtp1810923540-19|执行完毕...
2019-07-13 16:24:36,249|ERROR|qtp1810923540-19|当前正在执行SQL的服务器:79-神游太虚,ID:30079
2019-07-13 16:24:36,523|ERROR|qtp1810923540-19|执行完毕...
2019-07-13 16:28:23,341|ERROR|pool-1-thread-1|定时任务:刷新服务器信息开始
2019-07-13 16:28:24,225|ERROR|pool-1-thread-1|定时任务:刷新服务器信息结束
2019-07-13 16:31:36,940|ERROR|main|Please input the config path.
2019-07-13 16:31:39,065|ERROR|main|****************** Component:[com.upload.database.DBPoolComponent] has started successfully.******************
2019-07-13 16:31:39,068|ERROR|main|****************** Component:[com.upload.component.ServerListComponent] has started successfully.******************
2019-07-13 16:31:39,289|ERROR|main|****************** Component:[com.upload.component.WebComponent] has started successfully.******************
2019-07-13 16:31:39,289|ERROR|main|****************** Component:[com.upload.component.CdnComponent] has started successfully.******************
2019-07-13 16:31:39,290|ERROR|main|****************** All Component has started successfully.******************
2019-07-13 16:31:39,290|ERROR|main|UploadServer has started successfully, taken 2358 millis.
2019-07-13 16:32:15,935|ERROR|qtp1810923540-26|当前正在执行SQL的服务器:1服-楼兰女王,ID:1
2019-07-13 16:32:16,017|ERROR|qtp1810923540-26|执行完毕...
2019-07-13 16:32:16,018|ERROR|qtp1810923540-26|当前正在执行SQL的服务器:6服-大荒龙冢,ID:6
2019-07-13 16:32:16,086|ERROR|qtp1810923540-26|执行完毕...
2019-07-13 16:32:16,087|ERROR|qtp1810923540-26|当前正在执行SQL的服务器:10服-秦皇疑冢,ID:10
2019-07-13 16:32:16,166|ERROR|qtp1810923540-26|执行完毕...
2019-07-13 16:32:16,167|ERROR|qtp1810923540-26|当前正在执行SQL的服务器:17服-蓬莱仙境,ID:17
2019-07-13 16:32:16,234|ERROR|qtp1810923540-26|执行完毕...
2019-07-13 16:32:16,234|ERROR|qtp1810923540-26|当前正在执行SQL的服务器:18服-昆仑神宫,ID:18
2019-07-13 16:32:16,295|ERROR|qtp1810923540-26|执行完毕...
2019-07-13 16:32:16,296|ERROR|qtp1810923540-26|当前正在执行SQL的服务器:19服-蛇沼鬼城,ID:19
2019-07-13 16:32:16,361|ERROR|qtp1810923540-26|执行完毕...
2019-07-13 16:32:16,361|ERROR|qtp1810923540-26|当前正在执行SQL的服务器:20服-龙岭迷窟,ID:20
2019-07-13 16:32:16,402|ERROR|qtp1810923540-26|执行完毕...
2019-07-13 16:32:16,403|ERROR|qtp1810923540-26|当前正在执行SQL的服务器:21服-阴山古楼,ID:21
2019-07-13 16:32:16,428|ERROR|qtp1810923540-26|执行完毕...
2019-07-13 16:32:16,429|ERROR|qtp1810923540-26|当前正在执行SQL的服务器:22服-巫峡棺山,ID:22
2019-07-13 16:32:16,493|ERROR|qtp1810923540-26|执行完毕...
2019-07-13 16:32:38,082|ERROR|pool-1-thread-1|定时任务:刷新服务器信息开始
2019-07-13 16:32:38,239|ERROR|pool-1-thread-1|定时任务:刷新服务器信息结束
2019-07-13 16:33:31,716|ERROR|qtp1810923540-23|当前正在执行SQL的服务器:1服-楼兰女王,ID:1
2019-07-13 16:33:31,785|ERROR|qtp1810923540-23|执行完毕...
2019-07-13 16:33:31,785|ERROR|qtp1810923540-23|当前正在执行SQL的服务器:6服-大荒龙冢,ID:6
2019-07-13 16:33:31,854|ERROR|qtp1810923540-23|执行完毕...
2019-07-13 16:33:31,854|ERROR|qtp1810923540-23|当前正在执行SQL的服务器:10服-秦皇疑冢,ID:10
2019-07-13 16:33:31,919|ERROR|qtp1810923540-23|执行完毕...
2019-07-13 16:33:31,919|ERROR|qtp1810923540-23|当前正在执行SQL的服务器:17服-蓬莱仙境,ID:17
2019-07-13 16:33:31,988|ERROR|qtp1810923540-23|执行完毕...
2019-07-13 16:33:31,989|ERROR|qtp1810923540-23|当前正在执行SQL的服务器:18服-昆仑神宫,ID:18
2019-07-13 16:33:32,059|ERROR|qtp1810923540-23|执行完毕...
2019-07-13 16:33:32,060|ERROR|qtp1810923540-23|当前正在执行SQL的服务器:19服-蛇沼鬼城,ID:19
2019-07-13 16:33:32,141|ERROR|qtp1810923540-23|执行完毕...
2019-07-13 16:33:32,141|ERROR|qtp1810923540-23|当前正在执行SQL的服务器:20服-龙岭迷窟,ID:20
2019-07-13 16:33:32,228|ERROR|qtp1810923540-23|执行完毕...
2019-07-13 16:33:32,229|ERROR|qtp1810923540-23|当前正在执行SQL的服务器:21服-阴山古楼,ID:21
2019-07-13 16:33:32,293|ERROR|qtp1810923540-23|执行完毕...
2019-07-13 16:33:32,293|ERROR|qtp1810923540-23|当前正在执行SQL的服务器:22服-巫峡棺山,ID:22
2019-07-13 16:33:32,354|ERROR|qtp1810923540-23|执行完毕...
2019-07-13 16:34:36,203|ERROR|qtp1810923540-26|当前正在执行SQL的服务器:1服-楼兰女王,ID:1
2019-07-13 16:34:36,283|ERROR|qtp1810923540-26|执行完毕...
2019-07-13 16:34:36,283|ERROR|qtp1810923540-26|当前正在执行SQL的服务器:6服-大荒龙冢,ID:6
2019-07-13 16:34:37,743|ERROR|qtp1810923540-26|执行完毕...
2019-07-13 16:34:37,744|ERROR|qtp1810923540-26|当前正在执行SQL的服务器:10服-秦皇疑冢,ID:10
2019-07-13 16:34:37,811|ERROR|qtp1810923540-26|执行完毕...
2019-07-13 16:34:37,811|ERROR|qtp1810923540-26|当前正在执行SQL的服务器:17服-蓬莱仙境,ID:17
2019-07-13 16:34:37,888|ERROR|qtp1810923540-26|执行完毕...
2019-07-13 16:34:37,888|ERROR|qtp1810923540-26|当前正在执行SQL的服务器:18服-昆仑神宫,ID:18
2019-07-13 16:34:37,960|ERROR|qtp1810923540-26|执行完毕...
2019-07-13 16:34:37,960|ERROR|qtp1810923540-26|当前正在执行SQL的服务器:19服-蛇沼鬼城,ID:19
2019-07-13 16:34:38,026|ERROR|qtp1810923540-26|执行完毕...
2019-07-13 16:34:38,026|ERROR|qtp1810923540-26|当前正在执行SQL的服务器:20服-龙岭迷窟,ID:20
2019-07-13 16:34:38,113|ERROR|qtp1810923540-26|执行完毕...
2019-07-13 16:34:38,114|ERROR|qtp1810923540-26|当前正在执行SQL的服务器:21服-阴山古楼,ID:21
2019-07-13 16:34:38,184|ERROR|qtp1810923540-26|执行完毕...
2019-07-13 16:34:38,185|ERROR|qtp1810923540-26|当前正在执行SQL的服务器:22服-巫峡棺山,ID:22
2019-07-13 16:34:38,250|ERROR|qtp1810923540-26|执行完毕...
2019-07-13 16:34:59,420|ERROR|qtp1810923540-21|当前正在执行SQL的服务器:1服-楼兰女王,ID:1
2019-07-13 16:34:59,498|ERROR|qtp1810923540-21|执行完毕...
2019-07-13 16:34:59,498|ERROR|qtp1810923540-21|当前正在执行SQL的服务器:6服-大荒龙冢,ID:6
2019-07-13 16:34:59,571|ERROR|qtp1810923540-21|执行完毕...
2019-07-13 16:34:59,571|ERROR|qtp1810923540-21|当前正在执行SQL的服务器:10服-秦皇疑冢,ID:10
2019-07-13 16:34:59,637|ERROR|qtp1810923540-21|执行完毕...
2019-07-13 16:34:59,638|ERROR|qtp1810923540-21|当前正在执行SQL的服务器:17服-蓬莱仙境,ID:17
2019-07-13 16:34:59,711|ERROR|qtp1810923540-21|执行完毕...
2019-07-13 16:34:59,711|ERROR|qtp1810923540-21|当前正在执行SQL的服务器:18服-昆仑神宫,ID:18
2019-07-13 16:34:59,772|ERROR|qtp1810923540-21|执行完毕...
2019-07-13 16:34:59,773|ERROR|qtp1810923540-21|当前正在执行SQL的服务器:19服-蛇沼鬼城,ID:19
2019-07-13 16:34:59,843|ERROR|qtp1810923540-21|执行完毕...
2019-07-13 16:34:59,843|ERROR|qtp1810923540-21|当前正在执行SQL的服务器:20服-龙岭迷窟,ID:20
2019-07-13 16:34:59,914|ERROR|qtp1810923540-21|执行完毕...
2019-07-13 16:34:59,914|ERROR|qtp1810923540-21|当前正在执行SQL的服务器:21服-阴山古楼,ID:21
2019-07-13 16:34:59,987|ERROR|qtp1810923540-21|执行完毕...
2019-07-13 16:34:59,987|ERROR|qtp1810923540-21|当前正在执行SQL的服务器:22服-巫峡棺山,ID:22
2019-07-13 16:35:00,054|ERROR|qtp1810923540-21|执行完毕...
2019-07-13 16:35:18,225|ERROR|qtp1810923540-19|当前正在执行SQL的服务器:1服-楼兰女王,ID:1
2019-07-13 16:35:18,296|ERROR|qtp1810923540-19|执行完毕...
2019-07-13 16:35:18,296|ERROR|qtp1810923540-19|当前正在执行SQL的服务器:6服-大荒龙冢,ID:6
2019-07-13 16:35:18,368|ERROR|qtp1810923540-19|执行完毕...
2019-07-13 16:35:18,368|ERROR|qtp1810923540-19|当前正在执行SQL的服务器:10服-秦皇疑冢,ID:10
2019-07-13 16:35:18,429|ERROR|qtp1810923540-19|执行完毕...
2019-07-13 16:35:18,429|ERROR|qtp1810923540-19|当前正在执行SQL的服务器:17服-蓬莱仙境,ID:17
2019-07-13 16:35:18,487|ERROR|qtp1810923540-19|执行完毕...
2019-07-13 16:35:18,487|ERROR|qtp1810923540-19|当前正在执行SQL的服务器:18服-昆仑神宫,ID:18
2019-07-13 16:35:18,557|ERROR|qtp1810923540-19|执行完毕...
2019-07-13 16:35:18,557|ERROR|qtp1810923540-19|当前正在执行SQL的服务器:19服-蛇沼鬼城,ID:19
2019-07-13 16:35:18,621|ERROR|qtp1810923540-19|执行完毕...
2019-07-13 16:35:18,621|ERROR|qtp1810923540-19|当前正在执行SQL的服务器:20服-龙岭迷窟,ID:20
2019-07-13 16:35:18,680|ERROR|qtp1810923540-19|执行完毕...
2019-07-13 16:35:18,680|ERROR|qtp1810923540-19|当前正在执行SQL的服务器:21服-阴山古楼,ID:21
2019-07-13 16:35:18,739|ERROR|qtp1810923540-19|执行完毕...
2019-07-13 16:35:18,739|ERROR|qtp1810923540-19|当前正在执行SQL的服务器:22服-巫峡棺山,ID:22
2019-07-13 16:35:18,804|ERROR|qtp1810923540-19|执行完毕...
2019-07-13 16:35:31,029|ERROR|qtp1810923540-25|当前正在执行SQL的服务器:1服-楼兰女王,ID:1
2019-07-13 16:35:31,094|ERROR|qtp1810923540-25|执行完毕...
2019-07-13 16:35:31,094|ERROR|qtp1810923540-25|当前正在执行SQL的服务器:6服-大荒龙冢,ID:6
2019-07-13 16:35:31,176|ERROR|qtp1810923540-25|执行完毕...
2019-07-13 16:35:31,176|ERROR|qtp1810923540-25|当前正在执行SQL的服务器:10服-秦皇疑冢,ID:10
2019-07-13 16:35:31,251|ERROR|qtp1810923540-25|执行完毕...
2019-07-13 16:35:31,252|ERROR|qtp1810923540-25|当前正在执行SQL的服务器:17服-蓬莱仙境,ID:17
2019-07-13 16:35:31,312|ERROR|qtp1810923540-25|执行完毕...
2019-07-13 16:35:31,312|ERROR|qtp1810923540-25|当前正在执行SQL的服务器:18服-昆仑神宫,ID:18
2019-07-13 16:35:31,374|ERROR|qtp1810923540-25|执行完毕...
2019-07-13 16:35:31,374|ERROR|qtp1810923540-25|当前正在执行SQL的服务器:19服-蛇沼鬼城,ID:19
2019-07-13 16:35:31,441|ERROR|qtp1810923540-25|执行完毕...
2019-07-13 16:35:31,441|ERROR|qtp1810923540-25|当前正在执行SQL的服务器:20服-龙岭迷窟,ID:20
2019-07-13 16:35:31,504|ERROR|qtp1810923540-25|执行完毕...
2019-07-13 16:35:31,505|ERROR|qtp1810923540-25|当前正在执行SQL的服务器:21服-阴山古楼,ID:21
2019-07-13 16:35:31,577|ERROR|qtp1810923540-25|执行完毕...
2019-07-13 16:35:31,577|ERROR|qtp1810923540-25|当前正在执行SQL的服务器:22服-巫峡棺山,ID:22
2019-07-13 16:35:31,644|ERROR|qtp1810923540-25|执行完毕...
