2019-08-23 18:00:41,747|ERROR|main|Please input the config path.
2019-08-23 18:00:42,046|ERROR|main|
java.lang.NullPointerException: null
	at com.upload.database.BaseDao.queryList(BaseDao.java:123) ~[bin/:na]
	at com.upload.database.BaseDao.queryList(BaseDao.java:109) ~[bin/:na]
	at com.upload.data.business.ServerListBusiness.listAll(ServerListBusiness.java:32) ~[bin/:na]
	at com.upload.component.ServerListComponent.initialize(ServerListComponent.java:64) ~[bin/:na]
	at com.upload.component.ComponentManager.addComponent(ComponentManager.java:54) ~[bin/:na]
	at com.upload.ManagerServer.main(ManagerServer.java:46) [bin/:na]
2019-08-23 18:00:42,047|ERROR|main|服务器列表模块失败
2019-08-23 18:02:53,783|ERROR|main|Please input the config path.
2019-08-23 18:03:27,819|ERROR|main|定时任务:刷新服务器信息开始
2019-08-23 18:03:32,352|ERROR|main|
com.mysql.jdbc.exceptions.jdbc4.MySQLSyntaxErrorException: Unknown column 'MainServerId' in 'group statement'
	at sun.reflect.NativeConstructorAccessorImpl.newInstance0(Native Method) ~[na:1.8.0_71]
	at sun.reflect.NativeConstructorAccessorImpl.newInstance(Unknown Source) ~[na:1.8.0_71]
	at sun.reflect.DelegatingConstructorAccessorImpl.newInstance(Unknown Source) ~[na:1.8.0_71]
	at java.lang.reflect.Constructor.newInstance(Unknown Source) ~[na:1.8.0_71]
	at com.mysql.jdbc.Util.handleNewInstance(Util.java:409) ~[mysql-connector-java-5.1.12-bin.jar:na]
	at com.mysql.jdbc.Util.getInstance(Util.java:384) ~[mysql-connector-java-5.1.12-bin.jar:na]
	at com.mysql.jdbc.SQLError.createSQLException(SQLError.java:1054) ~[mysql-connector-java-5.1.12-bin.jar:na]
	at com.mysql.jdbc.MysqlIO.checkErrorPacket(MysqlIO.java:3562) ~[mysql-connector-java-5.1.12-bin.jar:na]
	at com.mysql.jdbc.MysqlIO.checkErrorPacket(MysqlIO.java:3494) ~[mysql-connector-java-5.1.12-bin.jar:na]
	at com.mysql.jdbc.MysqlIO.sendCommand(MysqlIO.java:1960) ~[mysql-connector-java-5.1.12-bin.jar:na]
	at com.mysql.jdbc.MysqlIO.sqlQueryDirect(MysqlIO.java:2114) ~[mysql-connector-java-5.1.12-bin.jar:na]
	at com.mysql.jdbc.ConnectionImpl.execSQL(ConnectionImpl.java:2690) ~[mysql-connector-java-5.1.12-bin.jar:na]
	at com.mysql.jdbc.ConnectionImpl.execSQL(ConnectionImpl.java:2619) ~[mysql-connector-java-5.1.12-bin.jar:na]
	at com.mysql.jdbc.StatementImpl.executeQuery(StatementImpl.java:1465) ~[mysql-connector-java-5.1.12-bin.jar:na]
	at com.upload.component.ServerListComponent.getServerList(ServerListComponent.java:483) [bin/:na]
	at com.upload.component.ServerListComponent.refreshServerList(ServerListComponent.java:300) [bin/:na]
	at com.upload.component.ServerListComponent.initialize(ServerListComponent.java:72) [bin/:na]
	at com.upload.component.ComponentManager.addComponent(ComponentManager.java:54) [bin/:na]
	at com.upload.ManagerServer.main(ManagerServer.java:46) [bin/:na]
2019-08-23 18:04:23,966|ERROR|pool-1-thread-1|定时任务:刷新服务器信息开始
2019-08-23 18:04:24,005|ERROR|pool-1-thread-1|
com.mysql.jdbc.exceptions.jdbc4.MySQLSyntaxErrorException: Unknown column 'MainServerId' in 'group statement'
	at sun.reflect.NativeConstructorAccessorImpl.newInstance0(Native Method) ~[na:1.8.0_71]
	at sun.reflect.NativeConstructorAccessorImpl.newInstance(Unknown Source) ~[na:1.8.0_71]
	at sun.reflect.DelegatingConstructorAccessorImpl.newInstance(Unknown Source) ~[na:1.8.0_71]
	at java.lang.reflect.Constructor.newInstance(Unknown Source) ~[na:1.8.0_71]
	at com.mysql.jdbc.Util.handleNewInstance(Util.java:409) ~[mysql-connector-java-5.1.12-bin.jar:na]
	at com.mysql.jdbc.Util.getInstance(Util.java:384) ~[mysql-connector-java-5.1.12-bin.jar:na]
	at com.mysql.jdbc.SQLError.createSQLException(SQLError.java:1054) ~[mysql-connector-java-5.1.12-bin.jar:na]
	at com.mysql.jdbc.MysqlIO.checkErrorPacket(MysqlIO.java:3562) ~[mysql-connector-java-5.1.12-bin.jar:na]
	at com.mysql.jdbc.MysqlIO.checkErrorPacket(MysqlIO.java:3494) ~[mysql-connector-java-5.1.12-bin.jar:na]
	at com.mysql.jdbc.MysqlIO.sendCommand(MysqlIO.java:1960) ~[mysql-connector-java-5.1.12-bin.jar:na]
	at com.mysql.jdbc.MysqlIO.sqlQueryDirect(MysqlIO.java:2114) ~[mysql-connector-java-5.1.12-bin.jar:na]
	at com.mysql.jdbc.ConnectionImpl.execSQL(ConnectionImpl.java:2690) ~[mysql-connector-java-5.1.12-bin.jar:na]
	at com.mysql.jdbc.ConnectionImpl.execSQL(ConnectionImpl.java:2619) ~[mysql-connector-java-5.1.12-bin.jar:na]
	at com.mysql.jdbc.StatementImpl.executeQuery(StatementImpl.java:1465) ~[mysql-connector-java-5.1.12-bin.jar:na]
	at com.upload.component.ServerListComponent.getServerList(ServerListComponent.java:483) [bin/:na]
	at com.upload.component.ServerListComponent.refreshServerList(ServerListComponent.java:300) [bin/:na]
	at com.upload.component.ServerListComponent.lambda$1(ServerListComponent.java:68) [bin/:na]
	at java.util.concurrent.Executors$RunnableAdapter.call(Unknown Source) ~[na:1.8.0_71]
	at java.util.concurrent.FutureTask.runAndReset(Unknown Source) ~[na:1.8.0_71]
	at java.util.concurrent.ScheduledThreadPoolExecutor$ScheduledFutureTask.access$301(Unknown Source) ~[na:1.8.0_71]
	at java.util.concurrent.ScheduledThreadPoolExecutor$ScheduledFutureTask.run(Unknown Source) ~[na:1.8.0_71]
	at java.util.concurrent.ThreadPoolExecutor.runWorker(Unknown Source) ~[na:1.8.0_71]
	at java.util.concurrent.ThreadPoolExecutor$Worker.run(Unknown Source) ~[na:1.8.0_71]
	at java.lang.Thread.run(Unknown Source) ~[na:1.8.0_71]
2019-08-23 18:04:24,006|ERROR|pool-1-thread-1|********刷新服务器列表异常.**************
2019-08-23 18:05:24,007|ERROR|pool-1-thread-1|定时任务:刷新服务器信息开始
2019-08-23 18:05:24,032|ERROR|pool-1-thread-1|
com.mysql.jdbc.exceptions.jdbc4.MySQLSyntaxErrorException: Unknown column 'MainServerId' in 'group statement'
	at sun.reflect.NativeConstructorAccessorImpl.newInstance0(Native Method) ~[na:1.8.0_71]
	at sun.reflect.NativeConstructorAccessorImpl.newInstance(Unknown Source) ~[na:1.8.0_71]
	at sun.reflect.DelegatingConstructorAccessorImpl.newInstance(Unknown Source) ~[na:1.8.0_71]
	at java.lang.reflect.Constructor.newInstance(Unknown Source) ~[na:1.8.0_71]
	at com.mysql.jdbc.Util.handleNewInstance(Util.java:409) ~[mysql-connector-java-5.1.12-bin.jar:na]
	at com.mysql.jdbc.Util.getInstance(Util.java:384) ~[mysql-connector-java-5.1.12-bin.jar:na]
	at com.mysql.jdbc.SQLError.createSQLException(SQLError.java:1054) ~[mysql-connector-java-5.1.12-bin.jar:na]
	at com.mysql.jdbc.MysqlIO.checkErrorPacket(MysqlIO.java:3562) ~[mysql-connector-java-5.1.12-bin.jar:na]
	at com.mysql.jdbc.MysqlIO.checkErrorPacket(MysqlIO.java:3494) ~[mysql-connector-java-5.1.12-bin.jar:na]
	at com.mysql.jdbc.MysqlIO.sendCommand(MysqlIO.java:1960) ~[mysql-connector-java-5.1.12-bin.jar:na]
	at com.mysql.jdbc.MysqlIO.sqlQueryDirect(MysqlIO.java:2114) ~[mysql-connector-java-5.1.12-bin.jar:na]
	at com.mysql.jdbc.ConnectionImpl.execSQL(ConnectionImpl.java:2690) ~[mysql-connector-java-5.1.12-bin.jar:na]
	at com.mysql.jdbc.ConnectionImpl.execSQL(ConnectionImpl.java:2619) ~[mysql-connector-java-5.1.12-bin.jar:na]
	at com.mysql.jdbc.StatementImpl.executeQuery(StatementImpl.java:1465) ~[mysql-connector-java-5.1.12-bin.jar:na]
	at com.upload.component.ServerListComponent.getServerList(ServerListComponent.java:483) [bin/:na]
	at com.upload.component.ServerListComponent.refreshServerList(ServerListComponent.java:300) [bin/:na]
	at com.upload.component.ServerListComponent.lambda$1(ServerListComponent.java:68) [bin/:na]
	at java.util.concurrent.Executors$RunnableAdapter.call(Unknown Source) ~[na:1.8.0_71]
	at java.util.concurrent.FutureTask.runAndReset(Unknown Source) ~[na:1.8.0_71]
	at java.util.concurrent.ScheduledThreadPoolExecutor$ScheduledFutureTask.access$301(Unknown Source) ~[na:1.8.0_71]
	at java.util.concurrent.ScheduledThreadPoolExecutor$ScheduledFutureTask.run(Unknown Source) ~[na:1.8.0_71]
	at java.util.concurrent.ThreadPoolExecutor.runWorker(Unknown Source) ~[na:1.8.0_71]
	at java.util.concurrent.ThreadPoolExecutor$Worker.run(Unknown Source) ~[na:1.8.0_71]
	at java.lang.Thread.run(Unknown Source) ~[na:1.8.0_71]
2019-08-23 18:05:24,033|ERROR|pool-1-thread-1|********刷新服务器列表异常.**************
2019-08-23 18:06:24,035|ERROR|pool-1-thread-1|定时任务:刷新服务器信息开始
2019-08-23 18:06:24,053|ERROR|pool-1-thread-1|
com.mysql.jdbc.exceptions.jdbc4.MySQLSyntaxErrorException: Unknown column 'MainServerId' in 'group statement'
	at sun.reflect.NativeConstructorAccessorImpl.newInstance0(Native Method) ~[na:1.8.0_71]
	at sun.reflect.NativeConstructorAccessorImpl.newInstance(Unknown Source) ~[na:1.8.0_71]
	at sun.reflect.DelegatingConstructorAccessorImpl.newInstance(Unknown Source) ~[na:1.8.0_71]
	at java.lang.reflect.Constructor.newInstance(Unknown Source) ~[na:1.8.0_71]
	at com.mysql.jdbc.Util.handleNewInstance(Util.java:409) ~[mysql-connector-java-5.1.12-bin.jar:na]
	at com.mysql.jdbc.Util.getInstance(Util.java:384) ~[mysql-connector-java-5.1.12-bin.jar:na]
	at com.mysql.jdbc.SQLError.createSQLException(SQLError.java:1054) ~[mysql-connector-java-5.1.12-bin.jar:na]
	at com.mysql.jdbc.MysqlIO.checkErrorPacket(MysqlIO.java:3562) ~[mysql-connector-java-5.1.12-bin.jar:na]
	at com.mysql.jdbc.MysqlIO.checkErrorPacket(MysqlIO.java:3494) ~[mysql-connector-java-5.1.12-bin.jar:na]
	at com.mysql.jdbc.MysqlIO.sendCommand(MysqlIO.java:1960) ~[mysql-connector-java-5.1.12-bin.jar:na]
	at com.mysql.jdbc.MysqlIO.sqlQueryDirect(MysqlIO.java:2114) ~[mysql-connector-java-5.1.12-bin.jar:na]
	at com.mysql.jdbc.ConnectionImpl.execSQL(ConnectionImpl.java:2690) ~[mysql-connector-java-5.1.12-bin.jar:na]
	at com.mysql.jdbc.ConnectionImpl.execSQL(ConnectionImpl.java:2619) ~[mysql-connector-java-5.1.12-bin.jar:na]
	at com.mysql.jdbc.StatementImpl.executeQuery(StatementImpl.java:1465) ~[mysql-connector-java-5.1.12-bin.jar:na]
	at com.upload.component.ServerListComponent.getServerList(ServerListComponent.java:483) [bin/:na]
	at com.upload.component.ServerListComponent.refreshServerList(ServerListComponent.java:300) [bin/:na]
	at com.upload.component.ServerListComponent.lambda$1(ServerListComponent.java:68) [bin/:na]
	at java.util.concurrent.Executors$RunnableAdapter.call(Unknown Source) ~[na:1.8.0_71]
	at java.util.concurrent.FutureTask.runAndReset(Unknown Source) ~[na:1.8.0_71]
	at java.util.concurrent.ScheduledThreadPoolExecutor$ScheduledFutureTask.access$301(Unknown Source) ~[na:1.8.0_71]
	at java.util.concurrent.ScheduledThreadPoolExecutor$ScheduledFutureTask.run(Unknown Source) ~[na:1.8.0_71]
	at java.util.concurrent.ThreadPoolExecutor.runWorker(Unknown Source) ~[na:1.8.0_71]
	at java.util.concurrent.ThreadPoolExecutor$Worker.run(Unknown Source) ~[na:1.8.0_71]
	at java.lang.Thread.run(Unknown Source) ~[na:1.8.0_71]
2019-08-23 18:06:24,054|ERROR|pool-1-thread-1|********刷新服务器列表异常.**************
2019-08-23 18:07:24,055|ERROR|pool-1-thread-1|定时任务:刷新服务器信息开始
2019-08-23 18:07:24,079|ERROR|pool-1-thread-1|
com.mysql.jdbc.exceptions.jdbc4.MySQLSyntaxErrorException: Unknown column 'MainServerId' in 'group statement'
	at sun.reflect.NativeConstructorAccessorImpl.newInstance0(Native Method) ~[na:1.8.0_71]
	at sun.reflect.NativeConstructorAccessorImpl.newInstance(Unknown Source) ~[na:1.8.0_71]
	at sun.reflect.DelegatingConstructorAccessorImpl.newInstance(Unknown Source) ~[na:1.8.0_71]
	at java.lang.reflect.Constructor.newInstance(Unknown Source) ~[na:1.8.0_71]
	at com.mysql.jdbc.Util.handleNewInstance(Util.java:409) ~[mysql-connector-java-5.1.12-bin.jar:na]
	at com.mysql.jdbc.Util.getInstance(Util.java:384) ~[mysql-connector-java-5.1.12-bin.jar:na]
	at com.mysql.jdbc.SQLError.createSQLException(SQLError.java:1054) ~[mysql-connector-java-5.1.12-bin.jar:na]
	at com.mysql.jdbc.MysqlIO.checkErrorPacket(MysqlIO.java:3562) ~[mysql-connector-java-5.1.12-bin.jar:na]
	at com.mysql.jdbc.MysqlIO.checkErrorPacket(MysqlIO.java:3494) ~[mysql-connector-java-5.1.12-bin.jar:na]
	at com.mysql.jdbc.MysqlIO.sendCommand(MysqlIO.java:1960) ~[mysql-connector-java-5.1.12-bin.jar:na]
	at com.mysql.jdbc.MysqlIO.sqlQueryDirect(MysqlIO.java:2114) ~[mysql-connector-java-5.1.12-bin.jar:na]
	at com.mysql.jdbc.ConnectionImpl.execSQL(ConnectionImpl.java:2690) ~[mysql-connector-java-5.1.12-bin.jar:na]
	at com.mysql.jdbc.ConnectionImpl.execSQL(ConnectionImpl.java:2619) ~[mysql-connector-java-5.1.12-bin.jar:na]
	at com.mysql.jdbc.StatementImpl.executeQuery(StatementImpl.java:1465) ~[mysql-connector-java-5.1.12-bin.jar:na]
	at com.upload.component.ServerListComponent.getServerList(ServerListComponent.java:483) [bin/:na]
	at com.upload.component.ServerListComponent.refreshServerList(ServerListComponent.java:300) [bin/:na]
	at com.upload.component.ServerListComponent.lambda$1(ServerListComponent.java:68) [bin/:na]
	at java.util.concurrent.Executors$RunnableAdapter.call(Unknown Source) ~[na:1.8.0_71]
	at java.util.concurrent.FutureTask.runAndReset(Unknown Source) ~[na:1.8.0_71]
	at java.util.concurrent.ScheduledThreadPoolExecutor$ScheduledFutureTask.access$301(Unknown Source) ~[na:1.8.0_71]
	at java.util.concurrent.ScheduledThreadPoolExecutor$ScheduledFutureTask.run(Unknown Source) ~[na:1.8.0_71]
	at java.util.concurrent.ThreadPoolExecutor.runWorker(Unknown Source) ~[na:1.8.0_71]
	at java.util.concurrent.ThreadPoolExecutor$Worker.run(Unknown Source) ~[na:1.8.0_71]
	at java.lang.Thread.run(Unknown Source) ~[na:1.8.0_71]
2019-08-23 18:07:24,080|ERROR|pool-1-thread-1|********刷新服务器列表异常.**************
2019-08-23 18:08:24,101|ERROR|pool-1-thread-1|定时任务:刷新服务器信息开始
2019-08-23 18:08:24,130|ERROR|pool-1-thread-1|
com.mysql.jdbc.exceptions.jdbc4.MySQLSyntaxErrorException: Unknown column 'MainServerId' in 'group statement'
	at sun.reflect.NativeConstructorAccessorImpl.newInstance0(Native Method) ~[na:1.8.0_71]
	at sun.reflect.NativeConstructorAccessorImpl.newInstance(Unknown Source) ~[na:1.8.0_71]
	at sun.reflect.DelegatingConstructorAccessorImpl.newInstance(Unknown Source) ~[na:1.8.0_71]
	at java.lang.reflect.Constructor.newInstance(Unknown Source) ~[na:1.8.0_71]
	at com.mysql.jdbc.Util.handleNewInstance(Util.java:409) ~[mysql-connector-java-5.1.12-bin.jar:na]
	at com.mysql.jdbc.Util.getInstance(Util.java:384) ~[mysql-connector-java-5.1.12-bin.jar:na]
	at com.mysql.jdbc.SQLError.createSQLException(SQLError.java:1054) ~[mysql-connector-java-5.1.12-bin.jar:na]
	at com.mysql.jdbc.MysqlIO.checkErrorPacket(MysqlIO.java:3562) ~[mysql-connector-java-5.1.12-bin.jar:na]
	at com.mysql.jdbc.MysqlIO.checkErrorPacket(MysqlIO.java:3494) ~[mysql-connector-java-5.1.12-bin.jar:na]
	at com.mysql.jdbc.MysqlIO.sendCommand(MysqlIO.java:1960) ~[mysql-connector-java-5.1.12-bin.jar:na]
	at com.mysql.jdbc.MysqlIO.sqlQueryDirect(MysqlIO.java:2114) ~[mysql-connector-java-5.1.12-bin.jar:na]
	at com.mysql.jdbc.ConnectionImpl.execSQL(ConnectionImpl.java:2690) ~[mysql-connector-java-5.1.12-bin.jar:na]
	at com.mysql.jdbc.ConnectionImpl.execSQL(ConnectionImpl.java:2619) ~[mysql-connector-java-5.1.12-bin.jar:na]
	at com.mysql.jdbc.StatementImpl.executeQuery(StatementImpl.java:1465) ~[mysql-connector-java-5.1.12-bin.jar:na]
	at com.upload.component.ServerListComponent.getServerList(ServerListComponent.java:483) [bin/:na]
	at com.upload.component.ServerListComponent.refreshServerList(ServerListComponent.java:300) [bin/:na]
	at com.upload.component.ServerListComponent.lambda$1(ServerListComponent.java:68) [bin/:na]
	at java.util.concurrent.Executors$RunnableAdapter.call(Unknown Source) ~[na:1.8.0_71]
	at java.util.concurrent.FutureTask.runAndReset(Unknown Source) ~[na:1.8.0_71]
	at java.util.concurrent.ScheduledThreadPoolExecutor$ScheduledFutureTask.access$301(Unknown Source) ~[na:1.8.0_71]
	at java.util.concurrent.ScheduledThreadPoolExecutor$ScheduledFutureTask.run(Unknown Source) ~[na:1.8.0_71]
	at java.util.concurrent.ThreadPoolExecutor.runWorker(Unknown Source) ~[na:1.8.0_71]
	at java.util.concurrent.ThreadPoolExecutor$Worker.run(Unknown Source) ~[na:1.8.0_71]
	at java.lang.Thread.run(Unknown Source) ~[na:1.8.0_71]
2019-08-23 18:08:24,131|ERROR|pool-1-thread-1|********刷新服务器列表异常.**************
2019-08-23 18:09:24,132|ERROR|pool-1-thread-1|定时任务:刷新服务器信息开始
2019-08-23 18:09:24,150|ERROR|pool-1-thread-1|
com.mysql.jdbc.exceptions.jdbc4.MySQLSyntaxErrorException: Unknown column 'MainServerId' in 'group statement'
	at sun.reflect.NativeConstructorAccessorImpl.newInstance0(Native Method) ~[na:1.8.0_71]
	at sun.reflect.NativeConstructorAccessorImpl.newInstance(Unknown Source) ~[na:1.8.0_71]
	at sun.reflect.DelegatingConstructorAccessorImpl.newInstance(Unknown Source) ~[na:1.8.0_71]
	at java.lang.reflect.Constructor.newInstance(Unknown Source) ~[na:1.8.0_71]
	at com.mysql.jdbc.Util.handleNewInstance(Util.java:409) ~[mysql-connector-java-5.1.12-bin.jar:na]
	at com.mysql.jdbc.Util.getInstance(Util.java:384) ~[mysql-connector-java-5.1.12-bin.jar:na]
	at com.mysql.jdbc.SQLError.createSQLException(SQLError.java:1054) ~[mysql-connector-java-5.1.12-bin.jar:na]
	at com.mysql.jdbc.MysqlIO.checkErrorPacket(MysqlIO.java:3562) ~[mysql-connector-java-5.1.12-bin.jar:na]
	at com.mysql.jdbc.MysqlIO.checkErrorPacket(MysqlIO.java:3494) ~[mysql-connector-java-5.1.12-bin.jar:na]
	at com.mysql.jdbc.MysqlIO.sendCommand(MysqlIO.java:1960) ~[mysql-connector-java-5.1.12-bin.jar:na]
	at com.mysql.jdbc.MysqlIO.sqlQueryDirect(MysqlIO.java:2114) ~[mysql-connector-java-5.1.12-bin.jar:na]
	at com.mysql.jdbc.ConnectionImpl.execSQL(ConnectionImpl.java:2690) ~[mysql-connector-java-5.1.12-bin.jar:na]
	at com.mysql.jdbc.ConnectionImpl.execSQL(ConnectionImpl.java:2619) ~[mysql-connector-java-5.1.12-bin.jar:na]
	at com.mysql.jdbc.StatementImpl.executeQuery(StatementImpl.java:1465) ~[mysql-connector-java-5.1.12-bin.jar:na]
	at com.upload.component.ServerListComponent.getServerList(ServerListComponent.java:483) [bin/:na]
	at com.upload.component.ServerListComponent.refreshServerList(ServerListComponent.java:300) [bin/:na]
	at com.upload.component.ServerListComponent.lambda$1(ServerListComponent.java:68) [bin/:na]
	at java.util.concurrent.Executors$RunnableAdapter.call(Unknown Source) ~[na:1.8.0_71]
	at java.util.concurrent.FutureTask.runAndReset(Unknown Source) ~[na:1.8.0_71]
	at java.util.concurrent.ScheduledThreadPoolExecutor$ScheduledFutureTask.access$301(Unknown Source) ~[na:1.8.0_71]
	at java.util.concurrent.ScheduledThreadPoolExecutor$ScheduledFutureTask.run(Unknown Source) ~[na:1.8.0_71]
	at java.util.concurrent.ThreadPoolExecutor.runWorker(Unknown Source) ~[na:1.8.0_71]
	at java.util.concurrent.ThreadPoolExecutor$Worker.run(Unknown Source) ~[na:1.8.0_71]
	at java.lang.Thread.run(Unknown Source) ~[na:1.8.0_71]
2019-08-23 18:09:24,151|ERROR|pool-1-thread-1|********刷新服务器列表异常.**************
2019-08-23 18:10:24,153|ERROR|pool-1-thread-1|定时任务:刷新服务器信息开始
2019-08-23 18:10:24,168|ERROR|pool-1-thread-1|
com.mysql.jdbc.exceptions.jdbc4.MySQLSyntaxErrorException: Unknown column 'MainServerId' in 'group statement'
	at sun.reflect.NativeConstructorAccessorImpl.newInstance0(Native Method) ~[na:1.8.0_71]
	at sun.reflect.NativeConstructorAccessorImpl.newInstance(Unknown Source) ~[na:1.8.0_71]
	at sun.reflect.DelegatingConstructorAccessorImpl.newInstance(Unknown Source) ~[na:1.8.0_71]
	at java.lang.reflect.Constructor.newInstance(Unknown Source) ~[na:1.8.0_71]
	at com.mysql.jdbc.Util.handleNewInstance(Util.java:409) ~[mysql-connector-java-5.1.12-bin.jar:na]
	at com.mysql.jdbc.Util.getInstance(Util.java:384) ~[mysql-connector-java-5.1.12-bin.jar:na]
	at com.mysql.jdbc.SQLError.createSQLException(SQLError.java:1054) ~[mysql-connector-java-5.1.12-bin.jar:na]
	at com.mysql.jdbc.MysqlIO.checkErrorPacket(MysqlIO.java:3562) ~[mysql-connector-java-5.1.12-bin.jar:na]
	at com.mysql.jdbc.MysqlIO.checkErrorPacket(MysqlIO.java:3494) ~[mysql-connector-java-5.1.12-bin.jar:na]
	at com.mysql.jdbc.MysqlIO.sendCommand(MysqlIO.java:1960) ~[mysql-connector-java-5.1.12-bin.jar:na]
	at com.mysql.jdbc.MysqlIO.sqlQueryDirect(MysqlIO.java:2114) ~[mysql-connector-java-5.1.12-bin.jar:na]
	at com.mysql.jdbc.ConnectionImpl.execSQL(ConnectionImpl.java:2690) ~[mysql-connector-java-5.1.12-bin.jar:na]
	at com.mysql.jdbc.ConnectionImpl.execSQL(ConnectionImpl.java:2619) ~[mysql-connector-java-5.1.12-bin.jar:na]
	at com.mysql.jdbc.StatementImpl.executeQuery(StatementImpl.java:1465) ~[mysql-connector-java-5.1.12-bin.jar:na]
	at com.upload.component.ServerListComponent.getServerList(ServerListComponent.java:483) [bin/:na]
	at com.upload.component.ServerListComponent.refreshServerList(ServerListComponent.java:300) [bin/:na]
	at com.upload.component.ServerListComponent.lambda$1(ServerListComponent.java:68) [bin/:na]
	at java.util.concurrent.Executors$RunnableAdapter.call(Unknown Source) ~[na:1.8.0_71]
	at java.util.concurrent.FutureTask.runAndReset(Unknown Source) ~[na:1.8.0_71]
	at java.util.concurrent.ScheduledThreadPoolExecutor$ScheduledFutureTask.access$301(Unknown Source) ~[na:1.8.0_71]
	at java.util.concurrent.ScheduledThreadPoolExecutor$ScheduledFutureTask.run(Unknown Source) ~[na:1.8.0_71]
	at java.util.concurrent.ThreadPoolExecutor.runWorker(Unknown Source) ~[na:1.8.0_71]
	at java.util.concurrent.ThreadPoolExecutor$Worker.run(Unknown Source) ~[na:1.8.0_71]
	at java.lang.Thread.run(Unknown Source) ~[na:1.8.0_71]
2019-08-23 18:10:24,168|ERROR|pool-1-thread-1|********刷新服务器列表异常.**************
2019-08-23 18:11:24,171|ERROR|pool-1-thread-1|定时任务:刷新服务器信息开始
2019-08-23 18:11:24,191|ERROR|pool-1-thread-1|
com.mysql.jdbc.exceptions.jdbc4.MySQLSyntaxErrorException: Unknown column 'MainServerId' in 'group statement'
	at sun.reflect.NativeConstructorAccessorImpl.newInstance0(Native Method) ~[na:1.8.0_71]
	at sun.reflect.NativeConstructorAccessorImpl.newInstance(Unknown Source) ~[na:1.8.0_71]
	at sun.reflect.DelegatingConstructorAccessorImpl.newInstance(Unknown Source) ~[na:1.8.0_71]
	at java.lang.reflect.Constructor.newInstance(Unknown Source) ~[na:1.8.0_71]
	at com.mysql.jdbc.Util.handleNewInstance(Util.java:409) ~[mysql-connector-java-5.1.12-bin.jar:na]
	at com.mysql.jdbc.Util.getInstance(Util.java:384) ~[mysql-connector-java-5.1.12-bin.jar:na]
	at com.mysql.jdbc.SQLError.createSQLException(SQLError.java:1054) ~[mysql-connector-java-5.1.12-bin.jar:na]
	at com.mysql.jdbc.MysqlIO.checkErrorPacket(MysqlIO.java:3562) ~[mysql-connector-java-5.1.12-bin.jar:na]
	at com.mysql.jdbc.MysqlIO.checkErrorPacket(MysqlIO.java:3494) ~[mysql-connector-java-5.1.12-bin.jar:na]
	at com.mysql.jdbc.MysqlIO.sendCommand(MysqlIO.java:1960) ~[mysql-connector-java-5.1.12-bin.jar:na]
	at com.mysql.jdbc.MysqlIO.sqlQueryDirect(MysqlIO.java:2114) ~[mysql-connector-java-5.1.12-bin.jar:na]
	at com.mysql.jdbc.ConnectionImpl.execSQL(ConnectionImpl.java:2690) ~[mysql-connector-java-5.1.12-bin.jar:na]
	at com.mysql.jdbc.ConnectionImpl.execSQL(ConnectionImpl.java:2619) ~[mysql-connector-java-5.1.12-bin.jar:na]
	at com.mysql.jdbc.StatementImpl.executeQuery(StatementImpl.java:1465) ~[mysql-connector-java-5.1.12-bin.jar:na]
	at com.upload.component.ServerListComponent.getServerList(ServerListComponent.java:483) [bin/:na]
	at com.upload.component.ServerListComponent.refreshServerList(ServerListComponent.java:300) [bin/:na]
	at com.upload.component.ServerListComponent.lambda$1(ServerListComponent.java:68) [bin/:na]
	at java.util.concurrent.Executors$RunnableAdapter.call(Unknown Source) ~[na:1.8.0_71]
	at java.util.concurrent.FutureTask.runAndReset(Unknown Source) ~[na:1.8.0_71]
	at java.util.concurrent.ScheduledThreadPoolExecutor$ScheduledFutureTask.access$301(Unknown Source) ~[na:1.8.0_71]
	at java.util.concurrent.ScheduledThreadPoolExecutor$ScheduledFutureTask.run(Unknown Source) ~[na:1.8.0_71]
	at java.util.concurrent.ThreadPoolExecutor.runWorker(Unknown Source) ~[na:1.8.0_71]
	at java.util.concurrent.ThreadPoolExecutor$Worker.run(Unknown Source) ~[na:1.8.0_71]
	at java.lang.Thread.run(Unknown Source) ~[na:1.8.0_71]
2019-08-23 18:11:24,191|ERROR|pool-1-thread-1|********刷新服务器列表异常.**************
2019-08-23 18:12:24,193|ERROR|pool-1-thread-1|定时任务:刷新服务器信息开始
2019-08-23 18:12:24,210|ERROR|pool-1-thread-1|
com.mysql.jdbc.exceptions.jdbc4.MySQLSyntaxErrorException: Unknown column 'MainServerId' in 'group statement'
	at sun.reflect.NativeConstructorAccessorImpl.newInstance0(Native Method) ~[na:1.8.0_71]
	at sun.reflect.NativeConstructorAccessorImpl.newInstance(Unknown Source) ~[na:1.8.0_71]
	at sun.reflect.DelegatingConstructorAccessorImpl.newInstance(Unknown Source) ~[na:1.8.0_71]
	at java.lang.reflect.Constructor.newInstance(Unknown Source) ~[na:1.8.0_71]
	at com.mysql.jdbc.Util.handleNewInstance(Util.java:409) ~[mysql-connector-java-5.1.12-bin.jar:na]
	at com.mysql.jdbc.Util.getInstance(Util.java:384) ~[mysql-connector-java-5.1.12-bin.jar:na]
	at com.mysql.jdbc.SQLError.createSQLException(SQLError.java:1054) ~[mysql-connector-java-5.1.12-bin.jar:na]
	at com.mysql.jdbc.MysqlIO.checkErrorPacket(MysqlIO.java:3562) ~[mysql-connector-java-5.1.12-bin.jar:na]
	at com.mysql.jdbc.MysqlIO.checkErrorPacket(MysqlIO.java:3494) ~[mysql-connector-java-5.1.12-bin.jar:na]
	at com.mysql.jdbc.MysqlIO.sendCommand(MysqlIO.java:1960) ~[mysql-connector-java-5.1.12-bin.jar:na]
	at com.mysql.jdbc.MysqlIO.sqlQueryDirect(MysqlIO.java:2114) ~[mysql-connector-java-5.1.12-bin.jar:na]
	at com.mysql.jdbc.ConnectionImpl.execSQL(ConnectionImpl.java:2690) ~[mysql-connector-java-5.1.12-bin.jar:na]
	at com.mysql.jdbc.ConnectionImpl.execSQL(ConnectionImpl.java:2619) ~[mysql-connector-java-5.1.12-bin.jar:na]
	at com.mysql.jdbc.StatementImpl.executeQuery(StatementImpl.java:1465) ~[mysql-connector-java-5.1.12-bin.jar:na]
	at com.upload.component.ServerListComponent.getServerList(ServerListComponent.java:483) [bin/:na]
	at com.upload.component.ServerListComponent.refreshServerList(ServerListComponent.java:300) [bin/:na]
	at com.upload.component.ServerListComponent.lambda$1(ServerListComponent.java:68) [bin/:na]
	at java.util.concurrent.Executors$RunnableAdapter.call(Unknown Source) ~[na:1.8.0_71]
	at java.util.concurrent.FutureTask.runAndReset(Unknown Source) ~[na:1.8.0_71]
	at java.util.concurrent.ScheduledThreadPoolExecutor$ScheduledFutureTask.access$301(Unknown Source) ~[na:1.8.0_71]
	at java.util.concurrent.ScheduledThreadPoolExecutor$ScheduledFutureTask.run(Unknown Source) ~[na:1.8.0_71]
	at java.util.concurrent.ThreadPoolExecutor.runWorker(Unknown Source) ~[na:1.8.0_71]
	at java.util.concurrent.ThreadPoolExecutor$Worker.run(Unknown Source) ~[na:1.8.0_71]
	at java.lang.Thread.run(Unknown Source) ~[na:1.8.0_71]
2019-08-23 18:12:24,210|ERROR|pool-1-thread-1|********刷新服务器列表异常.**************
2019-08-23 18:13:24,211|ERROR|pool-1-thread-1|定时任务:刷新服务器信息开始
2019-08-23 18:13:24,258|ERROR|pool-1-thread-1|
com.mysql.jdbc.exceptions.jdbc4.MySQLSyntaxErrorException: Unknown column 'MainServerId' in 'group statement'
	at sun.reflect.NativeConstructorAccessorImpl.newInstance0(Native Method) ~[na:1.8.0_71]
	at sun.reflect.NativeConstructorAccessorImpl.newInstance(Unknown Source) ~[na:1.8.0_71]
	at sun.reflect.DelegatingConstructorAccessorImpl.newInstance(Unknown Source) ~[na:1.8.0_71]
	at java.lang.reflect.Constructor.newInstance(Unknown Source) ~[na:1.8.0_71]
	at com.mysql.jdbc.Util.handleNewInstance(Util.java:409) ~[mysql-connector-java-5.1.12-bin.jar:na]
	at com.mysql.jdbc.Util.getInstance(Util.java:384) ~[mysql-connector-java-5.1.12-bin.jar:na]
	at com.mysql.jdbc.SQLError.createSQLException(SQLError.java:1054) ~[mysql-connector-java-5.1.12-bin.jar:na]
	at com.mysql.jdbc.MysqlIO.checkErrorPacket(MysqlIO.java:3562) ~[mysql-connector-java-5.1.12-bin.jar:na]
	at com.mysql.jdbc.MysqlIO.checkErrorPacket(MysqlIO.java:3494) ~[mysql-connector-java-5.1.12-bin.jar:na]
	at com.mysql.jdbc.MysqlIO.sendCommand(MysqlIO.java:1960) ~[mysql-connector-java-5.1.12-bin.jar:na]
	at com.mysql.jdbc.MysqlIO.sqlQueryDirect(MysqlIO.java:2114) ~[mysql-connector-java-5.1.12-bin.jar:na]
	at com.mysql.jdbc.ConnectionImpl.execSQL(ConnectionImpl.java:2690) ~[mysql-connector-java-5.1.12-bin.jar:na]
	at com.mysql.jdbc.ConnectionImpl.execSQL(ConnectionImpl.java:2619) ~[mysql-connector-java-5.1.12-bin.jar:na]
	at com.mysql.jdbc.StatementImpl.executeQuery(StatementImpl.java:1465) ~[mysql-connector-java-5.1.12-bin.jar:na]
	at com.upload.component.ServerListComponent.getServerList(ServerListComponent.java:483) [bin/:na]
	at com.upload.component.ServerListComponent.refreshServerList(ServerListComponent.java:300) [bin/:na]
	at com.upload.component.ServerListComponent.lambda$1(ServerListComponent.java:68) [bin/:na]
	at java.util.concurrent.Executors$RunnableAdapter.call(Unknown Source) ~[na:1.8.0_71]
	at java.util.concurrent.FutureTask.runAndReset(Unknown Source) ~[na:1.8.0_71]
	at java.util.concurrent.ScheduledThreadPoolExecutor$ScheduledFutureTask.access$301(Unknown Source) ~[na:1.8.0_71]
	at java.util.concurrent.ScheduledThreadPoolExecutor$ScheduledFutureTask.run(Unknown Source) ~[na:1.8.0_71]
	at java.util.concurrent.ThreadPoolExecutor.runWorker(Unknown Source) ~[na:1.8.0_71]
	at java.util.concurrent.ThreadPoolExecutor$Worker.run(Unknown Source) ~[na:1.8.0_71]
	at java.lang.Thread.run(Unknown Source) ~[na:1.8.0_71]
2019-08-23 18:13:24,259|ERROR|pool-1-thread-1|********刷新服务器列表异常.**************
2019-08-23 18:14:24,261|ERROR|pool-1-thread-1|定时任务:刷新服务器信息开始
2019-08-23 18:14:24,286|ERROR|pool-1-thread-1|
com.mysql.jdbc.exceptions.jdbc4.MySQLSyntaxErrorException: Unknown column 'MainServerId' in 'group statement'
	at sun.reflect.NativeConstructorAccessorImpl.newInstance0(Native Method) ~[na:1.8.0_71]
	at sun.reflect.NativeConstructorAccessorImpl.newInstance(Unknown Source) ~[na:1.8.0_71]
	at sun.reflect.DelegatingConstructorAccessorImpl.newInstance(Unknown Source) ~[na:1.8.0_71]
	at java.lang.reflect.Constructor.newInstance(Unknown Source) ~[na:1.8.0_71]
	at com.mysql.jdbc.Util.handleNewInstance(Util.java:409) ~[mysql-connector-java-5.1.12-bin.jar:na]
	at com.mysql.jdbc.Util.getInstance(Util.java:384) ~[mysql-connector-java-5.1.12-bin.jar:na]
	at com.mysql.jdbc.SQLError.createSQLException(SQLError.java:1054) ~[mysql-connector-java-5.1.12-bin.jar:na]
	at com.mysql.jdbc.MysqlIO.checkErrorPacket(MysqlIO.java:3562) ~[mysql-connector-java-5.1.12-bin.jar:na]
	at com.mysql.jdbc.MysqlIO.checkErrorPacket(MysqlIO.java:3494) ~[mysql-connector-java-5.1.12-bin.jar:na]
	at com.mysql.jdbc.MysqlIO.sendCommand(MysqlIO.java:1960) ~[mysql-connector-java-5.1.12-bin.jar:na]
	at com.mysql.jdbc.MysqlIO.sqlQueryDirect(MysqlIO.java:2114) ~[mysql-connector-java-5.1.12-bin.jar:na]
	at com.mysql.jdbc.ConnectionImpl.execSQL(ConnectionImpl.java:2690) ~[mysql-connector-java-5.1.12-bin.jar:na]
	at com.mysql.jdbc.ConnectionImpl.execSQL(ConnectionImpl.java:2619) ~[mysql-connector-java-5.1.12-bin.jar:na]
	at com.mysql.jdbc.StatementImpl.executeQuery(StatementImpl.java:1465) ~[mysql-connector-java-5.1.12-bin.jar:na]
	at com.upload.component.ServerListComponent.getServerList(ServerListComponent.java:483) [bin/:na]
	at com.upload.component.ServerListComponent.refreshServerList(ServerListComponent.java:300) [bin/:na]
	at com.upload.component.ServerListComponent.lambda$1(ServerListComponent.java:68) [bin/:na]
	at java.util.concurrent.Executors$RunnableAdapter.call(Unknown Source) ~[na:1.8.0_71]
	at java.util.concurrent.FutureTask.runAndReset(Unknown Source) ~[na:1.8.0_71]
	at java.util.concurrent.ScheduledThreadPoolExecutor$ScheduledFutureTask.access$301(Unknown Source) ~[na:1.8.0_71]
	at java.util.concurrent.ScheduledThreadPoolExecutor$ScheduledFutureTask.run(Unknown Source) ~[na:1.8.0_71]
	at java.util.concurrent.ThreadPoolExecutor.runWorker(Unknown Source) ~[na:1.8.0_71]
	at java.util.concurrent.ThreadPoolExecutor$Worker.run(Unknown Source) ~[na:1.8.0_71]
	at java.lang.Thread.run(Unknown Source) ~[na:1.8.0_71]
2019-08-23 18:14:24,288|ERROR|pool-1-thread-1|********刷新服务器列表异常.**************
2019-08-23 18:22:03,472|ERROR|main|Please input the config path.
2019-08-23 18:22:10,409|ERROR|main|定时任务:刷新服务器信息开始
2019-08-23 18:22:17,402|ERROR|main|
com.mysql.jdbc.exceptions.jdbc4.MySQLSyntaxErrorException: Unknown column 'MainServerId' in 'group statement'
	at sun.reflect.NativeConstructorAccessorImpl.newInstance0(Native Method) ~[na:1.8.0_71]
	at sun.reflect.NativeConstructorAccessorImpl.newInstance(Unknown Source) ~[na:1.8.0_71]
	at sun.reflect.DelegatingConstructorAccessorImpl.newInstance(Unknown Source) ~[na:1.8.0_71]
	at java.lang.reflect.Constructor.newInstance(Unknown Source) ~[na:1.8.0_71]
	at com.mysql.jdbc.Util.handleNewInstance(Util.java:409) ~[mysql-connector-java-5.1.12-bin.jar:na]
	at com.mysql.jdbc.Util.getInstance(Util.java:384) ~[mysql-connector-java-5.1.12-bin.jar:na]
	at com.mysql.jdbc.SQLError.createSQLException(SQLError.java:1054) ~[mysql-connector-java-5.1.12-bin.jar:na]
	at com.mysql.jdbc.MysqlIO.checkErrorPacket(MysqlIO.java:3562) ~[mysql-connector-java-5.1.12-bin.jar:na]
	at com.mysql.jdbc.MysqlIO.checkErrorPacket(MysqlIO.java:3494) ~[mysql-connector-java-5.1.12-bin.jar:na]
	at com.mysql.jdbc.MysqlIO.sendCommand(MysqlIO.java:1960) ~[mysql-connector-java-5.1.12-bin.jar:na]
	at com.mysql.jdbc.MysqlIO.sqlQueryDirect(MysqlIO.java:2114) ~[mysql-connector-java-5.1.12-bin.jar:na]
	at com.mysql.jdbc.ConnectionImpl.execSQL(ConnectionImpl.java:2690) ~[mysql-connector-java-5.1.12-bin.jar:na]
	at com.mysql.jdbc.ConnectionImpl.execSQL(ConnectionImpl.java:2619) ~[mysql-connector-java-5.1.12-bin.jar:na]
	at com.mysql.jdbc.StatementImpl.executeQuery(StatementImpl.java:1465) ~[mysql-connector-java-5.1.12-bin.jar:na]
	at com.upload.component.ServerListComponent.getServerList(ServerListComponent.java:483) [bin/:na]
	at com.upload.component.ServerListComponent.refreshServerList(ServerListComponent.java:300) [bin/:na]
	at com.upload.component.ServerListComponent.initialize(ServerListComponent.java:72) [bin/:na]
	at com.upload.component.ComponentManager.addComponent(ComponentManager.java:54) [bin/:na]
	at com.upload.ManagerServer.main(ManagerServer.java:46) [bin/:na]
2019-08-23 18:23:11,517|ERROR|main|Please input the config path.
2019-08-23 18:23:14,911|ERROR|main|定时任务:刷新服务器信息开始
2019-08-23 18:23:32,192|ERROR|main|定时任务:刷新服务器信息结束
2019-08-23 18:23:32,414|ERROR|main|****************** Component:[com.upload.database.DBPoolComponent] has started successfully.******************
2019-08-23 18:23:32,414|ERROR|main|****************** Component:[com.upload.component.ServerListComponent] has started successfully.******************
2019-08-23 18:23:32,651|ERROR|main|****************** Component:[com.upload.component.WebComponent] has started successfully.******************
2019-08-23 18:23:32,652|ERROR|main|****************** All Component has started successfully.******************
2019-08-23 18:23:32,652|ERROR|main|ManagerServer has started successfully, taken 21142 millis.
2019-08-23 18:24:14,910|ERROR|pool-1-thread-1|定时任务:刷新服务器信息开始
2019-08-23 18:24:18,544|ERROR|pool-1-thread-1|定时任务:刷新服务器信息结束
2019-08-23 18:25:07,444|ERROR|main|Please input the config path.
2019-08-23 18:25:08,179|ERROR|main|定时任务:刷新服务器信息开始
2019-08-23 18:25:08,253|ERROR|main|定时任务:刷新服务器信息结束
2019-08-23 18:25:08,472|ERROR|main|****************** Component:[com.upload.database.DBPoolComponent] has started successfully.******************
2019-08-23 18:25:08,472|ERROR|main|****************** Component:[com.upload.component.ServerListComponent] has started successfully.******************
2019-08-23 18:25:08,703|ERROR|main|****************** Component:[com.upload.component.WebComponent] has started successfully.******************
2019-08-23 18:25:08,703|ERROR|main|****************** All Component has started successfully.******************
2019-08-23 18:25:08,704|ERROR|main|ManagerServer has started successfully, taken 1269 millis.
2019-08-23 18:26:08,179|ERROR|pool-1-thread-1|定时任务:刷新服务器信息开始
2019-08-23 18:26:08,260|ERROR|pool-1-thread-1|定时任务:刷新服务器信息结束
2019-08-23 18:27:08,262|ERROR|pool-1-thread-1|定时任务:刷新服务器信息开始
2019-08-23 18:27:08,330|ERROR|pool-1-thread-1|定时任务:刷新服务器信息结束
2019-08-23 18:28:08,332|ERROR|pool-1-thread-1|定时任务:刷新服务器信息开始
2019-08-23 18:28:08,457|ERROR|pool-1-thread-1|定时任务:刷新服务器信息结束
2019-08-23 18:29:08,459|ERROR|pool-1-thread-1|定时任务:刷新服务器信息开始
2019-08-23 18:29:08,533|ERROR|pool-1-thread-1|定时任务:刷新服务器信息结束
2019-08-23 18:30:08,535|ERROR|pool-1-thread-1|定时任务:刷新服务器信息开始
2019-08-23 18:30:08,695|ERROR|pool-1-thread-1|定时任务:刷新服务器信息结束
2019-08-23 18:31:08,696|ERROR|pool-1-thread-1|定时任务:刷新服务器信息开始
2019-08-23 18:31:08,759|ERROR|pool-1-thread-1|定时任务:刷新服务器信息结束
2019-08-23 18:32:08,761|ERROR|pool-1-thread-1|定时任务:刷新服务器信息开始
2019-08-23 18:32:08,920|ERROR|pool-1-thread-1|定时任务:刷新服务器信息结束
2019-08-23 18:33:08,922|ERROR|pool-1-thread-1|定时任务:刷新服务器信息开始
2019-08-23 18:33:09,007|ERROR|pool-1-thread-1|定时任务:刷新服务器信息结束
2019-08-23 18:34:09,009|ERROR|pool-1-thread-1|定时任务:刷新服务器信息开始
2019-08-23 18:34:09,094|ERROR|pool-1-thread-1|定时任务:刷新服务器信息结束
2019-08-23 18:35:09,096|ERROR|pool-1-thread-1|定时任务:刷新服务器信息开始
2019-08-23 18:35:09,187|ERROR|pool-1-thread-1|定时任务:刷新服务器信息结束
2019-08-23 18:36:09,188|ERROR|pool-1-thread-1|定时任务:刷新服务器信息开始
2019-08-23 18:36:09,251|ERROR|pool-1-thread-1|定时任务:刷新服务器信息结束
2019-08-23 18:37:09,252|ERROR|pool-1-thread-1|定时任务:刷新服务器信息开始
2019-08-23 18:37:09,310|ERROR|pool-1-thread-1|定时任务:刷新服务器信息结束
2019-08-23 18:38:09,313|ERROR|pool-1-thread-1|定时任务:刷新服务器信息开始
2019-08-23 18:38:09,391|ERROR|pool-1-thread-1|定时任务:刷新服务器信息结束
2019-08-23 18:39:09,393|ERROR|pool-1-thread-1|定时任务:刷新服务器信息开始
2019-08-23 18:39:09,472|ERROR|pool-1-thread-1|定时任务:刷新服务器信息结束
2019-08-23 18:40:09,474|ERROR|pool-1-thread-1|定时任务:刷新服务器信息开始
2019-08-23 18:40:09,531|ERROR|pool-1-thread-1|定时任务:刷新服务器信息结束
2019-08-23 18:41:09,532|ERROR|pool-1-thread-1|定时任务:刷新服务器信息开始
2019-08-23 18:41:09,595|ERROR|pool-1-thread-1|定时任务:刷新服务器信息结束
2019-08-23 18:42:09,596|ERROR|pool-1-thread-1|定时任务:刷新服务器信息开始
2019-08-23 18:42:09,660|ERROR|pool-1-thread-1|定时任务:刷新服务器信息结束
2019-08-23 18:43:09,662|ERROR|pool-1-thread-1|定时任务:刷新服务器信息开始
2019-08-23 18:43:09,723|ERROR|pool-1-thread-1|定时任务:刷新服务器信息结束
2019-08-23 18:44:09,725|ERROR|pool-1-thread-1|定时任务:刷新服务器信息开始
2019-08-23 18:44:09,802|ERROR|pool-1-thread-1|定时任务:刷新服务器信息结束
2019-08-23 18:45:09,804|ERROR|pool-1-thread-1|定时任务:刷新服务器信息开始
2019-08-23 18:45:09,880|ERROR|pool-1-thread-1|定时任务:刷新服务器信息结束
2019-08-23 18:46:09,883|ERROR|pool-1-thread-1|定时任务:刷新服务器信息开始
2019-08-23 18:46:09,968|ERROR|pool-1-thread-1|定时任务:刷新服务器信息结束
2019-08-23 18:47:09,970|ERROR|pool-1-thread-1|定时任务:刷新服务器信息开始
2019-08-23 18:47:10,146|ERROR|pool-1-thread-1|定时任务:刷新服务器信息结束
2019-08-23 18:48:10,148|ERROR|pool-1-thread-1|定时任务:刷新服务器信息开始
2019-08-23 18:48:10,227|ERROR|pool-1-thread-1|定时任务:刷新服务器信息结束
2019-08-23 18:49:10,229|ERROR|pool-1-thread-1|定时任务:刷新服务器信息开始
2019-08-23 18:49:10,452|ERROR|pool-1-thread-1|定时任务:刷新服务器信息结束
2019-08-23 18:50:10,454|ERROR|pool-1-thread-1|定时任务:刷新服务器信息开始
2019-08-23 18:50:10,516|ERROR|pool-1-thread-1|定时任务:刷新服务器信息结束
2019-08-23 18:51:10,518|ERROR|pool-1-thread-1|定时任务:刷新服务器信息开始
2019-08-23 18:51:10,584|ERROR|pool-1-thread-1|定时任务:刷新服务器信息结束
2019-08-23 18:52:10,586|ERROR|pool-1-thread-1|定时任务:刷新服务器信息开始
2019-08-23 18:52:10,673|ERROR|pool-1-thread-1|定时任务:刷新服务器信息结束
2019-08-23 18:53:10,676|ERROR|pool-1-thread-1|定时任务:刷新服务器信息开始
2019-08-23 18:53:10,737|ERROR|pool-1-thread-1|定时任务:刷新服务器信息结束
2019-08-23 18:54:10,739|ERROR|pool-1-thread-1|定时任务:刷新服务器信息开始
2019-08-23 18:54:10,801|ERROR|pool-1-thread-1|定时任务:刷新服务器信息结束
2019-08-23 18:55:10,803|ERROR|pool-1-thread-1|定时任务:刷新服务器信息开始
2019-08-23 18:55:10,871|ERROR|pool-1-thread-1|定时任务:刷新服务器信息结束
2019-08-23 18:56:10,873|ERROR|pool-1-thread-1|定时任务:刷新服务器信息开始
2019-08-23 18:56:10,930|ERROR|pool-1-thread-1|定时任务:刷新服务器信息结束
2019-08-23 18:57:10,931|ERROR|pool-1-thread-1|定时任务:刷新服务器信息开始
2019-08-23 18:57:10,994|ERROR|pool-1-thread-1|定时任务:刷新服务器信息结束
2019-08-23 18:58:10,995|ERROR|pool-1-thread-1|定时任务:刷新服务器信息开始
2019-08-23 18:58:11,041|ERROR|pool-1-thread-1|定时任务:刷新服务器信息结束
2019-08-23 18:59:11,043|ERROR|pool-1-thread-1|定时任务:刷新服务器信息开始
2019-08-23 18:59:11,099|ERROR|pool-1-thread-1|定时任务:刷新服务器信息结束
2019-08-23 19:00:11,101|ERROR|pool-1-thread-1|定时任务:刷新服务器信息开始
2019-08-23 19:00:11,146|ERROR|pool-1-thread-1|定时任务:刷新服务器信息结束
2019-08-23 19:01:11,148|ERROR|pool-1-thread-1|定时任务:刷新服务器信息开始
2019-08-23 19:01:11,205|ERROR|pool-1-thread-1|定时任务:刷新服务器信息结束
2019-08-23 19:02:11,207|ERROR|pool-1-thread-1|定时任务:刷新服务器信息开始
2019-08-23 19:02:11,264|ERROR|pool-1-thread-1|定时任务:刷新服务器信息结束
2019-08-23 19:03:11,265|ERROR|pool-1-thread-1|定时任务:刷新服务器信息开始
2019-08-23 19:03:11,322|ERROR|pool-1-thread-1|定时任务:刷新服务器信息结束
2019-08-23 19:04:11,324|ERROR|pool-1-thread-1|定时任务:刷新服务器信息开始
2019-08-23 19:04:11,381|ERROR|pool-1-thread-1|定时任务:刷新服务器信息结束
2019-08-23 19:05:11,383|ERROR|pool-1-thread-1|定时任务:刷新服务器信息开始
2019-08-23 19:05:11,451|ERROR|pool-1-thread-1|定时任务:刷新服务器信息结束
2019-08-23 19:06:11,452|ERROR|pool-1-thread-1|定时任务:刷新服务器信息开始
2019-08-23 19:06:11,515|ERROR|pool-1-thread-1|定时任务:刷新服务器信息结束
2019-08-23 19:07:11,526|ERROR|pool-1-thread-1|定时任务:刷新服务器信息开始
2019-08-23 19:07:11,584|ERROR|pool-1-thread-1|定时任务:刷新服务器信息结束
2019-08-23 19:08:11,586|ERROR|pool-1-thread-1|定时任务:刷新服务器信息开始
2019-08-23 19:08:11,666|ERROR|pool-1-thread-1|定时任务:刷新服务器信息结束
2019-08-23 19:09:11,668|ERROR|pool-1-thread-1|定时任务:刷新服务器信息开始
2019-08-23 19:09:11,730|ERROR|pool-1-thread-1|定时任务:刷新服务器信息结束
2019-08-23 19:10:11,731|ERROR|pool-1-thread-1|定时任务:刷新服务器信息开始
2019-08-23 19:10:11,795|ERROR|pool-1-thread-1|定时任务:刷新服务器信息结束
2019-08-23 19:11:11,796|ERROR|pool-1-thread-1|定时任务:刷新服务器信息开始
2019-08-23 19:11:11,864|ERROR|pool-1-thread-1|定时任务:刷新服务器信息结束
2019-08-23 19:12:11,866|ERROR|pool-1-thread-1|定时任务:刷新服务器信息开始
2019-08-23 19:12:11,917|ERROR|pool-1-thread-1|定时任务:刷新服务器信息结束
2019-08-23 19:13:11,920|ERROR|pool-1-thread-1|定时任务:刷新服务器信息开始
2019-08-23 19:13:11,995|ERROR|pool-1-thread-1|定时任务:刷新服务器信息结束
2019-08-23 19:14:11,997|ERROR|pool-1-thread-1|定时任务:刷新服务器信息开始
2019-08-23 19:14:12,068|ERROR|pool-1-thread-1|定时任务:刷新服务器信息结束
2019-08-23 19:15:12,070|ERROR|pool-1-thread-1|定时任务:刷新服务器信息开始
2019-08-23 19:15:12,115|ERROR|pool-1-thread-1|定时任务:刷新服务器信息结束
2019-08-23 19:16:12,117|ERROR|pool-1-thread-1|定时任务:刷新服务器信息开始
2019-08-23 19:16:12,191|ERROR|pool-1-thread-1|定时任务:刷新服务器信息结束
2019-08-23 19:17:12,193|ERROR|pool-1-thread-1|定时任务:刷新服务器信息开始
2019-08-23 19:17:12,261|ERROR|pool-1-thread-1|定时任务:刷新服务器信息结束
2019-08-23 19:18:12,263|ERROR|pool-1-thread-1|定时任务:刷新服务器信息开始
2019-08-23 19:18:12,325|ERROR|pool-1-thread-1|定时任务:刷新服务器信息结束
2019-08-23 19:19:12,327|ERROR|pool-1-thread-1|定时任务:刷新服务器信息开始
2019-08-23 19:19:12,475|ERROR|pool-1-thread-1|定时任务:刷新服务器信息结束
2019-08-23 19:20:12,477|ERROR|pool-1-thread-1|定时任务:刷新服务器信息开始
2019-08-23 19:20:12,539|ERROR|pool-1-thread-1|定时任务:刷新服务器信息结束
2019-08-23 19:21:12,542|ERROR|pool-1-thread-1|定时任务:刷新服务器信息开始
2019-08-23 19:21:12,689|ERROR|pool-1-thread-1|定时任务:刷新服务器信息结束
2019-08-23 19:22:12,691|ERROR|pool-1-thread-1|定时任务:刷新服务器信息开始
2019-08-23 19:22:12,753|ERROR|pool-1-thread-1|定时任务:刷新服务器信息结束
2019-08-23 19:23:12,755|ERROR|pool-1-thread-1|定时任务:刷新服务器信息开始
2019-08-23 19:23:12,818|ERROR|pool-1-thread-1|定时任务:刷新服务器信息结束
2019-08-23 19:24:12,819|ERROR|pool-1-thread-1|定时任务:刷新服务器信息开始
2019-08-23 19:24:12,893|ERROR|pool-1-thread-1|定时任务:刷新服务器信息结束
2019-08-23 19:25:12,895|ERROR|pool-1-thread-1|定时任务:刷新服务器信息开始
2019-08-23 19:25:12,958|ERROR|pool-1-thread-1|定时任务:刷新服务器信息结束
2019-08-23 19:26:12,959|ERROR|pool-1-thread-1|定时任务:刷新服务器信息开始
2019-08-23 19:26:13,042|ERROR|pool-1-thread-1|定时任务:刷新服务器信息结束
2019-08-23 19:27:13,043|ERROR|pool-1-thread-1|定时任务:刷新服务器信息开始
2019-08-23 19:27:13,091|ERROR|pool-1-thread-1|定时任务:刷新服务器信息结束
2019-08-23 19:28:13,093|ERROR|pool-1-thread-1|定时任务:刷新服务器信息开始
2019-08-23 19:28:13,150|ERROR|pool-1-thread-1|定时任务:刷新服务器信息结束
2019-08-23 19:29:13,152|ERROR|pool-1-thread-1|定时任务:刷新服务器信息开始
2019-08-23 19:29:13,209|ERROR|pool-1-thread-1|定时任务:刷新服务器信息结束
