2019-05-06 10:40:29,201|ERROR|main|Please input the config path.
2019-05-06 10:40:30,570|ERROR|main|****************** Component:[com.upload.database.DBPoolComponent] has started successfully.******************
2019-05-06 10:40:30,572|ERROR|main|****************** Component:[com.upload.component.ServerListComponent] has started successfully.******************
2019-05-06 10:40:30,840|ERROR|main|****************** Component:[com.upload.component.WebComponent] has started successfully.******************
2019-05-06 10:40:30,840|ERROR|main|****************** All Component has started successfully.******************
2019-05-06 10:40:30,840|ERROR|main|UploadServer has started successfully, taken 1646 millis.
2019-05-06 10:45:07,655|ERROR|main|Please input the config path.
2019-05-06 10:45:08,783|ERROR|main|****************** Component:[com.upload.database.DBPoolComponent] has started successfully.******************
2019-05-06 10:45:08,785|ERROR|main|****************** Component:[com.upload.component.ServerListComponent] has started successfully.******************
2019-05-06 10:45:09,005|ERROR|main|****************** Component:[com.upload.component.WebComponent] has started successfully.******************
2019-05-06 10:45:09,005|ERROR|main|****************** All Component has started successfully.******************
2019-05-06 10:45:09,006|ERROR|main|UploadServer has started successfully, taken 1356 millis.
2019-05-06 10:48:38,890|ERROR|main|Please input the config path.
2019-05-06 10:48:40,109|ERROR|main|****************** Component:[com.upload.database.DBPoolComponent] has started successfully.******************
2019-05-06 10:48:40,110|ERROR|main|****************** Component:[com.upload.component.ServerListComponent] has started successfully.******************
2019-05-06 10:48:40,369|ERROR|main|****************** Component:[com.upload.component.WebComponent] has started successfully.******************
2019-05-06 10:48:40,369|ERROR|main|****************** All Component has started successfully.******************
2019-05-06 10:48:40,369|ERROR|main|UploadServer has started successfully, taken 1484 millis.
2019-05-06 11:04:50,923|ERROR|main|Please input the config path.
2019-05-06 11:04:52,197|ERROR|main|****************** Component:[com.upload.database.DBPoolComponent] has started successfully.******************
2019-05-06 11:04:52,199|ERROR|main|****************** Component:[com.upload.component.ServerListComponent] has started successfully.******************
2019-05-06 11:04:52,454|ERROR|main|****************** Component:[com.upload.component.WebComponent] has started successfully.******************
2019-05-06 11:04:52,455|ERROR|main|****************** All Component has started successfully.******************
2019-05-06 11:04:52,455|ERROR|main|UploadServer has started successfully, taken 1538 millis.
2019-05-06 11:06:56,596|ERROR|main|Please input the config path.
2019-05-06 11:07:36,934|ERROR|main|****************** Component:[com.upload.database.DBPoolComponent] has started successfully.******************
2019-05-06 11:07:36,939|ERROR|main|****************** Component:[com.upload.component.ServerListComponent] has started successfully.******************
2019-05-06 11:07:37,188|ERROR|main|****************** Component:[com.upload.component.WebComponent] has started successfully.******************
2019-05-06 11:07:37,189|ERROR|main|****************** Component:[com.upload.component.CdnComponent] has started successfully.******************
2019-05-06 11:07:37,189|ERROR|main|****************** All Component has started successfully.******************
2019-05-06 11:07:37,189|ERROR|main|UploadServer has started successfully, taken 40598 millis.
2019-05-06 11:14:37,633|ERROR|main|Please input the config path.
2019-05-06 11:14:38,755|ERROR|main|****************** Component:[com.upload.database.DBPoolComponent] has started successfully.******************
2019-05-06 11:14:38,757|ERROR|main|****************** Component:[com.upload.component.ServerListComponent] has started successfully.******************
2019-05-06 11:14:39,043|ERROR|main|****************** Component:[com.upload.component.WebComponent] has started successfully.******************
2019-05-06 11:14:39,043|ERROR|main|****************** Component:[com.upload.component.CdnComponent] has started successfully.******************
2019-05-06 11:14:39,043|ERROR|main|****************** All Component has started successfully.******************
2019-05-06 11:14:39,044|ERROR|main|UploadServer has started successfully, taken 1416 millis.
2019-05-06 11:20:19,500|ERROR|main|Please input the config path.
2019-05-06 11:20:20,561|ERROR|main|****************** Component:[com.upload.database.DBPoolComponent] has started successfully.******************
2019-05-06 11:20:20,563|ERROR|main|****************** Component:[com.upload.component.ServerListComponent] has started successfully.******************
2019-05-06 11:20:20,783|ERROR|main|****************** Component:[com.upload.component.WebComponent] has started successfully.******************
2019-05-06 11:20:20,783|ERROR|main|****************** Component:[com.upload.component.CdnComponent] has started successfully.******************
2019-05-06 11:20:20,783|ERROR|main|****************** All Component has started successfully.******************
2019-05-06 11:20:20,783|ERROR|main|UploadServer has started successfully, taken 1288 millis.
2019-05-06 11:20:55,135|ERROR|qtp434610528-22|127.0.0.1--请求异常:action(refreshClient) params({'id':'10000'})
java.lang.NullPointerException: null
	at com.upload.web.servlet.serverlist.RefreshClientServlet.execute(RefreshClientServlet.java:32) ~[bin/:na]
	at com.upload.web.servlet.BaseHandlerServlet.doPost(BaseHandlerServlet.java:89) [bin/:na]
	at com.upload.web.servlet.BaseHandlerServlet.doGet(BaseHandlerServlet.java:53) [bin/:na]
	at javax.servlet.http.HttpServlet.service(HttpServlet.java:687) [servlet-api-3.1.jar:3.1.0]
	at javax.servlet.http.HttpServlet.service(HttpServlet.java:790) [servlet-api-3.1.jar:3.1.0]
	at org.eclipse.jetty.servlet.ServletHolder.handle(ServletHolder.java:838) [jetty-servlet-9.4.0.v20161208.jar:9.4.0.v20161208]
	at org.eclipse.jetty.servlet.ServletHandler.doHandle(ServletHandler.java:543) [jetty-servlet-9.4.0.v20161208.jar:9.4.0.v20161208]
	at org.eclipse.jetty.server.handler.ScopedHandler.nextHandle(ScopedHandler.java:188) [jetty-server-9.4.0.v20161208.jar:9.4.0.v20161208]
	at org.eclipse.jetty.server.session.SessionHandler.doHandle(SessionHandler.java:1584) [jetty-server-9.4.0.v20161208.jar:9.4.0.v20161208]
	at org.eclipse.jetty.server.handler.ScopedHandler.nextHandle(ScopedHandler.java:188) [jetty-server-9.4.0.v20161208.jar:9.4.0.v20161208]
	at org.eclipse.jetty.server.handler.ContextHandler.doHandle(ContextHandler.java:1228) [jetty-server-9.4.0.v20161208.jar:9.4.0.v20161208]
	at org.eclipse.jetty.server.handler.ScopedHandler.nextScope(ScopedHandler.java:168) [jetty-server-9.4.0.v20161208.jar:9.4.0.v20161208]
	at org.eclipse.jetty.servlet.ServletHandler.doScope(ServletHandler.java:481) [jetty-servlet-9.4.0.v20161208.jar:9.4.0.v20161208]
	at org.eclipse.jetty.server.session.SessionHandler.doScope(SessionHandler.java:1553) [jetty-server-9.4.0.v20161208.jar:9.4.0.v20161208]
	at org.eclipse.jetty.server.handler.ScopedHandler.nextScope(ScopedHandler.java:166) [jetty-server-9.4.0.v20161208.jar:9.4.0.v20161208]
	at org.eclipse.jetty.server.handler.ContextHandler.doScope(ContextHandler.java:1130) [jetty-server-9.4.0.v20161208.jar:9.4.0.v20161208]
	at org.eclipse.jetty.server.handler.ScopedHandler.handle(ScopedHandler.java:141) [jetty-server-9.4.0.v20161208.jar:9.4.0.v20161208]
	at org.eclipse.jetty.server.handler.HandlerList.handle(HandlerList.java:52) [jetty-server-9.4.0.v20161208.jar:9.4.0.v20161208]
	at org.eclipse.jetty.server.handler.HandlerWrapper.handle(HandlerWrapper.java:132) [jetty-server-9.4.0.v20161208.jar:9.4.0.v20161208]
	at org.eclipse.jetty.server.Server.handle(Server.java:564) [jetty-server-9.4.0.v20161208.jar:9.4.0.v20161208]
	at org.eclipse.jetty.server.HttpChannel.handle(HttpChannel.java:318) [jetty-server-9.4.0.v20161208.jar:9.4.0.v20161208]
	at org.eclipse.jetty.server.HttpConnection.onFillable(HttpConnection.java:251) [jetty-server-9.4.0.v20161208.jar:9.4.0.v20161208]
	at org.eclipse.jetty.io.AbstractConnection$ReadCallback.succeeded(AbstractConnection.java:279) [jetty-io-9.4.0.v20161208.jar:9.4.0.v20161208]
	at org.eclipse.jetty.io.FillInterest.fillable(FillInterest.java:112) [jetty-io-9.4.0.v20161208.jar:9.4.0.v20161208]
	at org.eclipse.jetty.io.ChannelEndPoint$2.run(ChannelEndPoint.java:124) [jetty-io-9.4.0.v20161208.jar:9.4.0.v20161208]
	at org.eclipse.jetty.util.thread.QueuedThreadPool.runJob(QueuedThreadPool.java:672) [jetty-util-9.4.0.v20161208.jar:9.4.0.v20161208]
	at org.eclipse.jetty.util.thread.QueuedThreadPool$2.run(QueuedThreadPool.java:590) [jetty-util-9.4.0.v20161208.jar:9.4.0.v20161208]
	at java.lang.Thread.run(Thread.java:745) [na:1.8.0_60]
2019-05-06 11:21:23,663|ERROR|main|Please input the config path.
2019-05-06 11:21:24,843|ERROR|main|****************** Component:[com.upload.database.DBPoolComponent] has started successfully.******************
2019-05-06 11:21:24,845|ERROR|main|****************** Component:[com.upload.component.ServerListComponent] has started successfully.******************
2019-05-06 11:21:25,105|ERROR|main|****************** Component:[com.upload.component.WebComponent] has started successfully.******************
2019-05-06 11:21:25,105|ERROR|main|****************** Component:[com.upload.component.CdnComponent] has started successfully.******************
2019-05-06 11:21:25,105|ERROR|main|****************** All Component has started successfully.******************
2019-05-06 11:21:25,105|ERROR|main|UploadServer has started successfully, taken 1450 millis.
2019-05-06 11:22:37,902|ERROR|main|Please input the config path.
2019-05-06 11:22:39,084|ERROR|main|****************** Component:[com.upload.database.DBPoolComponent] has started successfully.******************
2019-05-06 11:22:39,086|ERROR|main|****************** Component:[com.upload.component.ServerListComponent] has started successfully.******************
2019-05-06 11:22:39,427|ERROR|main|****************** Component:[com.upload.component.WebComponent] has started successfully.******************
2019-05-06 11:22:39,428|ERROR|main|****************** Component:[com.upload.component.CdnComponent] has started successfully.******************
2019-05-06 11:22:39,428|ERROR|main|****************** All Component has started successfully.******************
2019-05-06 11:22:39,428|ERROR|main|UploadServer has started successfully, taken 1531 millis.
2019-05-06 11:48:40,489|ERROR|main|Please input the config path.
2019-05-06 11:50:54,369|ERROR|main|Please input the config path.
2019-05-06 13:38:28,480|ERROR|main|Please input the config path.
2019-05-06 13:39:43,303|ERROR|main|Please input the config path.
2019-05-06 13:42:46,145|ERROR|main|Please input the config path.
2019-05-06 13:45:27,552|ERROR|main|Please input the config path.
2019-05-06 13:53:53,116|ERROR|main|Please input the config path.
2019-05-06 13:55:09,506|ERROR|main|Please input the config path.
2019-05-06 13:55:30,317|ERROR|main|Please input the config path.
2019-05-06 13:57:21,239|ERROR|main|Please input the config path.
2019-05-06 13:57:31,348|ERROR|main|****************** Component:[com.upload.database.DBPoolComponent] has started successfully.******************
2019-05-06 13:57:31,353|ERROR|main|****************** Component:[com.upload.component.ServerListComponent] has started successfully.******************
2019-05-06 13:57:31,630|ERROR|main|****************** Component:[com.upload.component.WebComponent] has started successfully.******************
2019-05-06 13:57:31,631|ERROR|main|****************** Component:[com.upload.component.CdnComponent] has started successfully.******************
2019-05-06 13:57:31,631|ERROR|main|****************** All Component has started successfully.******************
2019-05-06 13:57:31,631|ERROR|main|UploadServer has started successfully, taken 10405 millis.
2019-05-06 14:06:06,925|ERROR|main|Please input the config path.
2019-05-06 14:07:05,983|ERROR|main|****************** Component:[com.upload.database.DBPoolComponent] has started successfully.******************
2019-05-06 14:07:05,986|ERROR|main|****************** Component:[com.upload.component.ServerListComponent] has started successfully.******************
2019-05-06 14:07:06,280|ERROR|main|****************** Component:[com.upload.component.WebComponent] has started successfully.******************
2019-05-06 14:07:06,282|ERROR|main|****************** Component:[com.upload.component.CdnComponent] has started successfully.******************
2019-05-06 14:07:06,289|ERROR|main|****************** All Component has started successfully.******************
2019-05-06 14:07:06,290|ERROR|main|UploadServer has started successfully, taken 59375 millis.
2019-05-06 14:16:49,979|ERROR|qtp1006751649-22|请求刷新缓存：{
  "metadata" : {
    "bceRequestId" : "e6c1f115-0d03-4ce4-b677-dec8d10adbd5",
    "contentLength" : 78,
    "contentType" : "application/json;charset=utf-8",
    "date" : 1557123411000,
    "server" : "nginx/1.14.0"
  },
  "id" : "eJwFwcERACAIA7CJuEOLFH7Ogsr+I5jYcigxNrUPu0OsYopBIenxhMjKuqwB+/fBCwg="
}
2019-05-06 14:17:07,700|ERROR|qtp1006751649-22|{"details":[{"createdAt":1557123411000,"progress":77,"status":"in-progress","task":{"type":"directory","url":"http://dlq.hgame.com/"}}],"metadata":{"bceRequestId":"baffb1c0-2ab8-4c2d-a068-4f706d11aee2","contentLength":214,"contentType":"application/json;charset=utf-8","date":1557123424000,"server":"nginx/1.14.0"},"truncated":false}
2019-05-06 14:21:38,347|ERROR|qtp1006751649-21|请求刷新缓存：{
  "metadata" : {
    "bceRequestId" : "a8112034-ca7c-4bb4-bb0b-ad7efa0c3216",
    "contentLength" : 79,
    "contentType" : "application/json;charset=utf-8",
    "date" : 1557123700000,
    "server" : "nginx/1.14.0"
  },
  "id" : "eJwFwcERACAIA7CJuINSQX+uArj/DCZc4ZqIq2NVxiNMGyGC0tsgNXhsBMb9A/IWCtk="
}
2019-05-06 14:21:38,773|ERROR|qtp1006751649-21|{"details":[{"createdAt":1557123700000,"progress":0,"status":"in-progress","task":{"type":"file","url":"http://dlq.hgame.com/"}}],"metadata":{"bceRequestId":"ecd0371b-d509-4a08-856e-4709123be9cd","contentLength":208,"contentType":"application/json;charset=utf-8","date":1557123700000,"server":"nginx/1.14.0"},"truncated":false}
2019-05-06 14:26:24,518|ERROR|qtp1006751649-18|请求刷新缓存：{
  "metadata" : {
    "bceRequestId" : "57948bf9-a62a-4f1e-b63f-7fe47a814acf",
    "contentLength" : 80,
    "contentType" : "application/json;charset=utf-8",
    "date" : 1557123986000,
    "server" : "nginx/1.14.0"
  },
  "id" : "eJwFwckNACAIBMCKSLgE+dnKErT/EpzxFcapcp4JwHrJZw15NFPVNAlqKwLhOR//cwt7"
}
2019-05-06 14:26:24,719|ERROR|qtp1006751649-18|{"details":[{"createdAt":1557123986000,"progress":0,"status":"in-progress","task":{"type":"file","url":"http://dlq.hgame.com/"}}],"metadata":{"bceRequestId":"36fbd13f-ea09-4a8d-a8b9-761760b45c87","contentLength":208,"contentType":"application/json;charset=utf-8","date":1557123986000,"server":"nginx/1.14.0"},"truncated":false}
2019-05-06 14:38:08,546|ERROR|qtp1006751649-18|请求刷新缓存：{
  "metadata" : {
    "bceRequestId" : "86cd5f91-d714-4cc7-b6b3-ce6a84b2cba1",
    "contentLength" : 78,
    "contentType" : "application/json;charset=utf-8",
    "date" : 1557124690000,
    "server" : "nginx/1.14.0"
  },
  "id" : "eJwFwckNACAIBMCKSBbkkJ+tSIT+S3BGzReCcTIRzRC6xkX6uqlGjcZrHFvQkh/4WAtQ"
}
2019-05-06 14:38:08,747|ERROR|qtp1006751649-18|{"details":[{"createdAt":1557124690000,"progress":0,"status":"in-progress","task":{"type":"directory","url":"http://dlq.hgame.com/"}}],"metadata":{"bceRequestId":"cc9ae75a-7124-4b21-83e9-02417478fdc5","contentLength":213,"contentType":"application/json;charset=utf-8","date":1557124690000,"server":"nginx/1.14.0"},"truncated":false}
2019-05-06 14:47:08,407|ERROR|qtp1006751649-18|请求刷新缓存：{
  "metadata" : {
    "bceRequestId" : "61c0711d-fd14-4f6f-bd1d-a0eb6977e576",
    "contentLength" : 78,
    "contentType" : "application/json;charset=utf-8",
    "date" : 1557125230000,
    "server" : "nginx/1.14.0"
  },
  "id" : "eJwNyskRACAIBLCKmOFygZ+1iPTfguYdXzAOlr0GkCtBqWhysaZSPZQwm3+ygh/qNgo5"
}
2019-05-06 14:47:08,837|ERROR|qtp1006751649-18|{"details":[{"createdAt":1557125230000,"progress":0,"status":"in-progress","task":{"type":"file","url":"http://dlq.hgame.com/"}}],"metadata":{"bceRequestId":"80cc6d78-73a7-4980-9ac9-280705c57167","contentLength":208,"contentType":"application/json;charset=utf-8","date":1557125230000,"server":"nginx/1.14.0"},"truncated":false}
2019-05-06 14:54:02,111|ERROR|qtp1006751649-19|请求刷新缓存：{
  "metadata" : {
    "bceRequestId" : "610a76cc-356f-4715-9951-892e8262ceb5",
    "contentLength" : 78,
    "contentType" : "application/json;charset=utf-8",
    "date" : 1557125644000,
    "server" : "nginx/1.14.0"
  },
  "id" : "eJwFwcERACAIA7CJuANbUH+uooj7j2BCD2hMrg1mM38yOFQIlJynV6zgZj07Kz/z+Asf"
}
2019-05-06 14:54:02,321|ERROR|qtp1006751649-19|{"details":[{"createdAt":1557125644000,"progress":0,"status":"in-progress","task":{"type":"file","url":"http://dlq.hgame.com/"}}],"metadata":{"bceRequestId":"c14b66ab-5ad9-4519-bc83-8e2e6c7cf2e5","contentLength":208,"contentType":"application/json;charset=utf-8","date":1557125644000,"server":"nginx/1.14.0"},"truncated":false}
2019-05-06 15:13:51,242|ERROR|main|Please input the config path.
2019-05-06 15:13:52,860|ERROR|main|****************** Component:[com.upload.database.DBPoolComponent] has started successfully.******************
2019-05-06 15:13:52,863|ERROR|main|****************** Component:[com.upload.component.ServerListComponent] has started successfully.******************
2019-05-06 15:13:53,058|ERROR|main|****************** Component:[com.upload.component.WebComponent] has started successfully.******************
2019-05-06 15:13:53,059|ERROR|main|****************** Component:[com.upload.component.CdnComponent] has started successfully.******************
2019-05-06 15:13:53,059|ERROR|main|****************** All Component has started successfully.******************
2019-05-06 15:13:53,059|ERROR|main|UploadServer has started successfully, taken 1825 millis.
2019-05-06 15:21:08,372|ERROR|main|Please input the config path.
2019-05-06 15:21:09,880|ERROR|main|****************** Component:[com.upload.database.DBPoolComponent] has started successfully.******************
2019-05-06 15:21:09,883|ERROR|main|****************** Component:[com.upload.component.ServerListComponent] has started successfully.******************
2019-05-06 15:21:10,043|ERROR|main|****************** Component:[com.upload.component.WebComponent] has started successfully.******************
2019-05-06 15:21:10,044|ERROR|main|****************** Component:[com.upload.component.CdnComponent] has started successfully.******************
2019-05-06 15:21:10,044|ERROR|main|****************** All Component has started successfully.******************
2019-05-06 15:21:10,044|ERROR|main|UploadServer has started successfully, taken 1678 millis.
2019-05-06 15:37:00,391|ERROR|main|Please input the config path.
2019-05-06 15:37:01,864|ERROR|main|****************** Component:[com.upload.database.DBPoolComponent] has started successfully.******************
2019-05-06 15:37:01,866|ERROR|main|****************** Component:[com.upload.component.ServerListComponent] has started successfully.******************
2019-05-06 15:37:02,028|ERROR|main|****************** Component:[com.upload.component.WebComponent] has started successfully.******************
2019-05-06 15:37:02,028|ERROR|main|****************** Component:[com.upload.component.CdnComponent] has started successfully.******************
2019-05-06 15:37:02,028|ERROR|main|****************** All Component has started successfully.******************
2019-05-06 15:37:02,028|ERROR|main|UploadServer has started successfully, taken 1644 millis.
2019-05-06 15:44:35,034|ERROR|main|Please input the config path.
2019-05-06 15:44:36,529|ERROR|main|****************** Component:[com.upload.database.DBPoolComponent] has started successfully.******************
2019-05-06 15:44:36,532|ERROR|main|****************** Component:[com.upload.component.ServerListComponent] has started successfully.******************
2019-05-06 15:44:36,680|ERROR|main|****************** Component:[com.upload.component.WebComponent] has started successfully.******************
2019-05-06 15:44:36,680|ERROR|main|****************** Component:[com.upload.component.CdnComponent] has started successfully.******************
2019-05-06 15:44:36,680|ERROR|main|****************** All Component has started successfully.******************
2019-05-06 15:44:36,681|ERROR|main|UploadServer has started successfully, taken 1653 millis.
2019-05-06 16:13:25,508|ERROR|qtp110053477-24|127.0.0.1--请求异常:action(login) params({accountName:dream,password:123BGPU$*)
com.google.gson.JsonSyntaxException: java.io.EOFException: End of input at line 1 column 38
	at com.google.gson.Gson.fromJson(Gson.java:813) ~[gson-2.2.4.jar:na]
	at com.google.gson.Gson.fromJson(Gson.java:768) ~[gson-2.2.4.jar:na]
	at com.google.gson.Gson.fromJson(Gson.java:717) ~[gson-2.2.4.jar:na]
	at com.google.gson.Gson.fromJson(Gson.java:689) ~[gson-2.2.4.jar:na]
	at com.upload.web.servlet.login.LoginServlet.execute(LoginServlet.java:39) ~[bin/:na]
	at com.upload.web.servlet.BaseHandlerServlet.doPost(BaseHandlerServlet.java:89) ~[bin/:na]
	at javax.servlet.http.HttpServlet.service(HttpServlet.java:707) [servlet-api-3.1.jar:3.1.0]
	at javax.servlet.http.HttpServlet.service(HttpServlet.java:790) [servlet-api-3.1.jar:3.1.0]
	at org.eclipse.jetty.servlet.ServletHolder.handle(ServletHolder.java:838) [jetty-servlet-9.4.0.v20161208.jar:9.4.0.v20161208]
	at org.eclipse.jetty.servlet.ServletHandler.doHandle(ServletHandler.java:543) [jetty-servlet-9.4.0.v20161208.jar:9.4.0.v20161208]
	at org.eclipse.jetty.server.handler.ScopedHandler.nextHandle(ScopedHandler.java:188) [jetty-server-9.4.0.v20161208.jar:9.4.0.v20161208]
	at org.eclipse.jetty.server.session.SessionHandler.doHandle(SessionHandler.java:1584) [jetty-server-9.4.0.v20161208.jar:9.4.0.v20161208]
	at org.eclipse.jetty.server.handler.ScopedHandler.nextHandle(ScopedHandler.java:188) [jetty-server-9.4.0.v20161208.jar:9.4.0.v20161208]
	at org.eclipse.jetty.server.handler.ContextHandler.doHandle(ContextHandler.java:1228) [jetty-server-9.4.0.v20161208.jar:9.4.0.v20161208]
	at org.eclipse.jetty.server.handler.ScopedHandler.nextScope(ScopedHandler.java:168) [jetty-server-9.4.0.v20161208.jar:9.4.0.v20161208]
	at org.eclipse.jetty.servlet.ServletHandler.doScope(ServletHandler.java:481) [jetty-servlet-9.4.0.v20161208.jar:9.4.0.v20161208]
	at org.eclipse.jetty.server.session.SessionHandler.doScope(SessionHandler.java:1553) [jetty-server-9.4.0.v20161208.jar:9.4.0.v20161208]
	at org.eclipse.jetty.server.handler.ScopedHandler.nextScope(ScopedHandler.java:166) [jetty-server-9.4.0.v20161208.jar:9.4.0.v20161208]
	at org.eclipse.jetty.server.handler.ContextHandler.doScope(ContextHandler.java:1130) [jetty-server-9.4.0.v20161208.jar:9.4.0.v20161208]
	at org.eclipse.jetty.server.handler.ScopedHandler.handle(ScopedHandler.java:141) [jetty-server-9.4.0.v20161208.jar:9.4.0.v20161208]
	at org.eclipse.jetty.server.handler.HandlerList.handle(HandlerList.java:52) [jetty-server-9.4.0.v20161208.jar:9.4.0.v20161208]
	at org.eclipse.jetty.server.handler.HandlerWrapper.handle(HandlerWrapper.java:132) [jetty-server-9.4.0.v20161208.jar:9.4.0.v20161208]
	at org.eclipse.jetty.server.Server.handle(Server.java:564) [jetty-server-9.4.0.v20161208.jar:9.4.0.v20161208]
	at org.eclipse.jetty.server.HttpChannel.handle(HttpChannel.java:318) [jetty-server-9.4.0.v20161208.jar:9.4.0.v20161208]
	at org.eclipse.jetty.server.HttpConnection.onFillable(HttpConnection.java:251) [jetty-server-9.4.0.v20161208.jar:9.4.0.v20161208]
	at org.eclipse.jetty.io.AbstractConnection$ReadCallback.succeeded(AbstractConnection.java:279) [jetty-io-9.4.0.v20161208.jar:9.4.0.v20161208]
	at org.eclipse.jetty.io.FillInterest.fillable(FillInterest.java:112) [jetty-io-9.4.0.v20161208.jar:9.4.0.v20161208]
	at org.eclipse.jetty.io.ChannelEndPoint$2.run(ChannelEndPoint.java:124) [jetty-io-9.4.0.v20161208.jar:9.4.0.v20161208]
	at org.eclipse.jetty.util.thread.QueuedThreadPool.runJob(QueuedThreadPool.java:672) [jetty-util-9.4.0.v20161208.jar:9.4.0.v20161208]
	at org.eclipse.jetty.util.thread.QueuedThreadPool$2.run(QueuedThreadPool.java:590) [jetty-util-9.4.0.v20161208.jar:9.4.0.v20161208]
	at java.lang.Thread.run(Thread.java:745) [na:1.8.0_60]
Caused by: java.io.EOFException: End of input at line 1 column 38
	at com.google.gson.stream.JsonReader.nextNonWhitespace(JsonReader.java:1377) ~[gson-2.2.4.jar:na]
	at com.google.gson.stream.JsonReader.doPeek(JsonReader.java:471) ~[gson-2.2.4.jar:na]
	at com.google.gson.stream.JsonReader.hasNext(JsonReader.java:403) ~[gson-2.2.4.jar:na]
	at com.google.gson.internal.bind.ReflectiveTypeAdapterFactory$Adapter.read(ReflectiveTypeAdapterFactory.java:166) ~[gson-2.2.4.jar:na]
	at com.google.gson.Gson.fromJson(Gson.java:803) ~[gson-2.2.4.jar:na]
	... 30 common frames omitted
2019-05-06 16:13:26,435|ERROR|qtp110053477-19|127.0.0.1--请求异常:action(login) params({accountName:dream,password:123BGPU$*)
com.google.gson.JsonSyntaxException: java.io.EOFException: End of input at line 1 column 38
	at com.google.gson.Gson.fromJson(Gson.java:813) ~[gson-2.2.4.jar:na]
	at com.google.gson.Gson.fromJson(Gson.java:768) ~[gson-2.2.4.jar:na]
	at com.google.gson.Gson.fromJson(Gson.java:717) ~[gson-2.2.4.jar:na]
	at com.google.gson.Gson.fromJson(Gson.java:689) ~[gson-2.2.4.jar:na]
	at com.upload.web.servlet.login.LoginServlet.execute(LoginServlet.java:39) ~[bin/:na]
	at com.upload.web.servlet.BaseHandlerServlet.doPost(BaseHandlerServlet.java:89) ~[bin/:na]
	at javax.servlet.http.HttpServlet.service(HttpServlet.java:707) [servlet-api-3.1.jar:3.1.0]
	at javax.servlet.http.HttpServlet.service(HttpServlet.java:790) [servlet-api-3.1.jar:3.1.0]
	at org.eclipse.jetty.servlet.ServletHolder.handle(ServletHolder.java:838) [jetty-servlet-9.4.0.v20161208.jar:9.4.0.v20161208]
	at org.eclipse.jetty.servlet.ServletHandler.doHandle(ServletHandler.java:543) [jetty-servlet-9.4.0.v20161208.jar:9.4.0.v20161208]
	at org.eclipse.jetty.server.handler.ScopedHandler.nextHandle(ScopedHandler.java:188) [jetty-server-9.4.0.v20161208.jar:9.4.0.v20161208]
	at org.eclipse.jetty.server.session.SessionHandler.doHandle(SessionHandler.java:1584) [jetty-server-9.4.0.v20161208.jar:9.4.0.v20161208]
	at org.eclipse.jetty.server.handler.ScopedHandler.nextHandle(ScopedHandler.java:188) [jetty-server-9.4.0.v20161208.jar:9.4.0.v20161208]
	at org.eclipse.jetty.server.handler.ContextHandler.doHandle(ContextHandler.java:1228) [jetty-server-9.4.0.v20161208.jar:9.4.0.v20161208]
	at org.eclipse.jetty.server.handler.ScopedHandler.nextScope(ScopedHandler.java:168) [jetty-server-9.4.0.v20161208.jar:9.4.0.v20161208]
	at org.eclipse.jetty.servlet.ServletHandler.doScope(ServletHandler.java:481) [jetty-servlet-9.4.0.v20161208.jar:9.4.0.v20161208]
	at org.eclipse.jetty.server.session.SessionHandler.doScope(SessionHandler.java:1553) [jetty-server-9.4.0.v20161208.jar:9.4.0.v20161208]
	at org.eclipse.jetty.server.handler.ScopedHandler.nextScope(ScopedHandler.java:166) [jetty-server-9.4.0.v20161208.jar:9.4.0.v20161208]
	at org.eclipse.jetty.server.handler.ContextHandler.doScope(ContextHandler.java:1130) [jetty-server-9.4.0.v20161208.jar:9.4.0.v20161208]
	at org.eclipse.jetty.server.handler.ScopedHandler.handle(ScopedHandler.java:141) [jetty-server-9.4.0.v20161208.jar:9.4.0.v20161208]
	at org.eclipse.jetty.server.handler.HandlerList.handle(HandlerList.java:52) [jetty-server-9.4.0.v20161208.jar:9.4.0.v20161208]
	at org.eclipse.jetty.server.handler.HandlerWrapper.handle(HandlerWrapper.java:132) [jetty-server-9.4.0.v20161208.jar:9.4.0.v20161208]
	at org.eclipse.jetty.server.Server.handle(Server.java:564) [jetty-server-9.4.0.v20161208.jar:9.4.0.v20161208]
	at org.eclipse.jetty.server.HttpChannel.handle(HttpChannel.java:318) [jetty-server-9.4.0.v20161208.jar:9.4.0.v20161208]
	at org.eclipse.jetty.server.HttpConnection.onFillable(HttpConnection.java:251) [jetty-server-9.4.0.v20161208.jar:9.4.0.v20161208]
	at org.eclipse.jetty.io.AbstractConnection$ReadCallback.succeeded(AbstractConnection.java:279) [jetty-io-9.4.0.v20161208.jar:9.4.0.v20161208]
	at org.eclipse.jetty.io.FillInterest.fillable(FillInterest.java:112) [jetty-io-9.4.0.v20161208.jar:9.4.0.v20161208]
	at org.eclipse.jetty.io.ChannelEndPoint$2.run(ChannelEndPoint.java:124) [jetty-io-9.4.0.v20161208.jar:9.4.0.v20161208]
	at org.eclipse.jetty.util.thread.Invocable.invokePreferred(Invocable.java:122) [jetty-util-9.4.0.v20161208.jar:9.4.0.v20161208]
	at org.eclipse.jetty.util.thread.strategy.ExecutingExecutionStrategy.invoke(ExecutingExecutionStrategy.java:58) [jetty-util-9.4.0.v20161208.jar:9.4.0.v20161208]
	at org.eclipse.jetty.util.thread.strategy.ExecuteProduceConsume.produceConsume(ExecuteProduceConsume.java:201) [jetty-util-9.4.0.v20161208.jar:9.4.0.v20161208]
	at org.eclipse.jetty.util.thread.strategy.ExecuteProduceConsume.run(ExecuteProduceConsume.java:133) [jetty-util-9.4.0.v20161208.jar:9.4.0.v20161208]
	at org.eclipse.jetty.util.thread.QueuedThreadPool.runJob(QueuedThreadPool.java:672) [jetty-util-9.4.0.v20161208.jar:9.4.0.v20161208]
	at org.eclipse.jetty.util.thread.QueuedThreadPool$2.run(QueuedThreadPool.java:590) [jetty-util-9.4.0.v20161208.jar:9.4.0.v20161208]
	at java.lang.Thread.run(Thread.java:745) [na:1.8.0_60]
Caused by: java.io.EOFException: End of input at line 1 column 38
	at com.google.gson.stream.JsonReader.nextNonWhitespace(JsonReader.java:1377) ~[gson-2.2.4.jar:na]
	at com.google.gson.stream.JsonReader.doPeek(JsonReader.java:471) ~[gson-2.2.4.jar:na]
	at com.google.gson.stream.JsonReader.hasNext(JsonReader.java:403) ~[gson-2.2.4.jar:na]
	at com.google.gson.internal.bind.ReflectiveTypeAdapterFactory$Adapter.read(ReflectiveTypeAdapterFactory.java:166) ~[gson-2.2.4.jar:na]
	at com.google.gson.Gson.fromJson(Gson.java:803) ~[gson-2.2.4.jar:na]
	... 34 common frames omitted
2019-05-06 16:13:26,618|ERROR|qtp110053477-18|127.0.0.1--请求异常:action(login) params({accountName:dream,password:123BGPU$*)
com.google.gson.JsonSyntaxException: java.io.EOFException: End of input at line 1 column 38
	at com.google.gson.Gson.fromJson(Gson.java:813) ~[gson-2.2.4.jar:na]
	at com.google.gson.Gson.fromJson(Gson.java:768) ~[gson-2.2.4.jar:na]
	at com.google.gson.Gson.fromJson(Gson.java:717) ~[gson-2.2.4.jar:na]
	at com.google.gson.Gson.fromJson(Gson.java:689) ~[gson-2.2.4.jar:na]
	at com.upload.web.servlet.login.LoginServlet.execute(LoginServlet.java:39) ~[bin/:na]
	at com.upload.web.servlet.BaseHandlerServlet.doPost(BaseHandlerServlet.java:89) ~[bin/:na]
	at javax.servlet.http.HttpServlet.service(HttpServlet.java:707) [servlet-api-3.1.jar:3.1.0]
	at javax.servlet.http.HttpServlet.service(HttpServlet.java:790) [servlet-api-3.1.jar:3.1.0]
	at org.eclipse.jetty.servlet.ServletHolder.handle(ServletHolder.java:838) [jetty-servlet-9.4.0.v20161208.jar:9.4.0.v20161208]
	at org.eclipse.jetty.servlet.ServletHandler.doHandle(ServletHandler.java:543) [jetty-servlet-9.4.0.v20161208.jar:9.4.0.v20161208]
	at org.eclipse.jetty.server.handler.ScopedHandler.nextHandle(ScopedHandler.java:188) [jetty-server-9.4.0.v20161208.jar:9.4.0.v20161208]
	at org.eclipse.jetty.server.session.SessionHandler.doHandle(SessionHandler.java:1584) [jetty-server-9.4.0.v20161208.jar:9.4.0.v20161208]
	at org.eclipse.jetty.server.handler.ScopedHandler.nextHandle(ScopedHandler.java:188) [jetty-server-9.4.0.v20161208.jar:9.4.0.v20161208]
	at org.eclipse.jetty.server.handler.ContextHandler.doHandle(ContextHandler.java:1228) [jetty-server-9.4.0.v20161208.jar:9.4.0.v20161208]
	at org.eclipse.jetty.server.handler.ScopedHandler.nextScope(ScopedHandler.java:168) [jetty-server-9.4.0.v20161208.jar:9.4.0.v20161208]
	at org.eclipse.jetty.servlet.ServletHandler.doScope(ServletHandler.java:481) [jetty-servlet-9.4.0.v20161208.jar:9.4.0.v20161208]
	at org.eclipse.jetty.server.session.SessionHandler.doScope(SessionHandler.java:1553) [jetty-server-9.4.0.v20161208.jar:9.4.0.v20161208]
	at org.eclipse.jetty.server.handler.ScopedHandler.nextScope(ScopedHandler.java:166) [jetty-server-9.4.0.v20161208.jar:9.4.0.v20161208]
	at org.eclipse.jetty.server.handler.ContextHandler.doScope(ContextHandler.java:1130) [jetty-server-9.4.0.v20161208.jar:9.4.0.v20161208]
	at org.eclipse.jetty.server.handler.ScopedHandler.handle(ScopedHandler.java:141) [jetty-server-9.4.0.v20161208.jar:9.4.0.v20161208]
	at org.eclipse.jetty.server.handler.HandlerList.handle(HandlerList.java:52) [jetty-server-9.4.0.v20161208.jar:9.4.0.v20161208]
	at org.eclipse.jetty.server.handler.HandlerWrapper.handle(HandlerWrapper.java:132) [jetty-server-9.4.0.v20161208.jar:9.4.0.v20161208]
	at org.eclipse.jetty.server.Server.handle(Server.java:564) [jetty-server-9.4.0.v20161208.jar:9.4.0.v20161208]
	at org.eclipse.jetty.server.HttpChannel.handle(HttpChannel.java:318) [jetty-server-9.4.0.v20161208.jar:9.4.0.v20161208]
	at org.eclipse.jetty.server.HttpConnection.onFillable(HttpConnection.java:251) [jetty-server-9.4.0.v20161208.jar:9.4.0.v20161208]
	at org.eclipse.jetty.io.AbstractConnection$ReadCallback.succeeded(AbstractConnection.java:279) [jetty-io-9.4.0.v20161208.jar:9.4.0.v20161208]
	at org.eclipse.jetty.io.FillInterest.fillable(FillInterest.java:112) [jetty-io-9.4.0.v20161208.jar:9.4.0.v20161208]
	at org.eclipse.jetty.io.ChannelEndPoint$2.run(ChannelEndPoint.java:124) [jetty-io-9.4.0.v20161208.jar:9.4.0.v20161208]
	at org.eclipse.jetty.util.thread.QueuedThreadPool.runJob(QueuedThreadPool.java:672) [jetty-util-9.4.0.v20161208.jar:9.4.0.v20161208]
	at org.eclipse.jetty.util.thread.QueuedThreadPool$2.run(QueuedThreadPool.java:590) [jetty-util-9.4.0.v20161208.jar:9.4.0.v20161208]
	at java.lang.Thread.run(Thread.java:745) [na:1.8.0_60]
Caused by: java.io.EOFException: End of input at line 1 column 38
	at com.google.gson.stream.JsonReader.nextNonWhitespace(JsonReader.java:1377) ~[gson-2.2.4.jar:na]
	at com.google.gson.stream.JsonReader.doPeek(JsonReader.java:471) ~[gson-2.2.4.jar:na]
	at com.google.gson.stream.JsonReader.hasNext(JsonReader.java:403) ~[gson-2.2.4.jar:na]
	at com.google.gson.internal.bind.ReflectiveTypeAdapterFactory$Adapter.read(ReflectiveTypeAdapterFactory.java:166) ~[gson-2.2.4.jar:na]
	at com.google.gson.Gson.fromJson(Gson.java:803) ~[gson-2.2.4.jar:na]
	... 30 common frames omitted
2019-05-06 16:13:26,810|ERROR|qtp110053477-25|127.0.0.1--请求异常:action(login) params({accountName:dream,password:123BGPU$*)
com.google.gson.JsonSyntaxException: java.io.EOFException: End of input at line 1 column 38
	at com.google.gson.Gson.fromJson(Gson.java:813) ~[gson-2.2.4.jar:na]
	at com.google.gson.Gson.fromJson(Gson.java:768) ~[gson-2.2.4.jar:na]
	at com.google.gson.Gson.fromJson(Gson.java:717) ~[gson-2.2.4.jar:na]
	at com.google.gson.Gson.fromJson(Gson.java:689) ~[gson-2.2.4.jar:na]
	at com.upload.web.servlet.login.LoginServlet.execute(LoginServlet.java:39) ~[bin/:na]
	at com.upload.web.servlet.BaseHandlerServlet.doPost(BaseHandlerServlet.java:89) ~[bin/:na]
	at javax.servlet.http.HttpServlet.service(HttpServlet.java:707) [servlet-api-3.1.jar:3.1.0]
	at javax.servlet.http.HttpServlet.service(HttpServlet.java:790) [servlet-api-3.1.jar:3.1.0]
	at org.eclipse.jetty.servlet.ServletHolder.handle(ServletHolder.java:838) [jetty-servlet-9.4.0.v20161208.jar:9.4.0.v20161208]
	at org.eclipse.jetty.servlet.ServletHandler.doHandle(ServletHandler.java:543) [jetty-servlet-9.4.0.v20161208.jar:9.4.0.v20161208]
	at org.eclipse.jetty.server.handler.ScopedHandler.nextHandle(ScopedHandler.java:188) [jetty-server-9.4.0.v20161208.jar:9.4.0.v20161208]
	at org.eclipse.jetty.server.session.SessionHandler.doHandle(SessionHandler.java:1584) [jetty-server-9.4.0.v20161208.jar:9.4.0.v20161208]
	at org.eclipse.jetty.server.handler.ScopedHandler.nextHandle(ScopedHandler.java:188) [jetty-server-9.4.0.v20161208.jar:9.4.0.v20161208]
	at org.eclipse.jetty.server.handler.ContextHandler.doHandle(ContextHandler.java:1228) [jetty-server-9.4.0.v20161208.jar:9.4.0.v20161208]
	at org.eclipse.jetty.server.handler.ScopedHandler.nextScope(ScopedHandler.java:168) [jetty-server-9.4.0.v20161208.jar:9.4.0.v20161208]
	at org.eclipse.jetty.servlet.ServletHandler.doScope(ServletHandler.java:481) [jetty-servlet-9.4.0.v20161208.jar:9.4.0.v20161208]
	at org.eclipse.jetty.server.session.SessionHandler.doScope(SessionHandler.java:1553) [jetty-server-9.4.0.v20161208.jar:9.4.0.v20161208]
	at org.eclipse.jetty.server.handler.ScopedHandler.nextScope(ScopedHandler.java:166) [jetty-server-9.4.0.v20161208.jar:9.4.0.v20161208]
	at org.eclipse.jetty.server.handler.ContextHandler.doScope(ContextHandler.java:1130) [jetty-server-9.4.0.v20161208.jar:9.4.0.v20161208]
	at org.eclipse.jetty.server.handler.ScopedHandler.handle(ScopedHandler.java:141) [jetty-server-9.4.0.v20161208.jar:9.4.0.v20161208]
	at org.eclipse.jetty.server.handler.HandlerList.handle(HandlerList.java:52) [jetty-server-9.4.0.v20161208.jar:9.4.0.v20161208]
	at org.eclipse.jetty.server.handler.HandlerWrapper.handle(HandlerWrapper.java:132) [jetty-server-9.4.0.v20161208.jar:9.4.0.v20161208]
	at org.eclipse.jetty.server.Server.handle(Server.java:564) [jetty-server-9.4.0.v20161208.jar:9.4.0.v20161208]
	at org.eclipse.jetty.server.HttpChannel.handle(HttpChannel.java:318) [jetty-server-9.4.0.v20161208.jar:9.4.0.v20161208]
	at org.eclipse.jetty.server.HttpConnection.onFillable(HttpConnection.java:251) [jetty-server-9.4.0.v20161208.jar:9.4.0.v20161208]
	at org.eclipse.jetty.io.AbstractConnection$ReadCallback.succeeded(AbstractConnection.java:279) [jetty-io-9.4.0.v20161208.jar:9.4.0.v20161208]
	at org.eclipse.jetty.io.FillInterest.fillable(FillInterest.java:112) [jetty-io-9.4.0.v20161208.jar:9.4.0.v20161208]
	at org.eclipse.jetty.io.ChannelEndPoint$2.run(ChannelEndPoint.java:124) [jetty-io-9.4.0.v20161208.jar:9.4.0.v20161208]
	at org.eclipse.jetty.util.thread.Invocable.invokePreferred(Invocable.java:122) [jetty-util-9.4.0.v20161208.jar:9.4.0.v20161208]
	at org.eclipse.jetty.util.thread.strategy.ExecutingExecutionStrategy.invoke(ExecutingExecutionStrategy.java:58) [jetty-util-9.4.0.v20161208.jar:9.4.0.v20161208]
	at org.eclipse.jetty.util.thread.strategy.ExecuteProduceConsume.produceConsume(ExecuteProduceConsume.java:201) [jetty-util-9.4.0.v20161208.jar:9.4.0.v20161208]
	at org.eclipse.jetty.util.thread.strategy.ExecuteProduceConsume.run(ExecuteProduceConsume.java:133) [jetty-util-9.4.0.v20161208.jar:9.4.0.v20161208]
	at org.eclipse.jetty.util.thread.QueuedThreadPool.runJob(QueuedThreadPool.java:672) [jetty-util-9.4.0.v20161208.jar:9.4.0.v20161208]
	at org.eclipse.jetty.util.thread.QueuedThreadPool$2.run(QueuedThreadPool.java:590) [jetty-util-9.4.0.v20161208.jar:9.4.0.v20161208]
	at java.lang.Thread.run(Thread.java:745) [na:1.8.0_60]
Caused by: java.io.EOFException: End of input at line 1 column 38
	at com.google.gson.stream.JsonReader.nextNonWhitespace(JsonReader.java:1377) ~[gson-2.2.4.jar:na]
	at com.google.gson.stream.JsonReader.doPeek(JsonReader.java:471) ~[gson-2.2.4.jar:na]
	at com.google.gson.stream.JsonReader.hasNext(JsonReader.java:403) ~[gson-2.2.4.jar:na]
	at com.google.gson.internal.bind.ReflectiveTypeAdapterFactory$Adapter.read(ReflectiveTypeAdapterFactory.java:166) ~[gson-2.2.4.jar:na]
	at com.google.gson.Gson.fromJson(Gson.java:803) ~[gson-2.2.4.jar:na]
	... 34 common frames omitted
2019-05-06 16:13:27,002|ERROR|qtp110053477-19|127.0.0.1--请求异常:action(login) params({accountName:dream,password:123BGPU$*)
com.google.gson.JsonSyntaxException: java.io.EOFException: End of input at line 1 column 38
	at com.google.gson.Gson.fromJson(Gson.java:813) ~[gson-2.2.4.jar:na]
	at com.google.gson.Gson.fromJson(Gson.java:768) ~[gson-2.2.4.jar:na]
	at com.google.gson.Gson.fromJson(Gson.java:717) ~[gson-2.2.4.jar:na]
	at com.google.gson.Gson.fromJson(Gson.java:689) ~[gson-2.2.4.jar:na]
	at com.upload.web.servlet.login.LoginServlet.execute(LoginServlet.java:39) ~[bin/:na]
	at com.upload.web.servlet.BaseHandlerServlet.doPost(BaseHandlerServlet.java:89) ~[bin/:na]
	at javax.servlet.http.HttpServlet.service(HttpServlet.java:707) [servlet-api-3.1.jar:3.1.0]
	at javax.servlet.http.HttpServlet.service(HttpServlet.java:790) [servlet-api-3.1.jar:3.1.0]
	at org.eclipse.jetty.servlet.ServletHolder.handle(ServletHolder.java:838) [jetty-servlet-9.4.0.v20161208.jar:9.4.0.v20161208]
	at org.eclipse.jetty.servlet.ServletHandler.doHandle(ServletHandler.java:543) [jetty-servlet-9.4.0.v20161208.jar:9.4.0.v20161208]
	at org.eclipse.jetty.server.handler.ScopedHandler.nextHandle(ScopedHandler.java:188) [jetty-server-9.4.0.v20161208.jar:9.4.0.v20161208]
	at org.eclipse.jetty.server.session.SessionHandler.doHandle(SessionHandler.java:1584) [jetty-server-9.4.0.v20161208.jar:9.4.0.v20161208]
	at org.eclipse.jetty.server.handler.ScopedHandler.nextHandle(ScopedHandler.java:188) [jetty-server-9.4.0.v20161208.jar:9.4.0.v20161208]
	at org.eclipse.jetty.server.handler.ContextHandler.doHandle(ContextHandler.java:1228) [jetty-server-9.4.0.v20161208.jar:9.4.0.v20161208]
	at org.eclipse.jetty.server.handler.ScopedHandler.nextScope(ScopedHandler.java:168) [jetty-server-9.4.0.v20161208.jar:9.4.0.v20161208]
	at org.eclipse.jetty.servlet.ServletHandler.doScope(ServletHandler.java:481) [jetty-servlet-9.4.0.v20161208.jar:9.4.0.v20161208]
	at org.eclipse.jetty.server.session.SessionHandler.doScope(SessionHandler.java:1553) [jetty-server-9.4.0.v20161208.jar:9.4.0.v20161208]
	at org.eclipse.jetty.server.handler.ScopedHandler.nextScope(ScopedHandler.java:166) [jetty-server-9.4.0.v20161208.jar:9.4.0.v20161208]
	at org.eclipse.jetty.server.handler.ContextHandler.doScope(ContextHandler.java:1130) [jetty-server-9.4.0.v20161208.jar:9.4.0.v20161208]
	at org.eclipse.jetty.server.handler.ScopedHandler.handle(ScopedHandler.java:141) [jetty-server-9.4.0.v20161208.jar:9.4.0.v20161208]
	at org.eclipse.jetty.server.handler.HandlerList.handle(HandlerList.java:52) [jetty-server-9.4.0.v20161208.jar:9.4.0.v20161208]
	at org.eclipse.jetty.server.handler.HandlerWrapper.handle(HandlerWrapper.java:132) [jetty-server-9.4.0.v20161208.jar:9.4.0.v20161208]
	at org.eclipse.jetty.server.Server.handle(Server.java:564) [jetty-server-9.4.0.v20161208.jar:9.4.0.v20161208]
	at org.eclipse.jetty.server.HttpChannel.handle(HttpChannel.java:318) [jetty-server-9.4.0.v20161208.jar:9.4.0.v20161208]
	at org.eclipse.jetty.server.HttpConnection.onFillable(HttpConnection.java:251) [jetty-server-9.4.0.v20161208.jar:9.4.0.v20161208]
	at org.eclipse.jetty.io.AbstractConnection$ReadCallback.succeeded(AbstractConnection.java:279) [jetty-io-9.4.0.v20161208.jar:9.4.0.v20161208]
	at org.eclipse.jetty.io.FillInterest.fillable(FillInterest.java:112) [jetty-io-9.4.0.v20161208.jar:9.4.0.v20161208]
	at org.eclipse.jetty.io.ChannelEndPoint$2.run(ChannelEndPoint.java:124) [jetty-io-9.4.0.v20161208.jar:9.4.0.v20161208]
	at org.eclipse.jetty.util.thread.QueuedThreadPool.runJob(QueuedThreadPool.java:672) [jetty-util-9.4.0.v20161208.jar:9.4.0.v20161208]
	at org.eclipse.jetty.util.thread.QueuedThreadPool$2.run(QueuedThreadPool.java:590) [jetty-util-9.4.0.v20161208.jar:9.4.0.v20161208]
	at java.lang.Thread.run(Thread.java:745) [na:1.8.0_60]
Caused by: java.io.EOFException: End of input at line 1 column 38
	at com.google.gson.stream.JsonReader.nextNonWhitespace(JsonReader.java:1377) ~[gson-2.2.4.jar:na]
	at com.google.gson.stream.JsonReader.doPeek(JsonReader.java:471) ~[gson-2.2.4.jar:na]
	at com.google.gson.stream.JsonReader.hasNext(JsonReader.java:403) ~[gson-2.2.4.jar:na]
	at com.google.gson.internal.bind.ReflectiveTypeAdapterFactory$Adapter.read(ReflectiveTypeAdapterFactory.java:166) ~[gson-2.2.4.jar:na]
	at com.google.gson.Gson.fromJson(Gson.java:803) ~[gson-2.2.4.jar:na]
	... 30 common frames omitted
2019-05-06 16:13:33,813|ERROR|qtp110053477-24|127.0.0.1--请求异常:action(login) params({accountName:dream,password:123BGPU$*)
com.google.gson.JsonSyntaxException: java.io.EOFException: End of input at line 1 column 38
	at com.google.gson.Gson.fromJson(Gson.java:813) ~[gson-2.2.4.jar:na]
	at com.google.gson.Gson.fromJson(Gson.java:768) ~[gson-2.2.4.jar:na]
	at com.google.gson.Gson.fromJson(Gson.java:717) ~[gson-2.2.4.jar:na]
	at com.google.gson.Gson.fromJson(Gson.java:689) ~[gson-2.2.4.jar:na]
	at com.upload.web.servlet.login.LoginServlet.execute(LoginServlet.java:39) ~[bin/:na]
	at com.upload.web.servlet.BaseHandlerServlet.doPost(BaseHandlerServlet.java:89) ~[bin/:na]
	at javax.servlet.http.HttpServlet.service(HttpServlet.java:707) [servlet-api-3.1.jar:3.1.0]
	at javax.servlet.http.HttpServlet.service(HttpServlet.java:790) [servlet-api-3.1.jar:3.1.0]
	at org.eclipse.jetty.servlet.ServletHolder.handle(ServletHolder.java:838) [jetty-servlet-9.4.0.v20161208.jar:9.4.0.v20161208]
	at org.eclipse.jetty.servlet.ServletHandler.doHandle(ServletHandler.java:543) [jetty-servlet-9.4.0.v20161208.jar:9.4.0.v20161208]
	at org.eclipse.jetty.server.handler.ScopedHandler.nextHandle(ScopedHandler.java:188) [jetty-server-9.4.0.v20161208.jar:9.4.0.v20161208]
	at org.eclipse.jetty.server.session.SessionHandler.doHandle(SessionHandler.java:1584) [jetty-server-9.4.0.v20161208.jar:9.4.0.v20161208]
	at org.eclipse.jetty.server.handler.ScopedHandler.nextHandle(ScopedHandler.java:188) [jetty-server-9.4.0.v20161208.jar:9.4.0.v20161208]
	at org.eclipse.jetty.server.handler.ContextHandler.doHandle(ContextHandler.java:1228) [jetty-server-9.4.0.v20161208.jar:9.4.0.v20161208]
	at org.eclipse.jetty.server.handler.ScopedHandler.nextScope(ScopedHandler.java:168) [jetty-server-9.4.0.v20161208.jar:9.4.0.v20161208]
	at org.eclipse.jetty.servlet.ServletHandler.doScope(ServletHandler.java:481) [jetty-servlet-9.4.0.v20161208.jar:9.4.0.v20161208]
	at org.eclipse.jetty.server.session.SessionHandler.doScope(SessionHandler.java:1553) [jetty-server-9.4.0.v20161208.jar:9.4.0.v20161208]
	at org.eclipse.jetty.server.handler.ScopedHandler.nextScope(ScopedHandler.java:166) [jetty-server-9.4.0.v20161208.jar:9.4.0.v20161208]
	at org.eclipse.jetty.server.handler.ContextHandler.doScope(ContextHandler.java:1130) [jetty-server-9.4.0.v20161208.jar:9.4.0.v20161208]
	at org.eclipse.jetty.server.handler.ScopedHandler.handle(ScopedHandler.java:141) [jetty-server-9.4.0.v20161208.jar:9.4.0.v20161208]
	at org.eclipse.jetty.server.handler.HandlerList.handle(HandlerList.java:52) [jetty-server-9.4.0.v20161208.jar:9.4.0.v20161208]
	at org.eclipse.jetty.server.handler.HandlerWrapper.handle(HandlerWrapper.java:132) [jetty-server-9.4.0.v20161208.jar:9.4.0.v20161208]
	at org.eclipse.jetty.server.Server.handle(Server.java:564) [jetty-server-9.4.0.v20161208.jar:9.4.0.v20161208]
	at org.eclipse.jetty.server.HttpChannel.handle(HttpChannel.java:318) [jetty-server-9.4.0.v20161208.jar:9.4.0.v20161208]
	at org.eclipse.jetty.server.HttpConnection.onFillable(HttpConnection.java:251) [jetty-server-9.4.0.v20161208.jar:9.4.0.v20161208]
	at org.eclipse.jetty.io.AbstractConnection$ReadCallback.succeeded(AbstractConnection.java:279) [jetty-io-9.4.0.v20161208.jar:9.4.0.v20161208]
	at org.eclipse.jetty.io.FillInterest.fillable(FillInterest.java:112) [jetty-io-9.4.0.v20161208.jar:9.4.0.v20161208]
	at org.eclipse.jetty.io.ChannelEndPoint$2.run(ChannelEndPoint.java:124) [jetty-io-9.4.0.v20161208.jar:9.4.0.v20161208]
	at org.eclipse.jetty.util.thread.Invocable.invokePreferred(Invocable.java:122) [jetty-util-9.4.0.v20161208.jar:9.4.0.v20161208]
	at org.eclipse.jetty.util.thread.strategy.ExecutingExecutionStrategy.invoke(ExecutingExecutionStrategy.java:58) [jetty-util-9.4.0.v20161208.jar:9.4.0.v20161208]
	at org.eclipse.jetty.util.thread.strategy.ExecuteProduceConsume.produceConsume(ExecuteProduceConsume.java:201) [jetty-util-9.4.0.v20161208.jar:9.4.0.v20161208]
	at org.eclipse.jetty.util.thread.strategy.ExecuteProduceConsume.run(ExecuteProduceConsume.java:133) [jetty-util-9.4.0.v20161208.jar:9.4.0.v20161208]
	at org.eclipse.jetty.util.thread.QueuedThreadPool.runJob(QueuedThreadPool.java:672) [jetty-util-9.4.0.v20161208.jar:9.4.0.v20161208]
	at org.eclipse.jetty.util.thread.QueuedThreadPool$2.run(QueuedThreadPool.java:590) [jetty-util-9.4.0.v20161208.jar:9.4.0.v20161208]
	at java.lang.Thread.run(Thread.java:745) [na:1.8.0_60]
Caused by: java.io.EOFException: End of input at line 1 column 38
	at com.google.gson.stream.JsonReader.nextNonWhitespace(JsonReader.java:1377) ~[gson-2.2.4.jar:na]
	at com.google.gson.stream.JsonReader.doPeek(JsonReader.java:471) ~[gson-2.2.4.jar:na]
	at com.google.gson.stream.JsonReader.hasNext(JsonReader.java:403) ~[gson-2.2.4.jar:na]
	at com.google.gson.internal.bind.ReflectiveTypeAdapterFactory$Adapter.read(ReflectiveTypeAdapterFactory.java:166) ~[gson-2.2.4.jar:na]
	at com.google.gson.Gson.fromJson(Gson.java:803) ~[gson-2.2.4.jar:na]
	... 34 common frames omitted
2019-05-06 16:20:20,735|ERROR|qtp110053477-23|127.0.0.1--请求异常:action(login) params({accountName:hui,password:hui_!@)
com.google.gson.JsonSyntaxException: java.io.EOFException: End of input at line 1 column 33
	at com.google.gson.Gson.fromJson(Gson.java:813) ~[gson-2.2.4.jar:na]
	at com.google.gson.Gson.fromJson(Gson.java:768) ~[gson-2.2.4.jar:na]
	at com.google.gson.Gson.fromJson(Gson.java:717) ~[gson-2.2.4.jar:na]
	at com.google.gson.Gson.fromJson(Gson.java:689) ~[gson-2.2.4.jar:na]
	at com.upload.web.servlet.login.LoginServlet.execute(LoginServlet.java:39) ~[bin/:na]
	at com.upload.web.servlet.BaseHandlerServlet.doPost(BaseHandlerServlet.java:89) ~[bin/:na]
	at javax.servlet.http.HttpServlet.service(HttpServlet.java:707) [servlet-api-3.1.jar:3.1.0]
	at javax.servlet.http.HttpServlet.service(HttpServlet.java:790) [servlet-api-3.1.jar:3.1.0]
	at org.eclipse.jetty.servlet.ServletHolder.handle(ServletHolder.java:838) [jetty-servlet-9.4.0.v20161208.jar:9.4.0.v20161208]
	at org.eclipse.jetty.servlet.ServletHandler.doHandle(ServletHandler.java:543) [jetty-servlet-9.4.0.v20161208.jar:9.4.0.v20161208]
	at org.eclipse.jetty.server.handler.ScopedHandler.nextHandle(ScopedHandler.java:188) [jetty-server-9.4.0.v20161208.jar:9.4.0.v20161208]
	at org.eclipse.jetty.server.session.SessionHandler.doHandle(SessionHandler.java:1584) [jetty-server-9.4.0.v20161208.jar:9.4.0.v20161208]
	at org.eclipse.jetty.server.handler.ScopedHandler.nextHandle(ScopedHandler.java:188) [jetty-server-9.4.0.v20161208.jar:9.4.0.v20161208]
	at org.eclipse.jetty.server.handler.ContextHandler.doHandle(ContextHandler.java:1228) [jetty-server-9.4.0.v20161208.jar:9.4.0.v20161208]
	at org.eclipse.jetty.server.handler.ScopedHandler.nextScope(ScopedHandler.java:168) [jetty-server-9.4.0.v20161208.jar:9.4.0.v20161208]
	at org.eclipse.jetty.servlet.ServletHandler.doScope(ServletHandler.java:481) [jetty-servlet-9.4.0.v20161208.jar:9.4.0.v20161208]
	at org.eclipse.jetty.server.session.SessionHandler.doScope(SessionHandler.java:1553) [jetty-server-9.4.0.v20161208.jar:9.4.0.v20161208]
	at org.eclipse.jetty.server.handler.ScopedHandler.nextScope(ScopedHandler.java:166) [jetty-server-9.4.0.v20161208.jar:9.4.0.v20161208]
	at org.eclipse.jetty.server.handler.ContextHandler.doScope(ContextHandler.java:1130) [jetty-server-9.4.0.v20161208.jar:9.4.0.v20161208]
	at org.eclipse.jetty.server.handler.ScopedHandler.handle(ScopedHandler.java:141) [jetty-server-9.4.0.v20161208.jar:9.4.0.v20161208]
	at org.eclipse.jetty.server.handler.HandlerList.handle(HandlerList.java:52) [jetty-server-9.4.0.v20161208.jar:9.4.0.v20161208]
	at org.eclipse.jetty.server.handler.HandlerWrapper.handle(HandlerWrapper.java:132) [jetty-server-9.4.0.v20161208.jar:9.4.0.v20161208]
	at org.eclipse.jetty.server.Server.handle(Server.java:564) [jetty-server-9.4.0.v20161208.jar:9.4.0.v20161208]
	at org.eclipse.jetty.server.HttpChannel.handle(HttpChannel.java:318) [jetty-server-9.4.0.v20161208.jar:9.4.0.v20161208]
	at org.eclipse.jetty.server.HttpConnection.onFillable(HttpConnection.java:251) [jetty-server-9.4.0.v20161208.jar:9.4.0.v20161208]
	at org.eclipse.jetty.io.AbstractConnection$ReadCallback.succeeded(AbstractConnection.java:279) [jetty-io-9.4.0.v20161208.jar:9.4.0.v20161208]
	at org.eclipse.jetty.io.FillInterest.fillable(FillInterest.java:112) [jetty-io-9.4.0.v20161208.jar:9.4.0.v20161208]
	at org.eclipse.jetty.io.ChannelEndPoint$2.run(ChannelEndPoint.java:124) [jetty-io-9.4.0.v20161208.jar:9.4.0.v20161208]
	at org.eclipse.jetty.util.thread.Invocable.invokePreferred(Invocable.java:122) [jetty-util-9.4.0.v20161208.jar:9.4.0.v20161208]
	at org.eclipse.jetty.util.thread.strategy.ExecutingExecutionStrategy.invoke(ExecutingExecutionStrategy.java:58) [jetty-util-9.4.0.v20161208.jar:9.4.0.v20161208]
	at org.eclipse.jetty.util.thread.strategy.ExecuteProduceConsume.produceConsume(ExecuteProduceConsume.java:201) [jetty-util-9.4.0.v20161208.jar:9.4.0.v20161208]
	at org.eclipse.jetty.util.thread.strategy.ExecuteProduceConsume.run(ExecuteProduceConsume.java:133) [jetty-util-9.4.0.v20161208.jar:9.4.0.v20161208]
	at org.eclipse.jetty.util.thread.QueuedThreadPool.runJob(QueuedThreadPool.java:672) [jetty-util-9.4.0.v20161208.jar:9.4.0.v20161208]
	at org.eclipse.jetty.util.thread.QueuedThreadPool$2.run(QueuedThreadPool.java:590) [jetty-util-9.4.0.v20161208.jar:9.4.0.v20161208]
	at java.lang.Thread.run(Thread.java:745) [na:1.8.0_60]
Caused by: java.io.EOFException: End of input at line 1 column 33
	at com.google.gson.stream.JsonReader.nextNonWhitespace(JsonReader.java:1377) ~[gson-2.2.4.jar:na]
	at com.google.gson.stream.JsonReader.doPeek(JsonReader.java:471) ~[gson-2.2.4.jar:na]
	at com.google.gson.stream.JsonReader.hasNext(JsonReader.java:403) ~[gson-2.2.4.jar:na]
	at com.google.gson.internal.bind.ReflectiveTypeAdapterFactory$Adapter.read(ReflectiveTypeAdapterFactory.java:166) ~[gson-2.2.4.jar:na]
	at com.google.gson.Gson.fromJson(Gson.java:803) ~[gson-2.2.4.jar:na]
	... 34 common frames omitted
2019-05-06 18:28:36,434|ERROR|main|Please input the config path.
2019-05-06 18:28:37,992|ERROR|main|****************** Component:[com.upload.database.DBPoolComponent] has started successfully.******************
2019-05-06 18:28:37,995|ERROR|main|****************** Component:[com.upload.component.ServerListComponent] has started successfully.******************
2019-05-06 18:28:38,139|ERROR|main|****************** Component:[com.upload.component.WebComponent] has started successfully.******************
2019-05-06 18:28:38,139|ERROR|main|****************** Component:[com.upload.component.CdnComponent] has started successfully.******************
2019-05-06 18:28:38,139|ERROR|main|****************** All Component has started successfully.******************
2019-05-06 18:28:38,140|ERROR|main|UploadServer has started successfully, taken 1713 millis.
2019-05-06 18:37:27,432|ERROR|main|Please input the config path.
2019-05-06 18:37:43,615|ERROR|main|****************** Component:[com.upload.database.DBPoolComponent] has started successfully.******************
2019-05-06 18:37:43,623|ERROR|main|****************** Component:[com.upload.component.ServerListComponent] has started successfully.******************
2019-05-06 18:37:43,809|ERROR|main|****************** Component:[com.upload.component.WebComponent] has started successfully.******************
2019-05-06 18:37:43,810|ERROR|main|****************** Component:[com.upload.component.CdnComponent] has started successfully.******************
2019-05-06 18:37:43,810|ERROR|main|****************** All Component has started successfully.******************
2019-05-06 18:37:43,810|ERROR|main|UploadServer has started successfully, taken 16384 millis.
2019-05-06 20:15:57,985|ERROR|qtp1076984738-24|请求刷新缓存：{
  "metadata" : {
    "bceRequestId" : "a480dfd8-164d-4e5d-a602-a5a4c2eac63f",
    "contentLength" : 77,
    "contentType" : "application/json;charset=utf-8",
    "date" : 1557144960000,
    "server" : "nginx/1.14.0"
  },
  "id" : "eJwFwcENACAIBLCJSBAQ5OcqcuL+I9jadGUN2X0Eg9Ek5SDTKkrEobd6JiMglz8LVwwH"
}
2019-05-06 20:15:58,382|ERROR|qtp1076984738-24|{"details":[{"createdAt":1557144960000,"progress":0,"status":"in-progress","task":{"type":"directory","url":"http://dlq.hgame.com/"}}],"metadata":{"bceRequestId":"f9c79b88-a01a-427d-bba9-065e672fddc8","contentLength":213,"contentType":"application/json;charset=utf-8","date":1557144960000,"server":"nginx/1.14.0"},"truncated":false}
2019-05-06 20:18:20,897|ERROR|qtp1076984738-25|请求刷新缓存：{
  "metadata" : {
    "bceRequestId" : "bda18c39-b7ff-4c59-a0c0-53f6fbb8cff6",
    "contentLength" : 77,
    "contentType" : "application/json;charset=utf-8",
    "date" : 1557145103000,
    "server" : "nginx/1.14.0"
  },
  "id" : "eJwFwckNADAIA7CJkBBHgF9nSVH3H6F2JFwdcyx3AS+BGSXujrTWk8kw1hCv+QHyOgsR"
}
2019-05-06 20:18:21,117|ERROR|qtp1076984738-25|{"details":[{"createdAt":1557145103000,"progress":0,"status":"in-progress","task":{"type":"directory","url":"https://dlq.hgame.com/"}}],"metadata":{"bceRequestId":"ce7045d6-e82e-4a10-b53e-84fb2b4cd4b9","contentLength":214,"contentType":"application/json;charset=utf-8","date":1557145103000,"server":"nginx/1.14.0"},"truncated":false}
2019-05-06 20:21:50,006|ERROR|qtp1076984738-24|请求刷新缓存：{
  "metadata" : {
    "bceRequestId" : "3acc6278-18b6-4482-8f77-9979e0eec660",
    "contentLength" : 78,
    "contentType" : "application/json;charset=utf-8",
    "date" : 1557145312000,
    "server" : "nginx/1.14.0"
  },
  "id" : "eJwFwcENACAIBLCJSPSAU36ugkH2H8HWnDqUPGsO7ixIZEwx6JLoaEm64z44qj/uCwsC"
}
2019-05-06 20:21:50,196|ERROR|qtp1076984738-24|{"details":[{"createdAt":1557145312000,"progress":0,"status":"in-progress","task":{"type":"directory","url":"http://dlq.hgame.com/"}}],"metadata":{"bceRequestId":"405baa01-ccfa-4fb3-a40f-d52d99b6a7a3","contentLength":213,"contentType":"application/json;charset=utf-8","date":1557145312000,"server":"nginx/1.14.0"},"truncated":false}
2019-05-06 20:22:18,369|ERROR|qtp1076984738-22|请求刷新缓存：{
  "metadata" : {
    "bceRequestId" : "b45d0a66-33e7-4281-96d4-fa00fe2d14a6",
    "contentLength" : 78,
    "contentType" : "application/json;charset=utf-8",
    "date" : 1557145340000,
    "server" : "nginx/1.14.0"
  },
  "id" : "eJwFwcENACAIBLCJSPTgUH6ugkH2H8HW6DrUedYcvrMgkTHFoEuioyWdxH0gqj/t5QsB"
}
2019-05-06 20:22:18,655|ERROR|qtp1076984738-22|{"details":[{"createdAt":1557145340000,"progress":100,"status":"completed","task":{"type":"directory","url":"http://dlq.hgame.com/"}}],"metadata":{"bceRequestId":"ec1377c3-f94e-4ac5-98db-1eddfae86f52","contentLength":213,"contentType":"application/json;charset=utf-8","date":1557145340000,"server":"nginx/1.14.0"},"truncated":false}
2019-05-06 20:53:34,965|ERROR|qtp1076984738-18|请求刷新缓存：{
  "metadata" : {
    "bceRequestId" : "20476005-11c1-4480-a0c2-59657647ba83",
    "contentLength" : 77,
    "contentType" : "application/json;charset=utf-8",
    "date" : 1557147217000,
    "server" : "nginx/1.14.0"
  },
  "id" : "eJwFwcERACAIA7CJuEMLoj9XESv7j2BiPqCA7ZaTejQlbl0xD8pkh5Q9gpEL3T8FPAux"
}
2019-05-06 20:53:35,150|ERROR|qtp1076984738-18|{"details":[{"createdAt":1557147217000,"progress":0,"status":"in-progress","task":{"type":"file","url":"http://dlq.hgame.com"}}],"metadata":{"bceRequestId":"0e5dd960-e062-40bb-bc82-0943a474b5e6","contentLength":206,"contentType":"application/json;charset=utf-8","date":1557147217000,"server":"nginx/1.14.0"},"truncated":false}
2019-05-06 20:55:52,481|ERROR|qtp1076984738-22|请求刷新缓存：{
  "metadata" : {
    "bceRequestId" : "0256d1a8-ef02-46fa-862c-84508f2261a4",
    "contentLength" : 77,
    "contentType" : "application/json;charset=utf-8",
    "date" : 1557147354000,
    "server" : "nginx/1.14.0"
  },
  "id" : "eJwFwdsNACAIA8CJmmALPv5cBYPuP4J3Hl0mca9g5qqBoglOElP1wGt1Wtd8Pj7y0Art"
}
2019-05-06 20:55:52,803|ERROR|qtp1076984738-22|{"details":[{"createdAt":1557147354000,"progress":0,"status":"in-progress","task":{"type":"file","url":"https://dlq.hgame.com"}}],"metadata":{"bceRequestId":"69abdc42-01e8-4cbf-bef1-53dd29116c8d","contentLength":207,"contentType":"application/json;charset=utf-8","date":1557147355000,"server":"nginx/1.14.0"},"truncated":false}
2019-05-06 21:20:37,242|ERROR|qtp1076984738-24|请求刷新缓存：{
  "metadata" : {
    "bceRequestId" : "a2ea98cb-23be-4fad-93d9-eaa01a625c63",
    "contentLength" : 78,
    "contentType" : "application/json;charset=utf-8",
    "date" : 1557148839000,
    "server" : "nginx/1.14.0"
  },
  "id" : "eJwFwckNACAIBMCKSBa55GcrSKT/EpxRc4Egjis6rZjgw6S3mioxFGPxELy2zAf1zgse"
}
2019-05-06 21:20:37,489|ERROR|qtp1076984738-24|{"details":[{"createdAt":1557148839000,"progress":0,"status":"in-progress","task":{"type":"file","url":"https://dlq.hgame.com/filesversion.js"}}],"metadata":{"bceRequestId":"c5e5fb16-ae68-4056-91d0-fc995e21a642","contentLength":224,"contentType":"application/json;charset=utf-8","date":1557148839000,"server":"nginx/1.14.0"},"truncated":false}
