2019-08-05 11:50:06,088|ERROR|main|Please input the config path.
2019-08-05 11:50:07,092|ERROR|main|定时任务:刷新服务器信息开始
2019-08-05 11:50:07,146|ERROR|main|定时任务:刷新服务器信息结束
2019-08-05 11:50:08,108|ERROR|main|****************** Component:[com.upload.database.DBPoolComponent] has started successfully.******************
2019-08-05 11:50:08,108|ERROR|main|****************** Component:[com.upload.component.ServerListComponent] has started successfully.******************
2019-08-05 11:50:08,326|ERROR|main|****************** Component:[com.upload.component.WebComponent] has started successfully.******************
2019-08-05 11:50:08,327|ERROR|main|****************** Component:[com.upload.component.CdnComponent] has started successfully.******************
2019-08-05 11:50:08,327|ERROR|main|****************** All Component has started successfully.******************
2019-08-05 11:50:08,327|ERROR|main|UploadServer has started successfully, taken 2246 millis.
2019-08-05 11:50:55,367|ERROR|pool-2-thread-1|monitor data:{"chargeCount":0,"chargeTotal":0,"registerCount":31}
2019-08-05 11:51:07,086|ERROR|pool-1-thread-1|定时任务:刷新服务器信息开始
2019-08-05 11:51:07,152|ERROR|pool-1-thread-1|定时任务:刷新服务器信息结束
2019-08-05 11:51:23,977|ERROR|pool-2-thread-1|自动启动服务器任务开始:15,时间:2019-08-05 11:51:23
2019-08-05 11:52:07,154|ERROR|pool-1-thread-1|定时任务:刷新服务器信息开始
2019-08-05 11:52:07,207|ERROR|pool-1-thread-1|定时任务:刷新服务器信息结束
2019-08-05 11:53:07,209|ERROR|pool-1-thread-1|定时任务:刷新服务器信息开始
2019-08-05 11:53:07,247|ERROR|pool-1-thread-1|定时任务:刷新服务器信息结束
2019-08-05 11:54:07,248|ERROR|pool-1-thread-1|定时任务:刷新服务器信息开始
2019-08-05 11:54:07,309|ERROR|pool-1-thread-1|定时任务:刷新服务器信息结束
2019-08-05 11:55:07,311|ERROR|pool-1-thread-1|定时任务:刷新服务器信息开始
2019-08-05 11:55:07,369|ERROR|pool-1-thread-1|定时任务:刷新服务器信息结束
2019-08-05 11:56:07,371|ERROR|pool-1-thread-1|定时任务:刷新服务器信息开始
2019-08-05 11:56:07,409|ERROR|pool-1-thread-1|定时任务:刷新服务器信息结束
2019-08-05 11:57:07,411|ERROR|pool-1-thread-1|定时任务:刷新服务器信息开始
2019-08-05 11:57:07,447|ERROR|pool-1-thread-1|定时任务:刷新服务器信息结束
2019-08-05 11:58:07,448|ERROR|pool-1-thread-1|定时任务:刷新服务器信息开始
2019-08-05 11:58:07,508|ERROR|pool-1-thread-1|定时任务:刷新服务器信息结束
2019-08-05 11:59:07,511|ERROR|pool-1-thread-1|定时任务:刷新服务器信息开始
2019-08-05 11:59:07,619|ERROR|pool-1-thread-1|定时任务:刷新服务器信息结束
2019-08-05 12:00:07,621|ERROR|pool-1-thread-1|定时任务:刷新服务器信息开始
2019-08-05 12:00:07,652|ERROR|pool-1-thread-1|定时任务:刷新服务器信息结束
2019-08-05 12:01:07,654|ERROR|pool-1-thread-1|定时任务:刷新服务器信息开始
2019-08-05 12:01:07,720|ERROR|pool-1-thread-1|定时任务:刷新服务器信息结束
2019-08-05 12:02:07,721|ERROR|pool-1-thread-1|定时任务:刷新服务器信息开始
2019-08-05 12:02:07,756|ERROR|pool-1-thread-1|定时任务:刷新服务器信息结束
2019-08-05 12:03:07,757|ERROR|pool-1-thread-1|定时任务:刷新服务器信息开始
2019-08-05 12:03:07,808|ERROR|pool-1-thread-1|定时任务:刷新服务器信息结束
2019-08-05 12:04:07,810|ERROR|pool-1-thread-1|定时任务:刷新服务器信息开始
2019-08-05 12:04:07,854|ERROR|pool-1-thread-1|定时任务:刷新服务器信息结束
2019-08-05 12:05:07,856|ERROR|pool-1-thread-1|定时任务:刷新服务器信息开始
2019-08-05 12:05:07,885|ERROR|pool-1-thread-1|定时任务:刷新服务器信息结束
2019-08-05 12:06:07,886|ERROR|pool-1-thread-1|定时任务:刷新服务器信息开始
2019-08-05 12:06:07,918|ERROR|pool-1-thread-1|定时任务:刷新服务器信息结束
2019-08-05 12:07:07,920|ERROR|pool-1-thread-1|定时任务:刷新服务器信息开始
2019-08-05 12:07:07,966|ERROR|pool-1-thread-1|定时任务:刷新服务器信息结束
2019-08-05 12:08:07,968|ERROR|pool-1-thread-1|定时任务:刷新服务器信息开始
2019-08-05 12:08:08,009|ERROR|pool-1-thread-1|定时任务:刷新服务器信息结束
2019-08-05 12:09:08,011|ERROR|pool-1-thread-1|定时任务:刷新服务器信息开始
2019-08-05 12:09:08,059|ERROR|pool-1-thread-1|定时任务:刷新服务器信息结束
2019-08-05 12:10:08,061|ERROR|pool-1-thread-1|定时任务:刷新服务器信息开始
2019-08-05 12:10:08,113|ERROR|pool-1-thread-1|定时任务:刷新服务器信息结束
2019-08-05 12:11:08,115|ERROR|pool-1-thread-1|定时任务:刷新服务器信息开始
2019-08-05 12:11:08,160|ERROR|pool-1-thread-1|定时任务:刷新服务器信息结束
2019-08-05 12:12:08,161|ERROR|pool-1-thread-1|定时任务:刷新服务器信息开始
2019-08-05 12:12:08,198|ERROR|pool-1-thread-1|定时任务:刷新服务器信息结束
2019-08-05 12:13:08,200|ERROR|pool-1-thread-1|定时任务:刷新服务器信息开始
2019-08-05 12:13:08,242|ERROR|pool-1-thread-1|定时任务:刷新服务器信息结束
2019-08-05 12:14:08,244|ERROR|pool-1-thread-1|定时任务:刷新服务器信息开始
2019-08-05 12:14:08,267|ERROR|pool-1-thread-1|定时任务:刷新服务器信息结束
2019-08-05 12:15:08,269|ERROR|pool-1-thread-1|定时任务:刷新服务器信息开始
2019-08-05 12:15:08,304|ERROR|pool-1-thread-1|定时任务:刷新服务器信息结束
2019-08-05 12:16:08,306|ERROR|pool-1-thread-1|定时任务:刷新服务器信息开始
2019-08-05 12:16:08,337|ERROR|pool-1-thread-1|定时任务:刷新服务器信息结束
2019-08-05 12:17:08,339|ERROR|pool-1-thread-1|定时任务:刷新服务器信息开始
2019-08-05 12:17:08,369|ERROR|pool-1-thread-1|定时任务:刷新服务器信息结束
2019-08-05 12:18:08,371|ERROR|pool-1-thread-1|定时任务:刷新服务器信息开始
2019-08-05 12:18:08,399|ERROR|pool-1-thread-1|定时任务:刷新服务器信息结束
2019-08-05 12:19:08,400|ERROR|pool-1-thread-1|定时任务:刷新服务器信息开始
2019-08-05 12:19:08,429|ERROR|pool-1-thread-1|定时任务:刷新服务器信息结束
2019-08-05 12:20:08,431|ERROR|pool-1-thread-1|定时任务:刷新服务器信息开始
2019-08-05 12:20:08,462|ERROR|pool-1-thread-1|定时任务:刷新服务器信息结束
2019-08-05 12:21:08,464|ERROR|pool-1-thread-1|定时任务:刷新服务器信息开始
2019-08-05 12:21:08,509|ERROR|pool-1-thread-1|定时任务:刷新服务器信息结束
2019-08-05 12:22:08,510|ERROR|pool-1-thread-1|定时任务:刷新服务器信息开始
2019-08-05 12:22:08,543|ERROR|pool-1-thread-1|定时任务:刷新服务器信息结束
2019-08-05 12:23:08,545|ERROR|pool-1-thread-1|定时任务:刷新服务器信息开始
2019-08-05 12:23:08,572|ERROR|pool-1-thread-1|定时任务:刷新服务器信息结束
2019-08-05 12:24:08,574|ERROR|pool-1-thread-1|定时任务:刷新服务器信息开始
2019-08-05 12:24:08,604|ERROR|pool-1-thread-1|定时任务:刷新服务器信息结束
2019-08-05 12:25:08,606|ERROR|pool-1-thread-1|定时任务:刷新服务器信息开始
2019-08-05 12:25:08,637|ERROR|pool-1-thread-1|定时任务:刷新服务器信息结束
2019-08-05 12:26:08,644|ERROR|pool-1-thread-1|定时任务:刷新服务器信息开始
2019-08-05 12:26:08,675|ERROR|pool-1-thread-1|定时任务:刷新服务器信息结束
2019-08-05 12:27:08,677|ERROR|pool-1-thread-1|定时任务:刷新服务器信息开始
2019-08-05 12:27:08,703|ERROR|pool-1-thread-1|定时任务:刷新服务器信息结束
2019-08-05 12:28:08,706|ERROR|pool-1-thread-1|定时任务:刷新服务器信息开始
2019-08-05 12:28:08,750|ERROR|pool-1-thread-1|定时任务:刷新服务器信息结束
2019-08-05 12:29:08,752|ERROR|pool-1-thread-1|定时任务:刷新服务器信息开始
2019-08-05 12:29:08,782|ERROR|pool-1-thread-1|定时任务:刷新服务器信息结束
2019-08-05 12:30:08,784|ERROR|pool-1-thread-1|定时任务:刷新服务器信息开始
2019-08-05 12:30:08,812|ERROR|pool-1-thread-1|定时任务:刷新服务器信息结束
2019-08-05 12:31:08,814|ERROR|pool-1-thread-1|定时任务:刷新服务器信息开始
2019-08-05 12:31:08,844|ERROR|pool-1-thread-1|定时任务:刷新服务器信息结束
2019-08-05 12:32:08,846|ERROR|pool-1-thread-1|定时任务:刷新服务器信息开始
2019-08-05 12:32:08,875|ERROR|pool-1-thread-1|定时任务:刷新服务器信息结束
2019-08-05 12:33:08,877|ERROR|pool-1-thread-1|定时任务:刷新服务器信息开始
2019-08-05 12:33:08,907|ERROR|pool-1-thread-1|定时任务:刷新服务器信息结束
2019-08-05 12:34:08,909|ERROR|pool-1-thread-1|定时任务:刷新服务器信息开始
2019-08-05 12:34:08,939|ERROR|pool-1-thread-1|定时任务:刷新服务器信息结束
2019-08-05 12:35:08,941|ERROR|pool-1-thread-1|定时任务:刷新服务器信息开始
2019-08-05 12:35:08,969|ERROR|pool-1-thread-1|定时任务:刷新服务器信息结束
2019-08-05 12:36:08,971|ERROR|pool-1-thread-1|定时任务:刷新服务器信息开始
2019-08-05 12:36:09,001|ERROR|pool-1-thread-1|定时任务:刷新服务器信息结束
2019-08-05 12:37:09,004|ERROR|pool-1-thread-1|定时任务:刷新服务器信息开始
2019-08-05 12:37:09,032|ERROR|pool-1-thread-1|定时任务:刷新服务器信息结束
2019-08-05 12:38:09,034|ERROR|pool-1-thread-1|定时任务:刷新服务器信息开始
2019-08-05 12:38:09,078|ERROR|pool-1-thread-1|定时任务:刷新服务器信息结束
2019-08-05 12:39:09,079|ERROR|pool-1-thread-1|定时任务:刷新服务器信息开始
2019-08-05 12:39:09,112|ERROR|pool-1-thread-1|定时任务:刷新服务器信息结束
2019-08-05 12:40:09,114|ERROR|pool-1-thread-1|定时任务:刷新服务器信息开始
2019-08-05 12:40:09,143|ERROR|pool-1-thread-1|定时任务:刷新服务器信息结束
2019-08-05 12:41:09,145|ERROR|pool-1-thread-1|定时任务:刷新服务器信息开始
2019-08-05 12:41:09,183|ERROR|pool-1-thread-1|定时任务:刷新服务器信息结束
2019-08-05 12:42:09,184|ERROR|pool-1-thread-1|定时任务:刷新服务器信息开始
2019-08-05 12:42:09,213|ERROR|pool-1-thread-1|定时任务:刷新服务器信息结束
2019-08-05 12:43:09,214|ERROR|pool-1-thread-1|定时任务:刷新服务器信息开始
2019-08-05 12:43:09,248|ERROR|pool-1-thread-1|定时任务:刷新服务器信息结束
2019-08-05 12:44:09,252|ERROR|pool-1-thread-1|定时任务:刷新服务器信息开始
2019-08-05 12:44:09,283|ERROR|pool-1-thread-1|定时任务:刷新服务器信息结束
2019-08-05 12:45:09,287|ERROR|pool-1-thread-1|定时任务:刷新服务器信息开始
2019-08-05 12:45:09,311|ERROR|pool-1-thread-1|定时任务:刷新服务器信息结束
2019-08-05 12:46:09,313|ERROR|pool-1-thread-1|定时任务:刷新服务器信息开始
2019-08-05 12:46:09,339|ERROR|pool-1-thread-1|定时任务:刷新服务器信息结束
2019-08-05 12:47:09,341|ERROR|pool-1-thread-1|定时任务:刷新服务器信息开始
2019-08-05 12:47:09,372|ERROR|pool-1-thread-1|定时任务:刷新服务器信息结束
2019-08-05 12:48:09,375|ERROR|pool-1-thread-1|定时任务:刷新服务器信息开始
2019-08-05 12:48:09,404|ERROR|pool-1-thread-1|定时任务:刷新服务器信息结束
2019-08-05 12:49:09,406|ERROR|pool-1-thread-1|定时任务:刷新服务器信息开始
2019-08-05 12:49:09,431|ERROR|pool-1-thread-1|定时任务:刷新服务器信息结束
2019-08-05 12:50:09,433|ERROR|pool-1-thread-1|定时任务:刷新服务器信息开始
2019-08-05 12:50:09,459|ERROR|pool-1-thread-1|定时任务:刷新服务器信息结束
2019-08-05 12:51:09,461|ERROR|pool-1-thread-1|定时任务:刷新服务器信息开始
2019-08-05 12:51:09,490|ERROR|pool-1-thread-1|定时任务:刷新服务器信息结束
2019-08-05 12:52:09,492|ERROR|pool-1-thread-1|定时任务:刷新服务器信息开始
2019-08-05 12:52:09,518|ERROR|pool-1-thread-1|定时任务:刷新服务器信息结束
2019-08-05 12:53:09,521|ERROR|pool-1-thread-1|定时任务:刷新服务器信息开始
2019-08-05 12:53:09,556|ERROR|pool-1-thread-1|定时任务:刷新服务器信息结束
2019-08-05 12:54:09,558|ERROR|pool-1-thread-1|定时任务:刷新服务器信息开始
2019-08-05 12:54:09,585|ERROR|pool-1-thread-1|定时任务:刷新服务器信息结束
2019-08-05 12:55:09,587|ERROR|pool-1-thread-1|定时任务:刷新服务器信息开始
2019-08-05 12:55:09,615|ERROR|pool-1-thread-1|定时任务:刷新服务器信息结束
2019-08-05 12:56:09,616|ERROR|pool-1-thread-1|定时任务:刷新服务器信息开始
2019-08-05 12:56:09,642|ERROR|pool-1-thread-1|定时任务:刷新服务器信息结束
2019-08-05 12:57:09,644|ERROR|pool-1-thread-1|定时任务:刷新服务器信息开始
2019-08-05 12:57:09,685|ERROR|pool-1-thread-1|定时任务:刷新服务器信息结束
2019-08-05 12:58:09,687|ERROR|pool-1-thread-1|定时任务:刷新服务器信息开始
2019-08-05 12:58:09,716|ERROR|pool-1-thread-1|定时任务:刷新服务器信息结束
2019-08-05 12:59:09,718|ERROR|pool-1-thread-1|定时任务:刷新服务器信息开始
2019-08-05 12:59:09,746|ERROR|pool-1-thread-1|定时任务:刷新服务器信息结束
2019-08-05 13:00:09,747|ERROR|pool-1-thread-1|定时任务:刷新服务器信息开始
2019-08-05 13:00:09,774|ERROR|pool-1-thread-1|定时任务:刷新服务器信息结束
2019-08-05 13:01:09,783|ERROR|pool-1-thread-1|定时任务:刷新服务器信息开始
2019-08-05 13:01:09,832|ERROR|pool-1-thread-1|定时任务:刷新服务器信息结束
2019-08-05 13:02:09,833|ERROR|pool-1-thread-1|定时任务:刷新服务器信息开始
2019-08-05 13:02:09,857|ERROR|pool-1-thread-1|定时任务:刷新服务器信息结束
2019-08-05 13:03:09,859|ERROR|pool-1-thread-1|定时任务:刷新服务器信息开始
2019-08-05 13:03:09,892|ERROR|pool-1-thread-1|定时任务:刷新服务器信息结束
2019-08-05 13:04:09,896|ERROR|pool-1-thread-1|定时任务:刷新服务器信息开始
2019-08-05 13:04:09,934|ERROR|pool-1-thread-1|定时任务:刷新服务器信息结束
2019-08-05 13:05:09,936|ERROR|pool-1-thread-1|定时任务:刷新服务器信息开始
2019-08-05 13:05:09,963|ERROR|pool-1-thread-1|定时任务:刷新服务器信息结束
2019-08-05 13:06:09,964|ERROR|pool-1-thread-1|定时任务:刷新服务器信息开始
2019-08-05 13:06:09,995|ERROR|pool-1-thread-1|定时任务:刷新服务器信息结束
2019-08-05 13:07:09,996|ERROR|pool-1-thread-1|定时任务:刷新服务器信息开始
2019-08-05 13:07:10,021|ERROR|pool-1-thread-1|定时任务:刷新服务器信息结束
2019-08-05 13:08:10,022|ERROR|pool-1-thread-1|定时任务:刷新服务器信息开始
2019-08-05 13:08:10,050|ERROR|pool-1-thread-1|定时任务:刷新服务器信息结束
2019-08-05 13:09:10,051|ERROR|pool-1-thread-1|定时任务:刷新服务器信息开始
2019-08-05 13:09:10,083|ERROR|pool-1-thread-1|定时任务:刷新服务器信息结束
2019-08-05 13:10:10,086|ERROR|pool-1-thread-1|定时任务:刷新服务器信息开始
2019-08-05 13:10:10,113|ERROR|pool-1-thread-1|定时任务:刷新服务器信息结束
2019-08-05 13:11:10,114|ERROR|pool-1-thread-1|定时任务:刷新服务器信息开始
2019-08-05 13:11:10,142|ERROR|pool-1-thread-1|定时任务:刷新服务器信息结束
2019-08-05 13:12:10,143|ERROR|pool-1-thread-1|定时任务:刷新服务器信息开始
2019-08-05 13:12:10,172|ERROR|pool-1-thread-1|定时任务:刷新服务器信息结束
2019-08-05 13:13:10,174|ERROR|pool-1-thread-1|定时任务:刷新服务器信息开始
2019-08-05 13:13:10,202|ERROR|pool-1-thread-1|定时任务:刷新服务器信息结束
2019-08-05 13:14:10,207|ERROR|pool-1-thread-1|定时任务:刷新服务器信息开始
2019-08-05 13:14:10,233|ERROR|pool-1-thread-1|定时任务:刷新服务器信息结束
2019-08-05 13:15:10,234|ERROR|pool-1-thread-1|定时任务:刷新服务器信息开始
2019-08-05 13:15:10,267|ERROR|pool-1-thread-1|定时任务:刷新服务器信息结束
2019-08-05 13:16:10,271|ERROR|pool-1-thread-1|定时任务:刷新服务器信息开始
2019-08-05 13:16:10,318|ERROR|pool-1-thread-1|定时任务:刷新服务器信息结束
2019-08-05 13:17:10,320|ERROR|pool-1-thread-1|定时任务:刷新服务器信息开始
2019-08-05 13:17:10,350|ERROR|pool-1-thread-1|定时任务:刷新服务器信息结束
2019-08-05 13:18:10,352|ERROR|pool-1-thread-1|定时任务:刷新服务器信息开始
2019-08-05 13:18:10,379|ERROR|pool-1-thread-1|定时任务:刷新服务器信息结束
2019-08-05 13:19:10,381|ERROR|pool-1-thread-1|定时任务:刷新服务器信息开始
2019-08-05 13:19:10,410|ERROR|pool-1-thread-1|定时任务:刷新服务器信息结束
2019-08-05 13:20:10,412|ERROR|pool-1-thread-1|定时任务:刷新服务器信息开始
2019-08-05 13:20:10,437|ERROR|pool-1-thread-1|定时任务:刷新服务器信息结束
2019-08-05 13:21:10,441|ERROR|pool-1-thread-1|定时任务:刷新服务器信息开始
2019-08-05 13:21:10,467|ERROR|pool-1-thread-1|定时任务:刷新服务器信息结束
2019-08-05 13:22:10,469|ERROR|pool-1-thread-1|定时任务:刷新服务器信息开始
2019-08-05 13:22:10,494|ERROR|pool-1-thread-1|定时任务:刷新服务器信息结束
2019-08-05 13:23:10,496|ERROR|pool-1-thread-1|定时任务:刷新服务器信息开始
2019-08-05 13:23:10,533|ERROR|pool-1-thread-1|定时任务:刷新服务器信息结束
2019-08-05 13:24:10,534|ERROR|pool-1-thread-1|定时任务:刷新服务器信息开始
2019-08-05 13:24:10,559|ERROR|pool-1-thread-1|定时任务:刷新服务器信息结束
2019-08-05 13:25:10,561|ERROR|pool-1-thread-1|定时任务:刷新服务器信息开始
2019-08-05 13:25:10,587|ERROR|pool-1-thread-1|定时任务:刷新服务器信息结束
2019-08-05 13:26:10,589|ERROR|pool-1-thread-1|定时任务:刷新服务器信息开始
2019-08-05 13:26:10,613|ERROR|pool-1-thread-1|定时任务:刷新服务器信息结束
2019-08-05 13:27:10,614|ERROR|pool-1-thread-1|定时任务:刷新服务器信息开始
2019-08-05 13:27:10,641|ERROR|pool-1-thread-1|定时任务:刷新服务器信息结束
2019-08-05 13:28:10,643|ERROR|pool-1-thread-1|定时任务:刷新服务器信息开始
2019-08-05 13:28:10,670|ERROR|pool-1-thread-1|定时任务:刷新服务器信息结束
2019-08-05 13:29:10,672|ERROR|pool-1-thread-1|定时任务:刷新服务器信息开始
2019-08-05 13:29:10,699|ERROR|pool-1-thread-1|定时任务:刷新服务器信息结束
2019-08-05 13:30:10,701|ERROR|pool-1-thread-1|定时任务:刷新服务器信息开始
2019-08-05 13:30:10,726|ERROR|pool-1-thread-1|定时任务:刷新服务器信息结束
2019-08-05 13:31:10,728|ERROR|pool-1-thread-1|定时任务:刷新服务器信息开始
2019-08-05 13:31:10,757|ERROR|pool-1-thread-1|定时任务:刷新服务器信息结束
2019-08-05 13:32:10,759|ERROR|pool-1-thread-1|定时任务:刷新服务器信息开始
2019-08-05 13:32:10,797|ERROR|pool-1-thread-1|定时任务:刷新服务器信息结束
2019-08-05 13:33:10,799|ERROR|pool-1-thread-1|定时任务:刷新服务器信息开始
2019-08-05 13:33:10,825|ERROR|pool-1-thread-1|定时任务:刷新服务器信息结束
2019-08-05 13:34:02,615|ERROR|pool-2-thread-1|******连接SSH服务器成功：192.168.1.96:5188,root
2019-08-05 13:34:10,663|ERROR|pool-2-thread-1|******关闭SSH服务器的连接！

2019-08-05 13:34:10,827|ERROR|pool-1-thread-1|定时任务:刷新服务器信息开始
2019-08-05 13:34:10,885|ERROR|pool-1-thread-1|定时任务:刷新服务器信息结束
2019-08-05 13:34:20,367|ERROR|pool-2-thread-1|定时任务:刷新服务器信息开始
2019-08-05 13:34:20,418|ERROR|pool-2-thread-1|定时任务:刷新服务器信息结束
