2019-04-19 09:28:35,502|WARN |main|Caller+0	 at com.upload.component.ComponentManager.addComponent(ComponentManager.java:60)
Component com.upload.component.WebComponent spend time 58997 毫秒!!
2019-04-19 09:29:25,763|WARN |main|Caller+0	 at com.upload.component.ComponentManager.addComponent(ComponentManager.java:60)
Component com.upload.component.WebComponent spend time 6567 毫秒!!
2019-04-23 17:13:49,325|WARN |main|Caller+0	 at com.upload.component.ComponentManager.addComponent(ComponentManager.java:60)
Component com.upload.component.ServerListComponent spend time 2118 毫秒!!
2019-05-05 15:50:39,662|WARN |main|Caller+0	 at com.upload.component.ComponentManager.addComponent(ComponentManager.java:60)
Component com.upload.component.ServerListComponent spend time 1250 毫秒!!
2019-05-05 15:50:41,102|WARN |main|Caller+0	 at com.upload.component.ComponentManager.addComponent(ComponentManager.java:60)
Component com.upload.component.WebComponent spend time 1429 毫秒!!
2019-05-06 11:07:36,932|WARN |main|Caller+0	 at com.upload.component.ComponentManager.addComponent(ComponentManager.java:60)
Component com.upload.component.CdnComponent spend time 39175 毫秒!!
2019-05-06 13:55:31,779|WARN |main|Caller+0	 at com.upload.component.ComponentManager.addComponent(ComponentManager.java:60)
Component com.upload.component.ServerListComponent spend time 1059 毫秒!!
2019-05-06 13:57:31,347|WARN |main|Caller+0	 at com.upload.component.ComponentManager.addComponent(ComponentManager.java:60)
Component com.upload.component.CdnComponent spend time 8614 毫秒!!
2019-05-06 14:07:05,980|WARN |main|Caller+0	 at com.upload.component.ComponentManager.addComponent(ComponentManager.java:60)
Component com.upload.component.CdnComponent spend time 57614 毫秒!!
2019-05-06 18:37:43,614|WARN |main|Caller+0	 at com.upload.component.ComponentManager.addComponent(ComponentManager.java:60)
Component com.upload.component.CdnComponent spend time 15098 毫秒!!
2019-07-09 13:53:17,999|WARN |main|Caller+0	 at com.upload.component.ComponentManager.addComponent(ComponentManager.java:60)
Component com.upload.component.ServerListComponent spend time 4733 毫秒!!
2019-07-13 16:12:19,774|WARN |main|Caller+0	 at com.upload.component.ComponentManager.addComponent(ComponentManager.java:60)
Component com.upload.component.ServerListComponent spend time 1018 毫秒!!
2019-08-08 15:13:15,347|WARN |main|Caller+0	 at com.upload.component.ComponentManager.addComponent(ComponentManager.java:60)
Component com.upload.component.ServerListComponent spend time 2089 毫秒!!
2019-08-22 11:05:58,661|WARN |main|Caller+0	 at com.upload.component.ComponentManager.addComponent(ComponentManager.java:60)
Component com.upload.component.ServerListComponent spend time 8676 毫秒!!
2019-08-23 18:03:08,697|WARN |main|Caller+0	 at com.upload.component.ComponentManager.addComponent(ComponentManager.java:60)
Component com.upload.database.DBPoolComponent spend time 14702 毫秒!!
2019-08-23 18:23:32,193|WARN |main|Caller+0	 at com.upload.component.ComponentManager.addComponent(ComponentManager.java:60)
Component com.upload.component.ServerListComponent spend time 20392 毫秒!!
