2020-02-03 21:57:39,254|ERROR|main|Please input the global config path.default:../CommonLib/config/game.xml
2020-02-03 21:57:39,837|ERROR|main|Cannot find server property keep it default value.  -- log_save_interval = 300
2020-02-03 21:57:39,838|ERROR|main|Cannot find server property keep it default value.  -- monitor_job = */5 * * * * ?
2020-02-03 21:57:39,838|ERROR|main|Cannot find server property keep it default value.  -- job_ping_player = 10
2020-02-03 21:57:39,839|ERROR|main|Cannot find server property keep it default value.  -- game_update_slow = 30000
2020-02-03 21:57:39,839|ERROR|main|Cannot find server property keep it default value.  -- game_player_ping_interval = 5000
2020-02-03 21:57:39,839|ERROR|main|Cannot find server property keep it default value.  -- job_ping_fight = 5
2020-02-03 21:57:39,839|ERROR|main|Cannot find server property keep it default value.  -- job_save_player = 30
2020-02-03 21:57:39,839|ERROR|main|Cannot find server property keep it default value.  -- save_player_time = 300
2020-02-03 21:57:39,840|ERROR|main|Cannot find server property keep it default value.  -- job_corn_refresh = 1 0 0 * * ? *
2020-02-03 21:57:39,840|ERROR|main|Cannot find server property keep it default value.  -- job_rank_refresh = 0 0 4 * * ? *
2020-02-03 21:57:39,840|ERROR|main|Cannot find server property keep it default value.  -- ping_max_time = 300
2020-02-03 21:57:39,840|ERROR|main|Cannot find server property keep it default value.  -- room_max_count = 3000
2020-02-03 21:57:39,840|ERROR|main|Cannot find server property keep it default value.  -- sunday_refresh = 0 0 0 ? * 1 *
2020-02-03 21:57:39,840|ERROR|main|Cannot find server property keep it default value.  -- month_refresh = 0 0 0 1 * ? *
2020-02-03 21:57:39,840|ERROR|main|Cannot find server property keep it default value.  -- monitor_room_interval = 60
2020-02-03 21:57:39,841|ERROR|main|Cannot find server property keep it default value.  -- fight_player_ping_interval = 3
2020-02-03 21:57:39,841|ERROR|main|Cannot find server property keep it default value.  -- battle_game_time = 2400000
2020-02-03 21:57:39,841|ERROR|main|Cannot find server property keep it default value.  -- base_success = 90
2020-02-03 21:57:39,841|ERROR|main|Cannot find server property keep it default value.  -- base_success_rate = 5
2020-02-03 21:57:39,841|ERROR|main|Cannot find server property keep it default value.  -- challengeUnlockCount = 200
2020-02-03 21:57:39,842|ERROR|main|Cannot find server property keep it default value.  -- unlockChallengeItemID = 102
2020-02-03 21:57:39,842|ERROR|main|Cannot find server property keep it default value.  -- unlockChallengeItemCount = 50
2020-02-03 21:57:39,842|ERROR|main|Cannot find server property keep it default value.  -- refresh_token = 1800
2020-02-03 21:58:01,096|ERROR|main|init datasource error, url: jdbc:mysql://106.12.25.131:13619/db_jump?allowMultiQueries=true&characterEncoding=utf8
com.mysql.jdbc.exceptions.jdbc4.CommunicationsException: Communications link failure

The last packet sent successfully to the server was 0 milliseconds ago. The driver has not received any packets from the server.
	at sun.reflect.NativeConstructorAccessorImpl.newInstance0(Native Method)
	at sun.reflect.NativeConstructorAccessorImpl.newInstance(Unknown Source)
	at sun.reflect.DelegatingConstructorAccessorImpl.newInstance(Unknown Source)
	at java.lang.reflect.Constructor.newInstance(Unknown Source)
	at com.mysql.jdbc.Util.handleNewInstance(Util.java:409)
	at com.mysql.jdbc.SQLError.createCommunicationsException(SQLError.java:1122)
	at com.mysql.jdbc.ConnectionImpl.createNewIO(ConnectionImpl.java:2260)
	at com.mysql.jdbc.ConnectionImpl.<init>(ConnectionImpl.java:787)
	at com.mysql.jdbc.JDBC4Connection.<init>(JDBC4Connection.java:49)
	at sun.reflect.NativeConstructorAccessorImpl.newInstance0(Native Method)
	at sun.reflect.NativeConstructorAccessorImpl.newInstance(Unknown Source)
	at sun.reflect.DelegatingConstructorAccessorImpl.newInstance(Unknown Source)
	at java.lang.reflect.Constructor.newInstance(Unknown Source)
	at com.mysql.jdbc.Util.handleNewInstance(Util.java:409)
	at com.mysql.jdbc.ConnectionImpl.getInstance(ConnectionImpl.java:357)
	at com.mysql.jdbc.NonRegisteringDriver.connect(NonRegisteringDriver.java:285)
	at com.alibaba.druid.filter.FilterChainImpl.connection_connect(FilterChainImpl.java:149)
	at com.alibaba.druid.filter.stat.StatFilter.connection_connect(StatFilter.java:218)
	at com.alibaba.druid.filter.FilterChainImpl.connection_connect(FilterChainImpl.java:143)
	at com.alibaba.druid.pool.DruidAbstractDataSource.createPhysicalConnection(DruidAbstractDataSource.java:1515)
	at com.alibaba.druid.pool.DruidAbstractDataSource.createPhysicalConnection(DruidAbstractDataSource.java:1578)
	at com.alibaba.druid.pool.DruidDataSource.init(DruidDataSource.java:859)
	at com.alibaba.druid.pool.DruidDataSource.getConnection(DruidDataSource.java:1227)
	at com.alibaba.druid.pool.DruidDataSource.getConnection(DruidDataSource.java:1223)
	at com.base.database.pool.druid.DruidPool.getConnection(DruidPool.java:32)
	at com.base.database.pool.DBHelper.openConn(DBHelper.java:295)
	at com.base.database.pool.DBHelper.executeQuery(DBHelper.java:112)
	at com.base.database.BaseDao.queryOneColumnData(BaseDao.java:284)
	at com.data.business.PlayerBusiness.queryNameList(PlayerBusiness.java:51)
	at com.logic.component.RobotComponent.initialize(RobotComponent.java:37)
	at com.base.component.ComponentManager.addComponent(ComponentManager.java:54)
	at com.game.GameServer.loadComponent(GameServer.java:63)
	at com.base.server.BaseServer.start(BaseServer.java:20)
	at com.game.GameServer.main(GameServer.java:163)
Caused by: com.mysql.jdbc.exceptions.jdbc4.CommunicationsException: Communications link failure

The last packet sent successfully to the server was 0 milliseconds ago. The driver has not received any packets from the server.
	at sun.reflect.NativeConstructorAccessorImpl.newInstance0(Native Method)
	at sun.reflect.NativeConstructorAccessorImpl.newInstance(Unknown Source)
	at sun.reflect.DelegatingConstructorAccessorImpl.newInstance(Unknown Source)
	at java.lang.reflect.Constructor.newInstance(Unknown Source)
	at com.mysql.jdbc.Util.handleNewInstance(Util.java:409)
	at com.mysql.jdbc.SQLError.createCommunicationsException(SQLError.java:1122)
	at com.mysql.jdbc.MysqlIO.<init>(MysqlIO.java:344)
	at com.mysql.jdbc.ConnectionImpl.createNewIO(ConnectionImpl.java:2181)
	... 27 common frames omitted
Caused by: java.net.ConnectException: Connection timed out: connect
	at java.net.DualStackPlainSocketImpl.connect0(Native Method)
	at java.net.DualStackPlainSocketImpl.socketConnect(Unknown Source)
	at java.net.AbstractPlainSocketImpl.doConnect(Unknown Source)
	at java.net.AbstractPlainSocketImpl.connectToAddress(Unknown Source)
	at java.net.AbstractPlainSocketImpl.connect(Unknown Source)
	at java.net.PlainSocketImpl.connect(Unknown Source)
	at java.net.SocksSocketImpl.connect(Unknown Source)
	at java.net.Socket.connect(Unknown Source)
	at java.net.Socket.connect(Unknown Source)
	at java.net.Socket.<init>(Unknown Source)
	at java.net.Socket.<init>(Unknown Source)
	at com.mysql.jdbc.StandardSocketFactory.connect(StandardSocketFactory.java:256)
	at com.mysql.jdbc.MysqlIO.<init>(MysqlIO.java:293)
	... 28 common frames omitted
2020-02-03 21:58:01,111|ERROR|main|{dataSource-1} init error
com.mysql.jdbc.exceptions.jdbc4.CommunicationsException: Communications link failure

The last packet sent successfully to the server was 0 milliseconds ago. The driver has not received any packets from the server.
	at sun.reflect.NativeConstructorAccessorImpl.newInstance0(Native Method)
	at sun.reflect.NativeConstructorAccessorImpl.newInstance(Unknown Source)
	at sun.reflect.DelegatingConstructorAccessorImpl.newInstance(Unknown Source)
	at java.lang.reflect.Constructor.newInstance(Unknown Source)
	at com.mysql.jdbc.Util.handleNewInstance(Util.java:409)
	at com.mysql.jdbc.SQLError.createCommunicationsException(SQLError.java:1122)
	at com.mysql.jdbc.ConnectionImpl.createNewIO(ConnectionImpl.java:2260)
	at com.mysql.jdbc.ConnectionImpl.<init>(ConnectionImpl.java:787)
	at com.mysql.jdbc.JDBC4Connection.<init>(JDBC4Connection.java:49)
	at sun.reflect.NativeConstructorAccessorImpl.newInstance0(Native Method)
	at sun.reflect.NativeConstructorAccessorImpl.newInstance(Unknown Source)
	at sun.reflect.DelegatingConstructorAccessorImpl.newInstance(Unknown Source)
	at java.lang.reflect.Constructor.newInstance(Unknown Source)
	at com.mysql.jdbc.Util.handleNewInstance(Util.java:409)
	at com.mysql.jdbc.ConnectionImpl.getInstance(ConnectionImpl.java:357)
	at com.mysql.jdbc.NonRegisteringDriver.connect(NonRegisteringDriver.java:285)
	at com.alibaba.druid.filter.FilterChainImpl.connection_connect(FilterChainImpl.java:149)
	at com.alibaba.druid.filter.stat.StatFilter.connection_connect(StatFilter.java:218)
	at com.alibaba.druid.filter.FilterChainImpl.connection_connect(FilterChainImpl.java:143)
	at com.alibaba.druid.pool.DruidAbstractDataSource.createPhysicalConnection(DruidAbstractDataSource.java:1515)
	at com.alibaba.druid.pool.DruidAbstractDataSource.createPhysicalConnection(DruidAbstractDataSource.java:1578)
	at com.alibaba.druid.pool.DruidDataSource.init(DruidDataSource.java:859)
	at com.alibaba.druid.pool.DruidDataSource.getConnection(DruidDataSource.java:1227)
	at com.alibaba.druid.pool.DruidDataSource.getConnection(DruidDataSource.java:1223)
	at com.base.database.pool.druid.DruidPool.getConnection(DruidPool.java:32)
	at com.base.database.pool.DBHelper.openConn(DBHelper.java:295)
	at com.base.database.pool.DBHelper.executeQuery(DBHelper.java:112)
	at com.base.database.BaseDao.queryOneColumnData(BaseDao.java:284)
	at com.data.business.PlayerBusiness.queryNameList(PlayerBusiness.java:51)
	at com.logic.component.RobotComponent.initialize(RobotComponent.java:37)
	at com.base.component.ComponentManager.addComponent(ComponentManager.java:54)
	at com.game.GameServer.loadComponent(GameServer.java:63)
	at com.base.server.BaseServer.start(BaseServer.java:20)
	at com.game.GameServer.main(GameServer.java:163)
Caused by: com.mysql.jdbc.exceptions.jdbc4.CommunicationsException: Communications link failure

The last packet sent successfully to the server was 0 milliseconds ago. The driver has not received any packets from the server.
	at sun.reflect.NativeConstructorAccessorImpl.newInstance0(Native Method)
	at sun.reflect.NativeConstructorAccessorImpl.newInstance(Unknown Source)
	at sun.reflect.DelegatingConstructorAccessorImpl.newInstance(Unknown Source)
	at java.lang.reflect.Constructor.newInstance(Unknown Source)
	at com.mysql.jdbc.Util.handleNewInstance(Util.java:409)
	at com.mysql.jdbc.SQLError.createCommunicationsException(SQLError.java:1122)
	at com.mysql.jdbc.MysqlIO.<init>(MysqlIO.java:344)
	at com.mysql.jdbc.ConnectionImpl.createNewIO(ConnectionImpl.java:2181)
	... 27 common frames omitted
Caused by: java.net.ConnectException: Connection timed out: connect
	at java.net.DualStackPlainSocketImpl.connect0(Native Method)
	at java.net.DualStackPlainSocketImpl.socketConnect(Unknown Source)
	at java.net.AbstractPlainSocketImpl.doConnect(Unknown Source)
	at java.net.AbstractPlainSocketImpl.connectToAddress(Unknown Source)
	at java.net.AbstractPlainSocketImpl.connect(Unknown Source)
	at java.net.PlainSocketImpl.connect(Unknown Source)
	at java.net.SocksSocketImpl.connect(Unknown Source)
	at java.net.Socket.connect(Unknown Source)
	at java.net.Socket.connect(Unknown Source)
	at java.net.Socket.<init>(Unknown Source)
	at java.net.Socket.<init>(Unknown Source)
	at com.mysql.jdbc.StandardSocketFactory.connect(StandardSocketFactory.java:256)
	at com.mysql.jdbc.MysqlIO.<init>(MysqlIO.java:293)
	... 28 common frames omitted
2020-02-03 21:58:01,112|ERROR|main|Exception:
com.mysql.jdbc.exceptions.jdbc4.CommunicationsException: Communications link failure

The last packet sent successfully to the server was 0 milliseconds ago. The driver has not received any packets from the server.
	at sun.reflect.NativeConstructorAccessorImpl.newInstance0(Native Method)
	at sun.reflect.NativeConstructorAccessorImpl.newInstance(Unknown Source)
	at sun.reflect.DelegatingConstructorAccessorImpl.newInstance(Unknown Source)
	at java.lang.reflect.Constructor.newInstance(Unknown Source)
	at com.mysql.jdbc.Util.handleNewInstance(Util.java:409)
	at com.mysql.jdbc.SQLError.createCommunicationsException(SQLError.java:1122)
	at com.mysql.jdbc.ConnectionImpl.createNewIO(ConnectionImpl.java:2260)
	at com.mysql.jdbc.ConnectionImpl.<init>(ConnectionImpl.java:787)
	at com.mysql.jdbc.JDBC4Connection.<init>(JDBC4Connection.java:49)
	at sun.reflect.NativeConstructorAccessorImpl.newInstance0(Native Method)
	at sun.reflect.NativeConstructorAccessorImpl.newInstance(Unknown Source)
	at sun.reflect.DelegatingConstructorAccessorImpl.newInstance(Unknown Source)
	at java.lang.reflect.Constructor.newInstance(Unknown Source)
	at com.mysql.jdbc.Util.handleNewInstance(Util.java:409)
	at com.mysql.jdbc.ConnectionImpl.getInstance(ConnectionImpl.java:357)
	at com.mysql.jdbc.NonRegisteringDriver.connect(NonRegisteringDriver.java:285)
	at com.alibaba.druid.filter.FilterChainImpl.connection_connect(FilterChainImpl.java:149)
	at com.alibaba.druid.filter.stat.StatFilter.connection_connect(StatFilter.java:218)
	at com.alibaba.druid.filter.FilterChainImpl.connection_connect(FilterChainImpl.java:143)
	at com.alibaba.druid.pool.DruidAbstractDataSource.createPhysicalConnection(DruidAbstractDataSource.java:1515)
	at com.alibaba.druid.pool.DruidAbstractDataSource.createPhysicalConnection(DruidAbstractDataSource.java:1578)
	at com.alibaba.druid.pool.DruidDataSource.init(DruidDataSource.java:859)
	at com.alibaba.druid.pool.DruidDataSource.getConnection(DruidDataSource.java:1227)
	at com.alibaba.druid.pool.DruidDataSource.getConnection(DruidDataSource.java:1223)
	at com.base.database.pool.druid.DruidPool.getConnection(DruidPool.java:32)
	at com.base.database.pool.DBHelper.openConn(DBHelper.java:295)
	at com.base.database.pool.DBHelper.executeQuery(DBHelper.java:112)
	at com.base.database.BaseDao.queryOneColumnData(BaseDao.java:284)
	at com.data.business.PlayerBusiness.queryNameList(PlayerBusiness.java:51)
	at com.logic.component.RobotComponent.initialize(RobotComponent.java:37)
	at com.base.component.ComponentManager.addComponent(ComponentManager.java:54)
	at com.game.GameServer.loadComponent(GameServer.java:63)
	at com.base.server.BaseServer.start(BaseServer.java:20)
	at com.game.GameServer.main(GameServer.java:163)
Caused by: com.mysql.jdbc.exceptions.jdbc4.CommunicationsException: Communications link failure

The last packet sent successfully to the server was 0 milliseconds ago. The driver has not received any packets from the server.
	at sun.reflect.NativeConstructorAccessorImpl.newInstance0(Native Method)
	at sun.reflect.NativeConstructorAccessorImpl.newInstance(Unknown Source)
	at sun.reflect.DelegatingConstructorAccessorImpl.newInstance(Unknown Source)
	at java.lang.reflect.Constructor.newInstance(Unknown Source)
	at com.mysql.jdbc.Util.handleNewInstance(Util.java:409)
	at com.mysql.jdbc.SQLError.createCommunicationsException(SQLError.java:1122)
	at com.mysql.jdbc.MysqlIO.<init>(MysqlIO.java:344)
	at com.mysql.jdbc.ConnectionImpl.createNewIO(ConnectionImpl.java:2181)
	... 27 common frames omitted
Caused by: java.net.ConnectException: Connection timed out: connect
	at java.net.DualStackPlainSocketImpl.connect0(Native Method)
	at java.net.DualStackPlainSocketImpl.socketConnect(Unknown Source)
	at java.net.AbstractPlainSocketImpl.doConnect(Unknown Source)
	at java.net.AbstractPlainSocketImpl.connectToAddress(Unknown Source)
	at java.net.AbstractPlainSocketImpl.connect(Unknown Source)
	at java.net.PlainSocketImpl.connect(Unknown Source)
	at java.net.SocksSocketImpl.connect(Unknown Source)
	at java.net.Socket.connect(Unknown Source)
	at java.net.Socket.connect(Unknown Source)
	at java.net.Socket.<init>(Unknown Source)
	at java.net.Socket.<init>(Unknown Source)
	at com.mysql.jdbc.StandardSocketFactory.connect(StandardSocketFactory.java:256)
	at com.mysql.jdbc.MysqlIO.<init>(MysqlIO.java:293)
	... 28 common frames omitted
2020-02-03 21:58:01,113|ERROR|main|
java.lang.NullPointerException: null
	at java.util.AbstractCollection.addAll(Unknown Source)
	at com.logic.component.RobotComponent.initialize(RobotComponent.java:38)
	at com.base.component.ComponentManager.addComponent(ComponentManager.java:54)
	at com.game.GameServer.loadComponent(GameServer.java:63)
	at com.base.server.BaseServer.start(BaseServer.java:20)
	at com.game.GameServer.main(GameServer.java:163)
2020-02-03 21:58:01,113|ERROR|main|GameServer has started failed.
2020-02-03 21:59:02,979|ERROR|main|Please input the global config path.default:../CommonLib/config/game.xml
2020-02-03 21:59:03,471|ERROR|main|Cannot find server property keep it default value.  -- log_save_interval = 300
2020-02-03 21:59:03,471|ERROR|main|Cannot find server property keep it default value.  -- monitor_job = */5 * * * * ?
2020-02-03 21:59:03,472|ERROR|main|Cannot find server property keep it default value.  -- job_ping_player = 10
2020-02-03 21:59:03,472|ERROR|main|Cannot find server property keep it default value.  -- game_update_slow = 30000
2020-02-03 21:59:03,472|ERROR|main|Cannot find server property keep it default value.  -- game_player_ping_interval = 5000
2020-02-03 21:59:03,472|ERROR|main|Cannot find server property keep it default value.  -- job_ping_fight = 5
2020-02-03 21:59:03,472|ERROR|main|Cannot find server property keep it default value.  -- job_save_player = 30
2020-02-03 21:59:03,472|ERROR|main|Cannot find server property keep it default value.  -- save_player_time = 300
2020-02-03 21:59:03,472|ERROR|main|Cannot find server property keep it default value.  -- job_corn_refresh = 1 0 0 * * ? *
2020-02-03 21:59:03,472|ERROR|main|Cannot find server property keep it default value.  -- job_rank_refresh = 0 0 4 * * ? *
2020-02-03 21:59:03,473|ERROR|main|Cannot find server property keep it default value.  -- ping_max_time = 300
2020-02-03 21:59:03,473|ERROR|main|Cannot find server property keep it default value.  -- room_max_count = 3000
2020-02-03 21:59:03,473|ERROR|main|Cannot find server property keep it default value.  -- sunday_refresh = 0 0 0 ? * 1 *
2020-02-03 21:59:03,473|ERROR|main|Cannot find server property keep it default value.  -- month_refresh = 0 0 0 1 * ? *
2020-02-03 21:59:03,473|ERROR|main|Cannot find server property keep it default value.  -- monitor_room_interval = 60
2020-02-03 21:59:03,474|ERROR|main|Cannot find server property keep it default value.  -- fight_player_ping_interval = 3
2020-02-03 21:59:03,474|ERROR|main|Cannot find server property keep it default value.  -- battle_game_time = 2400000
2020-02-03 21:59:03,474|ERROR|main|Cannot find server property keep it default value.  -- base_success = 90
2020-02-03 21:59:03,474|ERROR|main|Cannot find server property keep it default value.  -- base_success_rate = 5
2020-02-03 21:59:03,474|ERROR|main|Cannot find server property keep it default value.  -- challengeUnlockCount = 200
2020-02-03 21:59:03,475|ERROR|main|Cannot find server property keep it default value.  -- unlockChallengeItemID = 102
2020-02-03 21:59:03,475|ERROR|main|Cannot find server property keep it default value.  -- unlockChallengeItemCount = 50
2020-02-03 21:59:03,475|ERROR|main|Cannot find server property keep it default value.  -- refresh_token = 1800
2020-02-03 21:59:05,224|ERROR|main|init datasource error, url: jdbc:mysql://64.64.226.90:13619/db_jump?allowMultiQueries=true&characterEncoding=utf8
com.mysql.jdbc.exceptions.jdbc4.CommunicationsException: Communications link failure

The last packet sent successfully to the server was 0 milliseconds ago. The driver has not received any packets from the server.
	at sun.reflect.NativeConstructorAccessorImpl.newInstance0(Native Method)
	at sun.reflect.NativeConstructorAccessorImpl.newInstance(Unknown Source)
	at sun.reflect.DelegatingConstructorAccessorImpl.newInstance(Unknown Source)
	at java.lang.reflect.Constructor.newInstance(Unknown Source)
	at com.mysql.jdbc.Util.handleNewInstance(Util.java:409)
	at com.mysql.jdbc.SQLError.createCommunicationsException(SQLError.java:1122)
	at com.mysql.jdbc.ConnectionImpl.createNewIO(ConnectionImpl.java:2260)
	at com.mysql.jdbc.ConnectionImpl.<init>(ConnectionImpl.java:787)
	at com.mysql.jdbc.JDBC4Connection.<init>(JDBC4Connection.java:49)
	at sun.reflect.NativeConstructorAccessorImpl.newInstance0(Native Method)
	at sun.reflect.NativeConstructorAccessorImpl.newInstance(Unknown Source)
	at sun.reflect.DelegatingConstructorAccessorImpl.newInstance(Unknown Source)
	at java.lang.reflect.Constructor.newInstance(Unknown Source)
	at com.mysql.jdbc.Util.handleNewInstance(Util.java:409)
	at com.mysql.jdbc.ConnectionImpl.getInstance(ConnectionImpl.java:357)
	at com.mysql.jdbc.NonRegisteringDriver.connect(NonRegisteringDriver.java:285)
	at com.alibaba.druid.filter.FilterChainImpl.connection_connect(FilterChainImpl.java:149)
	at com.alibaba.druid.filter.stat.StatFilter.connection_connect(StatFilter.java:218)
	at com.alibaba.druid.filter.FilterChainImpl.connection_connect(FilterChainImpl.java:143)
	at com.alibaba.druid.pool.DruidAbstractDataSource.createPhysicalConnection(DruidAbstractDataSource.java:1515)
	at com.alibaba.druid.pool.DruidAbstractDataSource.createPhysicalConnection(DruidAbstractDataSource.java:1578)
	at com.alibaba.druid.pool.DruidDataSource.init(DruidDataSource.java:859)
	at com.alibaba.druid.pool.DruidDataSource.getConnection(DruidDataSource.java:1227)
	at com.alibaba.druid.pool.DruidDataSource.getConnection(DruidDataSource.java:1223)
	at com.base.database.pool.druid.DruidPool.getConnection(DruidPool.java:32)
	at com.base.database.pool.DBHelper.openConn(DBHelper.java:295)
	at com.base.database.pool.DBHelper.executeQuery(DBHelper.java:112)
	at com.base.database.BaseDao.queryOneColumnData(BaseDao.java:284)
	at com.data.business.PlayerBusiness.queryNameList(PlayerBusiness.java:51)
	at com.logic.component.RobotComponent.initialize(RobotComponent.java:37)
	at com.base.component.ComponentManager.addComponent(ComponentManager.java:54)
	at com.game.GameServer.loadComponent(GameServer.java:63)
	at com.base.server.BaseServer.start(BaseServer.java:20)
	at com.game.GameServer.main(GameServer.java:163)
Caused by: com.mysql.jdbc.exceptions.jdbc4.CommunicationsException: Communications link failure

The last packet sent successfully to the server was 0 milliseconds ago. The driver has not received any packets from the server.
	at sun.reflect.NativeConstructorAccessorImpl.newInstance0(Native Method)
	at sun.reflect.NativeConstructorAccessorImpl.newInstance(Unknown Source)
	at sun.reflect.DelegatingConstructorAccessorImpl.newInstance(Unknown Source)
	at java.lang.reflect.Constructor.newInstance(Unknown Source)
	at com.mysql.jdbc.Util.handleNewInstance(Util.java:409)
	at com.mysql.jdbc.SQLError.createCommunicationsException(SQLError.java:1122)
	at com.mysql.jdbc.MysqlIO.<init>(MysqlIO.java:344)
	at com.mysql.jdbc.ConnectionImpl.createNewIO(ConnectionImpl.java:2181)
	... 27 common frames omitted
Caused by: java.net.ConnectException: Connection refused: connect
	at java.net.DualStackPlainSocketImpl.connect0(Native Method)
	at java.net.DualStackPlainSocketImpl.socketConnect(Unknown Source)
	at java.net.AbstractPlainSocketImpl.doConnect(Unknown Source)
	at java.net.AbstractPlainSocketImpl.connectToAddress(Unknown Source)
	at java.net.AbstractPlainSocketImpl.connect(Unknown Source)
	at java.net.PlainSocketImpl.connect(Unknown Source)
	at java.net.SocksSocketImpl.connect(Unknown Source)
	at java.net.Socket.connect(Unknown Source)
	at java.net.Socket.connect(Unknown Source)
	at java.net.Socket.<init>(Unknown Source)
	at java.net.Socket.<init>(Unknown Source)
	at com.mysql.jdbc.StandardSocketFactory.connect(StandardSocketFactory.java:256)
	at com.mysql.jdbc.MysqlIO.<init>(MysqlIO.java:293)
	... 28 common frames omitted
2020-02-03 21:59:05,238|ERROR|main|{dataSource-1} init error
com.mysql.jdbc.exceptions.jdbc4.CommunicationsException: Communications link failure

The last packet sent successfully to the server was 0 milliseconds ago. The driver has not received any packets from the server.
	at sun.reflect.NativeConstructorAccessorImpl.newInstance0(Native Method)
	at sun.reflect.NativeConstructorAccessorImpl.newInstance(Unknown Source)
	at sun.reflect.DelegatingConstructorAccessorImpl.newInstance(Unknown Source)
	at java.lang.reflect.Constructor.newInstance(Unknown Source)
	at com.mysql.jdbc.Util.handleNewInstance(Util.java:409)
	at com.mysql.jdbc.SQLError.createCommunicationsException(SQLError.java:1122)
	at com.mysql.jdbc.ConnectionImpl.createNewIO(ConnectionImpl.java:2260)
	at com.mysql.jdbc.ConnectionImpl.<init>(ConnectionImpl.java:787)
	at com.mysql.jdbc.JDBC4Connection.<init>(JDBC4Connection.java:49)
	at sun.reflect.NativeConstructorAccessorImpl.newInstance0(Native Method)
	at sun.reflect.NativeConstructorAccessorImpl.newInstance(Unknown Source)
	at sun.reflect.DelegatingConstructorAccessorImpl.newInstance(Unknown Source)
	at java.lang.reflect.Constructor.newInstance(Unknown Source)
	at com.mysql.jdbc.Util.handleNewInstance(Util.java:409)
	at com.mysql.jdbc.ConnectionImpl.getInstance(ConnectionImpl.java:357)
	at com.mysql.jdbc.NonRegisteringDriver.connect(NonRegisteringDriver.java:285)
	at com.alibaba.druid.filter.FilterChainImpl.connection_connect(FilterChainImpl.java:149)
	at com.alibaba.druid.filter.stat.StatFilter.connection_connect(StatFilter.java:218)
	at com.alibaba.druid.filter.FilterChainImpl.connection_connect(FilterChainImpl.java:143)
	at com.alibaba.druid.pool.DruidAbstractDataSource.createPhysicalConnection(DruidAbstractDataSource.java:1515)
	at com.alibaba.druid.pool.DruidAbstractDataSource.createPhysicalConnection(DruidAbstractDataSource.java:1578)
	at com.alibaba.druid.pool.DruidDataSource.init(DruidDataSource.java:859)
	at com.alibaba.druid.pool.DruidDataSource.getConnection(DruidDataSource.java:1227)
	at com.alibaba.druid.pool.DruidDataSource.getConnection(DruidDataSource.java:1223)
	at com.base.database.pool.druid.DruidPool.getConnection(DruidPool.java:32)
	at com.base.database.pool.DBHelper.openConn(DBHelper.java:295)
	at com.base.database.pool.DBHelper.executeQuery(DBHelper.java:112)
	at com.base.database.BaseDao.queryOneColumnData(BaseDao.java:284)
	at com.data.business.PlayerBusiness.queryNameList(PlayerBusiness.java:51)
	at com.logic.component.RobotComponent.initialize(RobotComponent.java:37)
	at com.base.component.ComponentManager.addComponent(ComponentManager.java:54)
	at com.game.GameServer.loadComponent(GameServer.java:63)
	at com.base.server.BaseServer.start(BaseServer.java:20)
	at com.game.GameServer.main(GameServer.java:163)
Caused by: com.mysql.jdbc.exceptions.jdbc4.CommunicationsException: Communications link failure

The last packet sent successfully to the server was 0 milliseconds ago. The driver has not received any packets from the server.
	at sun.reflect.NativeConstructorAccessorImpl.newInstance0(Native Method)
	at sun.reflect.NativeConstructorAccessorImpl.newInstance(Unknown Source)
	at sun.reflect.DelegatingConstructorAccessorImpl.newInstance(Unknown Source)
	at java.lang.reflect.Constructor.newInstance(Unknown Source)
	at com.mysql.jdbc.Util.handleNewInstance(Util.java:409)
	at com.mysql.jdbc.SQLError.createCommunicationsException(SQLError.java:1122)
	at com.mysql.jdbc.MysqlIO.<init>(MysqlIO.java:344)
	at com.mysql.jdbc.ConnectionImpl.createNewIO(ConnectionImpl.java:2181)
	... 27 common frames omitted
Caused by: java.net.ConnectException: Connection refused: connect
	at java.net.DualStackPlainSocketImpl.connect0(Native Method)
	at java.net.DualStackPlainSocketImpl.socketConnect(Unknown Source)
	at java.net.AbstractPlainSocketImpl.doConnect(Unknown Source)
	at java.net.AbstractPlainSocketImpl.connectToAddress(Unknown Source)
	at java.net.AbstractPlainSocketImpl.connect(Unknown Source)
	at java.net.PlainSocketImpl.connect(Unknown Source)
	at java.net.SocksSocketImpl.connect(Unknown Source)
	at java.net.Socket.connect(Unknown Source)
	at java.net.Socket.connect(Unknown Source)
	at java.net.Socket.<init>(Unknown Source)
	at java.net.Socket.<init>(Unknown Source)
	at com.mysql.jdbc.StandardSocketFactory.connect(StandardSocketFactory.java:256)
	at com.mysql.jdbc.MysqlIO.<init>(MysqlIO.java:293)
	... 28 common frames omitted
2020-02-03 21:59:05,239|ERROR|main|Exception:
com.mysql.jdbc.exceptions.jdbc4.CommunicationsException: Communications link failure

The last packet sent successfully to the server was 0 milliseconds ago. The driver has not received any packets from the server.
	at sun.reflect.NativeConstructorAccessorImpl.newInstance0(Native Method)
	at sun.reflect.NativeConstructorAccessorImpl.newInstance(Unknown Source)
	at sun.reflect.DelegatingConstructorAccessorImpl.newInstance(Unknown Source)
	at java.lang.reflect.Constructor.newInstance(Unknown Source)
	at com.mysql.jdbc.Util.handleNewInstance(Util.java:409)
	at com.mysql.jdbc.SQLError.createCommunicationsException(SQLError.java:1122)
	at com.mysql.jdbc.ConnectionImpl.createNewIO(ConnectionImpl.java:2260)
	at com.mysql.jdbc.ConnectionImpl.<init>(ConnectionImpl.java:787)
	at com.mysql.jdbc.JDBC4Connection.<init>(JDBC4Connection.java:49)
	at sun.reflect.NativeConstructorAccessorImpl.newInstance0(Native Method)
	at sun.reflect.NativeConstructorAccessorImpl.newInstance(Unknown Source)
	at sun.reflect.DelegatingConstructorAccessorImpl.newInstance(Unknown Source)
	at java.lang.reflect.Constructor.newInstance(Unknown Source)
	at com.mysql.jdbc.Util.handleNewInstance(Util.java:409)
	at com.mysql.jdbc.ConnectionImpl.getInstance(ConnectionImpl.java:357)
	at com.mysql.jdbc.NonRegisteringDriver.connect(NonRegisteringDriver.java:285)
	at com.alibaba.druid.filter.FilterChainImpl.connection_connect(FilterChainImpl.java:149)
	at com.alibaba.druid.filter.stat.StatFilter.connection_connect(StatFilter.java:218)
	at com.alibaba.druid.filter.FilterChainImpl.connection_connect(FilterChainImpl.java:143)
	at com.alibaba.druid.pool.DruidAbstractDataSource.createPhysicalConnection(DruidAbstractDataSource.java:1515)
	at com.alibaba.druid.pool.DruidAbstractDataSource.createPhysicalConnection(DruidAbstractDataSource.java:1578)
	at com.alibaba.druid.pool.DruidDataSource.init(DruidDataSource.java:859)
	at com.alibaba.druid.pool.DruidDataSource.getConnection(DruidDataSource.java:1227)
	at com.alibaba.druid.pool.DruidDataSource.getConnection(DruidDataSource.java:1223)
	at com.base.database.pool.druid.DruidPool.getConnection(DruidPool.java:32)
	at com.base.database.pool.DBHelper.openConn(DBHelper.java:295)
	at com.base.database.pool.DBHelper.executeQuery(DBHelper.java:112)
	at com.base.database.BaseDao.queryOneColumnData(BaseDao.java:284)
	at com.data.business.PlayerBusiness.queryNameList(PlayerBusiness.java:51)
	at com.logic.component.RobotComponent.initialize(RobotComponent.java:37)
	at com.base.component.ComponentManager.addComponent(ComponentManager.java:54)
	at com.game.GameServer.loadComponent(GameServer.java:63)
	at com.base.server.BaseServer.start(BaseServer.java:20)
	at com.game.GameServer.main(GameServer.java:163)
Caused by: com.mysql.jdbc.exceptions.jdbc4.CommunicationsException: Communications link failure

The last packet sent successfully to the server was 0 milliseconds ago. The driver has not received any packets from the server.
	at sun.reflect.NativeConstructorAccessorImpl.newInstance0(Native Method)
	at sun.reflect.NativeConstructorAccessorImpl.newInstance(Unknown Source)
	at sun.reflect.DelegatingConstructorAccessorImpl.newInstance(Unknown Source)
	at java.lang.reflect.Constructor.newInstance(Unknown Source)
	at com.mysql.jdbc.Util.handleNewInstance(Util.java:409)
	at com.mysql.jdbc.SQLError.createCommunicationsException(SQLError.java:1122)
	at com.mysql.jdbc.MysqlIO.<init>(MysqlIO.java:344)
	at com.mysql.jdbc.ConnectionImpl.createNewIO(ConnectionImpl.java:2181)
	... 27 common frames omitted
Caused by: java.net.ConnectException: Connection refused: connect
	at java.net.DualStackPlainSocketImpl.connect0(Native Method)
	at java.net.DualStackPlainSocketImpl.socketConnect(Unknown Source)
	at java.net.AbstractPlainSocketImpl.doConnect(Unknown Source)
	at java.net.AbstractPlainSocketImpl.connectToAddress(Unknown Source)
	at java.net.AbstractPlainSocketImpl.connect(Unknown Source)
	at java.net.PlainSocketImpl.connect(Unknown Source)
	at java.net.SocksSocketImpl.connect(Unknown Source)
	at java.net.Socket.connect(Unknown Source)
	at java.net.Socket.connect(Unknown Source)
	at java.net.Socket.<init>(Unknown Source)
	at java.net.Socket.<init>(Unknown Source)
	at com.mysql.jdbc.StandardSocketFactory.connect(StandardSocketFactory.java:256)
	at com.mysql.jdbc.MysqlIO.<init>(MysqlIO.java:293)
	... 28 common frames omitted
2020-02-03 21:59:05,239|ERROR|main|
java.lang.NullPointerException: null
	at java.util.AbstractCollection.addAll(Unknown Source)
	at com.logic.component.RobotComponent.initialize(RobotComponent.java:38)
	at com.base.component.ComponentManager.addComponent(ComponentManager.java:54)
	at com.game.GameServer.loadComponent(GameServer.java:63)
	at com.base.server.BaseServer.start(BaseServer.java:20)
	at com.game.GameServer.main(GameServer.java:163)
2020-02-03 21:59:05,239|ERROR|main|GameServer has started failed.
2020-02-03 22:00:34,845|ERROR|main|Please input the global config path.default:../CommonLib/config/game.xml
2020-02-03 22:00:35,331|ERROR|main|Cannot find server property keep it default value.  -- log_save_interval = 300
2020-02-03 22:00:35,332|ERROR|main|Cannot find server property keep it default value.  -- monitor_job = */5 * * * * ?
2020-02-03 22:00:35,332|ERROR|main|Cannot find server property keep it default value.  -- job_ping_player = 10
2020-02-03 22:00:35,332|ERROR|main|Cannot find server property keep it default value.  -- game_update_slow = 30000
2020-02-03 22:00:35,332|ERROR|main|Cannot find server property keep it default value.  -- game_player_ping_interval = 5000
2020-02-03 22:00:35,332|ERROR|main|Cannot find server property keep it default value.  -- job_ping_fight = 5
2020-02-03 22:00:35,333|ERROR|main|Cannot find server property keep it default value.  -- job_save_player = 30
2020-02-03 22:00:35,333|ERROR|main|Cannot find server property keep it default value.  -- save_player_time = 300
2020-02-03 22:00:35,333|ERROR|main|Cannot find server property keep it default value.  -- job_corn_refresh = 1 0 0 * * ? *
2020-02-03 22:00:35,333|ERROR|main|Cannot find server property keep it default value.  -- job_rank_refresh = 0 0 4 * * ? *
2020-02-03 22:00:35,333|ERROR|main|Cannot find server property keep it default value.  -- ping_max_time = 300
2020-02-03 22:00:35,333|ERROR|main|Cannot find server property keep it default value.  -- room_max_count = 3000
2020-02-03 22:00:35,333|ERROR|main|Cannot find server property keep it default value.  -- sunday_refresh = 0 0 0 ? * 1 *
2020-02-03 22:00:35,333|ERROR|main|Cannot find server property keep it default value.  -- month_refresh = 0 0 0 1 * ? *
2020-02-03 22:00:35,333|ERROR|main|Cannot find server property keep it default value.  -- monitor_room_interval = 60
2020-02-03 22:00:35,334|ERROR|main|Cannot find server property keep it default value.  -- fight_player_ping_interval = 3
2020-02-03 22:00:35,334|ERROR|main|Cannot find server property keep it default value.  -- battle_game_time = 2400000
2020-02-03 22:00:35,334|ERROR|main|Cannot find server property keep it default value.  -- base_success = 90
2020-02-03 22:00:35,335|ERROR|main|Cannot find server property keep it default value.  -- base_success_rate = 5
2020-02-03 22:00:35,335|ERROR|main|Cannot find server property keep it default value.  -- challengeUnlockCount = 200
2020-02-03 22:00:35,335|ERROR|main|Cannot find server property keep it default value.  -- unlockChallengeItemID = 102
2020-02-03 22:00:35,335|ERROR|main|Cannot find server property keep it default value.  -- unlockChallengeItemCount = 50
2020-02-03 22:00:35,335|ERROR|main|Cannot find server property keep it default value.  -- refresh_token = 1800
2020-02-03 22:00:40,250|ERROR|main|********************Robot Count:1000**************************
2020-02-03 22:00:41,893|ERROR|main|****** Component:[com.base.database.DBPoolComponent] has started successfully.******************
2020-02-03 22:00:41,893|ERROR|main|****** Component:[com.data.component.SystemDataComponent] has started successfully.******************
2020-02-03 22:00:41,893|ERROR|main|****** Component:[com.data.component.GamePropertiesComponent] has started successfully.******************
2020-02-03 22:00:41,893|ERROR|main|****** Component:[com.base.component.SimpleScheduleComponent] has started successfully.******************
2020-02-03 22:00:41,894|ERROR|main|****** Component:[com.logic.component.RobotComponent] has started successfully.******************
2020-02-03 22:00:41,894|ERROR|main|****** Component:[com.game.component.GamePlayerComponent] has started successfully.******************
2020-02-03 22:00:41,894|ERROR|main|****** Component:[com.logic.cmd.GameCommandComponent] has started successfully.******************
2020-02-03 22:00:41,894|ERROR|main|****** Component:[com.base.timer.QuartzComponent] has started successfully.******************
2020-02-03 22:00:41,894|ERROR|main|****** Component:[com.logic.component.RoomComponent] has started successfully.******************
2020-02-03 22:00:41,899|ERROR|main|****** Component:[com.logic.component.GameComponent] has started successfully.******************
2020-02-03 22:00:41,936|ERROR|main|****** Component:[com.game.component.GameJobComponent] has started successfully.******************
2020-02-03 22:00:41,937|ERROR|main|****** Component:[com.base.component.ScriptComponent] has started successfully.******************
2020-02-03 22:00:41,937|ERROR|main|****** Component:[com.game.component.RewardDropComponent] has started successfully.******************
2020-02-03 22:00:41,937|ERROR|main|****** Component:[com.game.component.UserCommandComponent] has started successfully.******************
2020-02-03 22:00:41,937|ERROR|main|****** Component:[com.game.component.RankComponent] has started successfully.******************
2020-02-03 22:00:42,116|ERROR|main|****** Component:[com.base.web.WebComponent] has started successfully.******************
2020-02-03 22:00:42,350|ERROR|main|****** Component:[com.game.component.GameServerNettyComponent] has started successfully.******************
2020-02-03 22:00:42,351|ERROR|main|****** All Component has started successfully.******************
2020-02-03 22:00:42,351|ERROR|main|游戏服启动成功, 耗时 7 秒.
