2019-12-10 13:54:21,393|ERROR|main|Please input the global config path.default:../CommonLib/config/game.xml
2019-12-10 13:54:22,208|ERROR|main|Cannot find server property keep it default value.  -- log_save_interval = 300
2019-12-10 13:54:22,209|ERROR|main|Cannot find server property keep it default value.  -- monitor_job = */5 * * * * ?
2019-12-10 13:54:22,210|ERROR|main|Cannot find server property keep it default value.  -- job_ping_player = 10
2019-12-10 13:54:22,210|ERROR|main|Cannot find server property keep it default value.  -- game_update_slow = 30000
2019-12-10 13:54:22,211|ERROR|main|Cannot find server property keep it default value.  -- game_player_ping_interval = 5000
2019-12-10 13:54:22,211|ERROR|main|Cannot find server property keep it default value.  -- job_ping_fight = 5
2019-12-10 13:54:22,211|ERROR|main|Cannot find server property keep it default value.  -- job_save_player = 30
2019-12-10 13:54:22,212|ERROR|main|Cannot find server property keep it default value.  -- save_player_time = 300
2019-12-10 13:54:22,212|ERROR|main|Cannot find server property keep it default value.  -- job_corn_refresh = 1 0 0 * * ? *
2019-12-10 13:54:22,213|ERROR|main|Cannot find server property keep it default value.  -- job_rank_refresh = 0 0 4 * * ? *
2019-12-10 13:54:22,213|ERROR|main|Cannot find server property keep it default value.  -- ping_max_time = 300
2019-12-10 13:54:22,213|ERROR|main|Cannot find server property keep it default value.  -- room_max_count = 3000
2019-12-10 13:54:22,214|ERROR|main|Cannot find server property keep it default value.  -- sunday_refresh = 0 0 0 ? * 1 *
2019-12-10 13:54:22,214|ERROR|main|Cannot find server property keep it default value.  -- month_refresh = 0 0 0 1 * ? *
2019-12-10 13:54:22,214|ERROR|main|Cannot find server property keep it default value.  -- monitor_room_interval = 60
2019-12-10 13:54:22,215|ERROR|main|Cannot find server property keep it default value.  -- fight_player_ping_interval = 3
2019-12-10 13:54:22,215|ERROR|main|Cannot find server property keep it default value.  -- battle_game_time = 2400000
2019-12-10 13:54:22,215|ERROR|main|Cannot find server property keep it default value.  -- win_diamond = 10
2019-12-10 13:54:22,216|ERROR|main|Cannot find server property keep it default value.  -- base_success = 70
2019-12-10 13:54:22,216|ERROR|main|Cannot find server property keep it default value.  -- base_success_rate = 2
2019-12-10 13:54:22,217|ERROR|main|Cannot find server property keep it default value.  -- challengeUnlockCount = 200
2019-12-10 13:54:22,217|ERROR|main|Cannot find server property keep it default value.  -- unlockChallengeItemID = 102
2019-12-10 13:54:22,217|ERROR|main|Cannot find server property keep it default value.  -- unlockChallengeItemCount = 50
2019-12-10 13:54:23,240|ERROR|main|********************Robot Count:1000**************************
2019-12-10 13:54:25,605|ERROR|main|****** Component:[com.base.database.DBPoolComponent] has started successfully.******************
2019-12-10 13:54:25,606|ERROR|main|****** Component:[com.data.component.SystemDataComponent] has started successfully.******************
2019-12-10 13:54:25,606|ERROR|main|****** Component:[com.data.component.GamePropertiesComponent] has started successfully.******************
2019-12-10 13:54:25,606|ERROR|main|****** Component:[com.base.component.SimpleScheduleComponent] has started successfully.******************
2019-12-10 13:54:25,606|ERROR|main|****** Component:[com.logic.component.RobotComponent] has started successfully.******************
2019-12-10 13:54:25,606|ERROR|main|****** Component:[com.game.component.GamePlayerComponent] has started successfully.******************
2019-12-10 13:54:25,606|ERROR|main|****** Component:[com.logic.cmd.GameCommandComponent] has started successfully.******************
2019-12-10 13:54:25,606|ERROR|main|****** Component:[com.base.timer.QuartzComponent] has started successfully.******************
2019-12-10 13:54:25,606|ERROR|main|****** Component:[com.logic.component.RoomComponent] has started successfully.******************
2019-12-10 13:54:25,611|ERROR|main|****** Component:[com.logic.component.GameComponent] has started successfully.******************
2019-12-10 13:54:25,676|ERROR|main|****** Component:[com.game.component.GameJobComponent] has started successfully.******************
2019-12-10 13:54:25,676|ERROR|main|****** Component:[com.base.component.ScriptComponent] has started successfully.******************
2019-12-10 13:54:25,676|ERROR|main|****** Component:[com.game.component.RewardDropComponent] has started successfully.******************
2019-12-10 13:54:25,676|ERROR|main|****** Component:[com.game.component.UserCommandComponent] has started successfully.******************
2019-12-10 13:54:25,676|ERROR|main|****** Component:[com.game.component.RankComponent] has started successfully.******************
2019-12-10 13:54:26,788|ERROR|main|****** Component:[com.base.web.WebComponent] has started successfully.******************
2019-12-10 13:54:27,051|ERROR|main|****** Component:[com.game.component.GameServerNettyComponent] has started successfully.******************
2019-12-10 13:54:27,052|ERROR|main|****** All Component has started successfully.******************
2019-12-10 13:54:27,054|ERROR|main|游戏服启动成功, 耗时 5 秒.
2019-12-10 14:04:46,451|ERROR|GamePlayer-Worker-1|AdRewardBean is Null.configID:0
2019-12-10 14:04:52,713|ERROR|GamePlayer-Worker-4|AdRewardBean is Null.configID:0
2019-12-10 14:05:04,574|ERROR|nioEventLoopGroup-3-1|Disconnect Exit Room.null,UserID:10027
2019-12-10 14:05:42,491|ERROR|GamePlayer-Worker-11|AdRewardBean is Null.configID:0
2019-12-10 14:07:40,980|ERROR|nioEventLoopGroup-3-3|Disconnect Exit Room.null,UserID:10027
2019-12-10 14:09:20,353|ERROR|nioEventLoopGroup-3-2|Disconnect Exit Room.null,UserID:10029
2019-12-10 14:13:54,872|ERROR|GamePlayer-Worker-13|AdRewardBean is Null.configID:0
2019-12-10 14:15:10,024|ERROR|nioEventLoopGroup-3-4|Disconnect Exit Room.null,UserID:10029
2019-12-10 14:15:12,047|ERROR|GamePlayer-Worker-1|AdRewardBean is Null.configID:0
2019-12-10 14:19:42,557|ERROR|nioEventLoopGroup-3-5|Disconnect Exit Room.null,UserID:10029
2019-12-10 14:20:16,171|ERROR|GamePlayer-Worker-10|AdRewardBean is Null.configID:0
2019-12-10 14:20:37,396|ERROR|GamePlayer-Worker-2|AdRewardBean is Null.configID:0
2019-12-10 14:21:16,139|ERROR|GamePlayer-Worker-12|Exit Room.1,UserID:10027
2019-12-10 14:21:18,243|ERROR|nioEventLoopGroup-3-7|Disconnect Exit Room.null,UserID:10027
2019-12-10 14:29:18,110|ERROR|GamePlayer-Worker-9|AdRewardBean is Null.configID:0
2019-12-10 14:29:30,310|ERROR|nioEventLoopGroup-3-8|Disconnect Exit Room.null,UserID:10027
2019-12-10 14:29:36,772|ERROR|nioEventLoopGroup-3-6|Disconnect Exit Room.null,UserID:10029
2019-12-10 14:29:49,690|ERROR|GamePlayer-Worker-11|AdRewardBean is Null.configID:0
2019-12-10 14:29:58,130|ERROR|GamePlayer-Worker-2|AdRewardBean is Null.configID:0
2019-12-10 14:30:55,984|ERROR|nioEventLoopGroup-3-9|Disconnect Exit Room.null,UserID:10027
2019-12-10 14:39:25,380|ERROR|main|Please input the global config path.default:../CommonLib/config/game.xml
2019-12-10 14:39:26,066|ERROR|main|Cannot find server property keep it default value.  -- log_save_interval = 300
2019-12-10 14:39:26,067|ERROR|main|Cannot find server property keep it default value.  -- monitor_job = */5 * * * * ?
2019-12-10 14:39:26,068|ERROR|main|Cannot find server property keep it default value.  -- job_ping_player = 10
2019-12-10 14:39:26,068|ERROR|main|Cannot find server property keep it default value.  -- game_update_slow = 30000
2019-12-10 14:39:26,069|ERROR|main|Cannot find server property keep it default value.  -- game_player_ping_interval = 5000
2019-12-10 14:39:26,069|ERROR|main|Cannot find server property keep it default value.  -- job_ping_fight = 5
2019-12-10 14:39:26,069|ERROR|main|Cannot find server property keep it default value.  -- job_save_player = 30
2019-12-10 14:39:26,069|ERROR|main|Cannot find server property keep it default value.  -- save_player_time = 300
2019-12-10 14:39:26,070|ERROR|main|Cannot find server property keep it default value.  -- job_corn_refresh = 1 0 0 * * ? *
2019-12-10 14:39:26,070|ERROR|main|Cannot find server property keep it default value.  -- job_rank_refresh = 0 0 4 * * ? *
2019-12-10 14:39:26,070|ERROR|main|Cannot find server property keep it default value.  -- ping_max_time = 300
2019-12-10 14:39:26,071|ERROR|main|Cannot find server property keep it default value.  -- room_max_count = 3000
2019-12-10 14:39:26,071|ERROR|main|Cannot find server property keep it default value.  -- sunday_refresh = 0 0 0 ? * 1 *
2019-12-10 14:39:26,071|ERROR|main|Cannot find server property keep it default value.  -- month_refresh = 0 0 0 1 * ? *
2019-12-10 14:39:26,071|ERROR|main|Cannot find server property keep it default value.  -- monitor_room_interval = 60
2019-12-10 14:39:26,072|ERROR|main|Cannot find server property keep it default value.  -- fight_player_ping_interval = 3
2019-12-10 14:39:26,073|ERROR|main|Cannot find server property keep it default value.  -- battle_game_time = 2400000
2019-12-10 14:39:26,073|ERROR|main|Cannot find server property keep it default value.  -- win_diamond = 10
2019-12-10 14:39:26,073|ERROR|main|Cannot find server property keep it default value.  -- base_success = 70
2019-12-10 14:39:26,073|ERROR|main|Cannot find server property keep it default value.  -- base_success_rate = 2
2019-12-10 14:39:26,074|ERROR|main|Cannot find server property keep it default value.  -- challengeUnlockCount = 200
2019-12-10 14:39:26,074|ERROR|main|Cannot find server property keep it default value.  -- unlockChallengeItemID = 102
2019-12-10 14:39:26,074|ERROR|main|Cannot find server property keep it default value.  -- unlockChallengeItemCount = 50
2019-12-10 14:39:26,767|ERROR|main|********************Robot Count:1000**************************
2019-12-10 14:39:27,931|ERROR|main|****** Component:[com.base.database.DBPoolComponent] has started successfully.******************
2019-12-10 14:39:27,931|ERROR|main|****** Component:[com.data.component.SystemDataComponent] has started successfully.******************
2019-12-10 14:39:27,931|ERROR|main|****** Component:[com.data.component.GamePropertiesComponent] has started successfully.******************
2019-12-10 14:39:27,931|ERROR|main|****** Component:[com.base.component.SimpleScheduleComponent] has started successfully.******************
2019-12-10 14:39:27,931|ERROR|main|****** Component:[com.logic.component.RobotComponent] has started successfully.******************
2019-12-10 14:39:27,931|ERROR|main|****** Component:[com.game.component.GamePlayerComponent] has started successfully.******************
2019-12-10 14:39:27,931|ERROR|main|****** Component:[com.logic.cmd.GameCommandComponent] has started successfully.******************
2019-12-10 14:39:27,931|ERROR|main|****** Component:[com.base.timer.QuartzComponent] has started successfully.******************
2019-12-10 14:39:27,931|ERROR|main|****** Component:[com.logic.component.RoomComponent] has started successfully.******************
2019-12-10 14:39:27,938|ERROR|main|****** Component:[com.logic.component.GameComponent] has started successfully.******************
2019-12-10 14:39:27,987|ERROR|main|****** Component:[com.game.component.GameJobComponent] has started successfully.******************
2019-12-10 14:39:27,987|ERROR|main|****** Component:[com.base.component.ScriptComponent] has started successfully.******************
2019-12-10 14:39:27,987|ERROR|main|****** Component:[com.game.component.RewardDropComponent] has started successfully.******************
2019-12-10 14:39:27,987|ERROR|main|****** Component:[com.game.component.UserCommandComponent] has started successfully.******************
2019-12-10 14:39:27,987|ERROR|main|****** Component:[com.game.component.RankComponent] has started successfully.******************
2019-12-10 14:39:28,383|ERROR|main|****** Component:[com.base.web.WebComponent] has started successfully.******************
2019-12-10 14:39:28,592|ERROR|main|****** Component:[com.game.component.GameServerNettyComponent] has started successfully.******************
2019-12-10 14:39:28,594|ERROR|main|****** All Component has started successfully.******************
2019-12-10 14:39:28,594|ERROR|main|游戏服启动成功, 耗时 3 秒.
2019-12-10 15:00:57,431|ERROR|GamePlayer-Worker-1|AdRewardBean is Null.configID:0
2019-12-10 15:01:52,494|ERROR|GamePlayer-Worker-12|AdRewardBean is Null.configID:0
2019-12-10 15:02:27,588|ERROR|nioEventLoopGroup-3-1|Disconnect Exit Room.null,UserID:10027
2019-12-10 15:03:33,592|ERROR|nioEventLoopGroup-3-2|Disconnect Exit Room.null,UserID:10029
2019-12-10 15:11:09,072|ERROR|GamePlayer-Worker-8|AdRewardBean is Null.configID:0
2019-12-10 15:11:35,793|ERROR|GamePlayer-Worker-1|AdRewardBean is Null.configID:0
2019-12-10 15:12:12,172|ERROR|nioEventLoopGroup-3-4|Disconnect Exit Room.null,UserID:10027
2019-12-10 15:12:17,093|ERROR|GamePlayer-Worker-8|AdRewardBean is Null.configID:0
2019-12-10 15:13:06,869|ERROR|nioEventLoopGroup-3-5|Disconnect Exit Room.null,UserID:10027
2019-12-10 15:13:21,392|ERROR|GamePlayer-Worker-8|AdRewardBean is Null.configID:0
2019-12-10 15:19:49,145|ERROR|nioEventLoopGroup-3-6|Disconnect Exit Room.null,UserID:10027
2019-12-10 15:20:50,331|ERROR|GamePlayer-Worker-4|AdRewardBean is Null.configID:0
2019-12-10 15:20:54,496|ERROR|nioEventLoopGroup-3-3|Disconnect Exit Room.null,UserID:10029
2019-12-10 15:20:56,051|ERROR|GamePlayer-Worker-7|AdRewardBean is Null.configID:0
2019-12-10 15:22:37,424|ERROR|nioEventLoopGroup-3-7|Disconnect Exit Room.null,UserID:10027
2019-12-10 15:22:58,972|ERROR|GamePlayer-Worker-10|AdRewardBean is Null.configID:0
2019-12-10 15:23:36,881|ERROR|nioEventLoopGroup-3-9|Disconnect Exit Room.null,UserID:10027
2019-12-10 15:28:19,165|ERROR|GamePlayer-Worker-3|AdRewardBean is Null.configID:0
2019-12-10 15:28:35,217|ERROR|nioEventLoopGroup-3-8|Disconnect Exit Room.null,UserID:10029
2019-12-10 15:28:36,658|ERROR|GamePlayer-Worker-7|AdRewardBean is Null.configID:0
2019-12-10 15:29:56,328|ERROR|nioEventLoopGroup-3-11|Disconnect Exit Room.null,UserID:10029
2019-12-10 15:30:32,942|ERROR|GamePlayer-Worker-6|AdRewardBean is Null.configID:0
2019-12-10 15:31:20,014|ERROR|nioEventLoopGroup-3-10|Disconnect Exit Room.null,UserID:10027
2019-12-10 15:32:44,081|ERROR|GamePlayer-Worker-1|AdRewardBean is Null.configID:0
2019-12-10 15:33:15,316|ERROR|nioEventLoopGroup-3-12|Disconnect Exit Room.null,UserID:10029
2019-12-10 15:33:20,868|ERROR|nioEventLoopGroup-3-13|Disconnect Exit Room.null,UserID:10030
2019-12-10 15:33:24,767|ERROR|GamePlayer-Worker-8|AdRewardBean is Null.configID:0
2019-12-10 15:34:18,876|ERROR|GamePlayer-Worker-13|AdRewardBean is Null.configID:0
2019-12-10 15:34:22,973|ERROR|GamePlayer-Worker-8|AdRewardBean is Null.configID:0
2019-12-10 15:34:48,569|ERROR|nioEventLoopGroup-3-3|Disconnect Exit Room.null,UserID:10027
2019-12-10 15:41:55,773|ERROR|GamePlayer-Worker-13|Exit Room.1,UserID:10029
2019-12-10 15:41:57,746|ERROR|pool-1-thread-1|Exit Room.0,UserID:10029
2019-12-10 15:42:00,747|ERROR|pool-1-thread-1|Exit Room.0,UserID:10029
2019-12-10 15:42:03,748|ERROR|pool-1-thread-1|Exit Room.0,UserID:10029
2019-12-10 15:42:06,749|ERROR|pool-1-thread-1|Exit Room.0,UserID:10029
2019-12-10 15:42:09,750|ERROR|pool-1-thread-1|Exit Room.0,UserID:10029
2019-12-10 15:42:12,750|ERROR|pool-1-thread-1|Exit Room.0,UserID:10029
2019-12-10 15:42:15,751|ERROR|pool-1-thread-1|Exit Room.0,UserID:10029
2019-12-10 15:42:18,753|ERROR|pool-1-thread-1|Exit Room.0,UserID:10029
2019-12-10 15:42:21,753|ERROR|pool-1-thread-1|Exit Room.0,UserID:10029
2019-12-10 15:42:24,753|ERROR|pool-1-thread-1|Exit Room.0,UserID:10029
2019-12-10 15:42:27,754|ERROR|pool-1-thread-1|Exit Room.0,UserID:10029
2019-12-10 15:42:30,755|ERROR|pool-1-thread-1|Exit Room.0,UserID:10029
2019-12-10 15:42:33,756|ERROR|pool-1-thread-1|Exit Room.0,UserID:10029
2019-12-10 15:42:36,756|ERROR|pool-1-thread-1|Exit Room.0,UserID:10029
2019-12-10 15:42:39,757|ERROR|pool-1-thread-1|Exit Room.0,UserID:10029
2019-12-10 15:42:42,759|ERROR|pool-1-thread-1|Exit Room.0,UserID:10029
2019-12-10 15:42:42,914|ERROR|GamePlayer-Worker-4|AdRewardBean is Null.configID:0
2019-12-10 15:42:45,761|ERROR|pool-1-thread-1|Exit Room.0,UserID:10029
2019-12-10 15:42:48,762|ERROR|pool-1-thread-1|Exit Room.0,UserID:10029
2019-12-10 15:42:51,762|ERROR|pool-1-thread-1|Exit Room.0,UserID:10029
2019-12-10 15:42:54,762|ERROR|pool-1-thread-1|Exit Room.0,UserID:10029
2019-12-10 15:42:57,763|ERROR|pool-1-thread-1|Exit Room.0,UserID:10029
2019-12-10 15:43:00,765|ERROR|pool-1-thread-1|Exit Room.0,UserID:10029
2019-12-10 15:43:03,765|ERROR|pool-1-thread-1|Exit Room.0,UserID:10029
2019-12-10 15:43:06,774|ERROR|pool-1-thread-1|Exit Room.0,UserID:10029
2019-12-10 15:43:09,776|ERROR|pool-1-thread-1|Exit Room.0,UserID:10029
2019-12-10 15:43:12,777|ERROR|pool-1-thread-1|Exit Room.0,UserID:10029
2019-12-10 15:43:15,778|ERROR|pool-1-thread-1|Exit Room.0,UserID:10029
2019-12-10 15:43:17,379|ERROR|nioEventLoopGroup-3-4|Disconnect Exit Room.null,UserID:10027
2019-12-10 15:43:18,779|ERROR|pool-1-thread-1|Exit Room.0,UserID:10029
2019-12-10 15:43:44,033|ERROR|nioEventLoopGroup-3-1|Disconnect Exit Room.null,UserID:10029
2019-12-10 15:52:43,314|ERROR|GamePlayer-Worker-10|AdRewardBean is Null.configID:0
2019-12-10 15:55:31,939|ERROR|nioEventLoopGroup-3-5|Disconnect Exit Room.null,UserID:10029
2019-12-10 17:30:29,430|ERROR|nioEventLoopGroup-3-2|Disconnect Exit Room.null,UserID:10030
