2019-10-09 10:20:26,448|ERROR|main|Please input the global config path.default:../CommonLib/config/game.xml
2019-10-09 10:20:27,330|ERROR|main|Cannot find server property keep it default value.  -- log_save_interval = 300
2019-10-09 10:20:27,331|ERROR|main|Cannot find server property keep it default value.  -- monitor_job = */5 * * * * ?
2019-10-09 10:20:27,332|ERROR|main|Cannot find server property keep it default value.  -- job_ping_player = 10
2019-10-09 10:20:27,335|ERROR|main|Cannot find server property keep it default value.  -- game_update_slow = 30000
2019-10-09 10:20:27,336|ERROR|main|Cannot find server property keep it default value.  -- game_player_ping_interval = 5000
2019-10-09 10:20:27,336|ERROR|main|Cannot find server property keep it default value.  -- job_ping_fight = 5
2019-10-09 10:20:27,337|ERROR|main|Cannot find server property keep it default value.  -- job_save_player = 30
2019-10-09 10:20:27,339|ERROR|main|Cannot find server property keep it default value.  -- save_player_time = 300
2019-10-09 10:20:27,339|ERROR|main|Cannot find server property keep it default value.  -- job_corn_refresh = 1 0 0 * * ? *
2019-10-09 10:20:27,339|ERROR|main|Cannot find server property keep it default value.  -- job_rank_refresh = 0 0 4 * * ? *
2019-10-09 10:20:27,340|ERROR|main|Cannot find server property keep it default value.  -- ping_max_time = 120
2019-10-09 10:20:27,340|ERROR|main|Cannot find server property keep it default value.  -- room_max_count = 3000
2019-10-09 10:20:27,341|ERROR|main|Cannot find server property keep it default value.  -- sunday_refresh = 0 0 3 ? * 1
2019-10-09 10:20:27,341|ERROR|main|Cannot find server property keep it default value.  -- monitor_room_interval = 60
2019-10-09 10:20:27,341|ERROR|main|Cannot find server property keep it default value.  -- fight_player_ping_interval = 3
2019-10-09 10:20:27,342|ERROR|main|Cannot find server property keep it default value.  -- battle_game_time = 2400000
2019-10-09 10:20:27,343|ERROR|main|Cannot find server property keep it default value.  -- win_diamond = 10
2019-10-09 10:20:27,344|ERROR|main|Cannot find server property keep it default value.  -- base_success = 70
2019-10-09 10:20:27,344|ERROR|main|Cannot find server property keep it default value.  -- base_success_rate = 2
2019-10-09 10:20:27,345|ERROR|main|Cannot find server property keep it default value.  -- challengeUnlockCount = 200
2019-10-09 10:20:27,345|ERROR|main|Cannot find server property keep it default value.  -- unlockChallengeItemID = 102
2019-10-09 10:20:27,345|ERROR|main|Cannot find server property keep it default value.  -- unlockChallengeItemCount = 50
2019-10-09 10:20:28,179|ERROR|main|********************Robot Count:1000**************************
2019-10-09 10:20:29,153|ERROR|main|****** Component:[com.base.database.DBPoolComponent] has started successfully.******************
2019-10-09 10:20:29,153|ERROR|main|****** Component:[com.data.component.SystemDataComponent] has started successfully.******************
2019-10-09 10:20:29,153|ERROR|main|****** Component:[com.data.component.GamePropertiesComponent] has started successfully.******************
2019-10-09 10:20:29,153|ERROR|main|****** Component:[com.base.component.SimpleScheduleComponent] has started successfully.******************
2019-10-09 10:20:29,153|ERROR|main|****** Component:[com.logic.component.RobotComponent] has started successfully.******************
2019-10-09 10:20:29,153|ERROR|main|****** Component:[com.game.component.GamePlayerComponent] has started successfully.******************
2019-10-09 10:20:29,154|ERROR|main|****** Component:[com.logic.cmd.GameCommandComponent] has started successfully.******************
2019-10-09 10:20:29,154|ERROR|main|****** Component:[com.base.timer.QuartzComponent] has started successfully.******************
2019-10-09 10:20:29,154|ERROR|main|****** Component:[com.logic.component.RoomComponent] has started successfully.******************
2019-10-09 10:20:29,165|ERROR|main|****** Component:[com.logic.component.GameComponent] has started successfully.******************
2019-10-09 10:20:29,186|ERROR|main|****** Component:[com.game.component.GameJobComponent] has started successfully.******************
2019-10-09 10:20:29,187|ERROR|main|****** Component:[com.base.component.ScriptComponent] has started successfully.******************
2019-10-09 10:20:29,187|ERROR|main|****** Component:[com.game.component.RewardDropComponent] has started successfully.******************
2019-10-09 10:20:29,187|ERROR|main|****** Component:[com.game.component.UserCommandComponent] has started successfully.******************
2019-10-09 10:20:29,528|ERROR|main|****** Component:[com.base.web.WebComponent] has started successfully.******************
2019-10-09 10:20:29,688|ERROR|main|****** Component:[com.game.component.GameServerNettyComponent] has started successfully.******************
2019-10-09 10:20:29,688|ERROR|main|****** All Component has started successfully.******************
2019-10-09 10:20:29,689|ERROR|main|游戏服启动成功, 耗时 3 秒.
2019-10-09 14:02:19,756|ERROR|main|Please input the global config path.default:../CommonLib/config/game.xml
2019-10-09 14:02:20,335|ERROR|main|Cannot find server property keep it default value.  -- log_save_interval = 300
2019-10-09 14:02:20,338|ERROR|main|Cannot find server property keep it default value.  -- monitor_job = */5 * * * * ?
2019-10-09 14:02:20,339|ERROR|main|Cannot find server property keep it default value.  -- job_ping_player = 10
2019-10-09 14:02:20,339|ERROR|main|Cannot find server property keep it default value.  -- game_update_slow = 30000
2019-10-09 14:02:20,340|ERROR|main|Cannot find server property keep it default value.  -- game_player_ping_interval = 5000
2019-10-09 14:02:20,340|ERROR|main|Cannot find server property keep it default value.  -- job_ping_fight = 5
2019-10-09 14:02:20,341|ERROR|main|Cannot find server property keep it default value.  -- job_save_player = 30
2019-10-09 14:02:20,341|ERROR|main|Cannot find server property keep it default value.  -- save_player_time = 300
2019-10-09 14:02:20,341|ERROR|main|Cannot find server property keep it default value.  -- job_corn_refresh = 1 0 0 * * ? *
2019-10-09 14:02:20,342|ERROR|main|Cannot find server property keep it default value.  -- job_rank_refresh = 0 0 4 * * ? *
2019-10-09 14:02:20,342|ERROR|main|Cannot find server property keep it default value.  -- ping_max_time = 120
2019-10-09 14:02:20,343|ERROR|main|Cannot find server property keep it default value.  -- room_max_count = 3000
2019-10-09 14:02:20,343|ERROR|main|Cannot find server property keep it default value.  -- sunday_refresh = 0 0 3 ? * 1
2019-10-09 14:02:20,343|ERROR|main|Cannot find server property keep it default value.  -- monitor_room_interval = 60
2019-10-09 14:02:20,343|ERROR|main|Cannot find server property keep it default value.  -- fight_player_ping_interval = 3
2019-10-09 14:02:20,344|ERROR|main|Cannot find server property keep it default value.  -- battle_game_time = 2400000
2019-10-09 14:02:20,344|ERROR|main|Cannot find server property keep it default value.  -- win_diamond = 10
2019-10-09 14:02:20,344|ERROR|main|Cannot find server property keep it default value.  -- base_success = 70
2019-10-09 14:02:20,345|ERROR|main|Cannot find server property keep it default value.  -- base_success_rate = 2
2019-10-09 14:02:20,345|ERROR|main|Cannot find server property keep it default value.  -- challengeUnlockCount = 200
2019-10-09 14:02:20,345|ERROR|main|Cannot find server property keep it default value.  -- unlockChallengeItemID = 102
2019-10-09 14:02:20,345|ERROR|main|Cannot find server property keep it default value.  -- unlockChallengeItemCount = 50
2019-10-09 14:02:20,974|ERROR|main|********************Robot Count:1000**************************
2019-10-09 14:02:21,951|ERROR|main|****** Component:[com.base.database.DBPoolComponent] has started successfully.******************
2019-10-09 14:02:21,951|ERROR|main|****** Component:[com.data.component.SystemDataComponent] has started successfully.******************
2019-10-09 14:02:21,951|ERROR|main|****** Component:[com.data.component.GamePropertiesComponent] has started successfully.******************
2019-10-09 14:02:21,952|ERROR|main|****** Component:[com.base.component.SimpleScheduleComponent] has started successfully.******************
2019-10-09 14:02:21,952|ERROR|main|****** Component:[com.logic.component.RobotComponent] has started successfully.******************
2019-10-09 14:02:21,952|ERROR|main|****** Component:[com.game.component.GamePlayerComponent] has started successfully.******************
2019-10-09 14:02:21,952|ERROR|main|****** Component:[com.logic.cmd.GameCommandComponent] has started successfully.******************
2019-10-09 14:02:21,952|ERROR|main|****** Component:[com.base.timer.QuartzComponent] has started successfully.******************
2019-10-09 14:02:21,952|ERROR|main|****** Component:[com.logic.component.RoomComponent] has started successfully.******************
2019-10-09 14:02:21,956|ERROR|main|****** Component:[com.logic.component.GameComponent] has started successfully.******************
2019-10-09 14:02:22,004|ERROR|main|****** Component:[com.game.component.GameJobComponent] has started successfully.******************
2019-10-09 14:02:22,004|ERROR|main|****** Component:[com.base.component.ScriptComponent] has started successfully.******************
2019-10-09 14:02:22,004|ERROR|main|****** Component:[com.game.component.RewardDropComponent] has started successfully.******************
2019-10-09 14:02:22,004|ERROR|main|****** Component:[com.game.component.UserCommandComponent] has started successfully.******************
2019-10-09 14:02:22,293|ERROR|main|****** Component:[com.base.web.WebComponent] has started successfully.******************
2019-10-09 14:02:22,464|ERROR|main|****** Component:[com.game.component.GameServerNettyComponent] has started successfully.******************
2019-10-09 14:02:22,467|ERROR|main|****** All Component has started successfully.******************
2019-10-09 14:02:22,468|ERROR|main|游戏服启动成功, 耗时 2 秒.
2019-10-09 14:04:48,756|ERROR|main|Please input the global config path.default:../CommonLib/config/game.xml
2019-10-09 14:04:49,396|ERROR|main|Cannot find server property keep it default value.  -- log_save_interval = 300
2019-10-09 14:04:49,397|ERROR|main|Cannot find server property keep it default value.  -- monitor_job = */5 * * * * ?
2019-10-09 14:04:49,398|ERROR|main|Cannot find server property keep it default value.  -- job_ping_player = 10
2019-10-09 14:04:49,399|ERROR|main|Cannot find server property keep it default value.  -- game_update_slow = 30000
2019-10-09 14:04:49,399|ERROR|main|Cannot find server property keep it default value.  -- game_player_ping_interval = 5000
2019-10-09 14:04:49,399|ERROR|main|Cannot find server property keep it default value.  -- job_ping_fight = 5
2019-10-09 14:04:49,400|ERROR|main|Cannot find server property keep it default value.  -- job_save_player = 30
2019-10-09 14:04:49,400|ERROR|main|Cannot find server property keep it default value.  -- save_player_time = 300
2019-10-09 14:04:49,401|ERROR|main|Cannot find server property keep it default value.  -- job_corn_refresh = 1 0 0 * * ? *
2019-10-09 14:04:49,401|ERROR|main|Cannot find server property keep it default value.  -- job_rank_refresh = 0 0 4 * * ? *
2019-10-09 14:04:49,401|ERROR|main|Cannot find server property keep it default value.  -- ping_max_time = 120
2019-10-09 14:04:49,401|ERROR|main|Cannot find server property keep it default value.  -- room_max_count = 3000
2019-10-09 14:04:49,402|ERROR|main|Cannot find server property keep it default value.  -- sunday_refresh = 0 0 3 ? * 1
2019-10-09 14:04:49,402|ERROR|main|Cannot find server property keep it default value.  -- monitor_room_interval = 60
2019-10-09 14:04:49,402|ERROR|main|Cannot find server property keep it default value.  -- fight_player_ping_interval = 3
2019-10-09 14:04:49,403|ERROR|main|Cannot find server property keep it default value.  -- battle_game_time = 2400000
2019-10-09 14:04:49,403|ERROR|main|Cannot find server property keep it default value.  -- win_diamond = 10
2019-10-09 14:04:49,404|ERROR|main|Cannot find server property keep it default value.  -- base_success = 70
2019-10-09 14:04:49,404|ERROR|main|Cannot find server property keep it default value.  -- base_success_rate = 2
2019-10-09 14:04:49,404|ERROR|main|Cannot find server property keep it default value.  -- challengeUnlockCount = 200
2019-10-09 14:04:49,404|ERROR|main|Cannot find server property keep it default value.  -- unlockChallengeItemID = 102
2019-10-09 14:04:49,405|ERROR|main|Cannot find server property keep it default value.  -- unlockChallengeItemCount = 50
2019-10-09 14:04:50,029|ERROR|main|********************Robot Count:1000**************************
2019-10-09 14:04:50,990|ERROR|main|****** Component:[com.base.database.DBPoolComponent] has started successfully.******************
2019-10-09 14:04:50,991|ERROR|main|****** Component:[com.data.component.SystemDataComponent] has started successfully.******************
2019-10-09 14:04:50,992|ERROR|main|****** Component:[com.data.component.GamePropertiesComponent] has started successfully.******************
2019-10-09 14:04:50,992|ERROR|main|****** Component:[com.base.component.SimpleScheduleComponent] has started successfully.******************
2019-10-09 14:04:50,992|ERROR|main|****** Component:[com.logic.component.RobotComponent] has started successfully.******************
2019-10-09 14:04:50,992|ERROR|main|****** Component:[com.game.component.GamePlayerComponent] has started successfully.******************
2019-10-09 14:04:50,992|ERROR|main|****** Component:[com.logic.cmd.GameCommandComponent] has started successfully.******************
2019-10-09 14:04:50,992|ERROR|main|****** Component:[com.base.timer.QuartzComponent] has started successfully.******************
2019-10-09 14:04:50,993|ERROR|main|****** Component:[com.logic.component.RoomComponent] has started successfully.******************
2019-10-09 14:04:50,998|ERROR|main|****** Component:[com.logic.component.GameComponent] has started successfully.******************
2019-10-09 14:04:51,044|ERROR|main|****** Component:[com.game.component.GameJobComponent] has started successfully.******************
2019-10-09 14:04:51,044|ERROR|main|****** Component:[com.base.component.ScriptComponent] has started successfully.******************
2019-10-09 14:04:51,044|ERROR|main|****** Component:[com.game.component.RewardDropComponent] has started successfully.******************
2019-10-09 14:04:51,044|ERROR|main|****** Component:[com.game.component.UserCommandComponent] has started successfully.******************
2019-10-09 14:04:51,293|ERROR|main|****** Component:[com.base.web.WebComponent] has started successfully.******************
2019-10-09 14:04:51,487|ERROR|main|****** Component:[com.game.component.GameServerNettyComponent] has started successfully.******************
2019-10-09 14:04:51,487|ERROR|main|****** All Component has started successfully.******************
2019-10-09 14:04:51,488|ERROR|main|游戏服启动成功, 耗时 2 秒.
2019-10-09 16:35:06,740|ERROR|main|Please input the global config path.default:../CommonLib/config/game.xml
2019-10-09 16:35:07,953|ERROR|main|Cannot find server property keep it default value.  -- log_save_interval = 300
2019-10-09 16:35:07,959|ERROR|main|Cannot find server property keep it default value.  -- monitor_job = */5 * * * * ?
2019-10-09 16:35:07,961|ERROR|main|Cannot find server property keep it default value.  -- job_ping_player = 10
2019-10-09 16:35:07,961|ERROR|main|Cannot find server property keep it default value.  -- game_update_slow = 30000
2019-10-09 16:35:07,962|ERROR|main|Cannot find server property keep it default value.  -- game_player_ping_interval = 5000
2019-10-09 16:35:07,962|ERROR|main|Cannot find server property keep it default value.  -- job_ping_fight = 5
2019-10-09 16:35:07,963|ERROR|main|Cannot find server property keep it default value.  -- job_save_player = 30
2019-10-09 16:35:07,963|ERROR|main|Cannot find server property keep it default value.  -- save_player_time = 300
2019-10-09 16:35:07,963|ERROR|main|Cannot find server property keep it default value.  -- job_corn_refresh = 1 0 0 * * ? *
2019-10-09 16:35:07,964|ERROR|main|Cannot find server property keep it default value.  -- job_rank_refresh = 0 0 4 * * ? *
2019-10-09 16:35:07,965|ERROR|main|Cannot find server property keep it default value.  -- ping_max_time = 120
2019-10-09 16:35:07,965|ERROR|main|Cannot find server property keep it default value.  -- room_max_count = 3000
2019-10-09 16:35:07,965|ERROR|main|Cannot find server property keep it default value.  -- sunday_refresh = 0 0 3 ? * 1
2019-10-09 16:35:07,966|ERROR|main|Cannot find server property keep it default value.  -- monitor_room_interval = 60
2019-10-09 16:35:07,966|ERROR|main|Cannot find server property keep it default value.  -- fight_player_ping_interval = 3
2019-10-09 16:35:07,967|ERROR|main|Cannot find server property keep it default value.  -- battle_game_time = 2400000
2019-10-09 16:35:07,967|ERROR|main|Cannot find server property keep it default value.  -- win_diamond = 10
2019-10-09 16:35:07,968|ERROR|main|Cannot find server property keep it default value.  -- base_success = 70
2019-10-09 16:35:07,968|ERROR|main|Cannot find server property keep it default value.  -- base_success_rate = 2
2019-10-09 16:35:07,968|ERROR|main|Cannot find server property keep it default value.  -- challengeUnlockCount = 200
2019-10-09 16:35:07,969|ERROR|main|Cannot find server property keep it default value.  -- unlockChallengeItemID = 102
2019-10-09 16:35:07,969|ERROR|main|Cannot find server property keep it default value.  -- unlockChallengeItemCount = 50
2019-10-09 16:35:09,159|ERROR|main|********************Robot Count:1000**************************
2019-10-09 16:35:10,943|ERROR|main|****** Component:[com.base.database.DBPoolComponent] has started successfully.******************
2019-10-09 16:35:10,944|ERROR|main|****** Component:[com.data.component.SystemDataComponent] has started successfully.******************
2019-10-09 16:35:10,944|ERROR|main|****** Component:[com.data.component.GamePropertiesComponent] has started successfully.******************
2019-10-09 16:35:10,944|ERROR|main|****** Component:[com.base.component.SimpleScheduleComponent] has started successfully.******************
2019-10-09 16:35:10,944|ERROR|main|****** Component:[com.logic.component.RobotComponent] has started successfully.******************
2019-10-09 16:35:10,944|ERROR|main|****** Component:[com.game.component.GamePlayerComponent] has started successfully.******************
2019-10-09 16:35:10,944|ERROR|main|****** Component:[com.logic.cmd.GameCommandComponent] has started successfully.******************
2019-10-09 16:35:10,944|ERROR|main|****** Component:[com.base.timer.QuartzComponent] has started successfully.******************
2019-10-09 16:35:10,944|ERROR|main|****** Component:[com.logic.component.RoomComponent] has started successfully.******************
2019-10-09 16:35:10,965|ERROR|main|****** Component:[com.logic.component.GameComponent] has started successfully.******************
2019-10-09 16:35:11,021|ERROR|main|****** Component:[com.game.component.GameJobComponent] has started successfully.******************
2019-10-09 16:35:11,022|ERROR|main|****** Component:[com.base.component.ScriptComponent] has started successfully.******************
2019-10-09 16:35:11,023|ERROR|main|****** Component:[com.game.component.RewardDropComponent] has started successfully.******************
2019-10-09 16:35:11,023|ERROR|main|****** Component:[com.game.component.UserCommandComponent] has started successfully.******************
2019-10-09 16:35:11,623|ERROR|main|****** Component:[com.base.web.WebComponent] has started successfully.******************
2019-10-09 16:35:11,951|ERROR|main|****** Component:[com.game.component.GameServerNettyComponent] has started successfully.******************
2019-10-09 16:35:11,952|ERROR|main|****** All Component has started successfully.******************
2019-10-09 16:35:11,955|ERROR|main|游戏服启动成功, 耗时 5 秒.
2019-10-09 19:58:03,437|ERROR|main|Please input the global config path.default:../CommonLib/config/game.xml
2019-10-09 19:58:04,103|ERROR|main|Cannot find server property keep it default value.  -- log_save_interval = 300
2019-10-09 19:58:04,106|ERROR|main|Cannot find server property keep it default value.  -- monitor_job = */5 * * * * ?
2019-10-09 19:58:04,107|ERROR|main|Cannot find server property keep it default value.  -- job_ping_player = 10
2019-10-09 19:58:04,107|ERROR|main|Cannot find server property keep it default value.  -- game_update_slow = 30000
2019-10-09 19:58:04,108|ERROR|main|Cannot find server property keep it default value.  -- game_player_ping_interval = 5000
2019-10-09 19:58:04,108|ERROR|main|Cannot find server property keep it default value.  -- job_ping_fight = 5
2019-10-09 19:58:04,108|ERROR|main|Cannot find server property keep it default value.  -- job_save_player = 30
2019-10-09 19:58:04,108|ERROR|main|Cannot find server property keep it default value.  -- save_player_time = 300
2019-10-09 19:58:04,109|ERROR|main|Cannot find server property keep it default value.  -- job_corn_refresh = 1 0 0 * * ? *
2019-10-09 19:58:04,109|ERROR|main|Cannot find server property keep it default value.  -- job_rank_refresh = 0 0 4 * * ? *
2019-10-09 19:58:04,109|ERROR|main|Cannot find server property keep it default value.  -- ping_max_time = 120
2019-10-09 19:58:04,110|ERROR|main|Cannot find server property keep it default value.  -- room_max_count = 3000
2019-10-09 19:58:04,110|ERROR|main|Cannot find server property keep it default value.  -- sunday_refresh = 0 0 3 ? * 1
2019-10-09 19:58:04,110|ERROR|main|Cannot find server property keep it default value.  -- monitor_room_interval = 60
2019-10-09 19:58:04,110|ERROR|main|Cannot find server property keep it default value.  -- fight_player_ping_interval = 3
2019-10-09 19:58:04,111|ERROR|main|Cannot find server property keep it default value.  -- battle_game_time = 2400000
2019-10-09 19:58:04,111|ERROR|main|Cannot find server property keep it default value.  -- win_diamond = 10
2019-10-09 19:58:04,112|ERROR|main|Cannot find server property keep it default value.  -- base_success = 70
2019-10-09 19:58:04,112|ERROR|main|Cannot find server property keep it default value.  -- base_success_rate = 2
2019-10-09 19:58:04,112|ERROR|main|Cannot find server property keep it default value.  -- challengeUnlockCount = 200
2019-10-09 19:58:04,113|ERROR|main|Cannot find server property keep it default value.  -- unlockChallengeItemID = 102
2019-10-09 19:58:04,113|ERROR|main|Cannot find server property keep it default value.  -- unlockChallengeItemCount = 50
2019-10-09 19:58:04,892|ERROR|main|********************Robot Count:1000**************************
2019-10-09 19:58:06,042|ERROR|main|****** Component:[com.base.database.DBPoolComponent] has started successfully.******************
2019-10-09 19:58:06,042|ERROR|main|****** Component:[com.data.component.SystemDataComponent] has started successfully.******************
2019-10-09 19:58:06,042|ERROR|main|****** Component:[com.data.component.GamePropertiesComponent] has started successfully.******************
2019-10-09 19:58:06,042|ERROR|main|****** Component:[com.base.component.SimpleScheduleComponent] has started successfully.******************
2019-10-09 19:58:06,042|ERROR|main|****** Component:[com.logic.component.RobotComponent] has started successfully.******************
2019-10-09 19:58:06,042|ERROR|main|****** Component:[com.game.component.GamePlayerComponent] has started successfully.******************
2019-10-09 19:58:06,043|ERROR|main|****** Component:[com.logic.cmd.GameCommandComponent] has started successfully.******************
2019-10-09 19:58:06,043|ERROR|main|****** Component:[com.base.timer.QuartzComponent] has started successfully.******************
2019-10-09 19:58:06,043|ERROR|main|****** Component:[com.logic.component.RoomComponent] has started successfully.******************
2019-10-09 19:58:06,047|ERROR|main|****** Component:[com.logic.component.GameComponent] has started successfully.******************
2019-10-09 19:58:06,083|ERROR|main|****** Component:[com.game.component.GameJobComponent] has started successfully.******************
2019-10-09 19:58:06,084|ERROR|main|****** Component:[com.base.component.ScriptComponent] has started successfully.******************
2019-10-09 19:58:06,086|ERROR|main|****** Component:[com.game.component.RewardDropComponent] has started successfully.******************
2019-10-09 19:58:06,086|ERROR|main|****** Component:[com.game.component.UserCommandComponent] has started successfully.******************
2019-10-09 19:58:06,439|ERROR|main|****** Component:[com.base.web.WebComponent] has started successfully.******************
2019-10-09 19:58:06,650|ERROR|main|****** Component:[com.game.component.GameServerNettyComponent] has started successfully.******************
2019-10-09 19:58:06,651|ERROR|main|****** All Component has started successfully.******************
2019-10-09 19:58:06,651|ERROR|main|游戏服启动成功, 耗时 3 秒.
2019-10-09 20:40:50,045|ERROR|main|Please input the global config path.default:../CommonLib/config/game.xml
2019-10-09 20:40:50,733|ERROR|main|Cannot find server property keep it default value.  -- log_save_interval = 300
2019-10-09 20:40:50,734|ERROR|main|Cannot find server property keep it default value.  -- monitor_job = */5 * * * * ?
2019-10-09 20:40:50,735|ERROR|main|Cannot find server property keep it default value.  -- job_ping_player = 10
2019-10-09 20:40:50,735|ERROR|main|Cannot find server property keep it default value.  -- game_update_slow = 30000
2019-10-09 20:40:50,736|ERROR|main|Cannot find server property keep it default value.  -- game_player_ping_interval = 5000
2019-10-09 20:40:50,736|ERROR|main|Cannot find server property keep it default value.  -- job_ping_fight = 5
2019-10-09 20:40:50,736|ERROR|main|Cannot find server property keep it default value.  -- job_save_player = 30
2019-10-09 20:40:50,737|ERROR|main|Cannot find server property keep it default value.  -- save_player_time = 300
2019-10-09 20:40:50,738|ERROR|main|Cannot find server property keep it default value.  -- job_corn_refresh = 1 0 0 * * ? *
2019-10-09 20:40:50,738|ERROR|main|Cannot find server property keep it default value.  -- job_rank_refresh = 0 0 4 * * ? *
2019-10-09 20:40:50,739|ERROR|main|Cannot find server property keep it default value.  -- ping_max_time = 120
2019-10-09 20:40:50,739|ERROR|main|Cannot find server property keep it default value.  -- room_max_count = 3000
2019-10-09 20:40:50,739|ERROR|main|Cannot find server property keep it default value.  -- sunday_refresh = 0 0 3 ? * 1
2019-10-09 20:40:50,739|ERROR|main|Cannot find server property keep it default value.  -- monitor_room_interval = 60
2019-10-09 20:40:50,740|ERROR|main|Cannot find server property keep it default value.  -- fight_player_ping_interval = 3
2019-10-09 20:40:50,741|ERROR|main|Cannot find server property keep it default value.  -- battle_game_time = 2400000
2019-10-09 20:40:50,742|ERROR|main|Cannot find server property keep it default value.  -- win_diamond = 10
2019-10-09 20:40:50,742|ERROR|main|Cannot find server property keep it default value.  -- base_success = 70
2019-10-09 20:40:50,743|ERROR|main|Cannot find server property keep it default value.  -- base_success_rate = 2
2019-10-09 20:40:50,743|ERROR|main|Cannot find server property keep it default value.  -- challengeUnlockCount = 200
2019-10-09 20:40:50,743|ERROR|main|Cannot find server property keep it default value.  -- unlockChallengeItemID = 102
2019-10-09 20:40:50,744|ERROR|main|Cannot find server property keep it default value.  -- unlockChallengeItemCount = 50
2019-10-09 20:40:51,499|ERROR|main|********************Robot Count:1000**************************
2019-10-09 20:40:52,670|ERROR|main|****** Component:[com.base.database.DBPoolComponent] has started successfully.******************
2019-10-09 20:40:52,670|ERROR|main|****** Component:[com.data.component.SystemDataComponent] has started successfully.******************
2019-10-09 20:40:52,670|ERROR|main|****** Component:[com.data.component.GamePropertiesComponent] has started successfully.******************
2019-10-09 20:40:52,670|ERROR|main|****** Component:[com.base.component.SimpleScheduleComponent] has started successfully.******************
2019-10-09 20:40:52,671|ERROR|main|****** Component:[com.logic.component.RobotComponent] has started successfully.******************
2019-10-09 20:40:52,671|ERROR|main|****** Component:[com.game.component.GamePlayerComponent] has started successfully.******************
2019-10-09 20:40:52,671|ERROR|main|****** Component:[com.logic.cmd.GameCommandComponent] has started successfully.******************
2019-10-09 20:40:52,671|ERROR|main|****** Component:[com.base.timer.QuartzComponent] has started successfully.******************
2019-10-09 20:40:52,671|ERROR|main|****** Component:[com.logic.component.RoomComponent] has started successfully.******************
2019-10-09 20:40:52,678|ERROR|main|****** Component:[com.logic.component.GameComponent] has started successfully.******************
2019-10-09 20:40:52,721|ERROR|main|****** Component:[com.game.component.GameJobComponent] has started successfully.******************
2019-10-09 20:40:52,722|ERROR|main|****** Component:[com.base.component.ScriptComponent] has started successfully.******************
2019-10-09 20:40:52,722|ERROR|main|****** Component:[com.game.component.RewardDropComponent] has started successfully.******************
2019-10-09 20:40:52,722|ERROR|main|****** Component:[com.game.component.UserCommandComponent] has started successfully.******************
2019-10-09 20:40:53,050|ERROR|main|****** Component:[com.base.web.WebComponent] has started successfully.******************
2019-10-09 20:40:53,245|ERROR|main|****** Component:[com.game.component.GameServerNettyComponent] has started successfully.******************
2019-10-09 20:40:53,245|ERROR|main|****** All Component has started successfully.******************
2019-10-09 20:40:53,246|ERROR|main|游戏服启动成功, 耗时 3 秒.
