2019-12-03 13:55:25,727|ERROR|main|Please input the global config path.default:../CommonLib/config/game.xml
2019-12-03 13:55:26,457|ERROR|main|Cannot find server property keep it default value.  -- log_save_interval = 300
2019-12-03 13:55:26,460|ERROR|main|Cannot find server property keep it default value.  -- monitor_job = */5 * * * * ?
2019-12-03 13:55:26,461|ERROR|main|Cannot find server property keep it default value.  -- job_ping_player = 10
2019-12-03 13:55:26,461|ERROR|main|Cannot find server property keep it default value.  -- game_update_slow = 30000
2019-12-03 13:55:26,462|ERROR|main|Cannot find server property keep it default value.  -- game_player_ping_interval = 5000
2019-12-03 13:55:26,462|ERROR|main|Cannot find server property keep it default value.  -- job_ping_fight = 5
2019-12-03 13:55:26,462|ERROR|main|Cannot find server property keep it default value.  -- job_save_player = 30
2019-12-03 13:55:26,463|ERROR|main|Cannot find server property keep it default value.  -- save_player_time = 300
2019-12-03 13:55:26,463|ERROR|main|Cannot find server property keep it default value.  -- job_corn_refresh = 1 0 0 * * ? *
2019-12-03 13:55:26,464|ERROR|main|Cannot find server property keep it default value.  -- job_rank_refresh = 0 0 4 * * ? *
2019-12-03 13:55:26,464|ERROR|main|Cannot find server property keep it default value.  -- ping_max_time = 120
2019-12-03 13:55:26,464|ERROR|main|Cannot find server property keep it default value.  -- room_max_count = 3000
2019-12-03 13:55:26,465|ERROR|main|Cannot find server property keep it default value.  -- sunday_refresh = 0 0 0 ? * 1 *
2019-12-03 13:55:26,465|ERROR|main|Cannot find server property keep it default value.  -- month_refresh = 0 0 0 1 * ? *
2019-12-03 13:55:26,465|ERROR|main|Cannot find server property keep it default value.  -- monitor_room_interval = 60
2019-12-03 13:55:26,466|ERROR|main|Cannot find server property keep it default value.  -- fight_player_ping_interval = 3
2019-12-03 13:55:26,466|ERROR|main|Cannot find server property keep it default value.  -- battle_game_time = 2400000
2019-12-03 13:55:26,467|ERROR|main|Cannot find server property keep it default value.  -- win_diamond = 10
2019-12-03 13:55:26,467|ERROR|main|Cannot find server property keep it default value.  -- base_success = 70
2019-12-03 13:55:26,467|ERROR|main|Cannot find server property keep it default value.  -- base_success_rate = 2
2019-12-03 13:55:26,467|ERROR|main|Cannot find server property keep it default value.  -- challengeUnlockCount = 200
2019-12-03 13:55:26,468|ERROR|main|Cannot find server property keep it default value.  -- unlockChallengeItemID = 102
2019-12-03 13:55:26,468|ERROR|main|Cannot find server property keep it default value.  -- unlockChallengeItemCount = 50
2019-12-03 13:55:27,253|ERROR|main|********************Robot Count:1000**************************
2019-12-03 13:55:28,353|ERROR|main|****** Component:[com.base.database.DBPoolComponent] has started successfully.******************
2019-12-03 13:55:28,353|ERROR|main|****** Component:[com.data.component.SystemDataComponent] has started successfully.******************
2019-12-03 13:55:28,353|ERROR|main|****** Component:[com.data.component.GamePropertiesComponent] has started successfully.******************
2019-12-03 13:55:28,353|ERROR|main|****** Component:[com.base.component.SimpleScheduleComponent] has started successfully.******************
2019-12-03 13:55:28,354|ERROR|main|****** Component:[com.logic.component.RobotComponent] has started successfully.******************
2019-12-03 13:55:28,354|ERROR|main|****** Component:[com.game.component.GamePlayerComponent] has started successfully.******************
2019-12-03 13:55:28,354|ERROR|main|****** Component:[com.logic.cmd.GameCommandComponent] has started successfully.******************
2019-12-03 13:55:28,354|ERROR|main|****** Component:[com.base.timer.QuartzComponent] has started successfully.******************
2019-12-03 13:55:28,354|ERROR|main|****** Component:[com.logic.component.RoomComponent] has started successfully.******************
2019-12-03 13:55:28,358|ERROR|main|****** Component:[com.logic.component.GameComponent] has started successfully.******************
2019-12-03 13:55:28,390|ERROR|main|****** Component:[com.game.component.GameJobComponent] has started successfully.******************
2019-12-03 13:55:28,390|ERROR|main|****** Component:[com.base.component.ScriptComponent] has started successfully.******************
2019-12-03 13:55:28,390|ERROR|main|****** Component:[com.game.component.RewardDropComponent] has started successfully.******************
2019-12-03 13:55:28,390|ERROR|main|****** Component:[com.game.component.UserCommandComponent] has started successfully.******************
2019-12-03 13:55:28,390|ERROR|main|****** Component:[com.game.component.RankComponent] has started successfully.******************
2019-12-03 13:55:28,687|ERROR|main|****** Component:[com.base.web.WebComponent] has started successfully.******************
2019-12-03 13:55:28,944|ERROR|main|****** Component:[com.game.component.GameServerNettyComponent] has started successfully.******************
2019-12-03 13:55:28,944|ERROR|main|****** All Component has started successfully.******************
2019-12-03 13:55:28,945|ERROR|main|游戏服启动成功, 耗时 3 秒.
2019-12-03 14:21:59,448|ERROR|GamePlayer-Worker-1|AdRewardBean is Null.configID:0
2019-12-03 14:23:30,814|ERROR|nioEventLoopGroup-3-1|数据包超过short类型最大值！！- 41926
2019-12-03 14:23:30,814|ERROR|nioEventLoopGroup-3-1|数据包超过short类型大小！！
2019-12-03 14:23:30,817|ERROR|nioEventLoopGroup-3-1|catch error for encoding packet:
java.lang.IllegalArgumentException: null
	at java.nio.ByteBuffer.allocate(Unknown Source)
	at com.base.net.CommonMessage.toByteBuffer(CommonMessage.java:133)
	at com.base.net.coder.StrictMessageEncoder.encode(StrictMessageEncoder.java:54)
	at com.base.net.coder.StrictMessageEncoder.encode(StrictMessageEncoder.java:1)
	at io.netty.handler.codec.MessageToByteEncoder.write(MessageToByteEncoder.java:107)
	at io.netty.channel.AbstractChannelHandlerContext.invokeWrite0(AbstractChannelHandlerContext.java:738)
	at io.netty.channel.AbstractChannelHandlerContext.invokeWrite(AbstractChannelHandlerContext.java:730)
	at io.netty.channel.AbstractChannelHandlerContext.access$1700(AbstractChannelHandlerContext.java:38)
	at io.netty.channel.AbstractChannelHandlerContext$AbstractWriteTask.write(AbstractChannelHandlerContext.java:1104)
	at io.netty.channel.AbstractChannelHandlerContext$WriteAndFlushTask.write(AbstractChannelHandlerContext.java:1151)
	at io.netty.channel.AbstractChannelHandlerContext$AbstractWriteTask.run(AbstractChannelHandlerContext.java:1075)
	at io.netty.util.concurrent.AbstractEventExecutor.safeExecute(AbstractEventExecutor.java:163)
	at io.netty.util.concurrent.SingleThreadEventExecutor.runAllTasks(SingleThreadEventExecutor.java:404)
	at io.netty.channel.nio.NioEventLoop.run(NioEventLoop.java:474)
	at io.netty.util.concurrent.SingleThreadEventExecutor$5.run(SingleThreadEventExecutor.java:909)
	at io.netty.util.concurrent.FastThreadLocalRunnable.run(FastThreadLocalRunnable.java:30)
	at java.lang.Thread.run(Unknown Source)
2019-12-03 14:27:47,498|ERROR|nioEventLoopGroup-3-1|数据包超过short类型最大值！！- 42881
2019-12-03 14:27:47,498|ERROR|nioEventLoopGroup-3-1|数据包超过short类型大小！！
2019-12-03 14:27:47,499|ERROR|nioEventLoopGroup-3-1|catch error for encoding packet:
java.lang.IllegalArgumentException: null
	at java.nio.ByteBuffer.allocate(Unknown Source)
	at com.base.net.CommonMessage.toByteBuffer(CommonMessage.java:133)
	at com.base.net.coder.StrictMessageEncoder.encode(StrictMessageEncoder.java:54)
	at com.base.net.coder.StrictMessageEncoder.encode(StrictMessageEncoder.java:1)
	at io.netty.handler.codec.MessageToByteEncoder.write(MessageToByteEncoder.java:107)
	at io.netty.channel.AbstractChannelHandlerContext.invokeWrite0(AbstractChannelHandlerContext.java:738)
	at io.netty.channel.AbstractChannelHandlerContext.invokeWrite(AbstractChannelHandlerContext.java:730)
	at io.netty.channel.AbstractChannelHandlerContext.access$1700(AbstractChannelHandlerContext.java:38)
	at io.netty.channel.AbstractChannelHandlerContext$AbstractWriteTask.write(AbstractChannelHandlerContext.java:1104)
	at io.netty.channel.AbstractChannelHandlerContext$WriteAndFlushTask.write(AbstractChannelHandlerContext.java:1151)
	at io.netty.channel.AbstractChannelHandlerContext$AbstractWriteTask.run(AbstractChannelHandlerContext.java:1075)
	at io.netty.util.concurrent.AbstractEventExecutor.safeExecute(AbstractEventExecutor.java:163)
	at io.netty.util.concurrent.SingleThreadEventExecutor.runAllTasks(SingleThreadEventExecutor.java:404)
	at io.netty.channel.nio.NioEventLoop.run(NioEventLoop.java:474)
	at io.netty.util.concurrent.SingleThreadEventExecutor$5.run(SingleThreadEventExecutor.java:909)
	at io.netty.util.concurrent.FastThreadLocalRunnable.run(FastThreadLocalRunnable.java:30)
	at java.lang.Thread.run(Unknown Source)
2019-12-03 15:17:32,884|ERROR|main|Please input the global config path.default:../CommonLib/config/game.xml
2019-12-03 15:17:33,561|ERROR|main|Cannot find server property keep it default value.  -- log_save_interval = 300
2019-12-03 15:17:33,562|ERROR|main|Cannot find server property keep it default value.  -- monitor_job = */5 * * * * ?
2019-12-03 15:17:33,562|ERROR|main|Cannot find server property keep it default value.  -- job_ping_player = 10
2019-12-03 15:17:33,562|ERROR|main|Cannot find server property keep it default value.  -- game_update_slow = 30000
2019-12-03 15:17:33,563|ERROR|main|Cannot find server property keep it default value.  -- game_player_ping_interval = 5000
2019-12-03 15:17:33,563|ERROR|main|Cannot find server property keep it default value.  -- job_ping_fight = 5
2019-12-03 15:17:33,563|ERROR|main|Cannot find server property keep it default value.  -- job_save_player = 30
2019-12-03 15:17:33,563|ERROR|main|Cannot find server property keep it default value.  -- save_player_time = 300
2019-12-03 15:17:33,564|ERROR|main|Cannot find server property keep it default value.  -- job_corn_refresh = 1 0 0 * * ? *
2019-12-03 15:17:33,565|ERROR|main|Cannot find server property keep it default value.  -- job_rank_refresh = 0 0 4 * * ? *
2019-12-03 15:17:33,565|ERROR|main|Cannot find server property keep it default value.  -- ping_max_time = 120
2019-12-03 15:17:33,565|ERROR|main|Cannot find server property keep it default value.  -- room_max_count = 3000
2019-12-03 15:17:33,565|ERROR|main|Cannot find server property keep it default value.  -- sunday_refresh = 0 0 0 ? * 1 *
2019-12-03 15:17:33,566|ERROR|main|Cannot find server property keep it default value.  -- month_refresh = 0 0 0 1 * ? *
2019-12-03 15:17:33,566|ERROR|main|Cannot find server property keep it default value.  -- monitor_room_interval = 60
2019-12-03 15:17:33,567|ERROR|main|Cannot find server property keep it default value.  -- fight_player_ping_interval = 3
2019-12-03 15:17:33,568|ERROR|main|Cannot find server property keep it default value.  -- battle_game_time = 2400000
2019-12-03 15:17:33,568|ERROR|main|Cannot find server property keep it default value.  -- win_diamond = 10
2019-12-03 15:17:33,568|ERROR|main|Cannot find server property keep it default value.  -- base_success = 70
2019-12-03 15:17:33,568|ERROR|main|Cannot find server property keep it default value.  -- base_success_rate = 2
2019-12-03 15:17:33,569|ERROR|main|Cannot find server property keep it default value.  -- challengeUnlockCount = 200
2019-12-03 15:17:33,569|ERROR|main|Cannot find server property keep it default value.  -- unlockChallengeItemID = 102
2019-12-03 15:17:33,569|ERROR|main|Cannot find server property keep it default value.  -- unlockChallengeItemCount = 50
2019-12-03 15:17:34,337|ERROR|main|********************Robot Count:1000**************************
2019-12-03 15:17:35,379|ERROR|main|****** Component:[com.base.database.DBPoolComponent] has started successfully.******************
2019-12-03 15:17:35,380|ERROR|main|****** Component:[com.data.component.SystemDataComponent] has started successfully.******************
2019-12-03 15:17:35,380|ERROR|main|****** Component:[com.data.component.GamePropertiesComponent] has started successfully.******************
2019-12-03 15:17:35,380|ERROR|main|****** Component:[com.base.component.SimpleScheduleComponent] has started successfully.******************
2019-12-03 15:17:35,380|ERROR|main|****** Component:[com.logic.component.RobotComponent] has started successfully.******************
2019-12-03 15:17:35,380|ERROR|main|****** Component:[com.game.component.GamePlayerComponent] has started successfully.******************
2019-12-03 15:17:35,380|ERROR|main|****** Component:[com.logic.cmd.GameCommandComponent] has started successfully.******************
2019-12-03 15:17:35,380|ERROR|main|****** Component:[com.base.timer.QuartzComponent] has started successfully.******************
2019-12-03 15:17:35,380|ERROR|main|****** Component:[com.logic.component.RoomComponent] has started successfully.******************
2019-12-03 15:17:35,385|ERROR|main|****** Component:[com.logic.component.GameComponent] has started successfully.******************
2019-12-03 15:17:35,418|ERROR|main|****** Component:[com.game.component.GameJobComponent] has started successfully.******************
2019-12-03 15:17:35,419|ERROR|main|****** Component:[com.base.component.ScriptComponent] has started successfully.******************
2019-12-03 15:17:35,419|ERROR|main|****** Component:[com.game.component.RewardDropComponent] has started successfully.******************
2019-12-03 15:17:35,419|ERROR|main|****** Component:[com.game.component.UserCommandComponent] has started successfully.******************
2019-12-03 15:17:35,419|ERROR|main|****** Component:[com.game.component.RankComponent] has started successfully.******************
2019-12-03 15:17:35,815|ERROR|main|****** Component:[com.base.web.WebComponent] has started successfully.******************
2019-12-03 15:17:36,006|ERROR|main|****** Component:[com.game.component.GameServerNettyComponent] has started successfully.******************
2019-12-03 15:17:36,007|ERROR|main|****** All Component has started successfully.******************
2019-12-03 15:17:36,007|ERROR|main|游戏服启动成功, 耗时 3 秒.
2019-12-03 17:29:39,141|ERROR|GamePlayer-Worker-1|AdRewardBean is Null.configID:0
2019-12-03 17:29:51,542|ERROR|pool-1-thread-1|
com.google.protobuf.UninitializedMessageException: Message missing required fields: totalLength
	at com.google.protobuf.AbstractMessage$Builder.newUninitializedMessageException(AbstractMessage.java:770)
	at com.proto.user.gen.UserOutMsg$MatchMapProtoOut$Builder.build(UserOutMsg.java:5189)
	at com.proto.user.gen.UserOutMsg$MatchMapProtoOut$Builder.build(UserOutMsg.java:1)
	at com.logic.room.AbstractRoom.sendToAll(AbstractRoom.java:138)
	at com.logic.room.AbstractRoom.sendToAll(AbstractRoom.java:148)
	at com.logic.room.BaseRoom.start(BaseRoom.java:80)
	at com.logic.component.RoomComponent.createRoom(RoomComponent.java:109)
	at com.logic.component.RoomComponent.pickPVP(RoomComponent.java:257)
	at com.logic.component.RoomComponent.doPickUp(RoomComponent.java:145)
	at com.logic.component.RoomComponent.lambda$0(RoomComponent.java:67)
	at java.util.concurrent.Executors$RunnableAdapter.call(Unknown Source)
	at java.util.concurrent.FutureTask.runAndReset(Unknown Source)
	at java.util.concurrent.ScheduledThreadPoolExecutor$ScheduledFutureTask.access$301(Unknown Source)
	at java.util.concurrent.ScheduledThreadPoolExecutor$ScheduledFutureTask.run(Unknown Source)
	at java.util.concurrent.ThreadPoolExecutor.runWorker(Unknown Source)
	at java.util.concurrent.ThreadPoolExecutor$Worker.run(Unknown Source)
	at java.lang.Thread.run(Unknown Source)
2019-12-03 17:43:30,862|ERROR|nioEventLoopGroup-3-1|Exit Room.1,UserID:0
2019-12-03 17:43:30,863|ERROR|nioEventLoopGroup-3-1|Exit Room.0,UserID:10025
