2019-11-22 09:18:37,147|ERROR|nioEventLoopGroup-3-10|Exit Room.0,UserID:10018
2019-11-22 09:22:11,674|ERROR|nioEventLoopGroup-3-11|Exit Room.0,UserID:10018
2019-11-22 09:26:33,671|ERROR|nioEventLoopGroup-3-12|Exit Room.0,UserID:10018
2019-11-22 09:44:31,243|ERROR|main|Please input the global config path.default:../CommonLib/config/game.xml
2019-11-22 09:44:31,985|ERROR|main|Cannot find server property keep it default value.  -- log_save_interval = 300
2019-11-22 09:44:31,986|ERROR|main|Cannot find server property keep it default value.  -- monitor_job = */5 * * * * ?
2019-11-22 09:44:31,987|ERROR|main|Cannot find server property keep it default value.  -- job_ping_player = 10
2019-11-22 09:44:31,987|ERROR|main|Cannot find server property keep it default value.  -- game_update_slow = 30000
2019-11-22 09:44:31,988|ERROR|main|Cannot find server property keep it default value.  -- game_player_ping_interval = 5000
2019-11-22 09:44:31,988|ERROR|main|Cannot find server property keep it default value.  -- job_ping_fight = 5
2019-11-22 09:44:31,988|ERROR|main|Cannot find server property keep it default value.  -- job_save_player = 30
2019-11-22 09:44:31,988|ERROR|main|Cannot find server property keep it default value.  -- save_player_time = 300
2019-11-22 09:44:31,989|ERROR|main|Cannot find server property keep it default value.  -- job_corn_refresh = 1 0 0 * * ? *
2019-11-22 09:44:31,989|ERROR|main|Cannot find server property keep it default value.  -- job_rank_refresh = 0 0 4 * * ? *
2019-11-22 09:44:31,989|ERROR|main|Cannot find server property keep it default value.  -- ping_max_time = 120
2019-11-22 09:44:31,990|ERROR|main|Cannot find server property keep it default value.  -- room_max_count = 3000
2019-11-22 09:44:31,990|ERROR|main|Cannot find server property keep it default value.  -- sunday_refresh = 0 0 0 ? * 1 *
2019-11-22 09:44:31,990|ERROR|main|Cannot find server property keep it default value.  -- month_refresh = 0 0 0 1 * ? *
2019-11-22 09:44:31,991|ERROR|main|Cannot find server property keep it default value.  -- monitor_room_interval = 60
2019-11-22 09:44:31,991|ERROR|main|Cannot find server property keep it default value.  -- fight_player_ping_interval = 3
2019-11-22 09:44:31,992|ERROR|main|Cannot find server property keep it default value.  -- battle_game_time = 2400000
2019-11-22 09:44:31,992|ERROR|main|Cannot find server property keep it default value.  -- win_diamond = 10
2019-11-22 09:44:31,993|ERROR|main|Cannot find server property keep it default value.  -- base_success = 70
2019-11-22 09:44:31,993|ERROR|main|Cannot find server property keep it default value.  -- base_success_rate = 2
2019-11-22 09:44:31,993|ERROR|main|Cannot find server property keep it default value.  -- challengeUnlockCount = 200
2019-11-22 09:44:31,994|ERROR|main|Cannot find server property keep it default value.  -- unlockChallengeItemID = 102
2019-11-22 09:44:31,994|ERROR|main|Cannot find server property keep it default value.  -- unlockChallengeItemCount = 50
2019-11-22 09:44:32,753|ERROR|main|********************Robot Count:1000**************************
2019-11-22 09:44:33,792|ERROR|main|****** Component:[com.base.database.DBPoolComponent] has started successfully.******************
2019-11-22 09:44:33,792|ERROR|main|****** Component:[com.data.component.SystemDataComponent] has started successfully.******************
2019-11-22 09:44:33,792|ERROR|main|****** Component:[com.data.component.GamePropertiesComponent] has started successfully.******************
2019-11-22 09:44:33,792|ERROR|main|****** Component:[com.base.component.SimpleScheduleComponent] has started successfully.******************
2019-11-22 09:44:33,792|ERROR|main|****** Component:[com.logic.component.RobotComponent] has started successfully.******************
2019-11-22 09:44:33,792|ERROR|main|****** Component:[com.game.component.GamePlayerComponent] has started successfully.******************
2019-11-22 09:44:33,793|ERROR|main|****** Component:[com.logic.cmd.GameCommandComponent] has started successfully.******************
2019-11-22 09:44:33,793|ERROR|main|****** Component:[com.base.timer.QuartzComponent] has started successfully.******************
2019-11-22 09:44:33,793|ERROR|main|****** Component:[com.logic.component.RoomComponent] has started successfully.******************
2019-11-22 09:44:33,795|ERROR|main|****** Component:[com.logic.component.GameComponent] has started successfully.******************
2019-11-22 09:44:33,828|ERROR|main|****** Component:[com.game.component.GameJobComponent] has started successfully.******************
2019-11-22 09:44:33,829|ERROR|main|****** Component:[com.base.component.ScriptComponent] has started successfully.******************
2019-11-22 09:44:33,829|ERROR|main|****** Component:[com.game.component.RewardDropComponent] has started successfully.******************
2019-11-22 09:44:33,829|ERROR|main|****** Component:[com.game.component.UserCommandComponent] has started successfully.******************
2019-11-22 09:44:33,829|ERROR|main|****** Component:[com.game.component.RankComponent] has started successfully.******************
2019-11-22 09:44:34,140|ERROR|main|****** Component:[com.base.web.WebComponent] has started successfully.******************
2019-11-22 09:44:34,362|ERROR|main|****** Component:[com.game.component.GameServerNettyComponent] has started successfully.******************
2019-11-22 09:44:34,363|ERROR|main|****** All Component has started successfully.******************
2019-11-22 09:44:34,363|ERROR|main|游戏服启动成功, 耗时 3 秒.
2019-11-22 09:45:37,390|ERROR|nioEventLoopGroup-3-1|Exit Room.0,UserID:10018
2019-11-22 09:58:46,421|ERROR|nioEventLoopGroup-3-2|Exit Room.0,UserID:10018
2019-11-22 10:03:25,544|ERROR|nioEventLoopGroup-3-3|Exit Room.0,UserID:10018
2019-11-22 10:13:29,452|ERROR|nioEventLoopGroup-3-4|Exit Room.0,UserID:10018
2019-11-22 10:17:15,107|ERROR|nioEventLoopGroup-3-5|Exit Room.0,UserID:10018
2019-11-22 10:18:00,261|ERROR|nioEventLoopGroup-3-6|Exit Room.0,UserID:10018
2019-11-22 14:50:29,355|ERROR|main|Please input the global config path.default:../CommonLib/config/game.xml
2019-11-22 14:50:29,980|ERROR|main|Cannot find server property keep it default value.  -- log_save_interval = 300
2019-11-22 14:50:29,986|ERROR|main|Cannot find server property keep it default value.  -- monitor_job = */5 * * * * ?
2019-11-22 14:50:29,987|ERROR|main|Cannot find server property keep it default value.  -- job_ping_player = 10
2019-11-22 14:50:29,987|ERROR|main|Cannot find server property keep it default value.  -- game_update_slow = 30000
2019-11-22 14:50:29,988|ERROR|main|Cannot find server property keep it default value.  -- game_player_ping_interval = 5000
2019-11-22 14:50:29,988|ERROR|main|Cannot find server property keep it default value.  -- job_ping_fight = 5
2019-11-22 14:50:29,988|ERROR|main|Cannot find server property keep it default value.  -- job_save_player = 30
2019-11-22 14:50:29,989|ERROR|main|Cannot find server property keep it default value.  -- save_player_time = 300
2019-11-22 14:50:29,989|ERROR|main|Cannot find server property keep it default value.  -- job_corn_refresh = 1 0 0 * * ? *
2019-11-22 14:50:29,989|ERROR|main|Cannot find server property keep it default value.  -- job_rank_refresh = 0 0 4 * * ? *
2019-11-22 14:50:29,990|ERROR|main|Cannot find server property keep it default value.  -- ping_max_time = 120
2019-11-22 14:50:29,990|ERROR|main|Cannot find server property keep it default value.  -- room_max_count = 3000
2019-11-22 14:50:29,990|ERROR|main|Cannot find server property keep it default value.  -- sunday_refresh = 0 0 0 ? * 1 *
2019-11-22 14:50:29,990|ERROR|main|Cannot find server property keep it default value.  -- month_refresh = 0 0 0 1 * ? *
2019-11-22 14:50:29,990|ERROR|main|Cannot find server property keep it default value.  -- monitor_room_interval = 60
2019-11-22 14:50:29,991|ERROR|main|Cannot find server property keep it default value.  -- fight_player_ping_interval = 3
2019-11-22 14:50:29,991|ERROR|main|Cannot find server property keep it default value.  -- battle_game_time = 2400000
2019-11-22 14:50:29,991|ERROR|main|Cannot find server property keep it default value.  -- win_diamond = 10
2019-11-22 14:50:29,992|ERROR|main|Cannot find server property keep it default value.  -- base_success = 70
2019-11-22 14:50:29,992|ERROR|main|Cannot find server property keep it default value.  -- base_success_rate = 2
2019-11-22 14:50:29,992|ERROR|main|Cannot find server property keep it default value.  -- challengeUnlockCount = 200
2019-11-22 14:50:29,993|ERROR|main|Cannot find server property keep it default value.  -- unlockChallengeItemID = 102
2019-11-22 14:50:29,993|ERROR|main|Cannot find server property keep it default value.  -- unlockChallengeItemCount = 50
2019-11-22 14:50:30,672|ERROR|main|********************Robot Count:1000**************************
2019-11-22 14:50:31,776|ERROR|main|****** Component:[com.base.database.DBPoolComponent] has started successfully.******************
2019-11-22 14:50:31,776|ERROR|main|****** Component:[com.data.component.SystemDataComponent] has started successfully.******************
2019-11-22 14:50:31,776|ERROR|main|****** Component:[com.data.component.GamePropertiesComponent] has started successfully.******************
2019-11-22 14:50:31,776|ERROR|main|****** Component:[com.base.component.SimpleScheduleComponent] has started successfully.******************
2019-11-22 14:50:31,776|ERROR|main|****** Component:[com.logic.component.RobotComponent] has started successfully.******************
2019-11-22 14:50:31,776|ERROR|main|****** Component:[com.game.component.GamePlayerComponent] has started successfully.******************
2019-11-22 14:50:31,776|ERROR|main|****** Component:[com.logic.cmd.GameCommandComponent] has started successfully.******************
2019-11-22 14:50:31,776|ERROR|main|****** Component:[com.base.timer.QuartzComponent] has started successfully.******************
2019-11-22 14:50:31,776|ERROR|main|****** Component:[com.logic.component.RoomComponent] has started successfully.******************
2019-11-22 14:50:31,780|ERROR|main|****** Component:[com.logic.component.GameComponent] has started successfully.******************
2019-11-22 14:50:31,819|ERROR|main|****** Component:[com.game.component.GameJobComponent] has started successfully.******************
2019-11-22 14:50:31,819|ERROR|main|****** Component:[com.base.component.ScriptComponent] has started successfully.******************
2019-11-22 14:50:31,819|ERROR|main|****** Component:[com.game.component.RewardDropComponent] has started successfully.******************
2019-11-22 14:50:31,819|ERROR|main|****** Component:[com.game.component.UserCommandComponent] has started successfully.******************
2019-11-22 14:50:31,819|ERROR|main|****** Component:[com.game.component.RankComponent] has started successfully.******************
2019-11-22 14:50:32,110|ERROR|main|WebComponent Start Exception:
java.net.BindException: Address already in use: bind
	at sun.nio.ch.Net.bind0(Native Method)
	at sun.nio.ch.Net.bind(Unknown Source)
	at sun.nio.ch.Net.bind(Unknown Source)
	at sun.nio.ch.ServerSocketChannelImpl.bind(Unknown Source)
	at sun.nio.ch.ServerSocketAdaptor.bind(Unknown Source)
	at org.eclipse.jetty.server.ServerConnector.open(ServerConnector.java:298)
	at org.eclipse.jetty.server.AbstractNetworkConnector.doStart(AbstractNetworkConnector.java:80)
	at org.eclipse.jetty.server.ServerConnector.doStart(ServerConnector.java:236)
	at org.eclipse.jetty.util.component.AbstractLifeCycle.start(AbstractLifeCycle.java:68)
	at org.eclipse.jetty.server.Server.doStart(Server.java:431)
	at org.eclipse.jetty.util.component.AbstractLifeCycle.start(AbstractLifeCycle.java:68)
	at com.base.web.WebComponent.start(WebComponent.java:74)
	at com.base.component.ComponentManager.start(ComponentManager.java:95)
	at com.game.GameServer.loadComponent(GameServer.java:104)
	at com.base.server.BaseServer.start(BaseServer.java:20)
	at com.game.GameServer.main(GameServer.java:163)
2019-11-22 14:50:32,110|ERROR|main|****** Component:[com.base.web.WebComponent] has started failed.******************
2019-11-22 14:50:32,110|ERROR|main|GameServer has started failed.
2019-11-22 14:51:01,708|ERROR|main|Please input the global config path.default:../CommonLib/config/game.xml
2019-11-22 14:51:02,272|ERROR|main|Cannot find server property keep it default value.  -- log_save_interval = 300
2019-11-22 14:51:02,273|ERROR|main|Cannot find server property keep it default value.  -- monitor_job = */5 * * * * ?
2019-11-22 14:51:02,274|ERROR|main|Cannot find server property keep it default value.  -- job_ping_player = 10
2019-11-22 14:51:02,274|ERROR|main|Cannot find server property keep it default value.  -- game_update_slow = 30000
2019-11-22 14:51:02,275|ERROR|main|Cannot find server property keep it default value.  -- game_player_ping_interval = 5000
2019-11-22 14:51:02,275|ERROR|main|Cannot find server property keep it default value.  -- job_ping_fight = 5
2019-11-22 14:51:02,275|ERROR|main|Cannot find server property keep it default value.  -- job_save_player = 30
2019-11-22 14:51:02,276|ERROR|main|Cannot find server property keep it default value.  -- save_player_time = 300
2019-11-22 14:51:02,277|ERROR|main|Cannot find server property keep it default value.  -- job_corn_refresh = 1 0 0 * * ? *
2019-11-22 14:51:02,278|ERROR|main|Cannot find server property keep it default value.  -- job_rank_refresh = 0 0 4 * * ? *
2019-11-22 14:51:02,278|ERROR|main|Cannot find server property keep it default value.  -- ping_max_time = 120
2019-11-22 14:51:02,278|ERROR|main|Cannot find server property keep it default value.  -- room_max_count = 3000
2019-11-22 14:51:02,279|ERROR|main|Cannot find server property keep it default value.  -- sunday_refresh = 0 0 0 ? * 1 *
2019-11-22 14:51:02,279|ERROR|main|Cannot find server property keep it default value.  -- month_refresh = 0 0 0 1 * ? *
2019-11-22 14:51:02,279|ERROR|main|Cannot find server property keep it default value.  -- monitor_room_interval = 60
2019-11-22 14:51:02,280|ERROR|main|Cannot find server property keep it default value.  -- fight_player_ping_interval = 3
2019-11-22 14:51:02,280|ERROR|main|Cannot find server property keep it default value.  -- battle_game_time = 2400000
2019-11-22 14:51:02,281|ERROR|main|Cannot find server property keep it default value.  -- win_diamond = 10
2019-11-22 14:51:02,281|ERROR|main|Cannot find server property keep it default value.  -- base_success = 70
2019-11-22 14:51:02,281|ERROR|main|Cannot find server property keep it default value.  -- base_success_rate = 2
2019-11-22 14:51:02,282|ERROR|main|Cannot find server property keep it default value.  -- challengeUnlockCount = 200
2019-11-22 14:51:02,282|ERROR|main|Cannot find server property keep it default value.  -- unlockChallengeItemID = 102
2019-11-22 14:51:02,282|ERROR|main|Cannot find server property keep it default value.  -- unlockChallengeItemCount = 50
2019-11-22 14:51:02,937|ERROR|main|********************Robot Count:1000**************************
2019-11-22 14:51:03,842|ERROR|main|****** Component:[com.base.database.DBPoolComponent] has started successfully.******************
2019-11-22 14:51:03,843|ERROR|main|****** Component:[com.data.component.SystemDataComponent] has started successfully.******************
2019-11-22 14:51:03,843|ERROR|main|****** Component:[com.data.component.GamePropertiesComponent] has started successfully.******************
2019-11-22 14:51:03,843|ERROR|main|****** Component:[com.base.component.SimpleScheduleComponent] has started successfully.******************
2019-11-22 14:51:03,843|ERROR|main|****** Component:[com.logic.component.RobotComponent] has started successfully.******************
2019-11-22 14:51:03,843|ERROR|main|****** Component:[com.game.component.GamePlayerComponent] has started successfully.******************
2019-11-22 14:51:03,843|ERROR|main|****** Component:[com.logic.cmd.GameCommandComponent] has started successfully.******************
2019-11-22 14:51:03,843|ERROR|main|****** Component:[com.base.timer.QuartzComponent] has started successfully.******************
2019-11-22 14:51:03,843|ERROR|main|****** Component:[com.logic.component.RoomComponent] has started successfully.******************
2019-11-22 14:51:03,847|ERROR|main|****** Component:[com.logic.component.GameComponent] has started successfully.******************
2019-11-22 14:51:03,877|ERROR|main|****** Component:[com.game.component.GameJobComponent] has started successfully.******************
2019-11-22 14:51:03,878|ERROR|main|****** Component:[com.base.component.ScriptComponent] has started successfully.******************
2019-11-22 14:51:03,879|ERROR|main|****** Component:[com.game.component.RewardDropComponent] has started successfully.******************
2019-11-22 14:51:03,879|ERROR|main|****** Component:[com.game.component.UserCommandComponent] has started successfully.******************
2019-11-22 14:51:03,879|ERROR|main|****** Component:[com.game.component.RankComponent] has started successfully.******************
2019-11-22 14:51:04,183|ERROR|main|WebComponent Start Exception:
java.net.BindException: Address already in use: bind
	at sun.nio.ch.Net.bind0(Native Method)
	at sun.nio.ch.Net.bind(Unknown Source)
	at sun.nio.ch.Net.bind(Unknown Source)
	at sun.nio.ch.ServerSocketChannelImpl.bind(Unknown Source)
	at sun.nio.ch.ServerSocketAdaptor.bind(Unknown Source)
	at org.eclipse.jetty.server.ServerConnector.open(ServerConnector.java:298)
	at org.eclipse.jetty.server.AbstractNetworkConnector.doStart(AbstractNetworkConnector.java:80)
	at org.eclipse.jetty.server.ServerConnector.doStart(ServerConnector.java:236)
	at org.eclipse.jetty.util.component.AbstractLifeCycle.start(AbstractLifeCycle.java:68)
	at org.eclipse.jetty.server.Server.doStart(Server.java:431)
	at org.eclipse.jetty.util.component.AbstractLifeCycle.start(AbstractLifeCycle.java:68)
	at com.base.web.WebComponent.start(WebComponent.java:74)
	at com.base.component.ComponentManager.start(ComponentManager.java:95)
	at com.game.GameServer.loadComponent(GameServer.java:104)
	at com.base.server.BaseServer.start(BaseServer.java:20)
	at com.game.GameServer.main(GameServer.java:163)
2019-11-22 14:51:04,184|ERROR|main|****** Component:[com.base.web.WebComponent] has started failed.******************
2019-11-22 14:51:04,184|ERROR|main|GameServer has started failed.
2019-11-22 14:51:20,336|ERROR|main|Please input the global config path.default:../CommonLib/config/game.xml
2019-11-22 14:51:20,954|ERROR|main|Cannot find server property keep it default value.  -- log_save_interval = 300
2019-11-22 14:51:20,955|ERROR|main|Cannot find server property keep it default value.  -- monitor_job = */5 * * * * ?
2019-11-22 14:51:20,956|ERROR|main|Cannot find server property keep it default value.  -- job_ping_player = 10
2019-11-22 14:51:20,956|ERROR|main|Cannot find server property keep it default value.  -- game_update_slow = 30000
2019-11-22 14:51:20,956|ERROR|main|Cannot find server property keep it default value.  -- game_player_ping_interval = 5000
2019-11-22 14:51:20,956|ERROR|main|Cannot find server property keep it default value.  -- job_ping_fight = 5
2019-11-22 14:51:20,957|ERROR|main|Cannot find server property keep it default value.  -- job_save_player = 30
2019-11-22 14:51:20,957|ERROR|main|Cannot find server property keep it default value.  -- save_player_time = 300
2019-11-22 14:51:20,957|ERROR|main|Cannot find server property keep it default value.  -- job_corn_refresh = 1 0 0 * * ? *
2019-11-22 14:51:20,958|ERROR|main|Cannot find server property keep it default value.  -- job_rank_refresh = 0 0 4 * * ? *
2019-11-22 14:51:20,958|ERROR|main|Cannot find server property keep it default value.  -- ping_max_time = 120
2019-11-22 14:51:20,958|ERROR|main|Cannot find server property keep it default value.  -- room_max_count = 3000
2019-11-22 14:51:20,958|ERROR|main|Cannot find server property keep it default value.  -- sunday_refresh = 0 0 0 ? * 1 *
2019-11-22 14:51:20,959|ERROR|main|Cannot find server property keep it default value.  -- month_refresh = 0 0 0 1 * ? *
2019-11-22 14:51:20,959|ERROR|main|Cannot find server property keep it default value.  -- monitor_room_interval = 60
2019-11-22 14:51:20,959|ERROR|main|Cannot find server property keep it default value.  -- fight_player_ping_interval = 3
2019-11-22 14:51:20,960|ERROR|main|Cannot find server property keep it default value.  -- battle_game_time = 2400000
2019-11-22 14:51:20,960|ERROR|main|Cannot find server property keep it default value.  -- win_diamond = 10
2019-11-22 14:51:20,960|ERROR|main|Cannot find server property keep it default value.  -- base_success = 70
2019-11-22 14:51:20,960|ERROR|main|Cannot find server property keep it default value.  -- base_success_rate = 2
2019-11-22 14:51:20,960|ERROR|main|Cannot find server property keep it default value.  -- challengeUnlockCount = 200
2019-11-22 14:51:20,961|ERROR|main|Cannot find server property keep it default value.  -- unlockChallengeItemID = 102
2019-11-22 14:51:20,961|ERROR|main|Cannot find server property keep it default value.  -- unlockChallengeItemCount = 50
2019-11-22 14:51:21,656|ERROR|main|********************Robot Count:1000**************************
2019-11-22 14:51:22,596|ERROR|main|****** Component:[com.base.database.DBPoolComponent] has started successfully.******************
2019-11-22 14:51:22,598|ERROR|main|****** Component:[com.data.component.SystemDataComponent] has started successfully.******************
2019-11-22 14:51:22,598|ERROR|main|****** Component:[com.data.component.GamePropertiesComponent] has started successfully.******************
2019-11-22 14:51:22,598|ERROR|main|****** Component:[com.base.component.SimpleScheduleComponent] has started successfully.******************
2019-11-22 14:51:22,598|ERROR|main|****** Component:[com.logic.component.RobotComponent] has started successfully.******************
2019-11-22 14:51:22,598|ERROR|main|****** Component:[com.game.component.GamePlayerComponent] has started successfully.******************
2019-11-22 14:51:22,599|ERROR|main|****** Component:[com.logic.cmd.GameCommandComponent] has started successfully.******************
2019-11-22 14:51:22,600|ERROR|main|****** Component:[com.base.timer.QuartzComponent] has started successfully.******************
2019-11-22 14:51:22,600|ERROR|main|****** Component:[com.logic.component.RoomComponent] has started successfully.******************
2019-11-22 14:51:22,610|ERROR|main|****** Component:[com.logic.component.GameComponent] has started successfully.******************
2019-11-22 14:51:22,635|ERROR|main|****** Component:[com.game.component.GameJobComponent] has started successfully.******************
2019-11-22 14:51:22,636|ERROR|main|****** Component:[com.base.component.ScriptComponent] has started successfully.******************
2019-11-22 14:51:22,636|ERROR|main|****** Component:[com.game.component.RewardDropComponent] has started successfully.******************
2019-11-22 14:51:22,636|ERROR|main|****** Component:[com.game.component.UserCommandComponent] has started successfully.******************
2019-11-22 14:51:22,636|ERROR|main|****** Component:[com.game.component.RankComponent] has started successfully.******************
2019-11-22 14:51:22,936|ERROR|main|WebComponent Start Exception:
java.net.BindException: Address already in use: bind
	at sun.nio.ch.Net.bind0(Native Method)
	at sun.nio.ch.Net.bind(Unknown Source)
	at sun.nio.ch.Net.bind(Unknown Source)
	at sun.nio.ch.ServerSocketChannelImpl.bind(Unknown Source)
	at sun.nio.ch.ServerSocketAdaptor.bind(Unknown Source)
	at org.eclipse.jetty.server.ServerConnector.open(ServerConnector.java:298)
	at org.eclipse.jetty.server.AbstractNetworkConnector.doStart(AbstractNetworkConnector.java:80)
	at org.eclipse.jetty.server.ServerConnector.doStart(ServerConnector.java:236)
	at org.eclipse.jetty.util.component.AbstractLifeCycle.start(AbstractLifeCycle.java:68)
	at org.eclipse.jetty.server.Server.doStart(Server.java:431)
	at org.eclipse.jetty.util.component.AbstractLifeCycle.start(AbstractLifeCycle.java:68)
	at com.base.web.WebComponent.start(WebComponent.java:74)
	at com.base.component.ComponentManager.start(ComponentManager.java:95)
	at com.game.GameServer.loadComponent(GameServer.java:104)
	at com.base.server.BaseServer.start(BaseServer.java:20)
	at com.game.GameServer.main(GameServer.java:163)
2019-11-22 14:51:22,937|ERROR|main|****** Component:[com.base.web.WebComponent] has started failed.******************
2019-11-22 14:51:22,937|ERROR|main|GameServer has started failed.
2019-11-22 14:51:46,547|ERROR|main|Please input the global config path.default:../CommonLib/config/game.xml
2019-11-22 14:51:47,138|ERROR|main|Cannot find server property keep it default value.  -- log_save_interval = 300
2019-11-22 14:51:47,139|ERROR|main|Cannot find server property keep it default value.  -- monitor_job = */5 * * * * ?
2019-11-22 14:51:47,140|ERROR|main|Cannot find server property keep it default value.  -- job_ping_player = 10
2019-11-22 14:51:47,140|ERROR|main|Cannot find server property keep it default value.  -- game_update_slow = 30000
2019-11-22 14:51:47,141|ERROR|main|Cannot find server property keep it default value.  -- game_player_ping_interval = 5000
2019-11-22 14:51:47,141|ERROR|main|Cannot find server property keep it default value.  -- job_ping_fight = 5
2019-11-22 14:51:47,141|ERROR|main|Cannot find server property keep it default value.  -- job_save_player = 30
2019-11-22 14:51:47,142|ERROR|main|Cannot find server property keep it default value.  -- save_player_time = 300
2019-11-22 14:51:47,142|ERROR|main|Cannot find server property keep it default value.  -- job_corn_refresh = 1 0 0 * * ? *
2019-11-22 14:51:47,142|ERROR|main|Cannot find server property keep it default value.  -- job_rank_refresh = 0 0 4 * * ? *
2019-11-22 14:51:47,142|ERROR|main|Cannot find server property keep it default value.  -- ping_max_time = 120
2019-11-22 14:51:47,143|ERROR|main|Cannot find server property keep it default value.  -- room_max_count = 3000
2019-11-22 14:51:47,143|ERROR|main|Cannot find server property keep it default value.  -- sunday_refresh = 0 0 0 ? * 1 *
2019-11-22 14:51:47,143|ERROR|main|Cannot find server property keep it default value.  -- month_refresh = 0 0 0 1 * ? *
2019-11-22 14:51:47,143|ERROR|main|Cannot find server property keep it default value.  -- monitor_room_interval = 60
2019-11-22 14:51:47,144|ERROR|main|Cannot find server property keep it default value.  -- fight_player_ping_interval = 3
2019-11-22 14:51:47,145|ERROR|main|Cannot find server property keep it default value.  -- battle_game_time = 2400000
2019-11-22 14:51:47,145|ERROR|main|Cannot find server property keep it default value.  -- win_diamond = 10
2019-11-22 14:51:47,145|ERROR|main|Cannot find server property keep it default value.  -- base_success = 70
2019-11-22 14:51:47,146|ERROR|main|Cannot find server property keep it default value.  -- base_success_rate = 2
2019-11-22 14:51:47,146|ERROR|main|Cannot find server property keep it default value.  -- challengeUnlockCount = 200
2019-11-22 14:51:47,146|ERROR|main|Cannot find server property keep it default value.  -- unlockChallengeItemID = 102
2019-11-22 14:51:47,147|ERROR|main|Cannot find server property keep it default value.  -- unlockChallengeItemCount = 50
2019-11-22 14:51:47,812|ERROR|main|********************Robot Count:1000**************************
2019-11-22 14:51:48,741|ERROR|main|****** Component:[com.base.database.DBPoolComponent] has started successfully.******************
2019-11-22 14:51:48,742|ERROR|main|****** Component:[com.data.component.SystemDataComponent] has started successfully.******************
2019-11-22 14:51:48,742|ERROR|main|****** Component:[com.data.component.GamePropertiesComponent] has started successfully.******************
2019-11-22 14:51:48,742|ERROR|main|****** Component:[com.base.component.SimpleScheduleComponent] has started successfully.******************
2019-11-22 14:51:48,742|ERROR|main|****** Component:[com.logic.component.RobotComponent] has started successfully.******************
2019-11-22 14:51:48,742|ERROR|main|****** Component:[com.game.component.GamePlayerComponent] has started successfully.******************
2019-11-22 14:51:48,742|ERROR|main|****** Component:[com.logic.cmd.GameCommandComponent] has started successfully.******************
2019-11-22 14:51:48,742|ERROR|main|****** Component:[com.base.timer.QuartzComponent] has started successfully.******************
2019-11-22 14:51:48,742|ERROR|main|****** Component:[com.logic.component.RoomComponent] has started successfully.******************
2019-11-22 14:51:48,749|ERROR|main|****** Component:[com.logic.component.GameComponent] has started successfully.******************
2019-11-22 14:51:48,777|ERROR|main|****** Component:[com.game.component.GameJobComponent] has started successfully.******************
2019-11-22 14:51:48,777|ERROR|main|****** Component:[com.base.component.ScriptComponent] has started successfully.******************
2019-11-22 14:51:48,777|ERROR|main|****** Component:[com.game.component.RewardDropComponent] has started successfully.******************
2019-11-22 14:51:48,778|ERROR|main|****** Component:[com.game.component.UserCommandComponent] has started successfully.******************
2019-11-22 14:51:48,778|ERROR|main|****** Component:[com.game.component.RankComponent] has started successfully.******************
2019-11-22 14:51:49,092|ERROR|main|WebComponent Start Exception:
java.net.BindException: Address already in use: bind
	at sun.nio.ch.Net.bind0(Native Method)
	at sun.nio.ch.Net.bind(Unknown Source)
	at sun.nio.ch.Net.bind(Unknown Source)
	at sun.nio.ch.ServerSocketChannelImpl.bind(Unknown Source)
	at sun.nio.ch.ServerSocketAdaptor.bind(Unknown Source)
	at org.eclipse.jetty.server.ServerConnector.open(ServerConnector.java:298)
	at org.eclipse.jetty.server.AbstractNetworkConnector.doStart(AbstractNetworkConnector.java:80)
	at org.eclipse.jetty.server.ServerConnector.doStart(ServerConnector.java:236)
	at org.eclipse.jetty.util.component.AbstractLifeCycle.start(AbstractLifeCycle.java:68)
	at org.eclipse.jetty.server.Server.doStart(Server.java:431)
	at org.eclipse.jetty.util.component.AbstractLifeCycle.start(AbstractLifeCycle.java:68)
	at com.base.web.WebComponent.start(WebComponent.java:74)
	at com.base.component.ComponentManager.start(ComponentManager.java:95)
	at com.game.GameServer.loadComponent(GameServer.java:104)
	at com.base.server.BaseServer.start(BaseServer.java:20)
	at com.game.GameServer.main(GameServer.java:163)
2019-11-22 14:51:49,092|ERROR|main|****** Component:[com.base.web.WebComponent] has started failed.******************
2019-11-22 14:51:49,093|ERROR|main|GameServer has started failed.
2019-11-22 14:52:17,291|ERROR|main|Please input the global config path.default:../CommonLib/config/game.xml
2019-11-22 14:52:17,877|ERROR|main|Cannot find server property keep it default value.  -- log_save_interval = 300
2019-11-22 14:52:17,878|ERROR|main|Cannot find server property keep it default value.  -- monitor_job = */5 * * * * ?
2019-11-22 14:52:17,879|ERROR|main|Cannot find server property keep it default value.  -- job_ping_player = 10
2019-11-22 14:52:17,879|ERROR|main|Cannot find server property keep it default value.  -- game_update_slow = 30000
2019-11-22 14:52:17,879|ERROR|main|Cannot find server property keep it default value.  -- game_player_ping_interval = 5000
2019-11-22 14:52:17,880|ERROR|main|Cannot find server property keep it default value.  -- job_ping_fight = 5
2019-11-22 14:52:17,880|ERROR|main|Cannot find server property keep it default value.  -- job_save_player = 30
2019-11-22 14:52:17,881|ERROR|main|Cannot find server property keep it default value.  -- save_player_time = 300
2019-11-22 14:52:17,881|ERROR|main|Cannot find server property keep it default value.  -- job_corn_refresh = 1 0 0 * * ? *
2019-11-22 14:52:17,882|ERROR|main|Cannot find server property keep it default value.  -- job_rank_refresh = 0 0 4 * * ? *
2019-11-22 14:52:17,882|ERROR|main|Cannot find server property keep it default value.  -- ping_max_time = 120
2019-11-22 14:52:17,882|ERROR|main|Cannot find server property keep it default value.  -- room_max_count = 3000
2019-11-22 14:52:17,883|ERROR|main|Cannot find server property keep it default value.  -- sunday_refresh = 0 0 0 ? * 1 *
2019-11-22 14:52:17,883|ERROR|main|Cannot find server property keep it default value.  -- month_refresh = 0 0 0 1 * ? *
2019-11-22 14:52:17,883|ERROR|main|Cannot find server property keep it default value.  -- monitor_room_interval = 60
2019-11-22 14:52:17,884|ERROR|main|Cannot find server property keep it default value.  -- fight_player_ping_interval = 3
2019-11-22 14:52:17,885|ERROR|main|Cannot find server property keep it default value.  -- battle_game_time = 2400000
2019-11-22 14:52:17,885|ERROR|main|Cannot find server property keep it default value.  -- win_diamond = 10
2019-11-22 14:52:17,885|ERROR|main|Cannot find server property keep it default value.  -- base_success = 70
2019-11-22 14:52:17,885|ERROR|main|Cannot find server property keep it default value.  -- base_success_rate = 2
2019-11-22 14:52:17,886|ERROR|main|Cannot find server property keep it default value.  -- challengeUnlockCount = 200
2019-11-22 14:52:17,886|ERROR|main|Cannot find server property keep it default value.  -- unlockChallengeItemID = 102
2019-11-22 14:52:17,886|ERROR|main|Cannot find server property keep it default value.  -- unlockChallengeItemCount = 50
2019-11-22 14:52:18,565|ERROR|main|********************Robot Count:1000**************************
2019-11-22 14:52:19,518|ERROR|main|****** Component:[com.base.database.DBPoolComponent] has started successfully.******************
2019-11-22 14:52:19,518|ERROR|main|****** Component:[com.data.component.SystemDataComponent] has started successfully.******************
2019-11-22 14:52:19,518|ERROR|main|****** Component:[com.data.component.GamePropertiesComponent] has started successfully.******************
2019-11-22 14:52:19,518|ERROR|main|****** Component:[com.base.component.SimpleScheduleComponent] has started successfully.******************
2019-11-22 14:52:19,518|ERROR|main|****** Component:[com.logic.component.RobotComponent] has started successfully.******************
2019-11-22 14:52:19,518|ERROR|main|****** Component:[com.game.component.GamePlayerComponent] has started successfully.******************
2019-11-22 14:52:19,518|ERROR|main|****** Component:[com.logic.cmd.GameCommandComponent] has started successfully.******************
2019-11-22 14:52:19,518|ERROR|main|****** Component:[com.base.timer.QuartzComponent] has started successfully.******************
2019-11-22 14:52:19,518|ERROR|main|****** Component:[com.logic.component.RoomComponent] has started successfully.******************
2019-11-22 14:52:19,522|ERROR|main|****** Component:[com.logic.component.GameComponent] has started successfully.******************
2019-11-22 14:52:19,548|ERROR|main|****** Component:[com.game.component.GameJobComponent] has started successfully.******************
2019-11-22 14:52:19,549|ERROR|main|****** Component:[com.base.component.ScriptComponent] has started successfully.******************
2019-11-22 14:52:19,549|ERROR|main|****** Component:[com.game.component.RewardDropComponent] has started successfully.******************
2019-11-22 14:52:19,549|ERROR|main|****** Component:[com.game.component.UserCommandComponent] has started successfully.******************
2019-11-22 14:52:19,549|ERROR|main|****** Component:[com.game.component.RankComponent] has started successfully.******************
2019-11-22 14:52:19,849|ERROR|main|WebComponent Start Exception:
java.net.BindException: Address already in use: bind
	at sun.nio.ch.Net.bind0(Native Method)
	at sun.nio.ch.Net.bind(Unknown Source)
	at sun.nio.ch.Net.bind(Unknown Source)
	at sun.nio.ch.ServerSocketChannelImpl.bind(Unknown Source)
	at sun.nio.ch.ServerSocketAdaptor.bind(Unknown Source)
	at org.eclipse.jetty.server.ServerConnector.open(ServerConnector.java:298)
	at org.eclipse.jetty.server.AbstractNetworkConnector.doStart(AbstractNetworkConnector.java:80)
	at org.eclipse.jetty.server.ServerConnector.doStart(ServerConnector.java:236)
	at org.eclipse.jetty.util.component.AbstractLifeCycle.start(AbstractLifeCycle.java:68)
	at org.eclipse.jetty.server.Server.doStart(Server.java:431)
	at org.eclipse.jetty.util.component.AbstractLifeCycle.start(AbstractLifeCycle.java:68)
	at com.base.web.WebComponent.start(WebComponent.java:74)
	at com.base.component.ComponentManager.start(ComponentManager.java:95)
	at com.game.GameServer.loadComponent(GameServer.java:104)
	at com.base.server.BaseServer.start(BaseServer.java:20)
	at com.game.GameServer.main(GameServer.java:163)
2019-11-22 14:52:19,850|ERROR|main|****** Component:[com.base.web.WebComponent] has started failed.******************
2019-11-22 14:52:19,850|ERROR|main|GameServer has started failed.
2019-11-22 14:53:57,854|ERROR|main|Please input the global config path.default:../CommonLib/config/game.xml
2019-11-22 14:53:58,407|ERROR|main|Cannot find server property keep it default value.  -- log_save_interval = 300
2019-11-22 14:53:58,408|ERROR|main|Cannot find server property keep it default value.  -- monitor_job = */5 * * * * ?
2019-11-22 14:53:58,409|ERROR|main|Cannot find server property keep it default value.  -- job_ping_player = 10
2019-11-22 14:53:58,409|ERROR|main|Cannot find server property keep it default value.  -- game_update_slow = 30000
2019-11-22 14:53:58,409|ERROR|main|Cannot find server property keep it default value.  -- game_player_ping_interval = 5000
2019-11-22 14:53:58,409|ERROR|main|Cannot find server property keep it default value.  -- job_ping_fight = 5
2019-11-22 14:53:58,409|ERROR|main|Cannot find server property keep it default value.  -- job_save_player = 30
2019-11-22 14:53:58,410|ERROR|main|Cannot find server property keep it default value.  -- save_player_time = 300
2019-11-22 14:53:58,410|ERROR|main|Cannot find server property keep it default value.  -- job_corn_refresh = 1 0 0 * * ? *
2019-11-22 14:53:58,410|ERROR|main|Cannot find server property keep it default value.  -- job_rank_refresh = 0 0 4 * * ? *
2019-11-22 14:53:58,411|ERROR|main|Cannot find server property keep it default value.  -- ping_max_time = 120
2019-11-22 14:53:58,411|ERROR|main|Cannot find server property keep it default value.  -- room_max_count = 3000
2019-11-22 14:53:58,411|ERROR|main|Cannot find server property keep it default value.  -- sunday_refresh = 0 0 0 ? * 1 *
2019-11-22 14:53:58,411|ERROR|main|Cannot find server property keep it default value.  -- month_refresh = 0 0 0 1 * ? *
2019-11-22 14:53:58,411|ERROR|main|Cannot find server property keep it default value.  -- monitor_room_interval = 60
2019-11-22 14:53:58,412|ERROR|main|Cannot find server property keep it default value.  -- fight_player_ping_interval = 3
2019-11-22 14:53:58,413|ERROR|main|Cannot find server property keep it default value.  -- battle_game_time = 2400000
2019-11-22 14:53:58,414|ERROR|main|Cannot find server property keep it default value.  -- win_diamond = 10
2019-11-22 14:53:58,414|ERROR|main|Cannot find server property keep it default value.  -- base_success = 70
2019-11-22 14:53:58,414|ERROR|main|Cannot find server property keep it default value.  -- base_success_rate = 2
2019-11-22 14:53:58,415|ERROR|main|Cannot find server property keep it default value.  -- challengeUnlockCount = 200
2019-11-22 14:53:58,415|ERROR|main|Cannot find server property keep it default value.  -- unlockChallengeItemID = 102
2019-11-22 14:53:58,415|ERROR|main|Cannot find server property keep it default value.  -- unlockChallengeItemCount = 50
2019-11-22 14:53:59,070|ERROR|main|********************Robot Count:1000**************************
2019-11-22 14:53:59,929|ERROR|main|****** Component:[com.base.database.DBPoolComponent] has started successfully.******************
2019-11-22 14:53:59,930|ERROR|main|****** Component:[com.data.component.SystemDataComponent] has started successfully.******************
2019-11-22 14:53:59,930|ERROR|main|****** Component:[com.data.component.GamePropertiesComponent] has started successfully.******************
2019-11-22 14:53:59,930|ERROR|main|****** Component:[com.base.component.SimpleScheduleComponent] has started successfully.******************
2019-11-22 14:53:59,930|ERROR|main|****** Component:[com.logic.component.RobotComponent] has started successfully.******************
2019-11-22 14:53:59,930|ERROR|main|****** Component:[com.game.component.GamePlayerComponent] has started successfully.******************
2019-11-22 14:53:59,930|ERROR|main|****** Component:[com.logic.cmd.GameCommandComponent] has started successfully.******************
2019-11-22 14:53:59,931|ERROR|main|****** Component:[com.base.timer.QuartzComponent] has started successfully.******************
2019-11-22 14:53:59,931|ERROR|main|****** Component:[com.logic.component.RoomComponent] has started successfully.******************
2019-11-22 14:53:59,934|ERROR|main|****** Component:[com.logic.component.GameComponent] has started successfully.******************
2019-11-22 14:53:59,953|ERROR|main|****** Component:[com.game.component.GameJobComponent] has started successfully.******************
2019-11-22 14:53:59,953|ERROR|main|****** Component:[com.base.component.ScriptComponent] has started successfully.******************
2019-11-22 14:53:59,954|ERROR|main|****** Component:[com.game.component.RewardDropComponent] has started successfully.******************
2019-11-22 14:53:59,954|ERROR|main|****** Component:[com.game.component.UserCommandComponent] has started successfully.******************
2019-11-22 14:53:59,954|ERROR|main|****** Component:[com.game.component.RankComponent] has started successfully.******************
2019-11-22 14:54:00,252|ERROR|main|****** Component:[com.base.web.WebComponent] has started successfully.******************
2019-11-22 14:54:00,471|ERROR|main|****** Component:[com.game.component.GameServerNettyComponent] has started successfully.******************
2019-11-22 14:54:00,471|ERROR|main|****** All Component has started successfully.******************
2019-11-22 14:54:00,471|ERROR|main|游戏服启动成功, 耗时 2 秒.
2019-11-22 15:50:34,169|ERROR|nioEventLoopGroup-3-1|Exit Room.0,UserID:10018
2019-11-22 15:54:20,903|ERROR|nioEventLoopGroup-3-2|Exit Room.0,UserID:10018
2019-11-22 16:01:09,992|ERROR|nioEventLoopGroup-3-3|Exit Room.0,UserID:10018
2019-11-22 16:02:32,281|ERROR|nioEventLoopGroup-3-4|Exit Room.0,UserID:10018
2019-11-22 16:06:18,345|ERROR|nioEventLoopGroup-3-5|Exit Room.0,UserID:10018
2019-11-22 16:06:47,906|ERROR|nioEventLoopGroup-3-6|Exit Room.0,UserID:10018
2019-11-22 16:10:33,279|ERROR|nioEventLoopGroup-3-7|Exit Room.0,UserID:10018
2019-11-22 16:13:00,856|ERROR|nioEventLoopGroup-3-8|Exit Room.0,UserID:10018
2019-11-22 16:15:31,671|ERROR|nioEventLoopGroup-3-9|Exit Room.0,UserID:10018
2019-11-22 16:17:44,844|ERROR|nioEventLoopGroup-3-10|Exit Room.0,UserID:10018
2019-11-22 16:20:22,227|ERROR|nioEventLoopGroup-3-11|Exit Room.0,UserID:10018
2019-11-22 16:22:25,591|ERROR|nioEventLoopGroup-3-12|Exit Room.0,UserID:10018
2019-11-22 16:23:24,023|ERROR|nioEventLoopGroup-3-13|Exit Room.0,UserID:10018
2019-11-22 16:24:24,815|ERROR|nioEventLoopGroup-3-1|Exit Room.0,UserID:10018
2019-11-22 16:40:40,039|ERROR|nioEventLoopGroup-3-2|Exit Room.0,UserID:10018
2019-11-22 16:57:04,600|ERROR|nioEventLoopGroup-3-3|Exit Room.0,UserID:10018
2019-11-22 16:57:25,317|ERROR|nioEventLoopGroup-3-4|Exit Room.0,UserID:10018
2019-11-22 17:29:51,072|ERROR|nioEventLoopGroup-3-5|Exit Room.0,UserID:10018
2019-11-22 17:50:21,422|ERROR|nioEventLoopGroup-3-6|Exit Room.0,UserID:10018
2019-11-22 17:52:17,705|ERROR|nioEventLoopGroup-3-7|Exit Room.0,UserID:10018
2019-11-22 17:55:11,009|ERROR|nioEventLoopGroup-3-8|Exit Room.0,UserID:10018
2019-11-22 17:56:30,918|ERROR|nioEventLoopGroup-3-9|Exit Room.0,UserID:10018
2019-11-22 17:58:17,127|ERROR|nioEventLoopGroup-3-10|Exit Room.0,UserID:10023
2019-11-22 17:58:36,006|ERROR|nioEventLoopGroup-3-11|Exit Room.0,UserID:10023
2019-11-22 17:59:02,589|ERROR|nioEventLoopGroup-3-12|Exit Room.0,UserID:10023
2019-11-22 17:59:23,112|ERROR|nioEventLoopGroup-3-13|Exit Room.0,UserID:10023
2019-11-22 18:05:58,313|ERROR|nioEventLoopGroup-3-1|Exit Room.0,UserID:10023
2019-11-22 18:07:51,809|ERROR|main|Please input the global config path.default:../CommonLib/config/game.xml
2019-11-22 18:07:52,428|ERROR|main|Cannot find server property keep it default value.  -- log_save_interval = 300
2019-11-22 18:07:52,431|ERROR|main|Cannot find server property keep it default value.  -- monitor_job = */5 * * * * ?
2019-11-22 18:07:52,431|ERROR|main|Cannot find server property keep it default value.  -- job_ping_player = 10
2019-11-22 18:07:52,432|ERROR|main|Cannot find server property keep it default value.  -- game_update_slow = 30000
2019-11-22 18:07:52,432|ERROR|main|Cannot find server property keep it default value.  -- game_player_ping_interval = 5000
2019-11-22 18:07:52,432|ERROR|main|Cannot find server property keep it default value.  -- job_ping_fight = 5
2019-11-22 18:07:52,433|ERROR|main|Cannot find server property keep it default value.  -- job_save_player = 30
2019-11-22 18:07:52,433|ERROR|main|Cannot find server property keep it default value.  -- save_player_time = 300
2019-11-22 18:07:52,433|ERROR|main|Cannot find server property keep it default value.  -- job_corn_refresh = 1 0 0 * * ? *
2019-11-22 18:07:52,434|ERROR|main|Cannot find server property keep it default value.  -- job_rank_refresh = 0 0 4 * * ? *
2019-11-22 18:07:52,434|ERROR|main|Cannot find server property keep it default value.  -- ping_max_time = 120
2019-11-22 18:07:52,434|ERROR|main|Cannot find server property keep it default value.  -- room_max_count = 3000
2019-11-22 18:07:52,434|ERROR|main|Cannot find server property keep it default value.  -- sunday_refresh = 0 0 0 ? * 1 *
2019-11-22 18:07:52,435|ERROR|main|Cannot find server property keep it default value.  -- month_refresh = 0 0 0 1 * ? *
2019-11-22 18:07:52,435|ERROR|main|Cannot find server property keep it default value.  -- monitor_room_interval = 60
2019-11-22 18:07:52,436|ERROR|main|Cannot find server property keep it default value.  -- fight_player_ping_interval = 3
2019-11-22 18:07:52,436|ERROR|main|Cannot find server property keep it default value.  -- battle_game_time = 2400000
2019-11-22 18:07:52,437|ERROR|main|Cannot find server property keep it default value.  -- win_diamond = 10
2019-11-22 18:07:52,437|ERROR|main|Cannot find server property keep it default value.  -- base_success = 70
2019-11-22 18:07:52,438|ERROR|main|Cannot find server property keep it default value.  -- base_success_rate = 2
2019-11-22 18:07:52,438|ERROR|main|Cannot find server property keep it default value.  -- challengeUnlockCount = 200
2019-11-22 18:07:52,438|ERROR|main|Cannot find server property keep it default value.  -- unlockChallengeItemID = 102
2019-11-22 18:07:52,439|ERROR|main|Cannot find server property keep it default value.  -- unlockChallengeItemCount = 50
2019-11-22 18:07:53,138|ERROR|main|********************Robot Count:1000**************************
2019-11-22 18:07:54,230|ERROR|main|****** Component:[com.base.database.DBPoolComponent] has started successfully.******************
2019-11-22 18:07:54,231|ERROR|main|****** Component:[com.data.component.SystemDataComponent] has started successfully.******************
2019-11-22 18:07:54,231|ERROR|main|****** Component:[com.data.component.GamePropertiesComponent] has started successfully.******************
2019-11-22 18:07:54,231|ERROR|main|****** Component:[com.base.component.SimpleScheduleComponent] has started successfully.******************
2019-11-22 18:07:54,231|ERROR|main|****** Component:[com.logic.component.RobotComponent] has started successfully.******************
2019-11-22 18:07:54,231|ERROR|main|****** Component:[com.game.component.GamePlayerComponent] has started successfully.******************
2019-11-22 18:07:54,231|ERROR|main|****** Component:[com.logic.cmd.GameCommandComponent] has started successfully.******************
2019-11-22 18:07:54,231|ERROR|main|****** Component:[com.base.timer.QuartzComponent] has started successfully.******************
2019-11-22 18:07:54,231|ERROR|main|****** Component:[com.logic.component.RoomComponent] has started successfully.******************
2019-11-22 18:07:54,234|ERROR|main|****** Component:[com.logic.component.GameComponent] has started successfully.******************
2019-11-22 18:07:54,269|ERROR|main|****** Component:[com.game.component.GameJobComponent] has started successfully.******************
2019-11-22 18:07:54,270|ERROR|main|****** Component:[com.base.component.ScriptComponent] has started successfully.******************
2019-11-22 18:07:54,270|ERROR|main|****** Component:[com.game.component.RewardDropComponent] has started successfully.******************
2019-11-22 18:07:54,270|ERROR|main|****** Component:[com.game.component.UserCommandComponent] has started successfully.******************
2019-11-22 18:07:54,270|ERROR|main|****** Component:[com.game.component.RankComponent] has started successfully.******************
2019-11-22 18:07:54,643|ERROR|main|****** Component:[com.base.web.WebComponent] has started successfully.******************
2019-11-22 18:07:54,876|ERROR|main|****** Component:[com.game.component.GameServerNettyComponent] has started successfully.******************
2019-11-22 18:07:54,876|ERROR|main|****** All Component has started successfully.******************
2019-11-22 18:07:54,876|ERROR|main|游戏服启动成功, 耗时 3 秒.
2019-11-22 18:12:31,701|ERROR|nioEventLoopGroup-3-1|Exit Room.0,UserID:10023
2019-11-22 18:12:48,098|ERROR|nioEventLoopGroup-3-2|Exit Room.0,UserID:10018
2019-11-22 18:16:11,653|ERROR|main|Please input the global config path.default:../CommonLib/config/game.xml
2019-11-22 18:16:12,213|ERROR|main|Cannot find server property keep it default value.  -- log_save_interval = 300
2019-11-22 18:16:12,214|ERROR|main|Cannot find server property keep it default value.  -- monitor_job = */5 * * * * ?
2019-11-22 18:16:12,215|ERROR|main|Cannot find server property keep it default value.  -- job_ping_player = 10
2019-11-22 18:16:12,215|ERROR|main|Cannot find server property keep it default value.  -- game_update_slow = 30000
2019-11-22 18:16:12,215|ERROR|main|Cannot find server property keep it default value.  -- game_player_ping_interval = 5000
2019-11-22 18:16:12,216|ERROR|main|Cannot find server property keep it default value.  -- job_ping_fight = 5
2019-11-22 18:16:12,216|ERROR|main|Cannot find server property keep it default value.  -- job_save_player = 30
2019-11-22 18:16:12,216|ERROR|main|Cannot find server property keep it default value.  -- save_player_time = 300
2019-11-22 18:16:12,217|ERROR|main|Cannot find server property keep it default value.  -- job_corn_refresh = 1 0 0 * * ? *
2019-11-22 18:16:12,217|ERROR|main|Cannot find server property keep it default value.  -- job_rank_refresh = 0 0 4 * * ? *
2019-11-22 18:16:12,217|ERROR|main|Cannot find server property keep it default value.  -- ping_max_time = 120
2019-11-22 18:16:12,218|ERROR|main|Cannot find server property keep it default value.  -- room_max_count = 3000
2019-11-22 18:16:12,218|ERROR|main|Cannot find server property keep it default value.  -- sunday_refresh = 0 0 0 ? * 1 *
2019-11-22 18:16:12,218|ERROR|main|Cannot find server property keep it default value.  -- month_refresh = 0 0 0 1 * ? *
2019-11-22 18:16:12,218|ERROR|main|Cannot find server property keep it default value.  -- monitor_room_interval = 60
2019-11-22 18:16:12,219|ERROR|main|Cannot find server property keep it default value.  -- fight_player_ping_interval = 3
2019-11-22 18:16:12,220|ERROR|main|Cannot find server property keep it default value.  -- battle_game_time = 2400000
2019-11-22 18:16:12,221|ERROR|main|Cannot find server property keep it default value.  -- win_diamond = 10
2019-11-22 18:16:12,221|ERROR|main|Cannot find server property keep it default value.  -- base_success = 70
2019-11-22 18:16:12,221|ERROR|main|Cannot find server property keep it default value.  -- base_success_rate = 2
2019-11-22 18:16:12,221|ERROR|main|Cannot find server property keep it default value.  -- challengeUnlockCount = 200
2019-11-22 18:16:12,222|ERROR|main|Cannot find server property keep it default value.  -- unlockChallengeItemID = 102
2019-11-22 18:16:12,222|ERROR|main|Cannot find server property keep it default value.  -- unlockChallengeItemCount = 50
2019-11-22 18:16:12,871|ERROR|main|********************Robot Count:1000**************************
2019-11-22 18:16:13,822|ERROR|main|****** Component:[com.base.database.DBPoolComponent] has started successfully.******************
2019-11-22 18:16:13,822|ERROR|main|****** Component:[com.data.component.SystemDataComponent] has started successfully.******************
2019-11-22 18:16:13,822|ERROR|main|****** Component:[com.data.component.GamePropertiesComponent] has started successfully.******************
2019-11-22 18:16:13,822|ERROR|main|****** Component:[com.base.component.SimpleScheduleComponent] has started successfully.******************
2019-11-22 18:16:13,823|ERROR|main|****** Component:[com.logic.component.RobotComponent] has started successfully.******************
2019-11-22 18:16:13,823|ERROR|main|****** Component:[com.game.component.GamePlayerComponent] has started successfully.******************
2019-11-22 18:16:13,823|ERROR|main|****** Component:[com.logic.cmd.GameCommandComponent] has started successfully.******************
2019-11-22 18:16:13,823|ERROR|main|****** Component:[com.base.timer.QuartzComponent] has started successfully.******************
2019-11-22 18:16:13,823|ERROR|main|****** Component:[com.logic.component.RoomComponent] has started successfully.******************
2019-11-22 18:16:13,829|ERROR|main|****** Component:[com.logic.component.GameComponent] has started successfully.******************
2019-11-22 18:16:13,868|ERROR|main|****** Component:[com.game.component.GameJobComponent] has started successfully.******************
2019-11-22 18:16:13,872|ERROR|main|****** Component:[com.base.component.ScriptComponent] has started successfully.******************
2019-11-22 18:16:13,872|ERROR|main|****** Component:[com.game.component.RewardDropComponent] has started successfully.******************
2019-11-22 18:16:13,872|ERROR|main|****** Component:[com.game.component.UserCommandComponent] has started successfully.******************
2019-11-22 18:16:13,872|ERROR|main|****** Component:[com.game.component.RankComponent] has started successfully.******************
2019-11-22 18:16:14,191|ERROR|main|****** Component:[com.base.web.WebComponent] has started successfully.******************
2019-11-22 18:16:14,415|ERROR|main|****** Component:[com.game.component.GameServerNettyComponent] has started successfully.******************
2019-11-22 18:16:14,416|ERROR|main|****** All Component has started successfully.******************
2019-11-22 18:16:14,417|ERROR|main|游戏服启动成功, 耗时 2 秒.
2019-11-22 20:12:14,318|ERROR|main|Please input the global config path.default:../CommonLib/config/game.xml
2019-11-22 20:12:14,910|ERROR|main|Cannot find server property keep it default value.  -- log_save_interval = 300
2019-11-22 20:12:14,911|ERROR|main|Cannot find server property keep it default value.  -- monitor_job = */5 * * * * ?
2019-11-22 20:12:14,911|ERROR|main|Cannot find server property keep it default value.  -- job_ping_player = 10
2019-11-22 20:12:14,911|ERROR|main|Cannot find server property keep it default value.  -- game_update_slow = 30000
2019-11-22 20:12:14,912|ERROR|main|Cannot find server property keep it default value.  -- game_player_ping_interval = 5000
2019-11-22 20:12:14,912|ERROR|main|Cannot find server property keep it default value.  -- job_ping_fight = 5
2019-11-22 20:12:14,912|ERROR|main|Cannot find server property keep it default value.  -- job_save_player = 30
2019-11-22 20:12:14,913|ERROR|main|Cannot find server property keep it default value.  -- save_player_time = 300
2019-11-22 20:12:14,913|ERROR|main|Cannot find server property keep it default value.  -- job_corn_refresh = 1 0 0 * * ? *
2019-11-22 20:12:14,913|ERROR|main|Cannot find server property keep it default value.  -- job_rank_refresh = 0 0 4 * * ? *
2019-11-22 20:12:14,914|ERROR|main|Cannot find server property keep it default value.  -- ping_max_time = 120
2019-11-22 20:12:14,914|ERROR|main|Cannot find server property keep it default value.  -- room_max_count = 3000
2019-11-22 20:12:14,914|ERROR|main|Cannot find server property keep it default value.  -- sunday_refresh = 0 0 0 ? * 1 *
2019-11-22 20:12:14,914|ERROR|main|Cannot find server property keep it default value.  -- month_refresh = 0 0 0 1 * ? *
2019-11-22 20:12:14,915|ERROR|main|Cannot find server property keep it default value.  -- monitor_room_interval = 60
2019-11-22 20:12:14,915|ERROR|main|Cannot find server property keep it default value.  -- fight_player_ping_interval = 3
2019-11-22 20:12:14,915|ERROR|main|Cannot find server property keep it default value.  -- battle_game_time = 2400000
2019-11-22 20:12:14,916|ERROR|main|Cannot find server property keep it default value.  -- win_diamond = 10
2019-11-22 20:12:14,916|ERROR|main|Cannot find server property keep it default value.  -- base_success = 70
2019-11-22 20:12:14,916|ERROR|main|Cannot find server property keep it default value.  -- base_success_rate = 2
2019-11-22 20:12:14,916|ERROR|main|Cannot find server property keep it default value.  -- challengeUnlockCount = 200
2019-11-22 20:12:14,917|ERROR|main|Cannot find server property keep it default value.  -- unlockChallengeItemID = 102
2019-11-22 20:12:14,917|ERROR|main|Cannot find server property keep it default value.  -- unlockChallengeItemCount = 50
2019-11-22 20:12:15,604|ERROR|main|********************Robot Count:1000**************************
2019-11-22 20:12:16,621|ERROR|main|****** Component:[com.base.database.DBPoolComponent] has started successfully.******************
2019-11-22 20:12:16,621|ERROR|main|****** Component:[com.data.component.SystemDataComponent] has started successfully.******************
2019-11-22 20:12:16,621|ERROR|main|****** Component:[com.data.component.GamePropertiesComponent] has started successfully.******************
2019-11-22 20:12:16,621|ERROR|main|****** Component:[com.base.component.SimpleScheduleComponent] has started successfully.******************
2019-11-22 20:12:16,621|ERROR|main|****** Component:[com.logic.component.RobotComponent] has started successfully.******************
2019-11-22 20:12:16,621|ERROR|main|****** Component:[com.game.component.GamePlayerComponent] has started successfully.******************
2019-11-22 20:12:16,622|ERROR|main|****** Component:[com.logic.cmd.GameCommandComponent] has started successfully.******************
2019-11-22 20:12:16,622|ERROR|main|****** Component:[com.base.timer.QuartzComponent] has started successfully.******************
2019-11-22 20:12:16,623|ERROR|main|****** Component:[com.logic.component.RoomComponent] has started successfully.******************
2019-11-22 20:12:16,627|ERROR|main|****** Component:[com.logic.component.GameComponent] has started successfully.******************
2019-11-22 20:12:16,666|ERROR|main|****** Component:[com.game.component.GameJobComponent] has started successfully.******************
2019-11-22 20:12:16,666|ERROR|main|****** Component:[com.base.component.ScriptComponent] has started successfully.******************
2019-11-22 20:12:16,667|ERROR|main|****** Component:[com.game.component.RewardDropComponent] has started successfully.******************
2019-11-22 20:12:16,667|ERROR|main|****** Component:[com.game.component.UserCommandComponent] has started successfully.******************
2019-11-22 20:12:16,667|ERROR|main|****** Component:[com.game.component.RankComponent] has started successfully.******************
2019-11-22 20:12:16,982|ERROR|main|****** Component:[com.base.web.WebComponent] has started successfully.******************
2019-11-22 20:12:17,190|ERROR|main|****** Component:[com.game.component.GameServerNettyComponent] has started successfully.******************
2019-11-22 20:12:17,190|ERROR|main|****** All Component has started successfully.******************
2019-11-22 20:12:17,192|ERROR|main|游戏服启动成功, 耗时 2 秒.
