2019-11-18 13:36:56,330|ERROR|main|Please input the global config path.default:../CommonLib/config/game.xml
2019-11-18 13:36:57,309|ERROR|main|Cannot find server property keep it default value.  -- log_save_interval = 300
2019-11-18 13:36:57,310|ERROR|main|Cannot find server property keep it default value.  -- monitor_job = */5 * * * * ?
2019-11-18 13:36:57,312|ERROR|main|Cannot find server property keep it default value.  -- job_ping_player = 10
2019-11-18 13:36:57,312|ERROR|main|Cannot find server property keep it default value.  -- game_update_slow = 30000
2019-11-18 13:36:57,313|ERROR|main|Cannot find server property keep it default value.  -- game_player_ping_interval = 5000
2019-11-18 13:36:57,313|ERROR|main|Cannot find server property keep it default value.  -- job_ping_fight = 5
2019-11-18 13:36:57,313|ERROR|main|Cannot find server property keep it default value.  -- job_save_player = 30
2019-11-18 13:36:57,313|ERROR|main|Cannot find server property keep it default value.  -- save_player_time = 300
2019-11-18 13:36:57,314|ERROR|main|Cannot find server property keep it default value.  -- job_corn_refresh = 1 0 0 * * ? *
2019-11-18 13:36:57,314|ERROR|main|Cannot find server property keep it default value.  -- job_rank_refresh = 0 0 4 * * ? *
2019-11-18 13:36:57,314|ERROR|main|Cannot find server property keep it default value.  -- ping_max_time = 120
2019-11-18 13:36:57,315|ERROR|main|Cannot find server property keep it default value.  -- room_max_count = 3000
2019-11-18 13:36:57,315|ERROR|main|Cannot find server property keep it default value.  -- sunday_refresh = 0 0 0 ? * 1 *
2019-11-18 13:36:57,315|ERROR|main|Cannot find server property keep it default value.  -- month_refresh = 0 0 0 1 * ? *
2019-11-18 13:36:57,316|ERROR|main|Cannot find server property keep it default value.  -- monitor_room_interval = 60
2019-11-18 13:36:57,317|ERROR|main|Cannot find server property keep it default value.  -- fight_player_ping_interval = 3
2019-11-18 13:36:57,317|ERROR|main|Cannot find server property keep it default value.  -- battle_game_time = 2400000
2019-11-18 13:36:57,317|ERROR|main|Cannot find server property keep it default value.  -- win_diamond = 10
2019-11-18 13:36:57,318|ERROR|main|Cannot find server property keep it default value.  -- base_success = 70
2019-11-18 13:36:57,318|ERROR|main|Cannot find server property keep it default value.  -- base_success_rate = 2
2019-11-18 13:36:57,318|ERROR|main|Cannot find server property keep it default value.  -- challengeUnlockCount = 200
2019-11-18 13:36:57,319|ERROR|main|Cannot find server property keep it default value.  -- unlockChallengeItemID = 102
2019-11-18 13:36:57,319|ERROR|main|Cannot find server property keep it default value.  -- unlockChallengeItemCount = 50
2019-11-18 13:36:58,034|ERROR|main|********************Robot Count:1000**************************
2019-11-18 13:36:59,148|ERROR|main|****** Component:[com.base.database.DBPoolComponent] has started successfully.******************
2019-11-18 13:36:59,148|ERROR|main|****** Component:[com.data.component.SystemDataComponent] has started successfully.******************
2019-11-18 13:36:59,149|ERROR|main|****** Component:[com.data.component.GamePropertiesComponent] has started successfully.******************
2019-11-18 13:36:59,149|ERROR|main|****** Component:[com.base.component.SimpleScheduleComponent] has started successfully.******************
2019-11-18 13:36:59,149|ERROR|main|****** Component:[com.logic.component.RobotComponent] has started successfully.******************
2019-11-18 13:36:59,149|ERROR|main|****** Component:[com.game.component.GamePlayerComponent] has started successfully.******************
2019-11-18 13:36:59,149|ERROR|main|****** Component:[com.logic.cmd.GameCommandComponent] has started successfully.******************
2019-11-18 13:36:59,149|ERROR|main|****** Component:[com.base.timer.QuartzComponent] has started successfully.******************
2019-11-18 13:36:59,149|ERROR|main|****** Component:[com.logic.component.RoomComponent] has started successfully.******************
2019-11-18 13:36:59,159|ERROR|main|****** Component:[com.logic.component.GameComponent] has started successfully.******************
2019-11-18 13:36:59,197|ERROR|main|****** Component:[com.game.component.GameJobComponent] has started successfully.******************
2019-11-18 13:36:59,197|ERROR|main|****** Component:[com.base.component.ScriptComponent] has started successfully.******************
2019-11-18 13:36:59,197|ERROR|main|****** Component:[com.game.component.RewardDropComponent] has started successfully.******************
2019-11-18 13:36:59,197|ERROR|main|****** Component:[com.game.component.UserCommandComponent] has started successfully.******************
2019-11-18 13:36:59,197|ERROR|main|****** Component:[com.game.component.RankComponent] has started successfully.******************
2019-11-18 13:36:59,494|ERROR|main|WebComponent Start Exception:
java.net.BindException: Address already in use: bind
	at sun.nio.ch.Net.bind0(Native Method)
	at sun.nio.ch.Net.bind(Unknown Source)
	at sun.nio.ch.Net.bind(Unknown Source)
	at sun.nio.ch.ServerSocketChannelImpl.bind(Unknown Source)
	at sun.nio.ch.ServerSocketAdaptor.bind(Unknown Source)
	at org.eclipse.jetty.server.ServerConnector.open(ServerConnector.java:298)
	at org.eclipse.jetty.server.AbstractNetworkConnector.doStart(AbstractNetworkConnector.java:80)
	at org.eclipse.jetty.server.ServerConnector.doStart(ServerConnector.java:236)
	at org.eclipse.jetty.util.component.AbstractLifeCycle.start(AbstractLifeCycle.java:68)
	at org.eclipse.jetty.server.Server.doStart(Server.java:431)
	at org.eclipse.jetty.util.component.AbstractLifeCycle.start(AbstractLifeCycle.java:68)
	at com.base.web.WebComponent.start(WebComponent.java:74)
	at com.base.component.ComponentManager.start(ComponentManager.java:95)
	at com.game.GameServer.loadComponent(GameServer.java:104)
	at com.base.server.BaseServer.start(BaseServer.java:20)
	at com.game.GameServer.main(GameServer.java:163)
2019-11-18 13:36:59,495|ERROR|main|****** Component:[com.base.web.WebComponent] has started failed.******************
2019-11-18 13:36:59,495|ERROR|main|GameServer has started failed.
