2019-12-29 15:04:01,355|ERROR|main|HttpUtil:doPost
java.io.IOException: Server returned HTTP response code: 401 for URL: https://accounts.google.com/o/oauth2/token
	at sun.net.www.protocol.http.HttpURLConnection.getInputStream0(Unknown Source)
	at sun.net.www.protocol.http.HttpURLConnection.getInputStream(Unknown Source)
	at sun.net.www.protocol.https.HttpsURLConnectionImpl.getInputStream(Unknown Source)
	at com.util.HttpUtil.doPost(HttpUtil.java:494)
	at com.game.component.GamePlayerComponent.refreshToken(GamePlayerComponent.java:225)
	at com.game.component.GamePlayerComponent.main(GamePlayerComponent.java:239)
2019-12-29 15:04:48,055|ERROR|main|HttpUtil:doPostByHttps
java.io.IOException: Server returned HTTP response code: 401 for URL: https://accounts.google.com/o/oauth2/token
	at sun.net.www.protocol.http.HttpURLConnection.getInputStream0(Unknown Source)
	at sun.net.www.protocol.http.HttpURLConnection.getInputStream(Unknown Source)
	at sun.net.www.protocol.https.HttpsURLConnectionImpl.getInputStream(Unknown Source)
	at com.util.HttpUtil.doPostByHttps(HttpUtil.java:705)
	at com.game.component.GamePlayerComponent.refreshToken(GamePlayerComponent.java:225)
	at com.game.component.GamePlayerComponent.main(GamePlayerComponent.java:239)
2019-12-29 15:09:37,623|ERROR|main|
org.jsoup.HttpStatusException: HTTP error fetching URL
	at org.jsoup.helper.HttpConnection$Response.execute(HttpConnection.java:679)
	at org.jsoup.helper.HttpConnection$Response.execute(HttpConnection.java:628)
	at org.jsoup.helper.HttpConnection.execute(HttpConnection.java:260)
	at org.jsoup.helper.HttpConnection.post(HttpConnection.java:255)
	at com.util.HttpUtil.httpPost(HttpUtil.java:977)
	at com.game.component.GamePlayerComponent.refreshToken(GamePlayerComponent.java:225)
	at com.game.component.GamePlayerComponent.main(GamePlayerComponent.java:239)
2019-12-29 15:11:17,970|ERROR|main|
org.jsoup.HttpStatusException: HTTP error fetching URL
	at org.jsoup.helper.HttpConnection$Response.execute(HttpConnection.java:679)
	at org.jsoup.helper.HttpConnection$Response.execute(HttpConnection.java:628)
	at org.jsoup.helper.HttpConnection.execute(HttpConnection.java:260)
	at org.jsoup.helper.HttpConnection.post(HttpConnection.java:255)
	at com.util.HttpUtil.httpPost(HttpUtil.java:981)
	at com.game.component.GamePlayerComponent.refreshToken(GamePlayerComponent.java:225)
	at com.game.component.GamePlayerComponent.main(GamePlayerComponent.java:239)
2019-12-29 15:14:02,606|ERROR|main|
org.jsoup.HttpStatusException: HTTP error fetching URL
	at org.jsoup.helper.HttpConnection$Response.execute(HttpConnection.java:679)
	at org.jsoup.helper.HttpConnection$Response.execute(HttpConnection.java:628)
	at org.jsoup.helper.HttpConnection.execute(HttpConnection.java:260)
	at org.jsoup.helper.HttpConnection.post(HttpConnection.java:255)
	at com.util.HttpUtil.httpPost(HttpUtil.java:984)
	at com.game.component.GamePlayerComponent.refreshToken(GamePlayerComponent.java:225)
	at com.game.component.GamePlayerComponent.main(GamePlayerComponent.java:239)
2019-12-29 15:20:19,510|ERROR|main|
org.jsoup.HttpStatusException: HTTP error fetching URL
	at org.jsoup.helper.HttpConnection$Response.execute(HttpConnection.java:679)
	at org.jsoup.helper.HttpConnection$Response.execute(HttpConnection.java:628)
	at org.jsoup.helper.HttpConnection.execute(HttpConnection.java:260)
	at org.jsoup.helper.HttpConnection.post(HttpConnection.java:255)
	at com.util.HttpUtil.httpPost(HttpUtil.java:984)
	at com.game.component.GamePlayerComponent.refreshToken(GamePlayerComponent.java:227)
	at com.game.component.GamePlayerComponent.main(GamePlayerComponent.java:241)
2019-12-29 15:23:29,572|ERROR|main|
org.jsoup.HttpStatusException: HTTP error fetching URL
	at org.jsoup.helper.HttpConnection$Response.execute(HttpConnection.java:679)
	at org.jsoup.helper.HttpConnection$Response.execute(HttpConnection.java:628)
	at org.jsoup.helper.HttpConnection.execute(HttpConnection.java:260)
	at org.jsoup.helper.HttpConnection.post(HttpConnection.java:255)
	at com.util.HttpUtil.httpPost(HttpUtil.java:985)
	at com.game.component.GamePlayerComponent.refreshToken(GamePlayerComponent.java:227)
	at com.game.component.GamePlayerComponent.main(GamePlayerComponent.java:241)
2019-12-29 18:15:35,772|ERROR|main|
org.jsoup.HttpStatusException: HTTP error fetching URL
	at org.jsoup.helper.HttpConnection$Response.execute(HttpConnection.java:679)
	at org.jsoup.helper.HttpConnection$Response.execute(HttpConnection.java:676)
	at org.jsoup.helper.HttpConnection$Response.execute(HttpConnection.java:628)
	at org.jsoup.helper.HttpConnection.execute(HttpConnection.java:260)
	at org.jsoup.helper.HttpConnection.post(HttpConnection.java:255)
	at com.util.HttpUtil.httpPost(HttpUtil.java:985)
	at com.game.component.GamePlayerComponent.refreshToken(GamePlayerComponent.java:227)
	at com.game.component.GamePlayerComponent.main(GamePlayerComponent.java:241)
2019-12-29 18:19:09,990|ERROR|main|HttpUtil:doPost
java.io.IOException: Server returned HTTP response code: 401 for URL: https://accounts.google.com/o/oauth2/token
	at sun.net.www.protocol.http.HttpURLConnection.getInputStream0(Unknown Source)
	at sun.net.www.protocol.http.HttpURLConnection.getInputStream(Unknown Source)
	at sun.net.www.protocol.https.HttpsURLConnectionImpl.getInputStream(Unknown Source)
	at com.util.HttpUtil.doPost(HttpUtil.java:499)
	at com.game.component.GamePlayerComponent.refreshToken(GamePlayerComponent.java:227)
	at com.game.component.GamePlayerComponent.main(GamePlayerComponent.java:241)
2019-12-29 18:23:37,037|ERROR|main|HttpUtil:doPost
java.io.IOException: Server returned HTTP response code: 401 for URL: https://accounts.google.com/o/oauth2/token?client_id=387829453470-f0mpab9hegfo0g5o365bicg4i5p9r370.apps.googleusercontent.com&client_secret=zmmoJP3F_Z5azCuktHh9DwcY&redirect_uri=https://whalerun-project.firebaseapp.com/__/auth/handler&grant_type=refresh_token&refresh_token=1//06rXCWEq1cElpCgYIARAAGAYSNwF-L9IrMA84PfWd7EvlKNKNteCXG0FHWWhFqZOy6TCK3QdmWL0M8VSkC6IgFwXBmkE2CofiGJM
	at sun.net.www.protocol.http.HttpURLConnection.getInputStream0(Unknown Source)
	at sun.net.www.protocol.http.HttpURLConnection.getInputStream(Unknown Source)
	at sun.net.www.protocol.https.HttpsURLConnectionImpl.getInputStream(Unknown Source)
	at com.util.HttpUtil.doPost(HttpUtil.java:496)
	at com.game.component.GamePlayerComponent.refreshToken(GamePlayerComponent.java:227)
	at com.game.component.GamePlayerComponent.main(GamePlayerComponent.java:241)
2019-12-29 18:42:55,705|ERROR|main|
java.net.ConnectException: Connection timed out: connect
	at java.net.DualStackPlainSocketImpl.waitForConnect(Native Method)
	at java.net.DualStackPlainSocketImpl.socketConnect(Unknown Source)
	at java.net.AbstractPlainSocketImpl.doConnect(Unknown Source)
	at java.net.AbstractPlainSocketImpl.connectToAddress(Unknown Source)
	at java.net.AbstractPlainSocketImpl.connect(Unknown Source)
	at java.net.PlainSocketImpl.connect(Unknown Source)
	at java.net.SocksSocketImpl.connect(Unknown Source)
	at java.net.Socket.connect(Unknown Source)
	at sun.security.ssl.SSLSocketImpl.connect(Unknown Source)
	at sun.net.NetworkClient.doConnect(Unknown Source)
	at sun.net.www.http.HttpClient.openServer(Unknown Source)
	at sun.net.www.http.HttpClient.openServer(Unknown Source)
	at sun.net.www.protocol.https.HttpsClient.<init>(Unknown Source)
	at sun.net.www.protocol.https.HttpsClient.New(Unknown Source)
	at sun.net.www.protocol.https.AbstractDelegateHttpsURLConnection.getNewHttpClient(Unknown Source)
	at sun.net.www.protocol.http.HttpURLConnection.plainConnect0(Unknown Source)
	at sun.net.www.protocol.http.HttpURLConnection.plainConnect(Unknown Source)
	at sun.net.www.protocol.https.AbstractDelegateHttpsURLConnection.connect(Unknown Source)
	at sun.net.www.protocol.https.HttpsURLConnectionImpl.connect(Unknown Source)
	at org.jsoup.helper.HttpConnection$Response.execute(HttpConnection.java:651)
	at org.jsoup.helper.HttpConnection$Response.execute(HttpConnection.java:628)
	at org.jsoup.helper.HttpConnection.execute(HttpConnection.java:260)
	at org.jsoup.helper.HttpConnection.post(HttpConnection.java:255)
	at com.util.HttpUtil.httpPost(HttpUtil.java:977)
	at com.game.component.GamePlayerComponent.refreshToken(GamePlayerComponent.java:227)
	at com.game.component.GamePlayerComponent.main(GamePlayerComponent.java:244)
2019-12-29 18:43:28,468|ERROR|main|
org.jsoup.HttpStatusException: HTTP error fetching URL
	at org.jsoup.helper.HttpConnection$Response.execute(HttpConnection.java:679)
	at org.jsoup.helper.HttpConnection$Response.execute(HttpConnection.java:628)
	at org.jsoup.helper.HttpConnection.execute(HttpConnection.java:260)
	at org.jsoup.helper.HttpConnection.post(HttpConnection.java:255)
	at com.util.HttpUtil.httpPost(HttpUtil.java:977)
	at com.game.component.GamePlayerComponent.refreshToken(GamePlayerComponent.java:227)
	at com.game.component.GamePlayerComponent.main(GamePlayerComponent.java:244)
2019-12-29 18:43:29,780|ERROR|main|HttpUtil:doPost
java.io.IOException: Server returned HTTP response code: 401 for URL: https://accounts.google.com/o/oauth2/token
	at sun.net.www.protocol.http.HttpURLConnection.getInputStream0(Unknown Source)
	at sun.net.www.protocol.http.HttpURLConnection.getInputStream(Unknown Source)
	at sun.net.www.protocol.https.HttpsURLConnectionImpl.getInputStream(Unknown Source)
	at com.util.HttpUtil.doPost(HttpUtil.java:494)
	at com.game.component.GamePlayerComponent.refreshToken(GamePlayerComponent.java:230)
	at com.game.component.GamePlayerComponent.main(GamePlayerComponent.java:244)
2019-12-29 18:46:10,626|ERROR|main|
org.jsoup.HttpStatusException: HTTP error fetching URL
	at org.jsoup.helper.HttpConnection$Response.execute(HttpConnection.java:679)
	at org.jsoup.helper.HttpConnection$Response.execute(HttpConnection.java:628)
	at org.jsoup.helper.HttpConnection.execute(HttpConnection.java:260)
	at org.jsoup.helper.HttpConnection.post(HttpConnection.java:255)
	at com.util.HttpUtil.httpPost(HttpUtil.java:977)
	at com.game.component.GamePlayerComponent.refreshToken(GamePlayerComponent.java:227)
	at com.game.component.GamePlayerComponent.main(GamePlayerComponent.java:244)
2019-12-29 18:46:11,919|ERROR|main|HttpUtil:doPost
java.io.IOException: Server returned HTTP response code: 401 for URL: https://accounts.google.com/o/oauth2/token
	at sun.net.www.protocol.http.HttpURLConnection.getInputStream0(Unknown Source)
	at sun.net.www.protocol.http.HttpURLConnection.getInputStream(Unknown Source)
	at sun.net.www.protocol.https.HttpsURLConnectionImpl.getInputStream(Unknown Source)
	at com.util.HttpUtil.doPost(HttpUtil.java:494)
	at com.game.component.GamePlayerComponent.refreshToken(GamePlayerComponent.java:230)
	at com.game.component.GamePlayerComponent.main(GamePlayerComponent.java:244)
2019-12-29 18:49:56,462|ERROR|main|HttpUtil:doPost
java.io.IOException: Server returned HTTP response code: 401 for URL: https://accounts.google.com/o/oauth2/token
	at sun.net.www.protocol.http.HttpURLConnection.getInputStream0(Unknown Source)
	at sun.net.www.protocol.http.HttpURLConnection.getInputStream(Unknown Source)
	at sun.net.www.protocol.https.HttpsURLConnectionImpl.getInputStream(Unknown Source)
	at com.util.HttpUtil.doPost(HttpUtil.java:499)
	at com.game.component.GamePlayerComponent.refreshToken(GamePlayerComponent.java:227)
	at com.game.component.GamePlayerComponent.main(GamePlayerComponent.java:241)
