2019-12-30 10:54:00,850|ERROR|main|Please input the global config path.default:../CommonLib/config/game.xml
2019-12-30 10:54:01,392|ERROR|main|Cannot find server property keep it default value.  -- log_save_interval = 300
2019-12-30 10:54:01,395|ERROR|main|Cannot find server property keep it default value.  -- monitor_job = */5 * * * * ?
2019-12-30 10:54:01,396|ERROR|main|Cannot find server property keep it default value.  -- job_ping_player = 10
2019-12-30 10:54:01,397|ERROR|main|Cannot find server property keep it default value.  -- game_update_slow = 30000
2019-12-30 10:54:01,397|ERROR|main|Cannot find server property keep it default value.  -- game_player_ping_interval = 5000
2019-12-30 10:54:01,397|ERROR|main|Cannot find server property keep it default value.  -- job_ping_fight = 5
2019-12-30 10:54:01,398|ERROR|main|Cannot find server property keep it default value.  -- job_save_player = 30
2019-12-30 10:54:01,398|ERROR|main|Cannot find server property keep it default value.  -- refresh_token = 1800
2019-12-30 10:54:01,398|ERROR|main|Cannot find server property keep it default value.  -- save_player_time = 300
2019-12-30 10:54:01,398|ERROR|main|Cannot find server property keep it default value.  -- job_corn_refresh = 1 0 0 * * ? *
2019-12-30 10:54:01,399|ERROR|main|Cannot find server property keep it default value.  -- job_rank_refresh = 0 0 4 * * ? *
2019-12-30 10:54:01,399|ERROR|main|Cannot find server property keep it default value.  -- ping_max_time = 300
2019-12-30 10:54:01,399|ERROR|main|Cannot find server property keep it default value.  -- room_max_count = 3000
2019-12-30 10:54:01,400|ERROR|main|Cannot find server property keep it default value.  -- sunday_refresh = 0 0 0 ? * 1 *
2019-12-30 10:54:01,400|ERROR|main|Cannot find server property keep it default value.  -- month_refresh = 0 0 0 1 * ? *
2019-12-30 10:54:01,401|ERROR|main|Cannot find server property keep it default value.  -- monitor_room_interval = 60
2019-12-30 10:54:01,401|ERROR|main|Cannot find server property keep it default value.  -- fight_player_ping_interval = 3
2019-12-30 10:54:01,401|ERROR|main|Cannot find server property keep it default value.  -- battle_game_time = 2400000
2019-12-30 10:54:01,401|ERROR|main|Cannot find server property keep it default value.  -- line_base_count = 5
2019-12-30 10:54:01,402|ERROR|main|Cannot find server property keep it default value.  -- base_success = 70
2019-12-30 10:54:01,402|ERROR|main|Cannot find server property keep it default value.  -- base_success_rate = 2
2019-12-30 10:54:01,402|ERROR|main|Cannot find server property keep it default value.  -- challengeUnlockCount = 200
2019-12-30 10:54:01,402|ERROR|main|Cannot find server property keep it default value.  -- unlockChallengeItemID = 102
2019-12-30 10:54:01,403|ERROR|main|Cannot find server property keep it default value.  -- unlockChallengeItemCount = 50
2019-12-30 10:54:02,056|ERROR|main|********************Robot Count:1000**************************
2019-12-30 10:54:02,995|ERROR|main|****** Component:[com.base.database.DBPoolComponent] has started successfully.******************
2019-12-30 10:54:02,995|ERROR|main|****** Component:[com.data.component.SystemDataComponent] has started successfully.******************
2019-12-30 10:54:02,996|ERROR|main|****** Component:[com.data.component.GamePropertiesComponent] has started successfully.******************
2019-12-30 10:54:02,996|ERROR|main|****** Component:[com.base.component.SimpleScheduleComponent] has started successfully.******************
2019-12-30 10:54:02,996|ERROR|main|****** Component:[com.logic.component.RobotComponent] has started successfully.******************
2019-12-30 10:54:02,996|ERROR|main|****** Component:[com.game.component.GamePlayerComponent] has started successfully.******************
2019-12-30 10:54:02,996|ERROR|main|****** Component:[com.logic.cmd.GameCommandComponent] has started successfully.******************
2019-12-30 10:54:02,996|ERROR|main|****** Component:[com.base.timer.QuartzComponent] has started successfully.******************
2019-12-30 10:54:02,996|ERROR|main|****** Component:[com.logic.component.RoomComponent] has started successfully.******************
2019-12-30 10:54:03,002|ERROR|main|****** Component:[com.logic.component.GameComponent] has started successfully.******************
2019-12-30 10:54:03,049|ERROR|main|****** Component:[com.game.component.GameJobComponent] has started successfully.******************
2019-12-30 10:54:03,049|ERROR|main|****** Component:[com.base.component.ScriptComponent] has started successfully.******************
2019-12-30 10:54:03,049|ERROR|main|****** Component:[com.game.component.RewardDropComponent] has started successfully.******************
2019-12-30 10:54:03,049|ERROR|main|****** Component:[com.game.component.UserCommandComponent] has started successfully.******************
2019-12-30 10:54:03,049|ERROR|main|****** Component:[com.game.component.RankComponent] has started successfully.******************
2019-12-30 10:54:03,334|ERROR|main|****** Component:[com.base.web.WebComponent] has started successfully.******************
2019-12-30 10:54:03,560|ERROR|main|****** Component:[com.game.component.GameServerNettyComponent] has started successfully.******************
2019-12-30 10:54:03,560|ERROR|main|****** All Component has started successfully.******************
2019-12-30 10:54:03,564|ERROR|main|游戏服启动成功, 耗时 2 秒.
2019-12-30 11:02:41,905|ERROR|nioEventLoopGroup-3-1|AbstractUserCmd:com.game.user.cmd.common.LoginCmd execute overtime. time:23
2019-12-30 11:02:42,075|ERROR|GamePlayer-Worker-1|AdRewardBean is Null.configID:0
2019-12-30 11:03:33,691|ERROR|nioEventLoopGroup-3-1|Disconnect Exit Room.null,UserID:10034
2019-12-30 11:04:01,014|ERROR|nioEventLoopGroup-3-2|Disconnect Exit Room.null,UserID:10034
2019-12-30 11:04:46,111|ERROR|nioEventLoopGroup-3-3|Disconnect Exit Room.null,UserID:10034
2019-12-30 11:07:45,215|ERROR|nioEventLoopGroup-3-4|Disconnect Exit Room.null,UserID:10034
2019-12-30 11:10:50,586|ERROR|nioEventLoopGroup-3-5|Disconnect Exit Room.null,UserID:10034
2019-12-30 11:11:49,626|ERROR|nioEventLoopGroup-3-6|Disconnect Exit Room.null,UserID:10034
2019-12-30 11:16:42,795|ERROR|nioEventLoopGroup-3-7|Disconnect Exit Room.null,UserID:10034
2019-12-30 11:20:39,886|ERROR|nioEventLoopGroup-3-8|Disconnect Exit Room.null,UserID:10034
2019-12-30 11:21:22,085|ERROR|nioEventLoopGroup-3-9|Disconnect Exit Room.null,UserID:10034
2019-12-30 11:23:10,785|ERROR|nioEventLoopGroup-3-10|Disconnect Exit Room.null,UserID:10034
2019-12-30 11:28:26,718|ERROR|nioEventLoopGroup-3-11|Disconnect Exit Room.null,UserID:10034
2019-12-30 11:29:13,642|ERROR|nioEventLoopGroup-3-12|Disconnect Exit Room.null,UserID:10034
2019-12-30 11:38:44,591|ERROR|nioEventLoopGroup-3-13|Disconnect Exit Room.null,UserID:10034
2019-12-30 11:38:52,676|ERROR|nioEventLoopGroup-3-1|Disconnect Exit Room.null,UserID:10034
2019-12-30 11:40:31,856|ERROR|nioEventLoopGroup-3-2|Disconnect Exit Room.null,UserID:10034
2019-12-30 11:42:20,373|ERROR|nioEventLoopGroup-3-3|Disconnect Exit Room.null,UserID:10034
2019-12-30 11:46:29,143|ERROR|nioEventLoopGroup-3-4|Disconnect Exit Room.null,UserID:10034
2019-12-30 11:48:34,905|ERROR|nioEventLoopGroup-3-5|Disconnect Exit Room.null,UserID:10034
2019-12-30 12:19:45,667|ERROR|nioEventLoopGroup-3-6|Disconnect Exit Room.null,UserID:10034
2019-12-30 12:20:19,119|ERROR|nioEventLoopGroup-3-7|Disconnect Exit Room.null,UserID:10034
2019-12-30 13:39:56,730|ERROR|nioEventLoopGroup-3-8|Disconnect Exit Room.null,UserID:10034
2019-12-30 13:44:56,292|ERROR|nioEventLoopGroup-3-9|Disconnect Exit Room.null,UserID:10034
2019-12-30 13:46:05,066|ERROR|nioEventLoopGroup-3-10|Disconnect Exit Room.null,UserID:10034
2019-12-30 13:49:17,225|ERROR|nioEventLoopGroup-3-11|Disconnect Exit Room.null,UserID:10034
2019-12-30 13:50:20,868|ERROR|nioEventLoopGroup-3-12|Disconnect Exit Room.null,UserID:10034
2019-12-30 13:50:47,933|ERROR|nioEventLoopGroup-3-13|Disconnect Exit Room.null,UserID:10034
2019-12-30 13:51:55,914|ERROR|nioEventLoopGroup-3-1|Disconnect Exit Room.null,UserID:10034
2019-12-30 13:52:49,861|ERROR|nioEventLoopGroup-3-2|Disconnect Exit Room.null,UserID:10034
2019-12-30 13:54:25,057|ERROR|nioEventLoopGroup-3-3|Disconnect Exit Room.null,UserID:10034
2019-12-30 13:59:00,244|ERROR|nioEventLoopGroup-3-4|Disconnect Exit Room.null,UserID:10034
2019-12-30 13:59:55,387|ERROR|nioEventLoopGroup-3-5|Disconnect Exit Room.null,UserID:10034
2019-12-30 14:00:19,505|ERROR|nioEventLoopGroup-3-6|Disconnect Exit Room.null,UserID:10034
2019-12-30 14:00:56,967|ERROR|nioEventLoopGroup-3-7|Disconnect Exit Room.null,UserID:10034
2019-12-30 14:02:33,182|ERROR|nioEventLoopGroup-3-8|Disconnect Exit Room.null,UserID:10034
2019-12-30 14:03:07,178|ERROR|nioEventLoopGroup-3-9|Disconnect Exit Room.null,UserID:10034
2019-12-30 14:07:14,350|ERROR|nioEventLoopGroup-3-10|Disconnect Exit Room.null,UserID:10034
2019-12-30 14:08:53,942|ERROR|nioEventLoopGroup-3-11|Disconnect Exit Room.null,UserID:10034
2019-12-30 14:38:51,574|ERROR|nioEventLoopGroup-3-12|Disconnect Exit Room.null,UserID:10034
2019-12-30 14:58:08,874|ERROR|nioEventLoopGroup-3-13|Disconnect Exit Room.null,UserID:10034
2019-12-30 14:58:18,709|ERROR|nioEventLoopGroup-3-1|Disconnect Exit Room.null,UserID:10034
2019-12-30 14:58:25,681|ERROR|nioEventLoopGroup-3-2|Disconnect Exit Room.null,UserID:10034
2019-12-30 15:01:38,157|ERROR|nioEventLoopGroup-3-3|Disconnect Exit Room.null,UserID:10034
2019-12-30 15:02:40,638|ERROR|nioEventLoopGroup-3-4|Disconnect Exit Room.null,UserID:10034
2019-12-30 15:09:14,014|ERROR|nioEventLoopGroup-3-5|Disconnect Exit Room.null,UserID:10034
2019-12-30 15:11:14,591|ERROR|nioEventLoopGroup-3-6|Disconnect Exit Room.null,UserID:10034
2019-12-30 15:11:27,378|ERROR|nioEventLoopGroup-3-7|Disconnect Exit Room.null,UserID:10034
2019-12-30 15:11:50,174|ERROR|nioEventLoopGroup-3-8|Disconnect Exit Room.null,UserID:10034
2019-12-30 15:15:32,892|ERROR|nioEventLoopGroup-3-9|Disconnect Exit Room.null,UserID:10034
2019-12-30 15:15:47,515|ERROR|nioEventLoopGroup-3-10|Disconnect Exit Room.null,UserID:10034
2019-12-30 15:16:00,665|ERROR|nioEventLoopGroup-3-11|Disconnect Exit Room.null,UserID:10034
2019-12-30 15:16:11,335|ERROR|nioEventLoopGroup-3-12|Disconnect Exit Room.null,UserID:10034
2019-12-30 15:17:48,947|ERROR|nioEventLoopGroup-3-13|Disconnect Exit Room.null,UserID:10034
2019-12-30 17:23:12,798|ERROR|main|Please input the global config path.default:../CommonLib/config/game.xml
2019-12-30 17:23:13,566|ERROR|main|Cannot find server property keep it default value.  -- log_save_interval = 300
2019-12-30 17:23:13,567|ERROR|main|Cannot find server property keep it default value.  -- monitor_job = */5 * * * * ?
2019-12-30 17:23:13,568|ERROR|main|Cannot find server property keep it default value.  -- job_ping_player = 10
2019-12-30 17:23:13,569|ERROR|main|Cannot find server property keep it default value.  -- game_update_slow = 30000
2019-12-30 17:23:13,569|ERROR|main|Cannot find server property keep it default value.  -- game_player_ping_interval = 5000
2019-12-30 17:23:13,570|ERROR|main|Cannot find server property keep it default value.  -- job_ping_fight = 5
2019-12-30 17:23:13,571|ERROR|main|Cannot find server property keep it default value.  -- job_save_player = 30
2019-12-30 17:23:13,571|ERROR|main|Cannot find server property keep it default value.  -- refresh_token = 1800
2019-12-30 17:23:13,572|ERROR|main|Cannot find server property keep it default value.  -- save_player_time = 300
2019-12-30 17:23:13,572|ERROR|main|Cannot find server property keep it default value.  -- job_corn_refresh = 1 0 0 * * ? *
2019-12-30 17:23:13,572|ERROR|main|Cannot find server property keep it default value.  -- job_rank_refresh = 0 0 4 * * ? *
2019-12-30 17:23:13,573|ERROR|main|Cannot find server property keep it default value.  -- ping_max_time = 300
2019-12-30 17:23:13,573|ERROR|main|Cannot find server property keep it default value.  -- room_max_count = 3000
2019-12-30 17:23:13,573|ERROR|main|Cannot find server property keep it default value.  -- sunday_refresh = 0 0 0 ? * 1 *
2019-12-30 17:23:13,574|ERROR|main|Cannot find server property keep it default value.  -- month_refresh = 0 0 0 1 * ? *
2019-12-30 17:23:13,575|ERROR|main|Cannot find server property keep it default value.  -- monitor_room_interval = 60
2019-12-30 17:23:13,576|ERROR|main|Cannot find server property keep it default value.  -- fight_player_ping_interval = 3
2019-12-30 17:23:13,576|ERROR|main|Cannot find server property keep it default value.  -- battle_game_time = 2400000
2019-12-30 17:23:13,576|ERROR|main|Cannot find server property keep it default value.  -- line_base_count = 5
2019-12-30 17:23:13,577|ERROR|main|Cannot find server property keep it default value.  -- base_success = 70
2019-12-30 17:23:13,577|ERROR|main|Cannot find server property keep it default value.  -- base_success_rate = 2
2019-12-30 17:23:13,577|ERROR|main|Cannot find server property keep it default value.  -- challengeUnlockCount = 200
2019-12-30 17:23:13,578|ERROR|main|Cannot find server property keep it default value.  -- unlockChallengeItemID = 102
2019-12-30 17:23:13,578|ERROR|main|Cannot find server property keep it default value.  -- unlockChallengeItemCount = 50
2019-12-30 17:23:14,337|ERROR|main|********************Robot Count:1000**************************
2019-12-30 17:23:15,580|ERROR|main|****** Component:[com.base.database.DBPoolComponent] has started successfully.******************
2019-12-30 17:23:15,580|ERROR|main|****** Component:[com.data.component.SystemDataComponent] has started successfully.******************
2019-12-30 17:23:15,580|ERROR|main|****** Component:[com.data.component.GamePropertiesComponent] has started successfully.******************
2019-12-30 17:23:15,580|ERROR|main|****** Component:[com.base.component.SimpleScheduleComponent] has started successfully.******************
2019-12-30 17:23:15,580|ERROR|main|****** Component:[com.logic.component.RobotComponent] has started successfully.******************
2019-12-30 17:23:15,580|ERROR|main|****** Component:[com.game.component.GamePlayerComponent] has started successfully.******************
2019-12-30 17:23:15,580|ERROR|main|****** Component:[com.logic.cmd.GameCommandComponent] has started successfully.******************
2019-12-30 17:23:15,581|ERROR|main|****** Component:[com.base.timer.QuartzComponent] has started successfully.******************
2019-12-30 17:23:15,581|ERROR|main|****** Component:[com.logic.component.RoomComponent] has started successfully.******************
2019-12-30 17:23:15,586|ERROR|main|****** Component:[com.logic.component.GameComponent] has started successfully.******************
2019-12-30 17:23:15,632|ERROR|main|****** Component:[com.game.component.GameJobComponent] has started successfully.******************
2019-12-30 17:23:15,632|ERROR|main|****** Component:[com.base.component.ScriptComponent] has started successfully.******************
2019-12-30 17:23:15,632|ERROR|main|****** Component:[com.game.component.RewardDropComponent] has started successfully.******************
2019-12-30 17:23:15,632|ERROR|main|****** Component:[com.game.component.UserCommandComponent] has started successfully.******************
2019-12-30 17:23:15,632|ERROR|main|****** Component:[com.game.component.RankComponent] has started successfully.******************
2019-12-30 17:23:15,976|ERROR|main|****** Component:[com.base.web.WebComponent] has started successfully.******************
2019-12-30 17:23:16,257|ERROR|main|****** Component:[com.game.component.GameServerNettyComponent] has started successfully.******************
2019-12-30 17:23:16,257|ERROR|main|****** All Component has started successfully.******************
2019-12-30 17:23:16,258|ERROR|main|游戏服启动成功, 耗时 3 秒.
2019-12-30 17:29:31,138|ERROR|GamePlayer-Worker-1|AdRewardBean is Null.configID:0
2019-12-30 17:32:02,505|ERROR|GamePlayer-Worker-5|Exit Room.1,UserID:10035
2019-12-30 17:33:46,484|ERROR|nioEventLoopGroup-3-2|Disconnect Exit Room.null,UserID:10034
2019-12-30 17:40:13,758|ERROR|main|Please input the global config path.default:../CommonLib/config/game.xml
2019-12-30 17:40:14,458|ERROR|main|Cannot find server property keep it default value.  -- log_save_interval = 300
2019-12-30 17:40:14,459|ERROR|main|Cannot find server property keep it default value.  -- monitor_job = */5 * * * * ?
2019-12-30 17:40:14,460|ERROR|main|Cannot find server property keep it default value.  -- job_ping_player = 10
2019-12-30 17:40:14,460|ERROR|main|Cannot find server property keep it default value.  -- game_update_slow = 30000
2019-12-30 17:40:14,461|ERROR|main|Cannot find server property keep it default value.  -- game_player_ping_interval = 5000
2019-12-30 17:40:14,461|ERROR|main|Cannot find server property keep it default value.  -- job_ping_fight = 5
2019-12-30 17:40:14,461|ERROR|main|Cannot find server property keep it default value.  -- job_save_player = 30
2019-12-30 17:40:14,462|ERROR|main|Cannot find server property keep it default value.  -- refresh_token = 1800
2019-12-30 17:40:14,462|ERROR|main|Cannot find server property keep it default value.  -- save_player_time = 300
2019-12-30 17:40:14,462|ERROR|main|Cannot find server property keep it default value.  -- job_corn_refresh = 1 0 0 * * ? *
2019-12-30 17:40:14,463|ERROR|main|Cannot find server property keep it default value.  -- job_rank_refresh = 0 0 4 * * ? *
2019-12-30 17:40:14,463|ERROR|main|Cannot find server property keep it default value.  -- ping_max_time = 300
2019-12-30 17:40:14,463|ERROR|main|Cannot find server property keep it default value.  -- room_max_count = 3000
2019-12-30 17:40:14,463|ERROR|main|Cannot find server property keep it default value.  -- sunday_refresh = 0 0 0 ? * 1 *
2019-12-30 17:40:14,464|ERROR|main|Cannot find server property keep it default value.  -- month_refresh = 0 0 0 1 * ? *
2019-12-30 17:40:14,465|ERROR|main|Cannot find server property keep it default value.  -- monitor_room_interval = 60
2019-12-30 17:40:14,466|ERROR|main|Cannot find server property keep it default value.  -- fight_player_ping_interval = 3
2019-12-30 17:40:14,467|ERROR|main|Cannot find server property keep it default value.  -- battle_game_time = 2400000
2019-12-30 17:40:14,468|ERROR|main|Cannot find server property keep it default value.  -- line_base_count = 5
2019-12-30 17:40:14,469|ERROR|main|Cannot find server property keep it default value.  -- base_success = 70
2019-12-30 17:40:14,470|ERROR|main|Cannot find server property keep it default value.  -- base_success_rate = 2
2019-12-30 17:40:14,471|ERROR|main|Cannot find server property keep it default value.  -- challengeUnlockCount = 200
2019-12-30 17:40:14,471|ERROR|main|Cannot find server property keep it default value.  -- unlockChallengeItemID = 102
2019-12-30 17:40:14,472|ERROR|main|Cannot find server property keep it default value.  -- unlockChallengeItemCount = 50
2019-12-30 17:40:15,199|ERROR|main|********************Robot Count:1000**************************
2019-12-30 17:40:16,320|ERROR|main|****** Component:[com.base.database.DBPoolComponent] has started successfully.******************
2019-12-30 17:40:16,321|ERROR|main|****** Component:[com.data.component.SystemDataComponent] has started successfully.******************
2019-12-30 17:40:16,321|ERROR|main|****** Component:[com.data.component.GamePropertiesComponent] has started successfully.******************
2019-12-30 17:40:16,321|ERROR|main|****** Component:[com.base.component.SimpleScheduleComponent] has started successfully.******************
2019-12-30 17:40:16,321|ERROR|main|****** Component:[com.logic.component.RobotComponent] has started successfully.******************
2019-12-30 17:40:16,321|ERROR|main|****** Component:[com.game.component.GamePlayerComponent] has started successfully.******************
2019-12-30 17:40:16,321|ERROR|main|****** Component:[com.logic.cmd.GameCommandComponent] has started successfully.******************
2019-12-30 17:40:16,321|ERROR|main|****** Component:[com.base.timer.QuartzComponent] has started successfully.******************
2019-12-30 17:40:16,321|ERROR|main|****** Component:[com.logic.component.RoomComponent] has started successfully.******************
2019-12-30 17:40:16,325|ERROR|main|****** Component:[com.logic.component.GameComponent] has started successfully.******************
2019-12-30 17:40:16,360|ERROR|main|****** Component:[com.game.component.GameJobComponent] has started successfully.******************
2019-12-30 17:40:16,360|ERROR|main|****** Component:[com.base.component.ScriptComponent] has started successfully.******************
2019-12-30 17:40:16,360|ERROR|main|****** Component:[com.game.component.RewardDropComponent] has started successfully.******************
2019-12-30 17:40:16,360|ERROR|main|****** Component:[com.game.component.UserCommandComponent] has started successfully.******************
2019-12-30 17:40:16,360|ERROR|main|****** Component:[com.game.component.RankComponent] has started successfully.******************
2019-12-30 17:40:16,721|ERROR|main|****** Component:[com.base.web.WebComponent] has started successfully.******************
2019-12-30 17:40:16,940|ERROR|main|****** Component:[com.game.component.GameServerNettyComponent] has started successfully.******************
2019-12-30 17:40:16,942|ERROR|main|****** All Component has started successfully.******************
2019-12-30 17:40:16,943|ERROR|main|游戏服启动成功, 耗时 3 秒.
2019-12-30 17:43:19,539|ERROR|GamePlayer-Worker-1|Exit Room.1,UserID:10035
2019-12-30 17:45:18,863|ERROR|nioEventLoopGroup-3-1|Disconnect Exit Room.null,UserID:10034
2019-12-30 17:46:04,968|ERROR|nioEventLoopGroup-3-2|Disconnect Exit Room.null,UserID:10035
2019-12-30 17:49:23,035|ERROR|GamePlayer-Worker-5|Exit Room.1,UserID:10035
2019-12-30 17:53:48,128|ERROR|main|Please input the global config path.default:../CommonLib/config/game.xml
2019-12-30 17:53:48,790|ERROR|main|Cannot find server property keep it default value.  -- log_save_interval = 300
2019-12-30 17:53:48,791|ERROR|main|Cannot find server property keep it default value.  -- monitor_job = */5 * * * * ?
2019-12-30 17:53:48,792|ERROR|main|Cannot find server property keep it default value.  -- job_ping_player = 10
2019-12-30 17:53:48,793|ERROR|main|Cannot find server property keep it default value.  -- game_update_slow = 30000
2019-12-30 17:53:48,793|ERROR|main|Cannot find server property keep it default value.  -- game_player_ping_interval = 5000
2019-12-30 17:53:48,794|ERROR|main|Cannot find server property keep it default value.  -- job_ping_fight = 5
2019-12-30 17:53:48,796|ERROR|main|Cannot find server property keep it default value.  -- job_save_player = 30
2019-12-30 17:53:48,797|ERROR|main|Cannot find server property keep it default value.  -- refresh_token = 1800
2019-12-30 17:53:48,797|ERROR|main|Cannot find server property keep it default value.  -- save_player_time = 300
2019-12-30 17:53:48,797|ERROR|main|Cannot find server property keep it default value.  -- job_corn_refresh = 1 0 0 * * ? *
2019-12-30 17:53:48,798|ERROR|main|Cannot find server property keep it default value.  -- job_rank_refresh = 0 0 4 * * ? *
2019-12-30 17:53:48,798|ERROR|main|Cannot find server property keep it default value.  -- ping_max_time = 300
2019-12-30 17:53:48,799|ERROR|main|Cannot find server property keep it default value.  -- room_max_count = 3000
2019-12-30 17:53:48,799|ERROR|main|Cannot find server property keep it default value.  -- sunday_refresh = 0 0 0 ? * 1 *
2019-12-30 17:53:48,800|ERROR|main|Cannot find server property keep it default value.  -- month_refresh = 0 0 0 1 * ? *
2019-12-30 17:53:48,801|ERROR|main|Cannot find server property keep it default value.  -- monitor_room_interval = 60
2019-12-30 17:53:48,801|ERROR|main|Cannot find server property keep it default value.  -- fight_player_ping_interval = 3
2019-12-30 17:53:48,801|ERROR|main|Cannot find server property keep it default value.  -- battle_game_time = 2400000
2019-12-30 17:53:48,802|ERROR|main|Cannot find server property keep it default value.  -- line_base_count = 5
2019-12-30 17:53:48,802|ERROR|main|Cannot find server property keep it default value.  -- base_success = 70
2019-12-30 17:53:48,802|ERROR|main|Cannot find server property keep it default value.  -- base_success_rate = 2
2019-12-30 17:53:48,802|ERROR|main|Cannot find server property keep it default value.  -- challengeUnlockCount = 200
2019-12-30 17:53:48,802|ERROR|main|Cannot find server property keep it default value.  -- unlockChallengeItemID = 102
2019-12-30 17:53:48,803|ERROR|main|Cannot find server property keep it default value.  -- unlockChallengeItemCount = 50
2019-12-30 17:53:49,519|ERROR|main|********************Robot Count:1000**************************
2019-12-30 17:53:50,521|ERROR|main|****** Component:[com.base.database.DBPoolComponent] has started successfully.******************
2019-12-30 17:53:50,521|ERROR|main|****** Component:[com.data.component.SystemDataComponent] has started successfully.******************
2019-12-30 17:53:50,521|ERROR|main|****** Component:[com.data.component.GamePropertiesComponent] has started successfully.******************
2019-12-30 17:53:50,522|ERROR|main|****** Component:[com.base.component.SimpleScheduleComponent] has started successfully.******************
2019-12-30 17:53:50,522|ERROR|main|****** Component:[com.logic.component.RobotComponent] has started successfully.******************
2019-12-30 17:53:50,522|ERROR|main|****** Component:[com.game.component.GamePlayerComponent] has started successfully.******************
2019-12-30 17:53:50,522|ERROR|main|****** Component:[com.logic.cmd.GameCommandComponent] has started successfully.******************
2019-12-30 17:53:50,522|ERROR|main|****** Component:[com.base.timer.QuartzComponent] has started successfully.******************
2019-12-30 17:53:50,522|ERROR|main|****** Component:[com.logic.component.RoomComponent] has started successfully.******************
2019-12-30 17:53:50,528|ERROR|main|****** Component:[com.logic.component.GameComponent] has started successfully.******************
2019-12-30 17:53:50,559|ERROR|main|****** Component:[com.game.component.GameJobComponent] has started successfully.******************
2019-12-30 17:53:50,559|ERROR|main|****** Component:[com.base.component.ScriptComponent] has started successfully.******************
2019-12-30 17:53:50,560|ERROR|main|****** Component:[com.game.component.RewardDropComponent] has started successfully.******************
2019-12-30 17:53:50,560|ERROR|main|****** Component:[com.game.component.UserCommandComponent] has started successfully.******************
2019-12-30 17:53:50,560|ERROR|main|****** Component:[com.game.component.RankComponent] has started successfully.******************
2019-12-30 17:53:50,942|ERROR|main|****** Component:[com.base.web.WebComponent] has started successfully.******************
2019-12-30 17:53:51,155|ERROR|main|****** Component:[com.game.component.GameServerNettyComponent] has started successfully.******************
2019-12-30 17:53:51,157|ERROR|main|****** All Component has started successfully.******************
2019-12-30 17:53:51,158|ERROR|main|游戏服启动成功, 耗时 3 秒.
2019-12-30 17:58:16,633|ERROR|GamePlayer-Worker-11|Exit Room.1,UserID:10035
2019-12-30 17:58:34,346|ERROR|nioEventLoopGroup-3-1|Disconnect Exit Room.null,UserID:10034
2019-12-30 17:58:50,286|ERROR|nioEventLoopGroup-3-2|Disconnect Exit Room.null,UserID:10035
2019-12-30 17:59:17,837|ERROR|nioEventLoopGroup-3-3|Disconnect Exit Room.null,UserID:10034
2019-12-30 18:00:33,005|ERROR|GamePlayer-Worker-1|Exit Room.1,UserID:10035
2019-12-30 18:01:09,003|ERROR|nioEventLoopGroup-3-5|Disconnect Exit Room.null,UserID:10034
2019-12-30 18:03:47,518|ERROR|GamePlayer-Worker-3|Exit Room.1,UserID:10035
2019-12-30 18:11:12,150|ERROR|nioEventLoopGroup-3-6|Disconnect Exit Room.null,UserID:10034
2019-12-30 18:12:53,315|ERROR|GamePlayer-Worker-9|Exit Room.1,UserID:10035
2019-12-30 18:18:03,373|ERROR|nioEventLoopGroup-3-7|Disconnect Exit Room.null,UserID:10034
2019-12-30 18:19:17,845|ERROR|GamePlayer-Worker-10|Exit Room.1,UserID:10035
2019-12-30 18:19:22,062|ERROR|nioEventLoopGroup-3-8|Disconnect Exit Room.null,UserID:10034
2019-12-30 18:19:42,966|ERROR|nioEventLoopGroup-3-9|Disconnect Exit Room.null,UserID:10034
2019-12-30 18:20:55,465|ERROR|nioEventLoopGroup-3-4|Disconnect Exit Room.null,UserID:10035
2019-12-30 18:29:35,796|ERROR|nioEventLoopGroup-3-10|Disconnect Exit Room.null,UserID:10034
2019-12-30 18:31:22,061|ERROR|nioEventLoopGroup-3-11|Disconnect Exit Room.null,UserID:10035
2019-12-30 18:32:03,955|ERROR|nioEventLoopGroup-3-12|Disconnect Exit Room.null,UserID:10034
