2019-10-08 10:34:39,663|ERROR|main|Please input the global config path.default:../CommonLib/config/game.xml
2019-10-08 10:34:40,272|ERROR|main|Cannot find server property keep it default value.  -- log_save_interval = 300
2019-10-08 10:34:40,276|ERROR|main|Cannot find server property keep it default value.  -- monitor_job = */5 * * * * ?
2019-10-08 10:34:40,277|ERROR|main|Cannot find server property keep it default value.  -- job_ping_player = 10
2019-10-08 10:34:40,279|ERROR|main|Cannot find server property keep it default value.  -- game_update_slow = 30000
2019-10-08 10:34:40,279|ERROR|main|Cannot find server property keep it default value.  -- game_player_ping_interval = 5000
2019-10-08 10:34:40,280|ERROR|main|Cannot find server property keep it default value.  -- job_ping_fight = 5
2019-10-08 10:34:40,280|ERROR|main|Cannot find server property keep it default value.  -- job_save_player = 30
2019-10-08 10:34:40,280|ERROR|main|Cannot find server property keep it default value.  -- save_player_time = 300
2019-10-08 10:34:40,281|ERROR|main|Cannot find server property keep it default value.  -- job_corn_refresh = 1 0 0 * * ? *
2019-10-08 10:34:40,282|ERROR|main|Cannot find server property keep it default value.  -- job_rank_refresh = 0 0 4 * * ? *
2019-10-08 10:34:40,282|ERROR|main|Cannot find server property keep it default value.  -- ping_max_time = 120
2019-10-08 10:34:40,282|ERROR|main|Cannot find server property keep it default value.  -- room_max_count = 3000
2019-10-08 10:34:40,282|ERROR|main|Cannot find server property keep it default value.  -- sunday_refresh = 0 0 3 ? * 1
2019-10-08 10:34:40,283|ERROR|main|Cannot find server property keep it default value.  -- monitor_room_interval = 60
2019-10-08 10:34:40,283|ERROR|main|Cannot find server property keep it default value.  -- fight_player_ping_interval = 3
2019-10-08 10:34:40,284|ERROR|main|Cannot find server property keep it default value.  -- battle_game_time = 2400000
2019-10-08 10:34:40,284|ERROR|main|Cannot find server property keep it default value.  -- win_diamond = 10
2019-10-08 10:34:40,285|ERROR|main|Cannot find server property keep it default value.  -- base_success = 70
2019-10-08 10:34:40,285|ERROR|main|Cannot find server property keep it default value.  -- base_success_rate = 2
2019-10-08 10:34:40,285|ERROR|main|Cannot find server property keep it default value.  -- challengeUnlockCount = 200
2019-10-08 10:34:40,285|ERROR|main|Cannot find server property keep it default value.  -- unlockChallengeItemID = 102
2019-10-08 10:34:40,286|ERROR|main|Cannot find server property keep it default value.  -- unlockChallengeItemCount = 50
2019-10-08 10:34:44,457|ERROR|main|********************Robot Count:1000**************************
2019-10-08 10:34:45,522|ERROR|main|****** Component:[com.base.database.DBPoolComponent] has started successfully.******************
2019-10-08 10:34:45,523|ERROR|main|****** Component:[com.data.component.SystemDataComponent] has started successfully.******************
2019-10-08 10:34:45,523|ERROR|main|****** Component:[com.data.component.GamePropertiesComponent] has started successfully.******************
2019-10-08 10:34:45,524|ERROR|main|****** Component:[com.base.component.SimpleScheduleComponent] has started successfully.******************
2019-10-08 10:34:45,524|ERROR|main|****** Component:[com.logic.component.RobotComponent] has started successfully.******************
2019-10-08 10:34:45,524|ERROR|main|****** Component:[com.game.component.GamePlayerComponent] has started successfully.******************
2019-10-08 10:34:45,524|ERROR|main|****** Component:[com.logic.cmd.GameCommandComponent] has started successfully.******************
2019-10-08 10:34:45,524|ERROR|main|****** Component:[com.base.timer.QuartzComponent] has started successfully.******************
2019-10-08 10:34:45,525|ERROR|main|****** Component:[com.logic.component.RoomComponent] has started successfully.******************
2019-10-08 10:34:45,529|ERROR|main|****** Component:[com.logic.component.GameComponent] has started successfully.******************
2019-10-08 10:34:45,573|ERROR|main|****** Component:[com.game.component.GameJobComponent] has started successfully.******************
2019-10-08 10:34:45,574|ERROR|main|****** Component:[com.base.component.ScriptComponent] has started successfully.******************
2019-10-08 10:34:45,576|ERROR|main|****** Component:[com.game.component.RewardDropComponent] has started successfully.******************
2019-10-08 10:34:45,576|ERROR|main|****** Component:[com.game.component.UserCommandComponent] has started successfully.******************
2019-10-08 10:34:45,935|ERROR|main|****** Component:[com.base.web.WebComponent] has started successfully.******************
2019-10-08 10:34:46,107|ERROR|main|****** Component:[com.game.component.GameServerNettyComponent] has started successfully.******************
2019-10-08 10:34:46,108|ERROR|main|****** All Component has started successfully.******************
2019-10-08 10:34:46,110|ERROR|main|游戏服启动成功, 耗时 6 秒.
2019-10-08 10:41:25,449|ERROR|main|Please input the global config path.default:../CommonLib/config/game.xml
2019-10-08 10:41:25,995|ERROR|main|Cannot find server property keep it default value.  -- log_save_interval = 300
2019-10-08 10:41:25,996|ERROR|main|Cannot find server property keep it default value.  -- monitor_job = */5 * * * * ?
2019-10-08 10:41:25,997|ERROR|main|Cannot find server property keep it default value.  -- job_ping_player = 10
2019-10-08 10:41:25,997|ERROR|main|Cannot find server property keep it default value.  -- game_update_slow = 30000
2019-10-08 10:41:25,998|ERROR|main|Cannot find server property keep it default value.  -- game_player_ping_interval = 5000
2019-10-08 10:41:25,998|ERROR|main|Cannot find server property keep it default value.  -- job_ping_fight = 5
2019-10-08 10:41:25,999|ERROR|main|Cannot find server property keep it default value.  -- job_save_player = 30
2019-10-08 10:41:26,000|ERROR|main|Cannot find server property keep it default value.  -- save_player_time = 300
2019-10-08 10:41:26,000|ERROR|main|Cannot find server property keep it default value.  -- job_corn_refresh = 1 0 0 * * ? *
2019-10-08 10:41:26,001|ERROR|main|Cannot find server property keep it default value.  -- job_rank_refresh = 0 0 4 * * ? *
2019-10-08 10:41:26,002|ERROR|main|Cannot find server property keep it default value.  -- ping_max_time = 120
2019-10-08 10:41:26,003|ERROR|main|Cannot find server property keep it default value.  -- room_max_count = 3000
2019-10-08 10:41:26,003|ERROR|main|Cannot find server property keep it default value.  -- sunday_refresh = 0 0 3 ? * 1
2019-10-08 10:41:26,003|ERROR|main|Cannot find server property keep it default value.  -- monitor_room_interval = 60
2019-10-08 10:41:26,004|ERROR|main|Cannot find server property keep it default value.  -- fight_player_ping_interval = 3
2019-10-08 10:41:26,005|ERROR|main|Cannot find server property keep it default value.  -- battle_game_time = 2400000
2019-10-08 10:41:26,005|ERROR|main|Cannot find server property keep it default value.  -- win_diamond = 10
2019-10-08 10:41:26,005|ERROR|main|Cannot find server property keep it default value.  -- base_success = 70
2019-10-08 10:41:26,006|ERROR|main|Cannot find server property keep it default value.  -- base_success_rate = 2
2019-10-08 10:41:26,006|ERROR|main|Cannot find server property keep it default value.  -- challengeUnlockCount = 200
2019-10-08 10:41:26,006|ERROR|main|Cannot find server property keep it default value.  -- unlockChallengeItemID = 102
2019-10-08 10:41:26,006|ERROR|main|Cannot find server property keep it default value.  -- unlockChallengeItemCount = 50
2019-10-08 10:41:26,599|ERROR|main|********************Robot Count:1000**************************
2019-10-08 10:41:27,451|ERROR|main|****** Component:[com.base.database.DBPoolComponent] has started successfully.******************
2019-10-08 10:41:27,452|ERROR|main|****** Component:[com.data.component.SystemDataComponent] has started successfully.******************
2019-10-08 10:41:27,452|ERROR|main|****** Component:[com.data.component.GamePropertiesComponent] has started successfully.******************
2019-10-08 10:41:27,452|ERROR|main|****** Component:[com.base.component.SimpleScheduleComponent] has started successfully.******************
2019-10-08 10:41:27,452|ERROR|main|****** Component:[com.logic.component.RobotComponent] has started successfully.******************
2019-10-08 10:41:27,452|ERROR|main|****** Component:[com.game.component.GamePlayerComponent] has started successfully.******************
2019-10-08 10:41:27,452|ERROR|main|****** Component:[com.logic.cmd.GameCommandComponent] has started successfully.******************
2019-10-08 10:41:27,452|ERROR|main|****** Component:[com.base.timer.QuartzComponent] has started successfully.******************
2019-10-08 10:41:27,452|ERROR|main|****** Component:[com.logic.component.RoomComponent] has started successfully.******************
2019-10-08 10:41:27,462|ERROR|main|****** Component:[com.logic.component.GameComponent] has started successfully.******************
2019-10-08 10:41:27,508|ERROR|main|****** Component:[com.game.component.GameJobComponent] has started successfully.******************
2019-10-08 10:41:27,508|ERROR|main|****** Component:[com.base.component.ScriptComponent] has started successfully.******************
2019-10-08 10:41:27,508|ERROR|main|****** Component:[com.game.component.RewardDropComponent] has started successfully.******************
2019-10-08 10:41:27,508|ERROR|main|****** Component:[com.game.component.UserCommandComponent] has started successfully.******************
2019-10-08 10:41:27,778|ERROR|main|****** Component:[com.base.web.WebComponent] has started successfully.******************
2019-10-08 10:41:27,929|ERROR|main|****** Component:[com.game.component.GameServerNettyComponent] has started successfully.******************
2019-10-08 10:41:27,929|ERROR|main|****** All Component has started successfully.******************
2019-10-08 10:41:27,930|ERROR|main|游戏服启动成功, 耗时 2 秒.
2019-10-08 13:45:36,925|ERROR|main|Please input the global config path.default:../CommonLib/config/game.xml
2019-10-08 13:45:37,597|ERROR|main|Cannot find server property keep it default value.  -- log_save_interval = 300
2019-10-08 13:45:37,599|ERROR|main|Cannot find server property keep it default value.  -- monitor_job = */5 * * * * ?
2019-10-08 13:45:37,600|ERROR|main|Cannot find server property keep it default value.  -- job_ping_player = 10
2019-10-08 13:45:37,602|ERROR|main|Cannot find server property keep it default value.  -- game_update_slow = 30000
2019-10-08 13:45:37,603|ERROR|main|Cannot find server property keep it default value.  -- game_player_ping_interval = 5000
2019-10-08 13:45:37,604|ERROR|main|Cannot find server property keep it default value.  -- job_ping_fight = 5
2019-10-08 13:45:37,604|ERROR|main|Cannot find server property keep it default value.  -- job_save_player = 30
2019-10-08 13:45:37,604|ERROR|main|Cannot find server property keep it default value.  -- save_player_time = 300
2019-10-08 13:45:37,605|ERROR|main|Cannot find server property keep it default value.  -- job_corn_refresh = 1 0 0 * * ? *
2019-10-08 13:45:37,605|ERROR|main|Cannot find server property keep it default value.  -- job_rank_refresh = 0 0 4 * * ? *
2019-10-08 13:45:37,605|ERROR|main|Cannot find server property keep it default value.  -- ping_max_time = 120
2019-10-08 13:45:37,607|ERROR|main|Cannot find server property keep it default value.  -- room_max_count = 3000
2019-10-08 13:45:37,607|ERROR|main|Cannot find server property keep it default value.  -- sunday_refresh = 0 0 3 ? * 1
2019-10-08 13:45:37,607|ERROR|main|Cannot find server property keep it default value.  -- monitor_room_interval = 60
2019-10-08 13:45:37,608|ERROR|main|Cannot find server property keep it default value.  -- fight_player_ping_interval = 3
2019-10-08 13:45:37,609|ERROR|main|Cannot find server property keep it default value.  -- battle_game_time = 2400000
2019-10-08 13:45:37,609|ERROR|main|Cannot find server property keep it default value.  -- win_diamond = 10
2019-10-08 13:45:37,609|ERROR|main|Cannot find server property keep it default value.  -- base_success = 70
2019-10-08 13:45:37,610|ERROR|main|Cannot find server property keep it default value.  -- base_success_rate = 2
2019-10-08 13:45:37,610|ERROR|main|Cannot find server property keep it default value.  -- challengeUnlockCount = 200
2019-10-08 13:45:37,610|ERROR|main|Cannot find server property keep it default value.  -- unlockChallengeItemID = 102
2019-10-08 13:45:37,611|ERROR|main|Cannot find server property keep it default value.  -- unlockChallengeItemCount = 50
2019-10-08 13:45:38,255|ERROR|main|********************Robot Count:1000**************************
2019-10-08 13:45:39,291|ERROR|main|****** Component:[com.base.database.DBPoolComponent] has started successfully.******************
2019-10-08 13:45:39,292|ERROR|main|****** Component:[com.data.component.SystemDataComponent] has started successfully.******************
2019-10-08 13:45:39,292|ERROR|main|****** Component:[com.data.component.GamePropertiesComponent] has started successfully.******************
2019-10-08 13:45:39,292|ERROR|main|****** Component:[com.base.component.SimpleScheduleComponent] has started successfully.******************
2019-10-08 13:45:39,292|ERROR|main|****** Component:[com.logic.component.RobotComponent] has started successfully.******************
2019-10-08 13:45:39,292|ERROR|main|****** Component:[com.game.component.GamePlayerComponent] has started successfully.******************
2019-10-08 13:45:39,292|ERROR|main|****** Component:[com.logic.cmd.GameCommandComponent] has started successfully.******************
2019-10-08 13:45:39,292|ERROR|main|****** Component:[com.base.timer.QuartzComponent] has started successfully.******************
2019-10-08 13:45:39,292|ERROR|main|****** Component:[com.logic.component.RoomComponent] has started successfully.******************
2019-10-08 13:45:39,298|ERROR|main|****** Component:[com.logic.component.GameComponent] has started successfully.******************
2019-10-08 13:45:39,358|ERROR|main|****** Component:[com.game.component.GameJobComponent] has started successfully.******************
2019-10-08 13:45:39,359|ERROR|main|****** Component:[com.base.component.ScriptComponent] has started successfully.******************
2019-10-08 13:45:39,359|ERROR|main|****** Component:[com.game.component.RewardDropComponent] has started successfully.******************
2019-10-08 13:45:39,359|ERROR|main|****** Component:[com.game.component.UserCommandComponent] has started successfully.******************
2019-10-08 13:45:39,640|ERROR|main|****** Component:[com.base.web.WebComponent] has started successfully.******************
2019-10-08 13:45:39,803|ERROR|main|****** Component:[com.game.component.GameServerNettyComponent] has started successfully.******************
2019-10-08 13:45:39,803|ERROR|main|****** All Component has started successfully.******************
2019-10-08 13:45:39,803|ERROR|main|游戏服启动成功, 耗时 2 秒.
