2019-12-06 16:04:51,325|ERROR|main|Please input the global config path.default:../CommonLib/config/game.xml
2019-12-06 16:04:51,994|ERROR|main|Cannot find server property keep it default value.  -- log_save_interval = 300
2019-12-06 16:04:51,997|ERROR|main|Cannot find server property keep it default value.  -- monitor_job = */5 * * * * ?
2019-12-06 16:04:51,997|ERROR|main|Cannot find server property keep it default value.  -- job_ping_player = 10
2019-12-06 16:04:51,998|ERROR|main|Cannot find server property keep it default value.  -- game_update_slow = 30000
2019-12-06 16:04:51,998|ERROR|main|Cannot find server property keep it default value.  -- game_player_ping_interval = 5000
2019-12-06 16:04:51,998|ERROR|main|Cannot find server property keep it default value.  -- job_ping_fight = 5
2019-12-06 16:04:51,999|ERROR|main|Cannot find server property keep it default value.  -- job_save_player = 30
2019-12-06 16:04:51,999|ERROR|main|Cannot find server property keep it default value.  -- save_player_time = 300
2019-12-06 16:04:51,999|ERROR|main|Cannot find server property keep it default value.  -- job_corn_refresh = 1 0 0 * * ? *
2019-12-06 16:04:52,000|ERROR|main|Cannot find server property keep it default value.  -- job_rank_refresh = 0 0 4 * * ? *
2019-12-06 16:04:52,000|ERROR|main|Cannot find server property keep it default value.  -- ping_max_time = 120
2019-12-06 16:04:52,000|ERROR|main|Cannot find server property keep it default value.  -- room_max_count = 3000
2019-12-06 16:04:52,000|ERROR|main|Cannot find server property keep it default value.  -- sunday_refresh = 0 0 0 ? * 1 *
2019-12-06 16:04:52,001|ERROR|main|Cannot find server property keep it default value.  -- month_refresh = 0 0 0 1 * ? *
2019-12-06 16:04:52,001|ERROR|main|Cannot find server property keep it default value.  -- monitor_room_interval = 60
2019-12-06 16:04:52,002|ERROR|main|Cannot find server property keep it default value.  -- fight_player_ping_interval = 3
2019-12-06 16:04:52,002|ERROR|main|Cannot find server property keep it default value.  -- battle_game_time = 2400000
2019-12-06 16:04:52,002|ERROR|main|Cannot find server property keep it default value.  -- win_diamond = 10
2019-12-06 16:04:52,003|ERROR|main|Cannot find server property keep it default value.  -- base_success = 70
2019-12-06 16:04:52,003|ERROR|main|Cannot find server property keep it default value.  -- base_success_rate = 2
2019-12-06 16:04:52,003|ERROR|main|Cannot find server property keep it default value.  -- challengeUnlockCount = 200
2019-12-06 16:04:52,003|ERROR|main|Cannot find server property keep it default value.  -- unlockChallengeItemID = 102
2019-12-06 16:04:52,003|ERROR|main|Cannot find server property keep it default value.  -- unlockChallengeItemCount = 50
2019-12-06 16:04:52,731|ERROR|main|********************Robot Count:1000**************************
2019-12-06 16:04:53,904|ERROR|main|****** Component:[com.base.database.DBPoolComponent] has started successfully.******************
2019-12-06 16:04:53,904|ERROR|main|****** Component:[com.data.component.SystemDataComponent] has started successfully.******************
2019-12-06 16:04:53,904|ERROR|main|****** Component:[com.data.component.GamePropertiesComponent] has started successfully.******************
2019-12-06 16:04:53,904|ERROR|main|****** Component:[com.base.component.SimpleScheduleComponent] has started successfully.******************
2019-12-06 16:04:53,904|ERROR|main|****** Component:[com.logic.component.RobotComponent] has started successfully.******************
2019-12-06 16:04:53,904|ERROR|main|****** Component:[com.game.component.GamePlayerComponent] has started successfully.******************
2019-12-06 16:04:53,905|ERROR|main|****** Component:[com.logic.cmd.GameCommandComponent] has started successfully.******************
2019-12-06 16:04:53,905|ERROR|main|****** Component:[com.base.timer.QuartzComponent] has started successfully.******************
2019-12-06 16:04:53,905|ERROR|main|****** Component:[com.logic.component.RoomComponent] has started successfully.******************
2019-12-06 16:04:53,910|ERROR|main|****** Component:[com.logic.component.GameComponent] has started successfully.******************
2019-12-06 16:04:53,959|ERROR|main|****** Component:[com.game.component.GameJobComponent] has started successfully.******************
2019-12-06 16:04:53,959|ERROR|main|****** Component:[com.base.component.ScriptComponent] has started successfully.******************
2019-12-06 16:04:53,959|ERROR|main|****** Component:[com.game.component.RewardDropComponent] has started successfully.******************
2019-12-06 16:04:53,959|ERROR|main|****** Component:[com.game.component.UserCommandComponent] has started successfully.******************
2019-12-06 16:04:53,959|ERROR|main|****** Component:[com.game.component.RankComponent] has started successfully.******************
2019-12-06 16:04:54,319|ERROR|main|****** Component:[com.base.web.WebComponent] has started successfully.******************
2019-12-06 16:04:54,577|ERROR|main|****** Component:[com.game.component.GameServerNettyComponent] has started successfully.******************
2019-12-06 16:04:54,577|ERROR|main|****** All Component has started successfully.******************
2019-12-06 16:04:54,580|ERROR|main|游戏服启动成功, 耗时 3 秒.
2019-12-06 16:06:00,235|ERROR|GamePlayer-Worker-1|AdRewardBean is Null.configID:0
2019-12-06 16:06:21,924|ERROR|nioEventLoopGroup-3-1|Exit Room.0,UserID:10024
2019-12-06 16:15:04,585|ERROR|GamePlayer-Worker-6|AdRewardBean is Null.configID:0
2019-12-06 16:15:44,430|ERROR|nioEventLoopGroup-3-2|Exit Room.0,UserID:10024
2019-12-06 16:24:12,326|ERROR|main|Please input the global config path.default:../CommonLib/config/game.xml
2019-12-06 16:24:13,140|ERROR|main|Cannot find server property keep it default value.  -- log_save_interval = 300
2019-12-06 16:24:13,142|ERROR|main|Cannot find server property keep it default value.  -- monitor_job = */5 * * * * ?
2019-12-06 16:24:13,142|ERROR|main|Cannot find server property keep it default value.  -- job_ping_player = 10
2019-12-06 16:24:13,143|ERROR|main|Cannot find server property keep it default value.  -- game_update_slow = 30000
2019-12-06 16:24:13,143|ERROR|main|Cannot find server property keep it default value.  -- game_player_ping_interval = 5000
2019-12-06 16:24:13,144|ERROR|main|Cannot find server property keep it default value.  -- job_ping_fight = 5
2019-12-06 16:24:13,144|ERROR|main|Cannot find server property keep it default value.  -- job_save_player = 30
2019-12-06 16:24:13,145|ERROR|main|Cannot find server property keep it default value.  -- save_player_time = 300
2019-12-06 16:24:13,145|ERROR|main|Cannot find server property keep it default value.  -- job_corn_refresh = 1 0 0 * * ? *
2019-12-06 16:24:13,145|ERROR|main|Cannot find server property keep it default value.  -- job_rank_refresh = 0 0 4 * * ? *
2019-12-06 16:24:13,146|ERROR|main|Cannot find server property keep it default value.  -- ping_max_time = 120
2019-12-06 16:24:13,146|ERROR|main|Cannot find server property keep it default value.  -- room_max_count = 3000
2019-12-06 16:24:13,146|ERROR|main|Cannot find server property keep it default value.  -- sunday_refresh = 0 0 0 ? * 1 *
2019-12-06 16:24:13,147|ERROR|main|Cannot find server property keep it default value.  -- month_refresh = 0 0 0 1 * ? *
2019-12-06 16:24:13,147|ERROR|main|Cannot find server property keep it default value.  -- monitor_room_interval = 60
2019-12-06 16:24:13,148|ERROR|main|Cannot find server property keep it default value.  -- fight_player_ping_interval = 3
2019-12-06 16:24:13,149|ERROR|main|Cannot find server property keep it default value.  -- battle_game_time = 2400000
2019-12-06 16:24:13,149|ERROR|main|Cannot find server property keep it default value.  -- win_diamond = 10
2019-12-06 16:24:13,149|ERROR|main|Cannot find server property keep it default value.  -- base_success = 70
2019-12-06 16:24:13,150|ERROR|main|Cannot find server property keep it default value.  -- base_success_rate = 2
2019-12-06 16:24:13,150|ERROR|main|Cannot find server property keep it default value.  -- challengeUnlockCount = 200
2019-12-06 16:24:13,150|ERROR|main|Cannot find server property keep it default value.  -- unlockChallengeItemID = 102
2019-12-06 16:24:13,151|ERROR|main|Cannot find server property keep it default value.  -- unlockChallengeItemCount = 50
2019-12-06 16:24:14,037|ERROR|main|********************Robot Count:1000**************************
2019-12-06 16:24:15,437|ERROR|main|****** Component:[com.base.database.DBPoolComponent] has started successfully.******************
2019-12-06 16:24:15,438|ERROR|main|****** Component:[com.data.component.SystemDataComponent] has started successfully.******************
2019-12-06 16:24:15,438|ERROR|main|****** Component:[com.data.component.GamePropertiesComponent] has started successfully.******************
2019-12-06 16:24:15,438|ERROR|main|****** Component:[com.base.component.SimpleScheduleComponent] has started successfully.******************
2019-12-06 16:24:15,438|ERROR|main|****** Component:[com.logic.component.RobotComponent] has started successfully.******************
2019-12-06 16:24:15,438|ERROR|main|****** Component:[com.game.component.GamePlayerComponent] has started successfully.******************
2019-12-06 16:24:15,438|ERROR|main|****** Component:[com.logic.cmd.GameCommandComponent] has started successfully.******************
2019-12-06 16:24:15,438|ERROR|main|****** Component:[com.base.timer.QuartzComponent] has started successfully.******************
2019-12-06 16:24:15,438|ERROR|main|****** Component:[com.logic.component.RoomComponent] has started successfully.******************
2019-12-06 16:24:15,443|ERROR|main|****** Component:[com.logic.component.GameComponent] has started successfully.******************
2019-12-06 16:24:15,482|ERROR|main|****** Component:[com.game.component.GameJobComponent] has started successfully.******************
2019-12-06 16:24:15,482|ERROR|main|****** Component:[com.base.component.ScriptComponent] has started successfully.******************
2019-12-06 16:24:15,483|ERROR|main|****** Component:[com.game.component.RewardDropComponent] has started successfully.******************
2019-12-06 16:24:15,483|ERROR|main|****** Component:[com.game.component.UserCommandComponent] has started successfully.******************
2019-12-06 16:24:15,483|ERROR|main|****** Component:[com.game.component.RankComponent] has started successfully.******************
2019-12-06 16:24:15,931|ERROR|main|****** Component:[com.base.web.WebComponent] has started successfully.******************
2019-12-06 16:24:16,182|ERROR|main|****** Component:[com.game.component.GameServerNettyComponent] has started successfully.******************
2019-12-06 16:24:16,184|ERROR|main|****** All Component has started successfully.******************
2019-12-06 16:24:16,194|ERROR|main|游戏服启动成功, 耗时 3 秒.
2019-12-06 16:25:52,217|ERROR|GamePlayer-Worker-1|AdRewardBean is Null.configID:0
2019-12-06 16:26:39,066|ERROR|nioEventLoopGroup-3-1|Exit Room.0,UserID:10024
2019-12-06 16:26:52,734|ERROR|GamePlayer-Worker-10|AdRewardBean is Null.configID:0
2019-12-06 16:36:25,453|ERROR|nioEventLoopGroup-3-2|Exit Room.0,UserID:10024
2019-12-06 16:36:41,817|ERROR|GamePlayer-Worker-9|AdRewardBean is Null.configID:0
2019-12-06 16:36:51,463|ERROR|nioEventLoopGroup-3-3|Exit Room.0,UserID:10024
2019-12-06 16:37:00,195|ERROR|GamePlayer-Worker-13|AdRewardBean is Null.configID:0
2019-12-06 16:37:18,296|ERROR|nioEventLoopGroup-3-4|Exit Room.0,UserID:10024
2019-12-06 16:58:57,856|ERROR|GamePlayer-Worker-6|AdRewardBean is Null.configID:0
2019-12-06 16:59:26,319|ERROR|nioEventLoopGroup-3-5|Exit Room.0,UserID:10024
2019-12-06 17:16:23,782|ERROR|GamePlayer-Worker-13|AdRewardBean is Null.configID:0
2019-12-06 17:16:29,147|ERROR|nioEventLoopGroup-3-6|Exit Room.0,UserID:10024
2019-12-06 17:16:37,992|ERROR|GamePlayer-Worker-5|AdRewardBean is Null.configID:0
2019-12-06 17:16:40,810|ERROR|nioEventLoopGroup-3-7|Exit Room.0,UserID:10024
2019-12-06 17:17:23,537|ERROR|GamePlayer-Worker-8|AdRewardBean is Null.configID:0
2019-12-06 17:20:28,003|ERROR|nioEventLoopGroup-3-8|Exit Room.0,UserID:10026
2019-12-06 17:21:32,489|ERROR|GamePlayer-Worker-8|AdRewardBean is Null.configID:0
2019-12-06 17:21:38,890|ERROR|nioEventLoopGroup-3-9|Exit Room.0,UserID:10026
2019-12-06 17:22:47,675|ERROR|GamePlayer-Worker-13|AdRewardBean is Null.configID:0
2019-12-06 17:29:21,042|ERROR|main|Please input the global config path.default:../CommonLib/config/game.xml
2019-12-06 17:29:21,751|ERROR|main|Cannot find server property keep it default value.  -- log_save_interval = 300
2019-12-06 17:29:21,752|ERROR|main|Cannot find server property keep it default value.  -- monitor_job = */5 * * * * ?
2019-12-06 17:29:21,753|ERROR|main|Cannot find server property keep it default value.  -- job_ping_player = 10
2019-12-06 17:29:21,753|ERROR|main|Cannot find server property keep it default value.  -- game_update_slow = 30000
2019-12-06 17:29:21,754|ERROR|main|Cannot find server property keep it default value.  -- game_player_ping_interval = 5000
2019-12-06 17:29:21,755|ERROR|main|Cannot find server property keep it default value.  -- job_ping_fight = 5
2019-12-06 17:29:21,755|ERROR|main|Cannot find server property keep it default value.  -- job_save_player = 30
2019-12-06 17:29:21,756|ERROR|main|Cannot find server property keep it default value.  -- save_player_time = 300
2019-12-06 17:29:21,757|ERROR|main|Cannot find server property keep it default value.  -- job_corn_refresh = 1 0 0 * * ? *
2019-12-06 17:29:21,757|ERROR|main|Cannot find server property keep it default value.  -- job_rank_refresh = 0 0 4 * * ? *
2019-12-06 17:29:21,758|ERROR|main|Cannot find server property keep it default value.  -- ping_max_time = 120
2019-12-06 17:29:21,758|ERROR|main|Cannot find server property keep it default value.  -- room_max_count = 3000
2019-12-06 17:29:21,758|ERROR|main|Cannot find server property keep it default value.  -- sunday_refresh = 0 0 0 ? * 1 *
2019-12-06 17:29:21,759|ERROR|main|Cannot find server property keep it default value.  -- month_refresh = 0 0 0 1 * ? *
2019-12-06 17:29:21,760|ERROR|main|Cannot find server property keep it default value.  -- monitor_room_interval = 60
2019-12-06 17:29:21,761|ERROR|main|Cannot find server property keep it default value.  -- fight_player_ping_interval = 3
2019-12-06 17:29:21,762|ERROR|main|Cannot find server property keep it default value.  -- battle_game_time = 2400000
2019-12-06 17:29:21,762|ERROR|main|Cannot find server property keep it default value.  -- win_diamond = 10
2019-12-06 17:29:21,763|ERROR|main|Cannot find server property keep it default value.  -- base_success = 70
2019-12-06 17:29:21,763|ERROR|main|Cannot find server property keep it default value.  -- base_success_rate = 2
2019-12-06 17:29:21,763|ERROR|main|Cannot find server property keep it default value.  -- challengeUnlockCount = 200
2019-12-06 17:29:21,763|ERROR|main|Cannot find server property keep it default value.  -- unlockChallengeItemID = 102
2019-12-06 17:29:21,764|ERROR|main|Cannot find server property keep it default value.  -- unlockChallengeItemCount = 50
2019-12-06 17:29:22,568|ERROR|main|********************Robot Count:1000**************************
2019-12-06 17:29:23,795|ERROR|main|****** Component:[com.base.database.DBPoolComponent] has started successfully.******************
2019-12-06 17:29:23,796|ERROR|main|****** Component:[com.data.component.SystemDataComponent] has started successfully.******************
2019-12-06 17:29:23,796|ERROR|main|****** Component:[com.data.component.GamePropertiesComponent] has started successfully.******************
2019-12-06 17:29:23,796|ERROR|main|****** Component:[com.base.component.SimpleScheduleComponent] has started successfully.******************
2019-12-06 17:29:23,796|ERROR|main|****** Component:[com.logic.component.RobotComponent] has started successfully.******************
2019-12-06 17:29:23,796|ERROR|main|****** Component:[com.game.component.GamePlayerComponent] has started successfully.******************
2019-12-06 17:29:23,796|ERROR|main|****** Component:[com.logic.cmd.GameCommandComponent] has started successfully.******************
2019-12-06 17:29:23,796|ERROR|main|****** Component:[com.base.timer.QuartzComponent] has started successfully.******************
2019-12-06 17:29:23,796|ERROR|main|****** Component:[com.logic.component.RoomComponent] has started successfully.******************
2019-12-06 17:29:23,802|ERROR|main|****** Component:[com.logic.component.GameComponent] has started successfully.******************
2019-12-06 17:29:23,855|ERROR|main|****** Component:[com.game.component.GameJobComponent] has started successfully.******************
2019-12-06 17:29:23,855|ERROR|main|****** Component:[com.base.component.ScriptComponent] has started successfully.******************
2019-12-06 17:29:23,855|ERROR|main|****** Component:[com.game.component.RewardDropComponent] has started successfully.******************
2019-12-06 17:29:23,855|ERROR|main|****** Component:[com.game.component.UserCommandComponent] has started successfully.******************
2019-12-06 17:29:23,855|ERROR|main|****** Component:[com.game.component.RankComponent] has started successfully.******************
2019-12-06 17:29:24,214|ERROR|main|****** Component:[com.base.web.WebComponent] has started successfully.******************
2019-12-06 17:29:24,428|ERROR|main|****** Component:[com.game.component.GameServerNettyComponent] has started successfully.******************
2019-12-06 17:29:24,428|ERROR|main|****** All Component has started successfully.******************
2019-12-06 17:29:24,429|ERROR|main|游戏服启动成功, 耗时 3 秒.
2019-12-06 17:35:24,673|ERROR|GamePlayer-Worker-1|AdRewardBean is Null.configID:0
2019-12-06 17:39:45,068|ERROR|nioEventLoopGroup-3-1|Exit Room.0,UserID:10027
2019-12-06 17:40:01,127|ERROR|GamePlayer-Worker-11|AdRewardBean is Null.configID:0
2019-12-06 17:40:59,914|ERROR|nioEventLoopGroup-3-2|Exit Room.0,UserID:10027
2019-12-06 17:58:07,044|ERROR|GamePlayer-Worker-1|AdRewardBean is Null.configID:0
2019-12-06 17:58:16,653|ERROR|nioEventLoopGroup-3-3|Exit Room.0,UserID:10027
2019-12-06 18:07:24,119|ERROR|GamePlayer-Worker-5|AdRewardBean is Null.configID:0
2019-12-06 18:08:28,244|ERROR|GamePlayer-Worker-11|AdRewardBean is Null.configID:0
2019-12-06 18:10:33,055|ERROR|nioEventLoopGroup-3-4|Exit Room.0,UserID:10028
2019-12-06 18:10:36,901|ERROR|nioEventLoopGroup-3-5|Exit Room.0,UserID:10027
2019-12-06 18:10:41,529|ERROR|GamePlayer-Worker-10|AdRewardBean is Null.configID:0
2019-12-06 18:11:01,496|ERROR|GamePlayer-Worker-4|AdRewardBean is Null.configID:0
2019-12-06 18:11:20,545|ERROR|nioEventLoopGroup-3-7|Exit Room.0,UserID:10027
2019-12-06 18:12:02,187|ERROR|GamePlayer-Worker-4|AdRewardBean is Null.configID:0
2019-12-06 18:12:27,551|ERROR|nioEventLoopGroup-3-8|Exit Room.0,UserID:10027
2019-12-06 18:13:46,884|ERROR|GamePlayer-Worker-8|AdRewardBean is Null.configID:0
2019-12-06 18:14:00,363|ERROR|nioEventLoopGroup-3-9|Exit Room.0,UserID:10027
2019-12-06 18:18:44,763|ERROR|nioEventLoopGroup-3-6|Exit Room.0,UserID:10028
