2019-11-26 11:27:20,678|ERROR|main|Please input the global config path.default:../CommonLib/config/game.xml
2019-11-26 11:27:21,502|ERROR|main|Cannot find server property keep it default value.  -- log_save_interval = 300
2019-11-26 11:27:21,506|ERROR|main|Cannot find server property keep it default value.  -- monitor_job = */5 * * * * ?
2019-11-26 11:27:21,507|ERROR|main|Cannot find server property keep it default value.  -- job_ping_player = 10
2019-11-26 11:27:21,508|ERROR|main|Cannot find server property keep it default value.  -- game_update_slow = 30000
2019-11-26 11:27:21,508|ERROR|main|Cannot find server property keep it default value.  -- game_player_ping_interval = 5000
2019-11-26 11:27:21,509|ERROR|main|Cannot find server property keep it default value.  -- job_ping_fight = 5
2019-11-26 11:27:21,509|ERROR|main|Cannot find server property keep it default value.  -- job_save_player = 30
2019-11-26 11:27:21,510|ERROR|main|Cannot find server property keep it default value.  -- save_player_time = 300
2019-11-26 11:27:21,510|ERROR|main|Cannot find server property keep it default value.  -- job_corn_refresh = 1 0 0 * * ? *
2019-11-26 11:27:21,511|ERROR|main|Cannot find server property keep it default value.  -- job_rank_refresh = 0 0 4 * * ? *
2019-11-26 11:27:21,511|ERROR|main|Cannot find server property keep it default value.  -- ping_max_time = 120
2019-11-26 11:27:21,511|ERROR|main|Cannot find server property keep it default value.  -- room_max_count = 3000
2019-11-26 11:27:21,512|ERROR|main|Cannot find server property keep it default value.  -- sunday_refresh = 0 0 0 ? * 1 *
2019-11-26 11:27:21,513|ERROR|main|Cannot find server property keep it default value.  -- month_refresh = 0 0 0 1 * ? *
2019-11-26 11:27:21,513|ERROR|main|Cannot find server property keep it default value.  -- monitor_room_interval = 60
2019-11-26 11:27:21,514|ERROR|main|Cannot find server property keep it default value.  -- fight_player_ping_interval = 3
2019-11-26 11:27:21,515|ERROR|main|Cannot find server property keep it default value.  -- battle_game_time = 2400000
2019-11-26 11:27:21,515|ERROR|main|Cannot find server property keep it default value.  -- win_diamond = 10
2019-11-26 11:27:21,516|ERROR|main|Cannot find server property keep it default value.  -- base_success = 70
2019-11-26 11:27:21,516|ERROR|main|Cannot find server property keep it default value.  -- base_success_rate = 2
2019-11-26 11:27:21,516|ERROR|main|Cannot find server property keep it default value.  -- challengeUnlockCount = 200
2019-11-26 11:27:21,517|ERROR|main|Cannot find server property keep it default value.  -- unlockChallengeItemID = 102
2019-11-26 11:27:21,517|ERROR|main|Cannot find server property keep it default value.  -- unlockChallengeItemCount = 50
2019-11-26 11:27:22,346|ERROR|main|********************Robot Count:1000**************************
2019-11-26 11:27:23,658|ERROR|main|****** Component:[com.base.database.DBPoolComponent] has started successfully.******************
2019-11-26 11:27:23,658|ERROR|main|****** Component:[com.data.component.SystemDataComponent] has started successfully.******************
2019-11-26 11:27:23,658|ERROR|main|****** Component:[com.data.component.GamePropertiesComponent] has started successfully.******************
2019-11-26 11:27:23,658|ERROR|main|****** Component:[com.base.component.SimpleScheduleComponent] has started successfully.******************
2019-11-26 11:27:23,658|ERROR|main|****** Component:[com.logic.component.RobotComponent] has started successfully.******************
2019-11-26 11:27:23,659|ERROR|main|****** Component:[com.game.component.GamePlayerComponent] has started successfully.******************
2019-11-26 11:27:23,659|ERROR|main|****** Component:[com.logic.cmd.GameCommandComponent] has started successfully.******************
2019-11-26 11:27:23,659|ERROR|main|****** Component:[com.base.timer.QuartzComponent] has started successfully.******************
2019-11-26 11:27:23,659|ERROR|main|****** Component:[com.logic.component.RoomComponent] has started successfully.******************
2019-11-26 11:27:23,664|ERROR|main|****** Component:[com.logic.component.GameComponent] has started successfully.******************
2019-11-26 11:27:23,706|ERROR|main|****** Component:[com.game.component.GameJobComponent] has started successfully.******************
2019-11-26 11:27:23,707|ERROR|main|****** Component:[com.base.component.ScriptComponent] has started successfully.******************
2019-11-26 11:27:23,707|ERROR|main|****** Component:[com.game.component.RewardDropComponent] has started successfully.******************
2019-11-26 11:27:23,707|ERROR|main|****** Component:[com.game.component.UserCommandComponent] has started successfully.******************
2019-11-26 11:27:23,707|ERROR|main|****** Component:[com.game.component.RankComponent] has started successfully.******************
2019-11-26 11:27:24,069|ERROR|main|****** Component:[com.base.web.WebComponent] has started successfully.******************
2019-11-26 11:27:24,319|ERROR|main|****** Component:[com.game.component.GameServerNettyComponent] has started successfully.******************
2019-11-26 11:27:24,320|ERROR|main|****** All Component has started successfully.******************
2019-11-26 11:27:24,320|ERROR|main|游戏服启动成功, 耗时 3 秒.
2019-11-26 11:29:12,147|ERROR|main|Please input the global config path.default:../CommonLib/config/game.xml
2019-11-26 11:29:13,118|ERROR|main|Cannot find server property keep it default value.  -- log_save_interval = 300
2019-11-26 11:29:13,119|ERROR|main|Cannot find server property keep it default value.  -- monitor_job = */5 * * * * ?
2019-11-26 11:29:13,120|ERROR|main|Cannot find server property keep it default value.  -- job_ping_player = 10
2019-11-26 11:29:13,120|ERROR|main|Cannot find server property keep it default value.  -- game_update_slow = 30000
2019-11-26 11:29:13,121|ERROR|main|Cannot find server property keep it default value.  -- game_player_ping_interval = 5000
2019-11-26 11:29:13,121|ERROR|main|Cannot find server property keep it default value.  -- job_ping_fight = 5
2019-11-26 11:29:13,122|ERROR|main|Cannot find server property keep it default value.  -- job_save_player = 30
2019-11-26 11:29:13,122|ERROR|main|Cannot find server property keep it default value.  -- save_player_time = 300
2019-11-26 11:29:13,123|ERROR|main|Cannot find server property keep it default value.  -- job_corn_refresh = 1 0 0 * * ? *
2019-11-26 11:29:13,123|ERROR|main|Cannot find server property keep it default value.  -- job_rank_refresh = 0 0 4 * * ? *
2019-11-26 11:29:13,124|ERROR|main|Cannot find server property keep it default value.  -- ping_max_time = 120
2019-11-26 11:29:13,124|ERROR|main|Cannot find server property keep it default value.  -- room_max_count = 3000
2019-11-26 11:29:13,125|ERROR|main|Cannot find server property keep it default value.  -- sunday_refresh = 0 0 0 ? * 1 *
2019-11-26 11:29:13,125|ERROR|main|Cannot find server property keep it default value.  -- month_refresh = 0 0 0 1 * ? *
2019-11-26 11:29:13,125|ERROR|main|Cannot find server property keep it default value.  -- monitor_room_interval = 60
2019-11-26 11:29:13,126|ERROR|main|Cannot find server property keep it default value.  -- fight_player_ping_interval = 3
2019-11-26 11:29:13,127|ERROR|main|Cannot find server property keep it default value.  -- battle_game_time = 2400000
2019-11-26 11:29:13,127|ERROR|main|Cannot find server property keep it default value.  -- win_diamond = 10
2019-11-26 11:29:13,128|ERROR|main|Cannot find server property keep it default value.  -- base_success = 70
2019-11-26 11:29:13,128|ERROR|main|Cannot find server property keep it default value.  -- base_success_rate = 2
2019-11-26 11:29:13,129|ERROR|main|Cannot find server property keep it default value.  -- challengeUnlockCount = 200
2019-11-26 11:29:13,129|ERROR|main|Cannot find server property keep it default value.  -- unlockChallengeItemID = 102
2019-11-26 11:29:13,129|ERROR|main|Cannot find server property keep it default value.  -- unlockChallengeItemCount = 50
2019-11-26 11:29:14,116|ERROR|main|********************Robot Count:1000**************************
2019-11-26 11:29:15,381|ERROR|main|****** Component:[com.base.database.DBPoolComponent] has started successfully.******************
2019-11-26 11:29:15,381|ERROR|main|****** Component:[com.data.component.SystemDataComponent] has started successfully.******************
2019-11-26 11:29:15,381|ERROR|main|****** Component:[com.data.component.GamePropertiesComponent] has started successfully.******************
2019-11-26 11:29:15,381|ERROR|main|****** Component:[com.base.component.SimpleScheduleComponent] has started successfully.******************
2019-11-26 11:29:15,381|ERROR|main|****** Component:[com.logic.component.RobotComponent] has started successfully.******************
2019-11-26 11:29:15,381|ERROR|main|****** Component:[com.game.component.GamePlayerComponent] has started successfully.******************
2019-11-26 11:29:15,381|ERROR|main|****** Component:[com.logic.cmd.GameCommandComponent] has started successfully.******************
2019-11-26 11:29:15,382|ERROR|main|****** Component:[com.base.timer.QuartzComponent] has started successfully.******************
2019-11-26 11:29:15,382|ERROR|main|****** Component:[com.logic.component.RoomComponent] has started successfully.******************
2019-11-26 11:29:15,386|ERROR|main|****** Component:[com.logic.component.GameComponent] has started successfully.******************
2019-11-26 11:29:15,424|ERROR|main|****** Component:[com.game.component.GameJobComponent] has started successfully.******************
2019-11-26 11:29:15,424|ERROR|main|****** Component:[com.base.component.ScriptComponent] has started successfully.******************
2019-11-26 11:29:15,424|ERROR|main|****** Component:[com.game.component.RewardDropComponent] has started successfully.******************
2019-11-26 11:29:15,424|ERROR|main|****** Component:[com.game.component.UserCommandComponent] has started successfully.******************
2019-11-26 11:29:15,425|ERROR|main|****** Component:[com.game.component.RankComponent] has started successfully.******************
2019-11-26 11:29:15,810|ERROR|main|****** Component:[com.base.web.WebComponent] has started successfully.******************
2019-11-26 11:29:16,136|ERROR|main|****** Component:[com.game.component.GameServerNettyComponent] has started successfully.******************
2019-11-26 11:29:16,136|ERROR|main|****** All Component has started successfully.******************
2019-11-26 11:29:16,139|ERROR|main|游戏服启动成功, 耗时 3 秒.
2019-11-26 14:18:26,072|ERROR|main|Please input the global config path.default:../CommonLib/config/game.xml
2019-11-26 14:18:26,673|ERROR|main|Cannot find server property keep it default value.  -- log_save_interval = 300
2019-11-26 14:18:26,674|ERROR|main|Cannot find server property keep it default value.  -- monitor_job = */5 * * * * ?
2019-11-26 14:18:26,675|ERROR|main|Cannot find server property keep it default value.  -- job_ping_player = 10
2019-11-26 14:18:26,675|ERROR|main|Cannot find server property keep it default value.  -- game_update_slow = 30000
2019-11-26 14:18:26,676|ERROR|main|Cannot find server property keep it default value.  -- game_player_ping_interval = 5000
2019-11-26 14:18:26,676|ERROR|main|Cannot find server property keep it default value.  -- job_ping_fight = 5
2019-11-26 14:18:26,677|ERROR|main|Cannot find server property keep it default value.  -- job_save_player = 30
2019-11-26 14:18:26,677|ERROR|main|Cannot find server property keep it default value.  -- save_player_time = 300
2019-11-26 14:18:26,677|ERROR|main|Cannot find server property keep it default value.  -- job_corn_refresh = 1 0 0 * * ? *
2019-11-26 14:18:26,678|ERROR|main|Cannot find server property keep it default value.  -- job_rank_refresh = 0 0 4 * * ? *
2019-11-26 14:18:26,678|ERROR|main|Cannot find server property keep it default value.  -- ping_max_time = 120
2019-11-26 14:18:26,678|ERROR|main|Cannot find server property keep it default value.  -- room_max_count = 3000
2019-11-26 14:18:26,678|ERROR|main|Cannot find server property keep it default value.  -- sunday_refresh = 0 0 0 ? * 1 *
2019-11-26 14:18:26,679|ERROR|main|Cannot find server property keep it default value.  -- month_refresh = 0 0 0 1 * ? *
2019-11-26 14:18:26,679|ERROR|main|Cannot find server property keep it default value.  -- monitor_room_interval = 60
2019-11-26 14:18:26,680|ERROR|main|Cannot find server property keep it default value.  -- fight_player_ping_interval = 3
2019-11-26 14:18:26,680|ERROR|main|Cannot find server property keep it default value.  -- battle_game_time = 2400000
2019-11-26 14:18:26,680|ERROR|main|Cannot find server property keep it default value.  -- win_diamond = 10
2019-11-26 14:18:26,680|ERROR|main|Cannot find server property keep it default value.  -- base_success = 70
2019-11-26 14:18:26,681|ERROR|main|Cannot find server property keep it default value.  -- base_success_rate = 2
2019-11-26 14:18:26,681|ERROR|main|Cannot find server property keep it default value.  -- challengeUnlockCount = 200
2019-11-26 14:18:26,681|ERROR|main|Cannot find server property keep it default value.  -- unlockChallengeItemID = 102
2019-11-26 14:18:26,681|ERROR|main|Cannot find server property keep it default value.  -- unlockChallengeItemCount = 50
2019-11-26 14:18:27,341|ERROR|main|********************Robot Count:1000**************************
2019-11-26 14:18:28,251|ERROR|main|****** Component:[com.base.database.DBPoolComponent] has started successfully.******************
2019-11-26 14:18:28,252|ERROR|main|****** Component:[com.data.component.SystemDataComponent] has started successfully.******************
2019-11-26 14:18:28,252|ERROR|main|****** Component:[com.data.component.GamePropertiesComponent] has started successfully.******************
2019-11-26 14:18:28,252|ERROR|main|****** Component:[com.base.component.SimpleScheduleComponent] has started successfully.******************
2019-11-26 14:18:28,252|ERROR|main|****** Component:[com.logic.component.RobotComponent] has started successfully.******************
2019-11-26 14:18:28,252|ERROR|main|****** Component:[com.game.component.GamePlayerComponent] has started successfully.******************
2019-11-26 14:18:28,252|ERROR|main|****** Component:[com.logic.cmd.GameCommandComponent] has started successfully.******************
2019-11-26 14:18:28,252|ERROR|main|****** Component:[com.base.timer.QuartzComponent] has started successfully.******************
2019-11-26 14:18:28,252|ERROR|main|****** Component:[com.logic.component.RoomComponent] has started successfully.******************
2019-11-26 14:18:28,257|ERROR|main|****** Component:[com.logic.component.GameComponent] has started successfully.******************
2019-11-26 14:18:28,286|ERROR|main|****** Component:[com.game.component.GameJobComponent] has started successfully.******************
2019-11-26 14:18:28,287|ERROR|main|****** Component:[com.base.component.ScriptComponent] has started successfully.******************
2019-11-26 14:18:28,287|ERROR|main|****** Component:[com.game.component.RewardDropComponent] has started successfully.******************
2019-11-26 14:18:28,287|ERROR|main|****** Component:[com.game.component.UserCommandComponent] has started successfully.******************
2019-11-26 14:18:28,287|ERROR|main|****** Component:[com.game.component.RankComponent] has started successfully.******************
2019-11-26 14:18:28,566|ERROR|main|****** Component:[com.base.web.WebComponent] has started successfully.******************
2019-11-26 14:18:28,750|ERROR|main|****** Component:[com.game.component.GameServerNettyComponent] has started successfully.******************
2019-11-26 14:18:28,750|ERROR|main|****** All Component has started successfully.******************
2019-11-26 14:18:28,750|ERROR|main|游戏服启动成功, 耗时 2 秒.
2019-11-26 14:33:23,679|ERROR|main|Please input the global config path.default:../CommonLib/config/game.xml
2019-11-26 14:33:24,244|ERROR|main|Cannot find server property keep it default value.  -- log_save_interval = 300
2019-11-26 14:33:24,245|ERROR|main|Cannot find server property keep it default value.  -- monitor_job = */5 * * * * ?
2019-11-26 14:33:24,246|ERROR|main|Cannot find server property keep it default value.  -- job_ping_player = 10
2019-11-26 14:33:24,246|ERROR|main|Cannot find server property keep it default value.  -- game_update_slow = 30000
2019-11-26 14:33:24,246|ERROR|main|Cannot find server property keep it default value.  -- game_player_ping_interval = 5000
2019-11-26 14:33:24,247|ERROR|main|Cannot find server property keep it default value.  -- job_ping_fight = 5
2019-11-26 14:33:24,247|ERROR|main|Cannot find server property keep it default value.  -- job_save_player = 30
2019-11-26 14:33:24,247|ERROR|main|Cannot find server property keep it default value.  -- save_player_time = 300
2019-11-26 14:33:24,248|ERROR|main|Cannot find server property keep it default value.  -- job_corn_refresh = 1 0 0 * * ? *
2019-11-26 14:33:24,248|ERROR|main|Cannot find server property keep it default value.  -- job_rank_refresh = 0 0 4 * * ? *
2019-11-26 14:33:24,248|ERROR|main|Cannot find server property keep it default value.  -- ping_max_time = 120
2019-11-26 14:33:24,249|ERROR|main|Cannot find server property keep it default value.  -- room_max_count = 3000
2019-11-26 14:33:24,249|ERROR|main|Cannot find server property keep it default value.  -- sunday_refresh = 0 0 0 ? * 1 *
2019-11-26 14:33:24,249|ERROR|main|Cannot find server property keep it default value.  -- month_refresh = 0 0 0 1 * ? *
2019-11-26 14:33:24,249|ERROR|main|Cannot find server property keep it default value.  -- monitor_room_interval = 60
2019-11-26 14:33:24,250|ERROR|main|Cannot find server property keep it default value.  -- fight_player_ping_interval = 3
2019-11-26 14:33:24,251|ERROR|main|Cannot find server property keep it default value.  -- battle_game_time = 2400000
2019-11-26 14:33:24,251|ERROR|main|Cannot find server property keep it default value.  -- win_diamond = 10
2019-11-26 14:33:24,251|ERROR|main|Cannot find server property keep it default value.  -- base_success = 70
2019-11-26 14:33:24,252|ERROR|main|Cannot find server property keep it default value.  -- base_success_rate = 2
2019-11-26 14:33:24,252|ERROR|main|Cannot find server property keep it default value.  -- challengeUnlockCount = 200
2019-11-26 14:33:24,252|ERROR|main|Cannot find server property keep it default value.  -- unlockChallengeItemID = 102
2019-11-26 14:33:24,253|ERROR|main|Cannot find server property keep it default value.  -- unlockChallengeItemCount = 50
2019-11-26 14:33:24,914|ERROR|main|********************Robot Count:1000**************************
2019-11-26 14:33:26,145|ERROR|main|****** Component:[com.base.database.DBPoolComponent] has started successfully.******************
2019-11-26 14:33:26,145|ERROR|main|****** Component:[com.data.component.SystemDataComponent] has started successfully.******************
2019-11-26 14:33:26,145|ERROR|main|****** Component:[com.data.component.GamePropertiesComponent] has started successfully.******************
2019-11-26 14:33:26,145|ERROR|main|****** Component:[com.base.component.SimpleScheduleComponent] has started successfully.******************
2019-11-26 14:33:26,145|ERROR|main|****** Component:[com.logic.component.RobotComponent] has started successfully.******************
2019-11-26 14:33:26,145|ERROR|main|****** Component:[com.game.component.GamePlayerComponent] has started successfully.******************
2019-11-26 14:33:26,146|ERROR|main|****** Component:[com.logic.cmd.GameCommandComponent] has started successfully.******************
2019-11-26 14:33:26,146|ERROR|main|****** Component:[com.base.timer.QuartzComponent] has started successfully.******************
2019-11-26 14:33:26,146|ERROR|main|****** Component:[com.logic.component.RoomComponent] has started successfully.******************
2019-11-26 14:33:26,150|ERROR|main|****** Component:[com.logic.component.GameComponent] has started successfully.******************
2019-11-26 14:33:26,195|ERROR|main|****** Component:[com.game.component.GameJobComponent] has started successfully.******************
2019-11-26 14:33:26,195|ERROR|main|****** Component:[com.base.component.ScriptComponent] has started successfully.******************
2019-11-26 14:33:26,195|ERROR|main|****** Component:[com.game.component.RewardDropComponent] has started successfully.******************
2019-11-26 14:33:26,195|ERROR|main|****** Component:[com.game.component.UserCommandComponent] has started successfully.******************
2019-11-26 14:33:26,195|ERROR|main|****** Component:[com.game.component.RankComponent] has started successfully.******************
2019-11-26 14:33:26,529|ERROR|main|****** Component:[com.base.web.WebComponent] has started successfully.******************
2019-11-26 14:33:26,712|ERROR|main|****** Component:[com.game.component.GameServerNettyComponent] has started successfully.******************
2019-11-26 14:33:26,712|ERROR|main|****** All Component has started successfully.******************
2019-11-26 14:33:26,713|ERROR|main|游戏服启动成功, 耗时 3 秒.
2019-11-26 14:35:08,885|ERROR|GamePlayer-Worker-1|AdRewardBean is Null.configID:0
2019-11-26 14:37:16,606|ERROR|nioEventLoopGroup-3-1|Exit Room.0,UserID:10024
2019-11-26 14:43:41,743|ERROR|main|Please input the global config path.default:../CommonLib/config/game.xml
2019-11-26 14:43:42,310|ERROR|main|Cannot find server property keep it default value.  -- log_save_interval = 300
2019-11-26 14:43:42,311|ERROR|main|Cannot find server property keep it default value.  -- monitor_job = */5 * * * * ?
2019-11-26 14:43:42,311|ERROR|main|Cannot find server property keep it default value.  -- job_ping_player = 10
2019-11-26 14:43:42,312|ERROR|main|Cannot find server property keep it default value.  -- game_update_slow = 30000
2019-11-26 14:43:42,312|ERROR|main|Cannot find server property keep it default value.  -- game_player_ping_interval = 5000
2019-11-26 14:43:42,313|ERROR|main|Cannot find server property keep it default value.  -- job_ping_fight = 5
2019-11-26 14:43:42,313|ERROR|main|Cannot find server property keep it default value.  -- job_save_player = 30
2019-11-26 14:43:42,314|ERROR|main|Cannot find server property keep it default value.  -- save_player_time = 300
2019-11-26 14:43:42,315|ERROR|main|Cannot find server property keep it default value.  -- job_corn_refresh = 1 0 0 * * ? *
2019-11-26 14:43:42,317|ERROR|main|Cannot find server property keep it default value.  -- job_rank_refresh = 0 0 4 * * ? *
2019-11-26 14:43:42,317|ERROR|main|Cannot find server property keep it default value.  -- ping_max_time = 120
2019-11-26 14:43:42,317|ERROR|main|Cannot find server property keep it default value.  -- room_max_count = 3000
2019-11-26 14:43:42,317|ERROR|main|Cannot find server property keep it default value.  -- sunday_refresh = 0 0 0 ? * 1 *
2019-11-26 14:43:42,318|ERROR|main|Cannot find server property keep it default value.  -- month_refresh = 0 0 0 1 * ? *
2019-11-26 14:43:42,318|ERROR|main|Cannot find server property keep it default value.  -- monitor_room_interval = 60
2019-11-26 14:43:42,319|ERROR|main|Cannot find server property keep it default value.  -- fight_player_ping_interval = 3
2019-11-26 14:43:42,319|ERROR|main|Cannot find server property keep it default value.  -- battle_game_time = 2400000
2019-11-26 14:43:42,320|ERROR|main|Cannot find server property keep it default value.  -- win_diamond = 10
2019-11-26 14:43:42,320|ERROR|main|Cannot find server property keep it default value.  -- base_success = 70
2019-11-26 14:43:42,320|ERROR|main|Cannot find server property keep it default value.  -- base_success_rate = 2
2019-11-26 14:43:42,320|ERROR|main|Cannot find server property keep it default value.  -- challengeUnlockCount = 200
2019-11-26 14:43:42,321|ERROR|main|Cannot find server property keep it default value.  -- unlockChallengeItemID = 102
2019-11-26 14:43:42,321|ERROR|main|Cannot find server property keep it default value.  -- unlockChallengeItemCount = 50
2019-11-26 14:43:43,022|ERROR|main|********************Robot Count:1000**************************
2019-11-26 14:43:43,956|ERROR|main|****** Component:[com.base.database.DBPoolComponent] has started successfully.******************
2019-11-26 14:43:43,957|ERROR|main|****** Component:[com.data.component.SystemDataComponent] has started successfully.******************
2019-11-26 14:43:43,957|ERROR|main|****** Component:[com.data.component.GamePropertiesComponent] has started successfully.******************
2019-11-26 14:43:43,957|ERROR|main|****** Component:[com.base.component.SimpleScheduleComponent] has started successfully.******************
2019-11-26 14:43:43,957|ERROR|main|****** Component:[com.logic.component.RobotComponent] has started successfully.******************
2019-11-26 14:43:43,957|ERROR|main|****** Component:[com.game.component.GamePlayerComponent] has started successfully.******************
2019-11-26 14:43:43,958|ERROR|main|****** Component:[com.logic.cmd.GameCommandComponent] has started successfully.******************
2019-11-26 14:43:43,958|ERROR|main|****** Component:[com.base.timer.QuartzComponent] has started successfully.******************
2019-11-26 14:43:43,958|ERROR|main|****** Component:[com.logic.component.RoomComponent] has started successfully.******************
2019-11-26 14:43:43,960|ERROR|main|****** Component:[com.logic.component.GameComponent] has started successfully.******************
2019-11-26 14:43:44,000|ERROR|main|****** Component:[com.game.component.GameJobComponent] has started successfully.******************
2019-11-26 14:43:44,000|ERROR|main|****** Component:[com.base.component.ScriptComponent] has started successfully.******************
2019-11-26 14:43:44,001|ERROR|main|****** Component:[com.game.component.RewardDropComponent] has started successfully.******************
2019-11-26 14:43:44,001|ERROR|main|****** Component:[com.game.component.UserCommandComponent] has started successfully.******************
2019-11-26 14:43:44,001|ERROR|main|****** Component:[com.game.component.RankComponent] has started successfully.******************
2019-11-26 14:43:44,288|ERROR|main|****** Component:[com.base.web.WebComponent] has started successfully.******************
2019-11-26 14:43:44,487|ERROR|main|****** Component:[com.game.component.GameServerNettyComponent] has started successfully.******************
2019-11-26 14:43:44,487|ERROR|main|****** All Component has started successfully.******************
2019-11-26 14:43:44,488|ERROR|main|游戏服启动成功, 耗时 2 秒.
2019-11-26 14:47:32,834|ERROR|GamePlayer-Worker-1|AdRewardBean is Null.configID:0
2019-11-26 14:55:21,305|ERROR|nioEventLoopGroup-3-1|Exit Room.0,UserID:10024
2019-11-26 14:55:52,325|ERROR|GamePlayer-Worker-1|AdRewardBean is Null.configID:0
2019-11-26 14:56:10,081|ERROR|nioEventLoopGroup-3-2|Exit Room.0,UserID:10024
