2019-10-11 09:02:41,317|ERROR|main|Please input the global config path.default:../CommonLib/config/game.xml
2019-10-11 09:02:42,254|ERROR|main|Cannot find server property keep it default value.  -- log_save_interval = 300
2019-10-11 09:02:42,256|ERROR|main|Cannot find server property keep it default value.  -- monitor_job = */5 * * * * ?
2019-10-11 09:02:42,257|ERROR|main|Cannot find server property keep it default value.  -- job_ping_player = 10
2019-10-11 09:02:42,258|ERROR|main|Cannot find server property keep it default value.  -- game_update_slow = 30000
2019-10-11 09:02:42,259|ERROR|main|Cannot find server property keep it default value.  -- game_player_ping_interval = 5000
2019-10-11 09:02:42,260|ERROR|main|Cannot find server property keep it default value.  -- job_ping_fight = 5
2019-10-11 09:02:42,260|ERROR|main|Cannot find server property keep it default value.  -- job_save_player = 30
2019-10-11 09:02:42,260|ERROR|main|Cannot find server property keep it default value.  -- save_player_time = 300
2019-10-11 09:02:42,260|ERROR|main|Cannot find server property keep it default value.  -- job_corn_refresh = 1 0 0 * * ? *
2019-10-11 09:02:42,261|ERROR|main|Cannot find server property keep it default value.  -- job_rank_refresh = 0 0 4 * * ? *
2019-10-11 09:02:42,261|ERROR|main|Cannot find server property keep it default value.  -- ping_max_time = 120
2019-10-11 09:02:42,261|ERROR|main|Cannot find server property keep it default value.  -- room_max_count = 3000
2019-10-11 09:02:42,261|ERROR|main|Cannot find server property keep it default value.  -- sunday_refresh = 0 0 3 ? * 1
2019-10-11 09:02:42,261|ERROR|main|Cannot find server property keep it default value.  -- monitor_room_interval = 60
2019-10-11 09:02:42,262|ERROR|main|Cannot find server property keep it default value.  -- fight_player_ping_interval = 3
2019-10-11 09:02:42,263|ERROR|main|Cannot find server property keep it default value.  -- battle_game_time = 2400000
2019-10-11 09:02:42,263|ERROR|main|Cannot find server property keep it default value.  -- win_diamond = 10
2019-10-11 09:02:42,263|ERROR|main|Cannot find server property keep it default value.  -- base_success = 70
2019-10-11 09:02:42,264|ERROR|main|Cannot find server property keep it default value.  -- base_success_rate = 2
2019-10-11 09:02:42,264|ERROR|main|Cannot find server property keep it default value.  -- challengeUnlockCount = 200
2019-10-11 09:02:42,264|ERROR|main|Cannot find server property keep it default value.  -- unlockChallengeItemID = 102
2019-10-11 09:02:42,264|ERROR|main|Cannot find server property keep it default value.  -- unlockChallengeItemCount = 50
2019-10-11 09:02:43,070|ERROR|main|********************Robot Count:1000**************************
2019-10-11 09:02:44,409|ERROR|main|****** Component:[com.base.database.DBPoolComponent] has started successfully.******************
2019-10-11 09:02:44,409|ERROR|main|****** Component:[com.data.component.SystemDataComponent] has started successfully.******************
2019-10-11 09:02:44,410|ERROR|main|****** Component:[com.data.component.GamePropertiesComponent] has started successfully.******************
2019-10-11 09:02:44,410|ERROR|main|****** Component:[com.base.component.SimpleScheduleComponent] has started successfully.******************
2019-10-11 09:02:44,410|ERROR|main|****** Component:[com.logic.component.RobotComponent] has started successfully.******************
2019-10-11 09:02:44,410|ERROR|main|****** Component:[com.game.component.GamePlayerComponent] has started successfully.******************
2019-10-11 09:02:44,410|ERROR|main|****** Component:[com.logic.cmd.GameCommandComponent] has started successfully.******************
2019-10-11 09:02:44,410|ERROR|main|****** Component:[com.base.timer.QuartzComponent] has started successfully.******************
2019-10-11 09:02:44,410|ERROR|main|****** Component:[com.logic.component.RoomComponent] has started successfully.******************
2019-10-11 09:02:44,416|ERROR|main|****** Component:[com.logic.component.GameComponent] has started successfully.******************
2019-10-11 09:02:44,459|ERROR|main|****** Component:[com.game.component.GameJobComponent] has started successfully.******************
2019-10-11 09:02:44,460|ERROR|main|****** Component:[com.base.component.ScriptComponent] has started successfully.******************
2019-10-11 09:02:44,460|ERROR|main|****** Component:[com.game.component.RewardDropComponent] has started successfully.******************
2019-10-11 09:02:44,460|ERROR|main|****** Component:[com.game.component.UserCommandComponent] has started successfully.******************
2019-10-11 09:02:44,764|ERROR|main|****** Component:[com.base.web.WebComponent] has started successfully.******************
2019-10-11 09:02:44,948|ERROR|main|****** Component:[com.game.component.GameServerNettyComponent] has started successfully.******************
2019-10-11 09:02:44,948|ERROR|main|****** All Component has started successfully.******************
2019-10-11 09:02:44,948|ERROR|main|游戏服启动成功, 耗时 3 秒.
