2019-11-21 16:53:40,264|ERROR|main|Please input the global config path.default:../CommonLib/config/game.xml
2019-11-21 16:53:41,167|ERROR|main|Cannot find server property keep it default value.  -- log_save_interval = 300
2019-11-21 16:53:41,172|ERROR|main|Cannot find server property keep it default value.  -- monitor_job = */5 * * * * ?
2019-11-21 16:53:41,173|ERROR|main|Cannot find server property keep it default value.  -- job_ping_player = 10
2019-11-21 16:53:41,174|ERROR|main|Cannot find server property keep it default value.  -- game_update_slow = 30000
2019-11-21 16:53:41,174|ERROR|main|Cannot find server property keep it default value.  -- game_player_ping_interval = 5000
2019-11-21 16:53:41,174|ERROR|main|Cannot find server property keep it default value.  -- job_ping_fight = 5
2019-11-21 16:53:41,175|ERROR|main|Cannot find server property keep it default value.  -- job_save_player = 30
2019-11-21 16:53:41,175|ERROR|main|Cannot find server property keep it default value.  -- save_player_time = 300
2019-11-21 16:53:41,176|ERROR|main|Cannot find server property keep it default value.  -- job_corn_refresh = 1 0 0 * * ? *
2019-11-21 16:53:41,177|ERROR|main|Cannot find server property keep it default value.  -- job_rank_refresh = 0 0 4 * * ? *
2019-11-21 16:53:41,177|ERROR|main|Cannot find server property keep it default value.  -- ping_max_time = 120
2019-11-21 16:53:41,177|ERROR|main|Cannot find server property keep it default value.  -- room_max_count = 3000
2019-11-21 16:53:41,178|ERROR|main|Cannot find server property keep it default value.  -- sunday_refresh = 0 0 0 ? * 1 *
2019-11-21 16:53:41,178|ERROR|main|Cannot find server property keep it default value.  -- month_refresh = 0 0 0 1 * ? *
2019-11-21 16:53:41,179|ERROR|main|Cannot find server property keep it default value.  -- monitor_room_interval = 60
2019-11-21 16:53:41,180|ERROR|main|Cannot find server property keep it default value.  -- fight_player_ping_interval = 3
2019-11-21 16:53:41,180|ERROR|main|Cannot find server property keep it default value.  -- battle_game_time = 2400000
2019-11-21 16:53:41,180|ERROR|main|Cannot find server property keep it default value.  -- win_diamond = 10
2019-11-21 16:53:41,181|ERROR|main|Cannot find server property keep it default value.  -- base_success = 70
2019-11-21 16:53:41,181|ERROR|main|Cannot find server property keep it default value.  -- base_success_rate = 2
2019-11-21 16:53:41,181|ERROR|main|Cannot find server property keep it default value.  -- challengeUnlockCount = 200
2019-11-21 16:53:41,181|ERROR|main|Cannot find server property keep it default value.  -- unlockChallengeItemID = 102
2019-11-21 16:53:41,182|ERROR|main|Cannot find server property keep it default value.  -- unlockChallengeItemCount = 50
2019-11-21 16:53:42,267|ERROR|main|********************Robot Count:1000**************************
2019-11-21 16:53:43,789|ERROR|main|****** Component:[com.base.database.DBPoolComponent] has started successfully.******************
2019-11-21 16:53:43,790|ERROR|main|****** Component:[com.data.component.SystemDataComponent] has started successfully.******************
2019-11-21 16:53:43,790|ERROR|main|****** Component:[com.data.component.GamePropertiesComponent] has started successfully.******************
2019-11-21 16:53:43,790|ERROR|main|****** Component:[com.base.component.SimpleScheduleComponent] has started successfully.******************
2019-11-21 16:53:43,790|ERROR|main|****** Component:[com.logic.component.RobotComponent] has started successfully.******************
2019-11-21 16:53:43,790|ERROR|main|****** Component:[com.game.component.GamePlayerComponent] has started successfully.******************
2019-11-21 16:53:43,790|ERROR|main|****** Component:[com.logic.cmd.GameCommandComponent] has started successfully.******************
2019-11-21 16:53:43,790|ERROR|main|****** Component:[com.base.timer.QuartzComponent] has started successfully.******************
2019-11-21 16:53:43,790|ERROR|main|****** Component:[com.logic.component.RoomComponent] has started successfully.******************
2019-11-21 16:53:43,798|ERROR|main|****** Component:[com.logic.component.GameComponent] has started successfully.******************
2019-11-21 16:53:43,842|ERROR|main|****** Component:[com.game.component.GameJobComponent] has started successfully.******************
2019-11-21 16:53:43,843|ERROR|main|****** Component:[com.base.component.ScriptComponent] has started successfully.******************
2019-11-21 16:53:43,843|ERROR|main|****** Component:[com.game.component.RewardDropComponent] has started successfully.******************
2019-11-21 16:53:43,843|ERROR|main|****** Component:[com.game.component.UserCommandComponent] has started successfully.******************
2019-11-21 16:53:43,843|ERROR|main|****** Component:[com.game.component.RankComponent] has started successfully.******************
2019-11-21 16:53:44,242|ERROR|main|****** Component:[com.base.web.WebComponent] has started successfully.******************
2019-11-21 16:53:44,446|ERROR|main|****** Component:[com.game.component.GameServerNettyComponent] has started successfully.******************
2019-11-21 16:53:44,446|ERROR|main|****** All Component has started successfully.******************
2019-11-21 16:53:44,447|ERROR|main|游戏服启动成功, 耗时 4 秒.
2019-11-21 17:24:46,589|ERROR|nioEventLoopGroup-3-1|Exit Room.0,UserID:10018
2019-11-21 17:33:09,561|ERROR|nioEventLoopGroup-3-2|Exit Room.0,UserID:10018
2019-11-21 17:51:03,826|ERROR|nioEventLoopGroup-3-3|Exit Room.0,UserID:10018
2019-11-21 18:02:12,959|ERROR|nioEventLoopGroup-3-4|Exit Room.0,UserID:10018
2019-11-21 18:07:43,841|ERROR|nioEventLoopGroup-3-5|Exit Room.0,UserID:10018
2019-11-21 18:09:51,293|ERROR|nioEventLoopGroup-3-6|Exit Room.0,UserID:10018
2019-11-21 18:16:17,798|ERROR|nioEventLoopGroup-3-7|Exit Room.0,UserID:10018
2019-11-21 18:26:11,197|ERROR|nioEventLoopGroup-3-8|Exit Room.0,UserID:10018
2019-11-21 18:28:48,139|ERROR|nioEventLoopGroup-3-9|Exit Room.0,UserID:10018
