2019-12-28 00:10:26,280|ERROR|main|Please input the global config path.default:../CommonLib/config/game.xml
2019-12-28 00:10:26,742|ERROR|main|Cannot find server property keep it default value.  -- log_save_interval = 300
2019-12-28 00:10:26,743|ERROR|main|Cannot find server property keep it default value.  -- monitor_job = */5 * * * * ?
2019-12-28 00:10:26,744|ERROR|main|Cannot find server property keep it default value.  -- job_ping_player = 10
2019-12-28 00:10:26,744|ERROR|main|Cannot find server property keep it default value.  -- game_update_slow = 30000
2019-12-28 00:10:26,744|ERROR|main|Cannot find server property keep it default value.  -- game_player_ping_interval = 5000
2019-12-28 00:10:26,744|ERROR|main|Cannot find server property keep it default value.  -- job_ping_fight = 5
2019-12-28 00:10:26,744|ERROR|main|Cannot find server property keep it default value.  -- job_save_player = 30
2019-12-28 00:10:26,745|ERROR|main|Cannot find server property keep it default value.  -- save_player_time = 300
2019-12-28 00:10:26,745|ERROR|main|Cannot find server property keep it default value.  -- job_corn_refresh = 1 0 0 * * ? *
2019-12-28 00:10:26,745|ERROR|main|Cannot find server property keep it default value.  -- job_rank_refresh = 0 0 4 * * ? *
2019-12-28 00:10:26,745|ERROR|main|Cannot find server property keep it default value.  -- ping_max_time = 300
2019-12-28 00:10:26,745|ERROR|main|Cannot find server property keep it default value.  -- room_max_count = 3000
2019-12-28 00:10:26,745|ERROR|main|Cannot find server property keep it default value.  -- sunday_refresh = 0 0 0 ? * 1 *
2019-12-28 00:10:26,746|ERROR|main|Cannot find server property keep it default value.  -- month_refresh = 0 0 0 1 * ? *
2019-12-28 00:10:26,746|ERROR|main|Cannot find server property keep it default value.  -- monitor_room_interval = 60
2019-12-28 00:10:26,746|ERROR|main|Cannot find server property keep it default value.  -- fight_player_ping_interval = 3
2019-12-28 00:10:26,747|ERROR|main|Cannot find server property keep it default value.  -- battle_game_time = 2400000
2019-12-28 00:10:26,747|ERROR|main|Cannot find server property keep it default value.  -- base_success = 70
2019-12-28 00:10:26,747|ERROR|main|Cannot find server property keep it default value.  -- base_success_rate = 2
2019-12-28 00:10:26,747|ERROR|main|Cannot find server property keep it default value.  -- challengeUnlockCount = 200
2019-12-28 00:10:26,747|ERROR|main|Cannot find server property keep it default value.  -- unlockChallengeItemID = 102
2019-12-28 00:10:26,747|ERROR|main|Cannot find server property keep it default value.  -- unlockChallengeItemCount = 50
2019-12-28 00:10:28,988|ERROR|main|********************Robot Count:1000**************************
2019-12-28 00:10:30,305|ERROR|main|****** Component:[com.base.database.DBPoolComponent] has started successfully.******************
2019-12-28 00:10:30,305|ERROR|main|****** Component:[com.data.component.SystemDataComponent] has started successfully.******************
2019-12-28 00:10:30,305|ERROR|main|****** Component:[com.data.component.GamePropertiesComponent] has started successfully.******************
2019-12-28 00:10:30,305|ERROR|main|****** Component:[com.base.component.SimpleScheduleComponent] has started successfully.******************
2019-12-28 00:10:30,305|ERROR|main|****** Component:[com.logic.component.RobotComponent] has started successfully.******************
2019-12-28 00:10:30,305|ERROR|main|****** Component:[com.game.component.GamePlayerComponent] has started successfully.******************
2019-12-28 00:10:30,305|ERROR|main|****** Component:[com.logic.cmd.GameCommandComponent] has started successfully.******************
2019-12-28 00:10:30,305|ERROR|main|****** Component:[com.base.timer.QuartzComponent] has started successfully.******************
2019-12-28 00:10:30,305|ERROR|main|****** Component:[com.logic.component.RoomComponent] has started successfully.******************
2019-12-28 00:10:30,311|ERROR|main|****** Component:[com.logic.component.GameComponent] has started successfully.******************
2019-12-28 00:10:30,340|ERROR|main|****** Component:[com.game.component.GameJobComponent] has started successfully.******************
2019-12-28 00:10:30,340|ERROR|main|****** Component:[com.base.component.ScriptComponent] has started successfully.******************
2019-12-28 00:10:30,340|ERROR|main|****** Component:[com.game.component.RewardDropComponent] has started successfully.******************
2019-12-28 00:10:30,340|ERROR|main|****** Component:[com.game.component.UserCommandComponent] has started successfully.******************
2019-12-28 00:10:30,340|ERROR|main|****** Component:[com.game.component.RankComponent] has started successfully.******************
2019-12-28 00:10:30,496|ERROR|main|****** Component:[com.base.web.WebComponent] has started successfully.******************
2019-12-28 00:10:30,719|ERROR|main|****** Component:[com.game.component.GameServerNettyComponent] has started successfully.******************
2019-12-28 00:10:30,720|ERROR|main|****** All Component has started successfully.******************
2019-12-28 00:10:30,720|ERROR|main|游戏服启动成功, 耗时 4 秒.
2019-12-28 00:51:47,798|ERROR|GamePlayer-Worker-1|执行脚本出错
java.sql.SQLException: The user specified as a definer ('root'@'%') does not exist
	at com.mysql.jdbc.SQLError.createSQLException(SQLError.java:1075)
	at com.mysql.jdbc.MysqlIO.checkErrorPacket(MysqlIO.java:3562)
	at com.mysql.jdbc.MysqlIO.checkErrorPacket(MysqlIO.java:3494)
	at com.mysql.jdbc.MysqlIO.sendCommand(MysqlIO.java:1960)
	at com.mysql.jdbc.MysqlIO.sqlQueryDirect(MysqlIO.java:2114)
	at com.mysql.jdbc.ConnectionImpl.execSQL(ConnectionImpl.java:2696)
	at com.mysql.jdbc.PreparedStatement.executeInternal(PreparedStatement.java:2105)
	at com.mysql.jdbc.PreparedStatement.execute(PreparedStatement.java:1367)
	at com.alibaba.druid.filter.FilterChainImpl.preparedStatement_execute(FilterChainImpl.java:3051)
	at com.alibaba.druid.filter.FilterEventAdapter.preparedStatement_execute(FilterEventAdapter.java:440)
	at com.alibaba.druid.filter.FilterChainImpl.preparedStatement_execute(FilterChainImpl.java:3049)
	at com.alibaba.druid.proxy.jdbc.PreparedStatementProxyImpl.execute(PreparedStatementProxyImpl.java:167)
	at com.alibaba.druid.pool.DruidPooledPreparedStatement.execute(DruidPooledPreparedStatement.java:498)
	at com.base.database.BaseDao.lambda$1(BaseDao.java:314)
	at com.base.database.pool.DBHelper.executeQuery(DBHelper.java:178)
	at com.base.database.BaseDao.queryOneColumnDataOne(BaseDao.java:313)
	at com.data.business.SystemBusiness.getTableMaxID(SystemBusiness.java:28)
	at com.game.user.cmd.common.LoginCmd.executeConnect(LoginCmd.java:91)
	at com.game.user.cmd.ConnectionCmdTask.execute(ConnectionCmdTask.java:21)
	at com.game.user.cmd.ConnectionCmdTask.run(ConnectionCmdTask.java:27)
	at java.util.concurrent.Executors$RunnableAdapter.call(Unknown Source)
	at java.util.concurrent.FutureTask.run(Unknown Source)
	at java.util.concurrent.ThreadPoolExecutor.runWorker(Unknown Source)
	at java.util.concurrent.ThreadPoolExecutor$Worker.run(Unknown Source)
	at java.lang.Thread.run(Unknown Source)
2019-12-28 00:55:30,881|ERROR|GamePlayer-Worker-2|AdRewardBean is Null.configID:0
2019-12-28 01:01:02,284|ERROR|main|Please input the global config path.default:../CommonLib/config/game.xml
2019-12-28 01:01:02,800|ERROR|main|Cannot find server property keep it default value.  -- log_save_interval = 300
2019-12-28 01:01:02,801|ERROR|main|Cannot find server property keep it default value.  -- monitor_job = */5 * * * * ?
2019-12-28 01:01:02,801|ERROR|main|Cannot find server property keep it default value.  -- job_ping_player = 10
2019-12-28 01:01:02,801|ERROR|main|Cannot find server property keep it default value.  -- game_update_slow = 30000
2019-12-28 01:01:02,801|ERROR|main|Cannot find server property keep it default value.  -- game_player_ping_interval = 5000
2019-12-28 01:01:02,801|ERROR|main|Cannot find server property keep it default value.  -- job_ping_fight = 5
2019-12-28 01:01:02,801|ERROR|main|Cannot find server property keep it default value.  -- job_save_player = 30
2019-12-28 01:01:02,802|ERROR|main|Cannot find server property keep it default value.  -- save_player_time = 300
2019-12-28 01:01:02,802|ERROR|main|Cannot find server property keep it default value.  -- job_corn_refresh = 1 0 0 * * ? *
2019-12-28 01:01:02,802|ERROR|main|Cannot find server property keep it default value.  -- job_rank_refresh = 0 0 4 * * ? *
2019-12-28 01:01:02,802|ERROR|main|Cannot find server property keep it default value.  -- ping_max_time = 300
2019-12-28 01:01:02,802|ERROR|main|Cannot find server property keep it default value.  -- room_max_count = 3000
2019-12-28 01:01:02,802|ERROR|main|Cannot find server property keep it default value.  -- sunday_refresh = 0 0 0 ? * 1 *
2019-12-28 01:01:02,802|ERROR|main|Cannot find server property keep it default value.  -- month_refresh = 0 0 0 1 * ? *
2019-12-28 01:01:02,802|ERROR|main|Cannot find server property keep it default value.  -- monitor_room_interval = 60
2019-12-28 01:01:02,803|ERROR|main|Cannot find server property keep it default value.  -- fight_player_ping_interval = 3
2019-12-28 01:01:02,803|ERROR|main|Cannot find server property keep it default value.  -- battle_game_time = 2400000
2019-12-28 01:01:02,804|ERROR|main|Cannot find server property keep it default value.  -- base_success = 90
2019-12-28 01:01:02,804|ERROR|main|Cannot find server property keep it default value.  -- base_success_rate = 5
2019-12-28 01:01:02,804|ERROR|main|Cannot find server property keep it default value.  -- challengeUnlockCount = 200
2019-12-28 01:01:02,804|ERROR|main|Cannot find server property keep it default value.  -- unlockChallengeItemID = 102
2019-12-28 01:01:02,804|ERROR|main|Cannot find server property keep it default value.  -- unlockChallengeItemCount = 50
2019-12-28 01:01:06,357|ERROR|main|********************Robot Count:1000**************************
2019-12-28 01:01:07,702|ERROR|main|****** Component:[com.base.database.DBPoolComponent] has started successfully.******************
2019-12-28 01:01:07,702|ERROR|main|****** Component:[com.data.component.SystemDataComponent] has started successfully.******************
2019-12-28 01:01:07,703|ERROR|main|****** Component:[com.data.component.GamePropertiesComponent] has started successfully.******************
2019-12-28 01:01:07,703|ERROR|main|****** Component:[com.base.component.SimpleScheduleComponent] has started successfully.******************
2019-12-28 01:01:07,703|ERROR|main|****** Component:[com.logic.component.RobotComponent] has started successfully.******************
2019-12-28 01:01:07,703|ERROR|main|****** Component:[com.game.component.GamePlayerComponent] has started successfully.******************
2019-12-28 01:01:07,703|ERROR|main|****** Component:[com.logic.cmd.GameCommandComponent] has started successfully.******************
2019-12-28 01:01:07,703|ERROR|main|****** Component:[com.base.timer.QuartzComponent] has started successfully.******************
2019-12-28 01:01:07,703|ERROR|main|****** Component:[com.logic.component.RoomComponent] has started successfully.******************
2019-12-28 01:01:07,706|ERROR|main|****** Component:[com.logic.component.GameComponent] has started successfully.******************
2019-12-28 01:01:07,742|ERROR|main|****** Component:[com.game.component.GameJobComponent] has started successfully.******************
2019-12-28 01:01:07,742|ERROR|main|****** Component:[com.base.component.ScriptComponent] has started successfully.******************
2019-12-28 01:01:07,742|ERROR|main|****** Component:[com.game.component.RewardDropComponent] has started successfully.******************
2019-12-28 01:01:07,742|ERROR|main|****** Component:[com.game.component.UserCommandComponent] has started successfully.******************
2019-12-28 01:01:07,742|ERROR|main|****** Component:[com.game.component.RankComponent] has started successfully.******************
2019-12-28 01:01:07,912|ERROR|main|****** Component:[com.base.web.WebComponent] has started successfully.******************
2019-12-28 01:01:08,134|ERROR|main|****** Component:[com.game.component.GameServerNettyComponent] has started successfully.******************
2019-12-28 01:01:08,135|ERROR|main|****** All Component has started successfully.******************
2019-12-28 01:01:08,136|ERROR|main|游戏服启动成功, 耗时 5 秒.
2019-12-28 01:01:54,482|ERROR|GamePlayer-Worker-1|AdRewardBean is Null.configID:0
2019-12-28 01:10:59,247|ERROR|game-worker-pool|NetRewardBean is Null.length:200
2019-12-28 01:18:05,068|ERROR|main|Please input the global config path.default:../CommonLib/config/game.xml
2019-12-28 01:18:05,552|ERROR|main|Cannot find server property keep it default value.  -- log_save_interval = 300
2019-12-28 01:18:05,553|ERROR|main|Cannot find server property keep it default value.  -- monitor_job = */5 * * * * ?
2019-12-28 01:18:05,553|ERROR|main|Cannot find server property keep it default value.  -- job_ping_player = 10
2019-12-28 01:18:05,554|ERROR|main|Cannot find server property keep it default value.  -- game_update_slow = 30000
2019-12-28 01:18:05,554|ERROR|main|Cannot find server property keep it default value.  -- game_player_ping_interval = 5000
2019-12-28 01:18:05,554|ERROR|main|Cannot find server property keep it default value.  -- job_ping_fight = 5
2019-12-28 01:18:05,555|ERROR|main|Cannot find server property keep it default value.  -- job_save_player = 30
2019-12-28 01:18:05,555|ERROR|main|Cannot find server property keep it default value.  -- save_player_time = 300
2019-12-28 01:18:05,555|ERROR|main|Cannot find server property keep it default value.  -- job_corn_refresh = 1 0 0 * * ? *
2019-12-28 01:18:05,555|ERROR|main|Cannot find server property keep it default value.  -- job_rank_refresh = 0 0 4 * * ? *
2019-12-28 01:18:05,556|ERROR|main|Cannot find server property keep it default value.  -- ping_max_time = 300
2019-12-28 01:18:05,556|ERROR|main|Cannot find server property keep it default value.  -- room_max_count = 3000
2019-12-28 01:18:05,556|ERROR|main|Cannot find server property keep it default value.  -- sunday_refresh = 0 0 0 ? * 1 *
2019-12-28 01:18:05,556|ERROR|main|Cannot find server property keep it default value.  -- month_refresh = 0 0 0 1 * ? *
2019-12-28 01:18:05,556|ERROR|main|Cannot find server property keep it default value.  -- monitor_room_interval = 60
2019-12-28 01:18:05,557|ERROR|main|Cannot find server property keep it default value.  -- fight_player_ping_interval = 3
2019-12-28 01:18:05,557|ERROR|main|Cannot find server property keep it default value.  -- battle_game_time = 2400000
2019-12-28 01:18:05,557|ERROR|main|Cannot find server property keep it default value.  -- base_success = 90
2019-12-28 01:18:05,558|ERROR|main|Cannot find server property keep it default value.  -- base_success_rate = 5
2019-12-28 01:18:05,558|ERROR|main|Cannot find server property keep it default value.  -- challengeUnlockCount = 200
2019-12-28 01:18:05,558|ERROR|main|Cannot find server property keep it default value.  -- unlockChallengeItemID = 102
2019-12-28 01:18:05,558|ERROR|main|Cannot find server property keep it default value.  -- unlockChallengeItemCount = 50
2019-12-28 01:18:08,379|ERROR|main|********************Robot Count:1000**************************
2019-12-28 01:18:09,684|ERROR|main|****** Component:[com.base.database.DBPoolComponent] has started successfully.******************
2019-12-28 01:18:09,685|ERROR|main|****** Component:[com.data.component.SystemDataComponent] has started successfully.******************
2019-12-28 01:18:09,685|ERROR|main|****** Component:[com.data.component.GamePropertiesComponent] has started successfully.******************
2019-12-28 01:18:09,685|ERROR|main|****** Component:[com.base.component.SimpleScheduleComponent] has started successfully.******************
2019-12-28 01:18:09,685|ERROR|main|****** Component:[com.logic.component.RobotComponent] has started successfully.******************
2019-12-28 01:18:09,685|ERROR|main|****** Component:[com.game.component.GamePlayerComponent] has started successfully.******************
2019-12-28 01:18:09,685|ERROR|main|****** Component:[com.logic.cmd.GameCommandComponent] has started successfully.******************
2019-12-28 01:18:09,685|ERROR|main|****** Component:[com.base.timer.QuartzComponent] has started successfully.******************
2019-12-28 01:18:09,685|ERROR|main|****** Component:[com.logic.component.RoomComponent] has started successfully.******************
2019-12-28 01:18:09,688|ERROR|main|****** Component:[com.logic.component.GameComponent] has started successfully.******************
2019-12-28 01:18:09,718|ERROR|main|****** Component:[com.game.component.GameJobComponent] has started successfully.******************
2019-12-28 01:18:09,718|ERROR|main|****** Component:[com.base.component.ScriptComponent] has started successfully.******************
2019-12-28 01:18:09,718|ERROR|main|****** Component:[com.game.component.RewardDropComponent] has started successfully.******************
2019-12-28 01:18:09,718|ERROR|main|****** Component:[com.game.component.UserCommandComponent] has started successfully.******************
2019-12-28 01:18:09,718|ERROR|main|****** Component:[com.game.component.RankComponent] has started successfully.******************
2019-12-28 01:18:09,875|ERROR|main|****** Component:[com.base.web.WebComponent] has started successfully.******************
2019-12-28 01:18:10,087|ERROR|main|****** Component:[com.game.component.GameServerNettyComponent] has started successfully.******************
2019-12-28 01:18:10,088|ERROR|main|****** All Component has started successfully.******************
2019-12-28 01:18:10,089|ERROR|main|游戏服启动成功, 耗时 5 秒.
2019-12-28 01:18:17,734|ERROR|GamePlayer-Worker-1|AdRewardBean is Null.configID:0
2019-12-28 01:23:11,278|ERROR|game-worker-pool|NetRewardBean is Null.length:200
2019-12-28 01:24:03,858|ERROR|nioEventLoopGroup-3-1|Disconnect Exit Room.null,UserID:10110
2019-12-28 01:24:39,917|ERROR|game-worker-pool|NetRewardBean is Null.length:200
